b'2016-10-01T00:32:18 * sgithens has quit
2016-10-01T07:45:11 * the-t-in-rtf joined the channel
2016-10-01T08:18:46 * amatas joined the channel
2016-10-01T09:37:11 * amatas has quit
2016-10-01T11:16:29 * jhernandez has quit
2016-10-01T14:02:01 * jhernandez joined the channel
2016-10-01T14:03:02 * jhernandez has quit
2016-10-01T14:41:26 * jhernandez joined the channel
2016-10-01T14:54:38 * amatas joined the channel
2016-10-01T16:55:47 * yzen joined the channel
2016-10-01T17:06:19 * yzen is now known as yzen_
2016-10-01T17:11:18 * yzen_ has quit
2016-10-01T17:33:04 * yzen joined the channel
2016-10-01T17:52:57 * yzen is now known as yzen_
2016-10-01T17:58:01 * yzen_ has quit
2016-10-01T18:01:19 * amatas has quit
2016-10-01T18:41:46 * jhernandez has quit
2016-10-01T19:19:33 * jhernandez joined the channel
2016-10-01T20:34:39 * lliskovoi joined the channel
2016-10-01T20:40:23 * lliskovoi has quit
2016-10-01T21:03:05 * amatas joined the channel
2016-10-01T21:19:12 * amatas has quit
2016-10-01T22:11:14 * lliskovoi joined the channel
2016-10-01T22:16:49 * jhernandez has quit
2016-10-01T22:17:14 * jhernandez joined the channel
2016-10-01T23:26:51 * yzen joined the channel
2016-10-01T23:43:19 * yzen is now known as yzen_
2016-10-01T23:48:25 * yzen_ has quit
2016-10-01T23:57:38 * jhernandez has quit
'

