b'2016-01-02T00:00:23 * sgithens has quit
2016-01-02T00:00:37 * sgithens_ is now known as sgithens
2016-01-02T00:40:02 * amatas has quit
2016-01-02T01:40:41 * michelled joined the channel
2016-01-02T02:08:00 * jhernandez joined the channel
2016-01-02T02:12:16 * Bosmon2 has quit
2016-01-02T02:42:11 * jhernandez has quit
2016-01-02T03:21:54 * the-t-in-rtf has quit
2016-01-02T03:22:43 * the-t-in-rtf joined the channel
2016-01-02T04:01:35 * yzen joined the channel
2016-01-02T04:06:15 * yzen has quit
2016-01-02T04:10:33 * yzen joined the channel
2016-01-02T05:23:52 * yzen is now known as yzen_
2016-01-02T05:27:55 * yzen_ has quit
2016-01-02T09:30:14 * the-t-in-rtf1 joined the channel
2016-01-02T09:30:15 * the-t-in-rtf has quit
2016-01-02T09:34:06 * the-t-in-rtf1 has quit
2016-01-02T09:34:23 * the-t-in-rtf joined the channel
2016-01-02T10:55:36 * amatas joined the channel
2016-01-02T13:42:12 * jhernandez joined the channel
2016-01-02T14:05:54 * jhernandez has quit
2016-01-02T14:10:25 * jhernandez joined the channel
2016-01-02T14:34:45 * yzen joined the channel
2016-01-02T14:43:06 * jhernandez has quit
2016-01-02T14:58:55 * yzen joined the channel
2016-01-02T14:58:59 * yzen is now known as yzen_
2016-01-02T15:03:36 * yzen_ has quit
2016-01-02T15:14:31 * yzen joined the channel
2016-01-02T15:42:23 * yzen is now known as yzen_
2016-01-02T15:46:49 * yzen_ has quit
2016-01-02T16:51:21 * yzen joined the channel
2016-01-02T16:53:08 * the-t-in-rtf has quit
2016-01-02T16:53:25 * the-t-in-rtf joined the channel
2016-01-02T17:26:45 * yzen is now known as yzen_
2016-01-02T17:31:04 * yzen_ has quit
2016-01-02T17:37:05 * yzen joined the channel
2016-01-02T17:41:20 * yzen is now known as yzen_
2016-01-02T17:46:02 * yzen_ has quit
2016-01-02T20:43:39 * yzen joined the channel
2016-01-02T20:49:35 * yzen has quit
2016-01-02T21:52:08 * the-t-in-rtf has quit
2016-01-02T21:52:27 * the-t-in-rtf joined the channel
'

