b'2016-10-28T00:16:25 * cindyli has quit
2016-10-28T00:20:06 * cindyli joined the channel
2016-10-28T00:47:51 * cindyli has quit
2016-10-28T01:09:15 * danayo joined the channel
2016-10-28T01:15:59 * David123_ has quit
2016-10-28T01:33:00 * kavya has quit
2016-10-28T01:48:40 * danayo has quit
2016-10-28T02:00:34 * colinclark joined the channel
2016-10-28T02:05:17 * danayo joined the channel
2016-10-28T02:12:46 * colinclark has quit
2016-10-28T02:29:14 * cindyli joined the channel
2016-10-28T02:42:15 * michelled joined the channel
2016-10-28T02:48:32 * cindyli has quit
2016-10-28T03:36:04 * michelled has quit
2016-10-28T05:07:19 * the-t-in-rtf joined the channel
2016-10-28T05:16:17 * alanharn_ joined the channel
2016-10-28T05:18:47 * alanharnum has quit
2016-10-28T05:51:53 * kasparnet joined the channel
2016-10-28T05:54:54 * kasparne_ joined the channel
2016-10-28T05:54:54 * kasparnet has quit
2016-10-28T06:22:45 * amatas joined the channel
2016-10-28T06:25:54 * kasparne_ has quit
2016-10-28T06:26:34 * kasparnet joined the channel
2016-10-28T06:31:01 * kasparnet has quit
2016-10-28T08:06:14 * kasparnet joined the channel
2016-10-28T08:32:05 * kasparnet has quit
2016-10-28T08:36:07 * stegru joined the channel
2016-10-28T09:38:43 * lliskovoi joined the channel
2016-10-28T09:43:16 * lliskovoi has quit
2016-10-28T11:30:38 * Justin_o joined the channel
2016-10-28T11:51:45 * alanharnum joined the channel
2016-10-28T12:36:13 * alanharn_ joined the channel
2016-10-28T12:56:27 * alanharnum has quit
2016-10-28T13:13:50 * amatas has quit
2016-10-28T13:28:24 <the-t-in-rtf> Is Cindy already gone?
2016-10-28T13:43:39 <alanharn_> the-t-in-rtf: yes, she\'s at the Google Mentor Summit
2016-10-28T13:43:43 * alanharn_ is now known as alanharnum
2016-10-28T13:43:58 <the-t-in-rtf> Thanks, I wasn\'t 100% sure on the timing.
2016-10-28T13:44:09 <the-t-in-rtf> I just figured out that problem she\'s been hitting with express-pouchdb
2016-10-28T13:44:19 * kasparnet joined the channel
2016-10-28T13:44:25 <the-t-in-rtf> I\'m committing the fix and writing up the results now.
2016-10-28T13:45:30 <Justin_o> alanharnum: are you able to look at https://issues.fluidproject.org/browse/FLUID-6008
2016-10-28T13:45:44 <Justin_o> I\'m going to try to tackle https://issues.fluidproject.org/browse/FLUID-6011
2016-10-28T13:46:06 * amatas joined the channel
2016-10-28T13:47:14 * kasparnet has quit
2016-10-28T13:51:10 * clown joined the channel
2016-10-28T13:51:43 * simonjb joined the channel
2016-10-28T13:55:26 * avtar joined the channel
2016-10-28T13:57:18 <alanharnum> Justin_o: yes, I can tackle 6008
2016-10-28T13:57:37 <simonjb> Justin_o: shall we chat on vidyo regarding aria roles?
2016-10-28T13:57:49 <simonjb> with clown and alanharnum
2016-10-28T13:58:05 <simonjb> do discuss and decide what to do regarding infusion?
2016-10-28T13:58:50 <simonjb> fluid_standup
2016-10-28T14:04:56 <Justin_o> simonjb, alanharnum, clown: sounds like a good idea
2016-10-28T14:06:44 * michelled joined the channel
2016-10-28T14:11:30 * kavya joined the channel
2016-10-28T14:12:10 * lliskovoi joined the channel
2016-10-28T14:51:30 * kasparnet joined the channel
2016-10-28T14:56:15 * avtar has quit
2016-10-28T15:15:59 * alanharnum has quit
2016-10-28T15:16:08 * danayo joined the channel
2016-10-28T15:16:15 * danayo has quit
2016-10-28T15:18:36 * alanharnum joined the channel
2016-10-28T15:31:25 * alanharnum has quit
2016-10-28T15:45:41 * kasparnet has quit
2016-10-28T15:48:59 * alanharnum joined the channel
2016-10-28T15:50:46 * alanharnum has quit
2016-10-28T16:02:40 * michelled has quit
2016-10-28T16:20:30 * Jess_ joined the channel
2016-10-28T16:57:08 * Kobi joined the channel
2016-10-28T17:05:51 * David123_ joined the channel
2016-10-28T17:16:39 <Kobi> Justin_o: Hey, just letting you know that David123_  and I are working on the project testing.
2016-10-28T17:16:41 <Kobi> Also, issues.fluidproject.org isn\'t letting me upload screenshots, is anyone els ehaving this problem?
2016-10-28T17:16:55 <Kobi> else having*
2016-10-28T17:18:21 <Justin_o> fluid-everyone: ^
2016-10-28T17:19:35 <Justin_o> Kobi and David123_: we need to fix up some blockers, you can keep looking at some of the smoke tests, or you take a break from it for the day to continue with your project work.
2016-10-28T17:42:40 * alanharnum joined the channel
2016-10-28T17:43:02 * michelled joined the channel
2016-10-28T17:43:04 * kasparnet joined the channel
2016-10-28T17:43:39 * avtar joined the channel
2016-10-28T17:50:27 * the-t-in-rtf has quit
2016-10-28T18:03:41 * the-t-in-rtf joined the channel
2016-10-28T18:05:11 <Justin_o> simonjb, michelled: could one of you please take a look at my PR to fix the ToC empty links issue https://github.com/fluid-project/infusion/pull/771
2016-10-28T18:06:00 <simonjb> Justin_o: I can take a look; I\'m just writing up a JIRA issue for the Reorderer ARIA and can look after that
2016-10-28T18:06:11 <Justin_o> simonjb: great thanks
2016-10-28T18:06:24 <Justin_o> simonjb: i\'ll be heading offline shortly, but will try to check back to see if you leave any review comments
2016-10-28T18:16:32 <Kobi> Definitions
2016-10-28T18:16:37 <Kobi> Sorry, not definitions
2016-10-28T18:16:45 <Kobi> Give examples of each glossary word
2016-10-28T18:17:01 <Kobi> Whoops. wrong room, ignore that
2016-10-28T18:18:23 <simonjb> alanharnum, clown, Justin_o, michelled: https://issues.fluidproject.org/browse/FLUID-6013
2016-10-28T18:18:43 <alanharnum> thanks simonjb!
2016-10-28T18:18:43 <simonjb> clown, I wasn\'t able to add you as a watchers, please add yourself if needed
2016-10-28T18:18:54 <clown> simonjb:  right.
2016-10-28T18:18:58 <simonjb> please make and corrections or additional notes
2016-10-28T18:23:58 <David123_> Justin_o: found a bug for the table row reorderer - https://issues.fluidproject.org/browse/FLUID-6012
2016-10-28T18:31:34 * kasparnet has quit
2016-10-28T19:00:34 * kasparnet joined the channel
2016-10-28T19:03:30 <alanharnum> Justin_o: can you clarify what is meant by "missing focus highlighting in Safari" for the progress examples?
2016-10-28T19:04:06 <alanharnum> in first comment on https://issues.fluidproject.org/browse/FLUID-6008
2016-10-28T19:08:01 <alanharnum> Justin_o: never mind, I see
2016-10-28T19:08:21 * alanharnum was led astray by Safari\'s default keyboard navigation and wasn\'t able to tab to anything
2016-10-28T19:35:01 * kasparne_ joined the channel
2016-10-28T19:35:01 * kasparnet has quit
2016-10-28T19:41:46 * clown has quit
2016-10-28T19:58:56 * kasparnet joined the channel
2016-10-28T19:58:56 * kasparne_ has quit
2016-10-28T20:04:13 <simonjb> Justin_o: I\'ve added some comments to https://github.com/fluid-project/infusion/pull/771
2016-10-28T20:04:40 * clown joined the channel
2016-10-28T20:09:04 * kasparne_ joined the channel
2016-10-28T20:09:04 * kasparne_ has quit
2016-10-28T20:09:04 * kasparnet has quit
2016-10-28T20:09:44 * kasparnet joined the channel
2016-10-28T20:10:32 * alanharnum has quit
2016-10-28T20:11:46 * alanharnum joined the channel
2016-10-28T20:19:47 * Justin_o has quit
2016-10-28T20:23:00 * alanharnum has quit
2016-10-28T20:23:24 * jhernandez has quit
2016-10-28T20:27:52 * alanharnum joined the channel
2016-10-28T20:38:26 * jhernandez joined the channel
2016-10-28T20:38:53 * kasparne_ joined the channel
2016-10-28T20:42:08 * kasparnet has quit
2016-10-28T20:54:31 * michelled has quit
2016-10-28T20:59:18 * simonjb has quit
2016-10-28T21:01:24 * clown has quit
2016-10-28T21:19:11 * alanharnum has quit
2016-10-28T21:22:00 <avtar> fluid-everyone: https://github.com/prettydiff/a11y-tools
2016-10-28T21:30:40 * kasparne_ has quit
2016-10-28T21:40:33 * kavya has quit
2016-10-28T21:47:09 * stegru has quit
2016-10-28T21:49:38 * stegru joined the channel
2016-10-28T22:05:59 * David123_ has quit
2016-10-28T22:10:23 * Kobi has quit
2016-10-28T22:14:58 * lliskovoi has quit
2016-10-28T22:30:12 * lliskovoi joined the channel
2016-10-28T22:51:34 * Jess_ has quit
2016-10-28T22:54:18 * amatas has quit
2016-10-28T23:10:52 * stegru has quit
2016-10-28T23:16:23 * avtar has quit
2016-10-28T23:40:41 * lliskovoi has quit
'

