b"2016-12-15T00:35:14 * alanharnum joined the channel
2016-12-15T00:40:38 * alanharnum has quit
2016-12-15T01:38:08 * alanharnum joined the channel
2016-12-15T02:41:13 * alanharnum joined the channel
2016-12-15T03:26:07 * alanharnum joined the channel
2016-12-15T03:43:26 * alanharn_ joined the channel
2016-12-15T04:30:03 * Bosmon6 joined the channel
2016-12-15T04:39:13 * Bosmon5 joined the channel
2016-12-15T04:46:41 * alanharn_ joined the channel
2016-12-15T05:48:33 * alanharn_ joined the channel
2016-12-15T06:53:26 * alanharn_ joined the channel
2016-12-15T06:58:48 * alanharn_ has quit
2016-12-15T07:56:38 * alanharnum joined the channel
2016-12-15T08:58:43 * alanharnum joined the channel
2016-12-15T09:04:05 * alanharnum has quit
2016-12-15T10:01:37 * alanharnum joined the channel
2016-12-15T10:20:27 * gtirloni joined the channel
2016-12-15T10:22:27 * amatas joined the channel
2016-12-15T11:03:31 * alanharnum joined the channel
2016-12-15T12:06:40 * alanharnum joined the channel
2016-12-15T13:08:21 * michelled joined the channel
2016-12-15T13:09:34 * alanharnum joined the channel
2016-12-15T13:13:51 * cindyli joined the channel
2016-12-15T13:26:17 * Justin_o joined the channel
2016-12-15T13:29:02 * alanharnum joined the channel
2016-12-15T14:11:28 * alanharn_ joined the channel
2016-12-15T14:14:29 * michelled has quit
2016-12-15T14:32:33 <Justin_o> cindyli: if you have time today, could you review the UIO WP Plugin PR. https://github.com/fluid-project/uio-wordpress-plugin/pull/4
2016-12-15T14:32:44 <Justin_o> and the related dev docs i wrote, https://wiki.fluidproject.org/display/fluid/UI+Options+Wordpres+Plugin+Development+Guide
2016-12-15T14:35:12 * colinclark joined the channel
2016-12-15T14:36:20 <Justin_o> should have put that message in fluid-work channel :(
2016-12-15T14:51:50 <cindyli> right. forgot that
2016-12-15T14:51:55 <cindyli> will do, Justin_o
2016-12-15T15:10:43 * michelled joined the channel
2016-12-15T15:14:34 * alanharn_ joined the channel
2016-12-15T15:17:57 * lliskovoi joined the channel
2016-12-15T15:23:03 * michelled joined the channel
2016-12-15T15:24:30 * danayo joined the channel
2016-12-15T15:40:50 * clown joined the channel
2016-12-15T15:41:28 <Justin_o> danayo: did you want to talk about JIRAs now, sorry i keep missing your messages here
2016-12-15T15:45:01 <danayo> no worries Justin_o, can we talk in 15 min?
2016-12-15T15:45:10 <Justin_o> danayo: sure, ping me when you're ready
2016-12-15T15:45:14 <danayo> great thanks
2016-12-15T16:07:58 * danayo joined the channel
2016-12-15T16:08:06 <danayo> ping Justin_o
2016-12-15T16:17:49 * alanharn_ joined the channel
2016-12-15T16:32:33 * colinclark_ joined the channel
2016-12-15T16:50:20 * colinclark joined the channel
2016-12-15T17:00:32 * lliskovoi_ joined the channel
2016-12-15T17:01:40 * michelled joined the channel
2016-12-15T17:01:42 * cindyli joined the channel
2016-12-15T17:04:13 * lliskovoi has quit
2016-12-15T17:21:04 * alanharn_ joined the channel
2016-12-15T17:37:25 * michelled joined the channel
2016-12-15T17:37:42 * lliskovoi joined the channel
2016-12-15T17:38:21 * lliskovoi joined the channel
2016-12-15T17:42:47 * colinclark joined the channel
2016-12-15T18:03:20 <danayo> alanharnum: we're in fluid_standup room for MyL3 meeting
2016-12-15T18:16:11 * David123_ joined the channel
2016-12-15T18:16:44 * Kobi joined the channel
2016-12-15T18:24:08 * alanharn_ joined the channel
2016-12-15T18:31:24 <alanharnum> danayo: argh, sorry - i completely missed this message :/
2016-12-15T18:31:53 <alanharnum> are you still meeting?
2016-12-15T18:43:07 * gtirloni__ joined the channel
2016-12-15T19:15:35 * cindyli has quit
2016-12-15T19:24:29 * cindyli joined the channel
2016-12-15T19:27:23 * alanharn_ joined the channel
2016-12-15T19:31:21 <Justin_o> David123_, Kobi: i think danayo is away at the moment... maybe we can give her a few to come online before we meet
2016-12-15T19:31:44 <Kobi> Justin_o: Sure. Should we head ove rto the room anyway?
2016-12-15T19:31:50 <Kobi> over to*
2016-12-15T19:32:09 <Justin_o> sure we could get setup there first
2016-12-15T19:37:17 * danayo joined the channel
2016-12-15T19:37:45 <danayo> Justin_o, David123_, Kobi, sorry I'm late, are you all meeting somewhere?
2016-12-15T20:29:00 * alanharn_ joined the channel
2016-12-15T20:35:24 * alanharn_ has quit
2016-12-15T20:54:08 * colinclark_ joined the channel
2016-12-15T21:32:57 * alanharn_ joined the channel
2016-12-15T21:37:38 * colinclark joined the channel
2016-12-15T22:12:05 * gtirloni__ has quit
2016-12-15T22:13:14 * colinclark joined the channel
2016-12-15T22:36:02 * alanharn_ joined the channel
2016-12-15T22:56:57 * colinclark has quit
2016-12-15T23:36:09 * Kobi has quit
2016-12-15T23:40:08 * alanharn_ joined the channel
2016-12-15T23:45:26 * alanharn_ has quit
"

