b'2016-09-09T00:05:43 * Jess_ joined the channel
2016-09-09T00:38:57 * jhung joined the channel
2016-09-09T01:40:07 * jhung joined the channel
2016-09-09T01:58:45 * colinclark joined the channel
2016-09-09T02:21:29 * colinclark has quit
2016-09-09T02:39:16 * colinclark joined the channel
2016-09-09T02:40:47 * jhung joined the channel
2016-09-09T03:41:29 * jhung joined the channel
2016-09-09T04:19:39 * colinclark has quit
2016-09-09T04:42:11 * jhung joined the channel
2016-09-09T04:46:20 * jhung has quit
2016-09-09T05:29:37 * jhung joined the channel
2016-09-09T06:30:48 * jhung joined the channel
2016-09-09T06:35:16 * jhung has quit
2016-09-09T06:55:12 * amatas joined the channel
2016-09-09T07:31:26 * jhung joined the channel
2016-09-09T07:36:03 * jhung has quit
2016-09-09T08:32:06 * jhung joined the channel
2016-09-09T08:36:15 * jhung has quit
2016-09-09T09:32:47 * jhung joined the channel
2016-09-09T10:34:02 * jhung joined the channel
2016-09-09T11:02:32 * amatas joined the channel
2016-09-09T11:34:40 * jhung joined the channel
2016-09-09T11:38:52 * jhung has quit
2016-09-09T11:56:54 * gtirloni joined the channel
2016-09-09T12:11:30 * michelled joined the channel
2016-09-09T12:27:49 * cindyli joined the channel
2016-09-09T12:35:22 * jhung joined the channel
2016-09-09T12:48:57 * michelled joined the channel
2016-09-09T13:11:20 * alanharnum joined the channel
2016-09-09T13:19:21 * colinclark joined the channel
2016-09-09T13:19:30 * michelled has quit
2016-09-09T13:26:20 * jessm joined the channel
2016-09-09T13:36:02 * jhung joined the channel
2016-09-09T13:45:18 * simonjb joined the channel
2016-09-09T13:50:41 * Yan_Hu joined the channel
2016-09-09T14:17:00 * michelled joined the channel
2016-09-09T14:20:38 * clown joined the channel
2016-09-09T14:36:41 * jhung joined the channel
2016-09-09T15:20:41 * alanharnum joined the channel
2016-09-09T15:26:00 * clown has quit
2016-09-09T15:30:24 * alanharnum has quit
2016-09-09T15:37:56 * jhung joined the channel
2016-09-09T15:42:37 * jhung has quit
2016-09-09T16:38:38 * jhung joined the channel
2016-09-09T16:46:47 * clown joined the channel
2016-09-09T17:15:42 * alanharnum joined the channel
2016-09-09T17:39:19 * jhung joined the channel
2016-09-09T18:02:43 * alanharnum has quit
2016-09-09T18:14:46 * alanharnum joined the channel
2016-09-09T18:32:22 * simonjb joined the channel
2016-09-09T18:39:59 * jhung joined the channel
2016-09-09T18:42:51 * Yan_Hu joined the channel
2016-09-09T18:44:11 * jhung has quit
2016-09-09T19:03:49 * gtirloni joined the channel
2016-09-09T19:18:23 * clown joined the channel
2016-09-09T19:40:42 * jhung joined the channel
2016-09-09T20:29:20 * alanharn_ joined the channel
2016-09-09T20:41:22 * jhung joined the channel
2016-09-09T21:42:03 * jhung joined the channel
2016-09-09T21:46:37 * jhung has quit
2016-09-09T21:47:07 * colinclark joined the channel
2016-09-09T22:43:12 * jhung joined the channel
2016-09-09T22:47:52 * jhung has quit
2016-09-09T23:43:50 * jhung joined the channel
'

