b'2017-05-13T03:15:22 * colinclark joined the channel
2017-05-13T03:15:29 * colinclark has quit
2017-05-13T04:35:49 * alanharnum joined the channel
2017-05-13T05:25:37 * alanharnum has quit
2017-05-13T06:26:26 * alanharnum joined the channel
2017-05-13T06:30:44 * alanharnum has quit
2017-05-13T07:27:12 * alanharnum joined the channel
2017-05-13T08:28:00 * alanharnum joined the channel
2017-05-13T08:32:05 * alanharnum has quit
2017-05-13T09:28:45 * alanharnum joined the channel
2017-05-13T09:33:26 * alanharnum has quit
2017-05-13T10:29:47 * alanharnum joined the channel
2017-05-13T10:34:11 * alanharnum has quit
2017-05-13T12:06:23 * alanharnum joined the channel
2017-05-13T12:52:12 * noveens joined the channel
2017-05-13T16:11:11 * alanharnum joined the channel
2017-05-13T16:15:27 * alanharnum has quit
2017-05-13T17:12:03 * alanharnum joined the channel
2017-05-13T18:12:51 * alanharnum joined the channel
2017-05-13T19:13:29 * alanharnum joined the channel
2017-05-13T19:17:59 * alanharnum has quit
2017-05-13T20:12:03 * alanharnum joined the channel
2017-05-13T20:54:13 * alanharnum has quit
2017-05-13T21:55:07 * alanharnum joined the channel
2017-05-13T22:00:49 * alanharnum has quit
2017-05-13T22:20:10 * alanharnum joined the channel
2017-05-13T23:16:12 * alanharnum joined the channel
'

