b"2016-06-30T00:45:10 * colinclark joined the channel
2016-06-30T01:44:35 * danayo joined the channel
2016-06-30T04:38:06 * Bosmon joined the channel
2016-06-30T05:04:33 * gtirloni_ has quit
2016-06-30T05:05:24 * gtirloni joined the channel
2016-06-30T08:34:53 * [b__b] joined the channel
2016-06-30T09:11:13 * avtar joined the channel
2016-06-30T11:32:50 * amatas joined the channel
2016-06-30T11:55:36 * gtirloni_ joined the channel
2016-06-30T12:03:55 * gtirloni_ is now known as gtirloni
2016-06-30T12:36:12 * cindyli joined the channel
2016-06-30T12:38:43 * simonjb joined the channel
2016-06-30T13:04:34 * Jess_ joined the channel
2016-06-30T13:10:35 * michelled joined the channel
2016-06-30T13:14:42 * sepidehshahi joined the channel
2016-06-30T13:15:24 * jhung joined the channel
2016-06-30T13:33:27 * gtirloni_ joined the channel
2016-06-30T13:34:45 * gtirloni has quit
2016-06-30T13:46:46 * colinclark joined the channel
2016-06-30T13:49:59 * gtirloni_ is now known as gtirloni
2016-06-30T13:56:05 * clown joined the channel
2016-06-30T14:02:07 * danayo joined the channel
2016-06-30T14:22:40 <danayo> Hi jhung, wonder if we could check in after standup about the guidelines site? i have a few questions about some things I tried (and have a meeting in 10 min that will probably go til standup)
2016-06-30T14:22:40 <jhung> sure danayo.
2016-06-30T14:22:40 <danayo> great thanks
2016-06-30T14:30:04 * Yan_Hu joined the channel
2016-06-30T14:31:25 * Yan_Hu has left the channel
2016-06-30T14:33:05 <danayo> Jess_ we're having dashboard meeting now
2016-06-30T14:33:23 <Jess_> danayo: eek\xe2\x80\xa6 thanks
2016-06-30T14:35:33 * jhung is now known as jhung_away
2016-06-30T14:37:10 * Yan_Hu joined the channel
2016-06-30T14:59:05 * jhung_away is now known as jhung
2016-06-30T15:19:59 * colinclark has quit
2016-06-30T15:43:02 * sepidehshahi has quit
2016-06-30T15:43:24 <danayo> jhung are you able to meet now?
2016-06-30T15:43:33 <jhung> yep danayo
2016-06-30T15:47:02 * sepidehshahi joined the channel
2016-06-30T15:47:47 * michelled has quit
2016-06-30T15:51:45 * colinclark joined the channel
2016-06-30T15:57:15 * Jess_ has quit
2016-06-30T15:57:54 * michelled joined the channel
2016-06-30T15:58:07 * simonjb has quit
2016-06-30T16:28:36 * clown has quit
2016-06-30T16:49:47 * -- BotBot disconnected, possible missing messages --
2016-06-30T16:54:19 * [b__b] joined the channel
2016-06-30T17:03:44 * lliskovoi joined the channel
2016-06-30T17:05:38 * jessm has quit
2016-06-30T17:05:38 * simonjb has quit
2016-06-30T17:05:38 * colinclark has quit
2016-06-30T17:05:38 * sepidehshahi_ joined the channel
2016-06-30T17:05:38 * sepidehshahi has quit
2016-06-30T17:05:38 * sepidehshahi_ is now known as sepidehshahi
2016-06-30T17:07:03 * cindyli1 joined the channel
2016-06-30T17:07:03 * amatas has quit
2016-06-30T17:07:03 * Yan_Hu has quit
2016-06-30T17:07:51 * cindyli has quit
2016-06-30T17:09:00 * sepidehshahi joined the channel
2016-06-30T17:11:14 * amatas joined the channel
2016-06-30T17:16:14 * cindyli1 has quit
2016-06-30T17:19:45 * colinclark joined the channel
2016-06-30T17:26:03 * jhung_away is now known as jhung
2016-06-30T17:33:36 * cindyli joined the channel
2016-06-30T17:39:29 * [b__b] has quit
2016-06-30T17:39:51 * -- BotBot disconnected, possible missing messages --
2016-06-30T17:45:32 * [b__b] joined the channel
2016-06-30T17:45:32 * cindyli has quit
2016-06-30T17:46:40 * cindyli joined the channel
2016-06-30T17:46:59 <colinclark> http://piratepad.net/eI2XPfcGXE
2016-06-30T17:47:09 <colinclark> Broadcast accessibility brainstorming ^
2016-06-30T17:47:23 * simonjb joined the channel
2016-06-30T17:58:30 <gtirloni> https://www.microsoft.com/microsoft-hololens/en-us
2016-06-30T18:41:26 * sepidehshahi has quit
2016-06-30T18:41:55 * lliskovoi has quit
2016-06-30T18:42:06 * colinclark has quit
2016-06-30T18:42:33 * cindyli joined the channel
2016-06-30T18:44:00 * sepidehshahi joined the channel
2016-06-30T18:47:46 * sepidehshahi has quit
2016-06-30T18:48:03 * danayo has quit
2016-06-30T18:50:19 * sepidehshahi joined the channel
2016-06-30T18:51:36 * Yan_Hu joined the channel
2016-06-30T19:02:03 * colinclark joined the channel
2016-06-30T19:03:38 * simonjb joined the channel
2016-06-30T19:07:10 * danayo joined the channel
2016-06-30T19:09:15 * colinclark has quit
2016-06-30T19:11:19 * colinclark joined the channel
2016-06-30T19:19:45 * clown joined the channel
2016-06-30T19:19:49 * clown has quit
2016-06-30T19:33:26 * clown joined the channel
2016-06-30T20:22:18 * alanharnum joined the channel
2016-06-30T20:22:57 * Jess_ joined the channel
2016-06-30T20:29:58 * cindyli has quit
2016-06-30T21:51:56 * amatas has quit
2016-06-30T23:38:02 * danayo has quit
"

