b'2018-06-02T00:24:52 * mrtyler joined the channel
2018-06-02T01:49:40 * michelled joined the channel
2018-06-02T01:50:39 * michelled has quit
2018-06-02T04:22:29 * mrtyler has quit
2018-06-02T05:45:15 * mrtyler joined the channel
2018-06-02T06:48:35 * mrtyler has quit
2018-06-02T16:28:16 * mrtyler joined the channel
2018-06-02T16:32:45 * mrtyler has quit
2018-06-02T18:06:46 * michelled joined the channel
2018-06-02T18:40:48 * michelled has quit
2018-06-02T20:51:55 * danayo joined the channel
2018-06-02T21:04:47 * mrtyler joined the channel
2018-06-02T21:09:57 * danayo has quit
2018-06-02T21:25:31 * mrtyler has quit
2018-06-02T21:31:54 * mrtyler joined the channel
2018-06-02T21:47:55 * mrtyler has quit
2018-06-02T22:18:59 * michelled joined the channel
2018-06-02T22:57:07 * mrtyler joined the channel
2018-06-02T23:02:27 * mrtyler has quit
'

