b'2015-12-22T00:01:38 * danayo has quit
2015-12-22T00:03:54 * danayo joined the channel
2015-12-22T00:39:32 * Jess_ has quit
2015-12-22T01:02:59 * danayo has quit
2015-12-22T01:21:07 * danayo joined the channel
2015-12-22T02:02:58 * danayo joined the channel
2015-12-22T02:07:03 * danayo has quit
2015-12-22T04:38:39 * colinclark joined the channel
2015-12-22T05:21:37 * colinclark has quit
2015-12-22T05:41:28 * alanharnum joined the channel
2015-12-22T07:32:08 * amatas joined the channel
2015-12-22T10:40:20 * gtirloni_ joined the channel
2015-12-22T12:04:14 * amatas joined the channel
2015-12-22T13:37:27 * Justin_o joined the channel
2015-12-22T14:17:19 * Jess_ joined the channel
2015-12-22T14:37:04 * jhung joined the channel
2015-12-22T14:40:56 * colinclark joined the channel
2015-12-22T15:01:13 * danayo joined the channel
2015-12-22T15:21:41 * jhung has quit
2015-12-22T15:43:23 * jhung joined the channel
2015-12-22T15:46:39 * Yan_Hu joined the channel
2015-12-22T15:53:38 * jhung has quit
2015-12-22T15:53:55 * jhung joined the channel
2015-12-22T16:24:38 * amatas joined the channel
2015-12-22T16:44:33 * alanharnum joined the channel
2015-12-22T17:21:08 * danayo joined the channel
2015-12-22T17:24:00 * michelled joined the channel
2015-12-22T17:48:47 * Yan_Hu has quit
2015-12-22T17:55:44 * Yan_Hu joined the channel
2015-12-22T18:17:11 * alanharnum has quit
2015-12-22T18:19:43 * Yan_Hu has quit
2015-12-22T18:23:50 * jhung has quit
2015-12-22T18:25:18 * jhung joined the channel
2015-12-22T18:27:20 * Yan_Hu joined the channel
2015-12-22T18:36:30 * Yan_Hu has left the channel
2015-12-22T18:47:32 * colinclark has quit
2015-12-22T19:32:27 * michelled joined the channel
2015-12-22T19:32:49 * alanharnum joined the channel
2015-12-22T19:54:24 * colinclark joined the channel
2015-12-22T20:52:17 * jhung has quit
2015-12-22T21:06:30 * michelled has quit
2015-12-22T21:16:57 * michelled joined the channel
2015-12-22T21:19:54 * danayo has quit
2015-12-22T21:39:08 * gtirloni_ has quit
2015-12-22T21:51:25 * michelled has quit
2015-12-22T21:54:13 * danayo joined the channel
2015-12-22T22:10:35 * danayo joined the channel
2015-12-22T22:20:36 * michelled joined the channel
2015-12-22T22:28:24 * danayo has quit
2015-12-22T22:45:40 * michelled has quit
2015-12-22T22:49:33 * alanharnum has quit
2015-12-22T22:57:31 * Justin_o has quit
'

