b'2017-06-23T00:16:26 * danayo joined the channel
2017-06-23T00:30:34 * alanharnum joined the channel
2017-06-23T00:36:03 * alanharnum has quit
2017-06-23T01:11:38 * cindyli joined the channel
2017-06-23T01:13:00 * cindyli has quit
2017-06-23T01:33:46 * alanharnum joined the channel
2017-06-23T01:39:16 * alanharnum has quit
2017-06-23T02:36:54 * alanharnum joined the channel
2017-06-23T02:41:59 * alanharnum has quit
2017-06-23T03:40:16 * alanharnum joined the channel
2017-06-23T04:44:22 * alanharnum joined the channel
2017-06-23T05:47:49 * alanharnum joined the channel
2017-06-23T06:52:10 * alanharnum joined the channel
2017-06-23T07:55:16 * alanharnum joined the channel
2017-06-23T08:59:15 * alanharnum joined the channel
2017-06-23T09:04:20 * alanharnum has quit
2017-06-23T09:52:35 * Caren joined the channel
2017-06-23T10:02:43 * alanharnum joined the channel
2017-06-23T10:09:28 * alanharnum has quit
2017-06-23T11:07:02 * alanharnum joined the channel
2017-06-23T11:11:35 * alanharnum has quit
2017-06-23T11:28:07 * gtirloni joined the channel
2017-06-23T11:29:52 * Caren has quit
2017-06-23T11:52:28 * Caren joined the channel
2017-06-23T12:05:49 * gtirloni has quit
2017-06-23T12:08:58 * alanharnum joined the channel
2017-06-23T12:19:01 * gtirloni joined the channel
2017-06-23T12:28:13 * michelled joined the channel
2017-06-23T12:33:09 * cindyli joined the channel
2017-06-23T12:47:38 * Jess__ joined the channel
2017-06-23T12:48:40 * jhung joined the channel
2017-06-23T13:00:26 * gtirloni joined the channel
2017-06-23T13:13:25 * alanharnum joined the channel
2017-06-23T13:27:22 * simonjb joined the channel
2017-06-23T13:29:36 * clown joined the channel
2017-06-23T13:45:36 * alanharnum joined the channel
2017-06-23T13:55:13 * gtirloni joined the channel
2017-06-23T14:01:42 * colinclark joined the channel
2017-06-23T14:06:08 * danayo joined the channel
2017-06-23T14:41:08 * michelled joined the channel
2017-06-23T14:45:38 * gtirloni joined the channel
2017-06-23T14:53:56 * cindyli1 joined the channel
2017-06-23T15:02:33 * colinclark joined the channel
2017-06-23T15:44:45 * colinclark has quit
2017-06-23T15:45:09 * simonjb joined the channel
2017-06-23T15:54:18 * alanharnum joined the channel
2017-06-23T16:00:18 * mrtyler joined the channel
2017-06-23T16:08:10 * danayo joined the channel
2017-06-23T16:13:40 * alanharnum joined the channel
2017-06-23T16:17:12 * colinclark joined the channel
2017-06-23T16:50:58 * colinclark joined the channel
2017-06-23T17:05:55 * Caren joined the channel
2017-06-23T17:13:50 * michelled joined the channel
2017-06-23T17:14:58 * alanharnum joined the channel
2017-06-23T17:17:15 * alanharnum joined the channel
2017-06-23T17:27:29 * alanharnum joined the channel
2017-06-23T17:28:06 * danayo joined the channel
2017-06-23T17:31:18 * alanharnum joined the channel
2017-06-23T18:00:27 * alanharnum joined the channel
2017-06-23T18:03:16 * jhung joined the channel
2017-06-23T18:12:59 * gtirloni_ joined the channel
2017-06-23T19:36:01 * alanharnum joined the channel
2017-06-23T19:45:21 * alanharnum joined the channel
2017-06-23T21:01:33 * alanharnum joined the channel
2017-06-23T21:15:02 * alanharnum joined the channel
2017-06-23T21:17:51 * alanharn_ joined the channel
2017-06-23T21:37:26 * michelled joined the channel
2017-06-23T22:26:09 * colinclark joined the channel
'

