b'2016-09-19T00:55:48 * lliskovoi has quit
2016-09-19T10:11:31 * lliskovoi joined the channel
2016-09-19T10:30:20 * lliskovoi has quit
2016-09-19T12:13:27 * Justin_o joined the channel
2016-09-19T12:35:52 * cindyli joined the channel
2016-09-19T12:41:59 * jhung joined the channel
2016-09-19T12:56:44 * simonjb joined the channel
2016-09-19T13:00:41 * alanharnum joined the channel
2016-09-19T13:08:43 * danayo joined the channel
2016-09-19T13:12:38 * alanharnum has quit
2016-09-19T13:13:12 * alanharnum joined the channel
2016-09-19T13:16:57 * alanharnum has quit
2016-09-19T13:21:00 * alanharnum joined the channel
2016-09-19T13:30:18 * gtirloni_ joined the channel
2016-09-19T13:33:31 * gtirloni joined the channel
2016-09-19T13:39:28 * amatas joined the channel
2016-09-19T14:24:07 * clown joined the channel
2016-09-19T14:26:35 * colinclark joined the channel
2016-09-19T14:29:11 * alanharnum joined the channel
2016-09-19T14:31:50 <danayo> hi colinclark, I don\'t have anything new to discuss at dashboard meeting today so thought it made sense to cancel it
2016-09-19T14:31:58 <colinclark> hey danayo
2016-09-19T14:32:04 <colinclark> ok, that\'s cool
2016-09-19T14:32:32 <colinclark> what are the next steps at this point?
2016-09-19T14:32:58 <danayo> a couple of things - I\'m waiting to hear back from Caren about the co-design session - I\'ll ping her today
2016-09-19T14:34:03 <colinclark> Cool, that\'s going to be pretty fun
2016-09-19T14:34:07 <colinclark> what else?
2016-09-19T14:34:09 <danayo> and as I understand at some point we need to take a "bigger picture" look - at least from FLOE perspective
2016-09-19T14:34:30 <danayo> and for APCP - we need to keep thinking about our "intervention"
2016-09-19T14:34:35 <danayo> but we have some time there
2016-09-19T14:35:17 <colinclark> yup, it\'s true
2016-09-19T14:35:28 <danayo> I should review the notes from our last discussion re: APCP colinclark
2016-09-19T14:35:28 <colinclark> at this point, we\'ve got about a year until the first APCP pilots
2016-09-19T14:35:32 <danayo> right
2016-09-19T14:35:33 <colinclark> which strikes me as far too late
2016-09-19T14:35:59 <colinclark> but there\'s still confusion about the metrics work and the "dashboard\'s" role in it, at least from Maureen\'s end
2016-09-19T14:36:07 <colinclark> I will continue to talk through it with her
2016-09-19T14:36:24 <danayo> great, ok colinclark
2016-09-19T14:38:03 <danayo> when you say far too late, colinclark - do you mean too late in the APCP project?
2016-09-19T14:38:08 <colinclark> yeah
2016-09-19T14:38:29 <colinclark> I\'d like to see our pilots be a little faster and a little simpler\xe2\x80\x94thus sooner
2016-09-19T14:38:37 <danayo> yeah, for sure
2016-09-19T14:46:25 * gtirloni_ joined the channel
2016-09-19T15:18:51 * alanharn_ joined the channel
2016-09-19T15:19:12 * colinclark_ joined the channel
2016-09-19T15:19:16 * clown1 joined the channel
2016-09-19T15:19:19 * cindyli1 joined the channel
2016-09-19T15:19:57 * clown1 has quit
2016-09-19T15:20:53 * clown1 joined the channel
2016-09-19T15:21:29 * colinclark has quit
2016-09-19T15:21:31 * clown has quit
2016-09-19T15:21:53 * clown1 is now known as clown
2016-09-19T15:21:55 * alanharnum has quit
2016-09-19T15:26:43 * Yan_Hu joined the channel
2016-09-19T15:31:14 * Yan_Hu joined the channel
2016-09-19T15:33:51 * Yan_Hu1 joined the channel
2016-09-19T15:49:23 * alanharnum joined the channel
2016-09-19T15:52:18 * cindyli1 has quit
2016-09-19T15:56:08 * simonjb has quit
2016-09-19T15:57:40 * cindyli joined the channel
2016-09-19T16:13:55 * simonjb joined the channel
2016-09-19T16:35:48 * alanharnum has quit
2016-09-19T16:39:12 * alanharn_ joined the channel
2016-09-19T17:03:03 * simonjb joined the channel
2016-09-19T17:26:31 * Yan_Hu1 has quit
2016-09-19T17:28:45 * clown joined the channel
2016-09-19T17:29:27 * clown has quit
2016-09-19T17:31:41 * cindyli has quit
2016-09-19T17:51:06 * cindyli joined the channel
2016-09-19T17:55:34 * alanharnum joined the channel
2016-09-19T18:30:03 * alanharnum has quit
2016-09-19T18:43:27 * alanharnum joined the channel
2016-09-19T18:51:30 * clown joined the channel
2016-09-19T19:01:58 * alanharnum joined the channel
2016-09-19T19:14:55 * gtirloni_ has quit
2016-09-19T19:57:30 * danayo has quit
2016-09-19T20:23:08 * alanharnum has quit
2016-09-19T20:27:05 * alanharnum joined the channel
2016-09-19T20:38:13 * jhung has quit
2016-09-19T20:59:41 * clown has quit
2016-09-19T21:59:22 * danayo joined the channel
2016-09-19T22:04:57 * amatas has quit
2016-09-19T22:07:34 * danayo joined the channel
2016-09-19T22:09:27 * danayo joined the channel
2016-09-19T23:00:16 * gtirloni has quit
'

