b"2017-08-14T11:30:42 * gtirloni joined the channel
2017-08-14T11:47:10 * gtirloni joined the channel
2017-08-14T12:25:29 * Justin_o joined the channel
2017-08-14T12:28:06 * alanharnum joined the channel
2017-08-14T12:39:19 * cindyli joined the channel
2017-08-14T13:02:07 * colinclark joined the channel
2017-08-14T13:32:40 * simonjb joined the channel
2017-08-14T13:34:29 * alanharnum joined the channel
2017-08-14T13:35:48 * colinclark has quit
2017-08-14T13:37:33 * colinclark joined the channel
2017-08-14T13:46:38 * alanharnum has quit
2017-08-14T13:50:10 * alanharnum joined the channel
2017-08-14T14:12:22 * lliskovoi joined the channel
2017-08-14T14:16:18 * lliskovoi has quit
2017-08-14T14:16:27 * lliskovoi joined the channel
2017-08-14T14:34:13 * alanharnum joined the channel
2017-08-14T14:36:19 * grrrero joined the channel
2017-08-14T14:38:29 * alanharnum has quit
2017-08-14T14:39:26 * alanharnum joined the channel
2017-08-14T15:04:35 * danayo joined the channel
2017-08-14T15:09:33 * mrtyler joined the channel
2017-08-14T15:18:31 * danayo_ joined the channel
2017-08-14T15:27:31 * avtar joined the channel
2017-08-14T15:30:52 * danayo_ joined the channel
2017-08-14T15:51:46 * danayo_ joined the channel
2017-08-14T16:11:20 * alanharnum joined the channel
2017-08-14T16:11:34 * danayo_ has quit
2017-08-14T16:25:05 * lliskovoi has quit
2017-08-14T16:41:05 * avtar has quit
2017-08-14T16:42:01 * avtar joined the channel
2017-08-14T17:02:47 * gtirloni_ joined the channel
2017-08-14T17:13:22 * avtar has quit
2017-08-14T17:17:53 * avtar joined the channel
2017-08-14T17:18:47 * alanharnum joined the channel
2017-08-14T17:22:33 * alanharnum has quit
2017-08-14T17:29:46 * alanharnum joined the channel
2017-08-14T17:34:04 * colinclark joined the channel
2017-08-14T17:37:25 <alanharnum> gmoss danayo: 2:00 good for both of you to meet on SJRK?
2017-08-14T17:37:38 <gmoss> alanharnum: works for me!
2017-08-14T17:41:22 * danayo joined the channel
2017-08-14T17:41:39 <alanharnum> danayo: sounds like gmoss and I are good for 2:00, if that still works for you?
2017-08-14T17:42:10 <danayo> yes works for me alanharnum gmoss
2017-08-14T17:44:09 <alanharnum> great, danayo!
2017-08-14T17:48:10 * lliskovoi joined the channel
2017-08-14T17:59:04 <gmoss> alanharnum danayo where should I connect for the call?
2017-08-14T17:59:51 <alanharnum> gmoss danayo: let's use my Vidyo room, it's open
2017-08-14T18:57:21 <danayo> alanharnum I think I lost you - wifi issues  :(
2017-08-14T18:57:24 <alanharnum> danayo: lost you on Vidyo, yeah
2017-08-14T18:58:11 <danayo> I'll review the partner work plans and budgets
2017-08-14T18:58:29 <danayo> was just mentioning Lizbeth's question about travel budget for her - I don't think we're responded to her yet
2017-08-14T19:11:02 * alanharnum has quit
2017-08-14T19:15:42 * avtar joined the channel
2017-08-14T19:29:57 * alanharnum joined the channel
2017-08-14T19:31:52 <alanharnum> danayo: colinclark is having a quick chat w/someone, we can meet in my Vidyo room once he's done about BiT?
2017-08-14T19:32:12 <danayo> sure just ping me
2017-08-14T19:35:19 <colinclark> alanharnum, danayo HI
2017-08-14T19:35:26 <alanharnum> HI COLINCLARK
2017-08-14T19:35:35 <danayo> hello
2017-08-14T19:36:03 <colinclark> Shall we?
2017-08-14T19:38:19 <danayo> trying again!
2017-08-14T19:38:45 <alanharnum> danayo, can try Skype with colinclark - that might be less intensive
2017-08-14T19:38:50 <alanharnum> if Vidyo keeps being flaky
2017-08-14T19:39:16 <danayo> ok
2017-08-14T19:40:33 <danayo> argh this is so bad, I can't connect to Vidyo at all now, so sorry
2017-08-14T19:40:54 <alanharnum> danayo: we'll do Skype
2017-08-14T19:40:59 <alanharnum> colinclark, I don't think I have your skype contact
2017-08-14T19:41:09 <colinclark> wow
2017-08-14T19:41:46 <alanharnum> colinclark request sent
2017-08-14T19:44:44 * danayo has quit
2017-08-14T19:45:57 * danayo joined the channel
2017-08-14T19:48:24 <colinclark> alanharnum: danayo is back
2017-08-14T19:49:04 <alanharnum> colinclark - ok, let's try and Skype at say 4:15?
2017-08-14T19:49:09 <colinclark> ok
2017-08-14T19:49:13 <alanharnum> this time without me being connected to Vidyo at same time so it hijacks my mike?
2017-08-14T19:49:16 <colinclark> ha
2017-08-14T20:14:22 * gtirloni has quit
2017-08-14T20:14:30 * alanharnum joined the channel
2017-08-14T20:22:54 <danayo> alanharnum, colinclark:    :\\  :\\  :\\  determined to sort this out
2017-08-14T20:23:06 <colinclark> don't worry!
2017-08-14T20:23:09 <colinclark> you will!
2017-08-14T20:26:30 * lliskovoi has quit
2017-08-14T20:41:41 * lliskovoi joined the channel
2017-08-14T20:44:12 * cindyli has quit
2017-08-14T21:07:48 * M-avtar has quit
2017-08-14T21:41:40 * M-avtar joined the channel
2017-08-14T22:01:42 * lliskovoi has quit
2017-08-14T22:03:34 * lliskovoi joined the channel
2017-08-14T22:17:00 * lliskovoi has quit
2017-08-14T22:36:52 * colinclark has quit
2017-08-14T23:51:19 * M-avtar has quit
"

