b'2016-05-24T05:41:22 * amatas joined the channel
2016-05-24T06:16:59 * avtar has quit
2016-05-24T06:17:22 * avtar joined the channel
2016-05-24T12:10:06 * Justin_o joined the channel
2016-05-24T12:24:03 * gtirloni joined the channel
2016-05-24T12:24:55 * gtirloni has quit
2016-05-24T13:32:20 * colinclark joined the channel
2016-05-24T13:35:34 * alanharnum joined the channel
2016-05-24T13:43:41 * simonjb joined the channel
2016-05-24T13:54:35 * Yan_Hu joined the channel
2016-05-24T13:54:35 * Yan_Hu has quit
2016-05-24T13:54:35 * Yan_Hu joined the channel
2016-05-24T13:57:17 * alanharnum has quit
2016-05-24T14:04:04 * lliskovoi joined the channel
2016-05-24T14:04:04 * lliskovoi joined the channel
2016-05-24T14:05:22 * alanharnum joined the channel
2016-05-24T14:24:31 * danayo joined the channel
2016-05-24T14:26:12 * colinclark joined the channel
2016-05-24T14:26:23 * clown joined the channel
2016-05-24T14:42:37 * danayo has quit
2016-05-24T14:42:37 * lliskovoi has quit
2016-05-24T14:42:38 * amatas has quit
2016-05-24T14:50:01 * alanharnum has quit
2016-05-24T15:01:59 * colinclark joined the channel
2016-05-24T15:18:32 * lliskovoi_ joined the channel
2016-05-24T15:25:39 * alanharn_ joined the channel
2016-05-24T15:25:47 * alanharn_ is now known as alanharnum_
2016-05-24T15:32:32 * alanharnum_ has quit
2016-05-24T15:37:25 * lliskovoi_ has quit
2016-05-24T15:40:19 * amatas joined the channel
2016-05-24T15:44:20 * lliskovoi_ joined the channel
2016-05-24T15:45:56 * danayo joined the channel
2016-05-24T15:45:56 * Yan_Hu joined the channel
2016-05-24T15:46:26 * alanharnum joined the channel
2016-05-24T15:53:17 * lliskovoi joined the channel
2016-05-24T15:57:33 * danayo has quit
2016-05-24T16:00:37 * danayo joined the channel
2016-05-24T16:06:18 * Yan_Hu joined the channel
2016-05-24T16:20:04 * lliskovoi has quit
2016-05-24T16:23:21 * lliskovoi joined the channel
2016-05-24T17:10:26 * alanharnum has quit
2016-05-24T17:11:35 * alanharn_ joined the channel
2016-05-24T17:25:29 * alanharn_ is now known as alanharnum
2016-05-24T17:34:09 * danayo has quit
2016-05-24T17:35:31 * danayo joined the channel
2016-05-24T17:51:07 * danayo has quit
2016-05-24T17:54:43 * lliskovoi joined the channel
2016-05-24T17:56:39 * danayo joined the channel
2016-05-24T18:12:50 * Yan_Hu1 joined the channel
2016-05-24T18:16:41 * Yan_Hu has quit
2016-05-24T18:41:03 * alanharnum joined the channel
2016-05-24T18:41:13 * danayo has quit
2016-05-24T18:42:30 * clown has quit
2016-05-24T18:45:25 * danayo joined the channel
2016-05-24T18:52:06 * clown joined the channel
2016-05-24T18:52:13 * clown is now known as clown_mtg
2016-05-24T19:53:21 * amatas joined the channel
2016-05-24T20:12:03 * clown joined the channel
2016-05-24T21:18:15 * alanharnum joined the channel
2016-05-24T21:35:54 * alanharnum has quit
2016-05-24T21:37:05 * danayo has quit
2016-05-24T21:39:28 * simonjb has quit
2016-05-24T22:11:27 * lliskovoi_ joined the channel
2016-05-24T22:11:31 * lliskovoi_ has quit
2016-05-24T22:17:39 * amatas has quit
2016-05-24T22:24:38 * colinclark joined the channel
2016-05-24T23:36:20 * alanharnum joined the channel
2016-05-24T23:40:41 * alanharnum has quit
'

