b'2015-10-21T00:02:32 * Justin_o has quit
2015-10-21T00:14:09 * colinclark has quit
2015-10-21T01:24:32 * colinclark joined the channel
2015-10-21T01:35:01 * sepidehshahi joined the channel
2015-10-21T01:46:56 * danayo joined the channel
2015-10-21T02:07:27 * danayo has quit
2015-10-21T03:17:00 * sepidehshahi has quit
2015-10-21T03:20:36 * colinclark has quit
2015-10-21T03:20:55 * colinclark joined the channel
2015-10-21T05:13:08 * colinclark has quit
2015-10-21T05:20:46 * colinclark joined the channel
2015-10-21T05:36:29 * colinclark has quit
2015-10-21T05:41:05 * colinclark joined the channel
2015-10-21T05:42:16 * colinclark has quit
2015-10-21T11:53:58 * jhung joined the channel
2015-10-21T12:16:34 * Justin_o joined the channel
2015-10-21T13:07:31 * anastasiac joined the channel
2015-10-21T13:08:30 * gtirloni joined the channel
2015-10-21T13:12:28 * cindyli joined the channel
2015-10-21T13:12:42 * simonjb joined the channel
2015-10-21T13:14:14 * gtirloni has quit
2015-10-21T13:15:32 * gtirloni joined the channel
2015-10-21T13:42:47 * clown joined the channel
2015-10-21T13:47:09 * anastasiac joined the channel
2015-10-21T13:53:37 * sepidehshahi joined the channel
2015-10-21T13:55:13 * alanharnum joined the channel
2015-10-21T14:01:31 * danayo joined the channel
2015-10-21T14:02:01 * colinclark joined the channel
2015-10-21T14:12:32 * lliskovoi joined the channel
2015-10-21T14:12:37 * lliskovoi has quit
2015-10-21T14:13:13 * lliskovoi joined the channel
2015-10-21T14:35:34 * sepidehshahi has quit
2015-10-21T14:36:01 * sepidehshahi joined the channel
2015-10-21T14:50:54 * michelled joined the channel
2015-10-21T15:02:11 <sepidehshahi> Hi danayo: where would you like to have the sonification meeting?
2015-10-21T15:02:45 <danayo> how about in fluid standup sepidehshahi
2015-10-21T15:03:04 <sepidehshahi> sure
2015-10-21T15:04:09 <colinclark> on my way
2015-10-21T15:19:01 <alanharnum> sorry coming - forgot we scheduled this, distracted by kubernetes :(
2015-10-21T15:29:41 * anastasiac has quit
2015-10-21T15:30:52 * anastasiac joined the channel
2015-10-21T15:41:35 * anastasiac has quit
2015-10-21T15:50:37 * anastasiac joined the channel
2015-10-21T16:01:34 * jhung has quit
2015-10-21T16:11:55 * sepidehshahi has quit
2015-10-21T16:16:01 * sepidehshahi joined the channel
2015-10-21T16:17:47 * sepidehshahi has quit
2015-10-21T16:18:01 * sepidehshahi joined the channel
2015-10-21T16:49:19 * Jess_ joined the channel
2015-10-21T16:59:20 * alanharnum has quit
2015-10-21T17:49:19 * lliskovoi joined the channel
2015-10-21T18:15:17 * alanharnum joined the channel
2015-10-21T18:19:44 * simonjb has quit
2015-10-21T18:34:50 * colinclark joined the channel
2015-10-21T18:37:37 * anastasiac_ joined the channel
2015-10-21T18:38:27 * anastasiac has quit
2015-10-21T18:38:27 * anastasiac_ is now known as anastasiac
2015-10-21T18:52:06 * colinclark has quit
2015-10-21T18:54:11 * colinclark joined the channel
2015-10-21T18:57:36 * cindyli has quit
2015-10-21T18:59:33 * cindyli joined the channel
2015-10-21T19:14:30 * colinclark has quit
2015-10-21T19:15:28 * colinclark joined the channel
2015-10-21T19:23:24 * gtirloni joined the channel
2015-10-21T19:46:15 * colinclark has quit
2015-10-21T19:54:19 * anastasiac has quit
2015-10-21T19:55:48 * anastasiac joined the channel
2015-10-21T19:58:05 * simonjb joined the channel
2015-10-21T20:09:28 * alanharnum joined the channel
2015-10-21T20:19:42 * michelled has quit
2015-10-21T20:39:49 * michelled joined the channel
2015-10-21T20:40:58 * cindyli has quit
2015-10-21T21:08:36 * anastasiac has quit
2015-10-21T21:12:15 * sepidehshahi has left the channel
2015-10-21T21:14:32 * simonjb has quit
2015-10-21T21:22:55 * gtirloni has quit
2015-10-21T21:40:37 * michelled has quit
2015-10-21T21:55:11 * alanharnum has quit
2015-10-21T22:01:57 * lliskovoi has quit
2015-10-21T22:03:43 * Jess_ has quit
2015-10-21T22:08:43 * jhung joined the channel
2015-10-21T22:08:53 * jhung has quit
2015-10-21T22:20:36 * danayo has quit
2015-10-21T22:32:33 * Justin_o has quit
2015-10-21T23:10:11 * jhung joined the channel
2015-10-21T23:10:22 * jhung has quit
2015-10-21T23:12:12 * jhung joined the channel
2015-10-21T23:12:23 * jhung has quit
'

