b'2018-05-23T10:22:49 * Justin_o has quit
2018-05-23T11:04:01 * Justin_o joined the channel
2018-05-23T11:17:45 * gtirloni joined the channel
2018-05-23T12:16:56 * neuralmilkhotel joined the channel
2018-05-23T12:52:00 * alanharnum joined the channel
2018-05-23T13:02:54 * Caren_ joined the channel
2018-05-23T13:21:06 * simonjb joined the channel
2018-05-23T13:22:53 * sepidehshahi joined the channel
2018-05-23T13:24:16 * colinclark joined the channel
2018-05-23T14:02:17 * jessm joined the channel
2018-05-23T14:04:11 * mrtyler joined the channel
2018-05-23T14:19:50 * mrtyler has quit
2018-05-23T14:19:54 * lliskovoi joined the channel
2018-05-23T14:36:02 * lliskovoi has quit
2018-05-23T15:17:38 * mrtyler joined the channel
2018-05-23T15:40:25 * avtar joined the channel
2018-05-23T16:09:00 * janardan joined the channel
2018-05-23T16:11:21 <Caren_> hello everyone. eep. missed standup. apologies. Been working through some project managment deadlines with Eloisa, building out a launch schedule and all the bits that go with that. I\xe2\x80\x99ll be spec-ing some design items for neuralmilkhotel this afternoon and if there\xe2\x80\x99s time, I plan to start writing up notes from the UDL conference I attended (need to get that done!) I also plan to be at the IDRC tomorrow.
2018-05-23T16:16:28 * jeevan_ joined the channel
2018-05-23T16:45:18 * sepidehshahi joined the channel
2018-05-23T16:55:20 * alanharnum joined the channel
2018-05-23T17:08:07 * alanharnum has quit
2018-05-23T17:08:33 * alanharnum joined the channel
2018-05-23T17:08:51 * YehchanP joined the channel
2018-05-23T17:09:01 * alanharnum has quit
2018-05-23T17:09:08 * alanharnum joined the channel
2018-05-23T17:15:26 * simonjb has quit
2018-05-23T17:20:49 * lliskovoi joined the channel
2018-05-23T17:34:21 * rutvi joined the channel
2018-05-23T17:37:46 * colinclark has quit
2018-05-23T17:48:42 * alanharnum joined the channel
2018-05-23T17:51:12 * alanharnum joined the channel
2018-05-23T17:54:19 * simonjb joined the channel
2018-05-23T17:55:49 <sepidehshahi> Hi Caren_ I\xe2\x80\x99m working on the CaT piece and trying to add a case study about the PhET experience. Do you have a few minutes to chat about the PhET CaT?
2018-05-23T17:59:59 <Caren_> hi sepidehshahi sure. In 5 mins?
2018-05-23T18:00:15 <sepidehshahi> that would be great Caren_ thanks
2018-05-23T18:07:38 <sepidehshahi> Caren_: can I join your room or should I call you directly?
2018-05-23T18:08:03 <Caren_> pls join my room if it\xe2\x80\x99s possible sepidehshahi !
2018-05-23T18:08:29 <sepidehshahi> sure
2018-05-23T18:08:49 <Caren_> or call if my room isn\xe2\x80\x99t working sepidehshahi
2018-05-23T18:08:59 <sepidehshahi> I\xe2\x80\x99m in your room
2018-05-23T18:09:09 <sepidehshahi> Caren_: ^
2018-05-23T18:10:09 <Caren_> sorry vidyo crashed for me sepidehshahi
2018-05-23T18:10:16 <Caren_> I\xe2\x80\x99m starting it up again
2018-05-23T18:10:54 <sepidehshahi> no worries, I can use Skype as well if Vidyo is not working
2018-05-23T18:11:21 <Caren_> sepidehshahi: can you try calling me on vidyo?
2018-05-23T18:12:53 <Caren_> I think we will have to Skype. Vidyo won\xe2\x80\x99t let me connect.
2018-05-23T18:12:54 * alanharnum joined the channel
2018-05-23T18:13:01 <sepidehshahi> I\xe2\x80\x99mtrying Caren_ but for some reason the calls are not completed and dropped
2018-05-23T18:14:26 <Caren_> when i pick up your call Vidyo tells me it is unable to establish a connection\xe2\x80\xa6that the connection was rejected by the server. :-( skype sepidehshahi ?
2018-05-23T18:14:41 <sepidehshahi> sure Caren_
2018-05-23T18:17:01 * gtirloni_ joined the channel
2018-05-23T18:19:38 * gtirloni has quit
2018-05-23T18:30:19 * alanharnum has quit
2018-05-23T18:30:27 * jeevan_ has quit
2018-05-23T18:30:45 * alanharnum joined the channel
2018-05-23T18:31:31 * simonjb has quit
2018-05-23T18:32:19 * jeevan_ joined the channel
2018-05-23T18:34:57 * alanharnum has quit
2018-05-23T18:35:44 * simonjb joined the channel
2018-05-23T18:36:14 * lliskovoi has quit
2018-05-23T18:36:18 * sepidehshahi has quit
2018-05-23T19:05:15 * alanharnum joined the channel
2018-05-23T19:10:05 * Caren_ has quit
2018-05-23T19:33:57 * mrtyler has quit
2018-05-23T19:47:33 * simonjb joined the channel
2018-05-23T19:53:41 * alanharnum joined the channel
2018-05-23T20:04:37 * colinclark joined the channel
2018-05-23T20:06:44 * sepidehshahi joined the channel
2018-05-23T20:08:06 * Caren_ joined the channel
2018-05-23T20:10:48 * lliskovoi joined the channel
2018-05-23T20:23:51 * gtirloni has quit
2018-05-23T20:31:47 * gtirloni joined the channel
2018-05-23T20:43:14 * sepidehshahi has quit
2018-05-23T20:43:21 * mrtyler joined the channel
2018-05-23T20:44:17 * lliskovoi has quit
2018-05-23T20:51:04 * colinclark has quit
2018-05-23T20:51:38 * colinclark joined the channel
2018-05-23T20:52:38 * colinclark has quit
2018-05-23T21:08:00 * gtirloni_ joined the channel
2018-05-23T21:09:52 * Caren_ has quit
2018-05-23T21:12:19 * Caren_ joined the channel
2018-05-23T21:12:42 * Caren_ has quit
2018-05-23T21:14:28 * Caren_ joined the channel
2018-05-23T21:15:15 * janardan has quit
2018-05-23T21:24:47 * alanharnum has quit
2018-05-23T21:28:54 * alanharnum joined the channel
2018-05-23T21:33:13 * alanharnum has quit
2018-05-23T22:01:45 * rutvi has quit
2018-05-23T22:08:31 * YehchanP has quit
2018-05-23T22:17:05 * Caren_ has quit
2018-05-23T22:32:49 * Justin_o has quit
2018-05-23T23:18:09 * lliskovoi joined the channel
2018-05-23T23:31:55 * lliskovoi has quit
2018-05-23T23:48:30 * avtar has quit
'

