b'2016-01-24T07:00:43 * alanharnum joined the channel
2016-01-24T07:02:45 * alanharn_ joined the channel
2016-01-24T07:02:45 * alanharnum has quit
2016-01-24T07:04:25 * alanharnum joined the channel
2016-01-24T07:04:25 * alanharn_ has quit
2016-01-24T07:06:26 * alanharn_ joined the channel
2016-01-24T07:06:26 * alanharnum has quit
2016-01-24T07:07:58 * alanharn_ has quit
2016-01-24T07:08:05 * alanharnum joined the channel
2016-01-24T07:09:50 * alanharnum has quit
2016-01-24T07:10:11 * alanharnum joined the channel
2016-01-24T07:11:51 * alanharn_ joined the channel
2016-01-24T07:11:51 * alanharnum has quit
2016-01-24T07:13:51 * alanharnum joined the channel
2016-01-24T07:13:51 * alanharn_ has quit
2016-01-24T07:15:31 * alanharn_ joined the channel
2016-01-24T07:15:31 * alanharnum has quit
2016-01-24T07:17:35 * alanharnum joined the channel
2016-01-24T07:17:35 * alanharn_ has quit
2016-01-24T07:19:15 * alanharn_ joined the channel
2016-01-24T07:19:15 * alanharnum has quit
2016-01-24T07:21:19 * alanharnum joined the channel
2016-01-24T07:21:19 * alanharn_ has quit
2016-01-24T07:23:00 * alanharn_ joined the channel
2016-01-24T07:24:34 * alanharn_ has quit
2016-01-24T07:24:58 * alanharnum joined the channel
2016-01-24T07:26:38 * alanharn_ joined the channel
2016-01-24T07:28:39 * alanharnum joined the channel
2016-01-24T07:28:39 * alanharn_ has quit
2016-01-24T07:30:18 * alanharnum joined the channel
2016-01-24T07:32:17 * alanharn_ joined the channel
2016-01-24T07:32:17 * alanharnum has quit
2016-01-24T07:33:57 * alanharnum joined the channel
2016-01-24T07:33:57 * alanharn_ has quit
2016-01-24T07:35:41 * alanharn_ joined the channel
2016-01-24T07:35:41 * alanharnum has quit
2016-01-24T07:37:01 * alanharn_ has quit
2016-01-24T07:37:46 * alanharnum joined the channel
2016-01-24T07:39:26 * alanharn_ joined the channel
2016-01-24T07:39:27 * alanharnum has quit
2016-01-24T07:41:25 * alanharn_ has quit
2016-01-24T07:41:25 * alanharnum joined the channel
2016-01-24T07:43:05 * alanharn_ joined the channel
2016-01-24T07:43:05 * alanharnum has quit
2016-01-24T07:45:05 * alanharnum joined the channel
2016-01-24T07:45:05 * alanharn_ has quit
2016-01-24T07:46:45 * alanharn_ joined the channel
2016-01-24T07:46:45 * alanharnum has quit
2016-01-24T07:48:12 * alanharn_ has quit
2016-01-24T07:48:44 * alanharnum joined the channel
2016-01-24T07:50:40 * alanharn_ joined the channel
2016-01-24T07:50:40 * alanharnum has quit
2016-01-24T08:04:59 * alanharn_ has quit
2016-01-24T23:16:27 * Bosmon2 joined the channel
2016-01-24T23:18:11 * Bosmon has quit
'

