b'2015-10-29T13:25:19 * Jess_ joined the channel
2015-10-29T13:35:56 * danayo joined the channel
2015-10-29T13:57:29 * clown joined the channel
2015-10-29T14:01:02 * jhung joined the channel
2015-10-29T14:02:41 <Jess_> sepidehshahi: i hope those comments are helpful. maybe you and i (and cooper) can work together this afternoon?
2015-10-29T14:03:34 <sepidehshahi> Jess_: sounds like a good plan:) yes I have applied most of your suggestions. Thanks for reviewing the doc
2015-10-29T14:53:30 * testing-tape joined the channel
2015-10-29T15:04:32 * jhung joined the channel
2015-10-29T15:10:02 * jhung joined the channel
2015-10-29T15:17:14 <Jess_> hey everyone: some cool work on interface design for autonomous vehicles https://www.artefactgroup.com/content/work/hyundai-a-vision-for-semi-autonomous-cars/
2015-10-29T15:17:54 <Jess_> interestingly this group is also working on a \xe2\x80\x9cdashboard for success in education\xe2\x80\x9d https://www.artefactgroup.com/content/work/dreambox-learning-educator-experience-artefact/
2015-10-29T15:24:52 * jhung joined the channel
2015-10-29T15:30:18 * testing-tape has quit
2015-10-29T15:30:49 * testing-tape joined the channel
2015-10-29T15:34:04 * testing-tape has quit
2015-10-29T15:36:30 <Jess_> some links from the convo before standup: http://www.bloomberg.com/bw/articles/2014-05-01/inbloom-shuts-down-amid-privacy-fears-over-student-data-tracking
2015-10-29T15:36:31 <Jess_> http://www.forbes.com/sites/michaelhorn/2014/12/04/inblooms-collapse-offers-lessons-for-innovation-in-education/
2015-10-29T15:49:24 <sepidehshahi> danayo: please let me know when is good for you to talk about sonifiaction
2015-10-29T15:52:20 * Jess_ has quit
2015-10-29T16:04:23 <danayo> sepidehshahi: i\'m going to post what i\'ve got on the wiki in just a minute
2015-10-29T16:04:32 <jhung> sepidehshahi, danayo - I don\'t have anything for this afternoon\'s design crit. Also looks like a number of people are away (JE meeting etc.).
2015-10-29T16:04:59 <danayo> yes, i was wondering about that jhung, with so many people away - i don\'t have anything either
2015-10-29T16:05:24 <sepidehshahi> me neither jhung
2015-10-29T16:05:40 <sepidehshahi> so should we cancel today\xe2\x80\x99s crit then?
2015-10-29T16:06:43 <jhung> sepidehshahi: I think so.
2015-10-29T16:07:09 <sepidehshahi> ok
2015-10-29T16:09:13 * colinclark joined the channel
2015-10-29T16:17:02 <sepidehshahi> danayo: I really like what you have done with the sonification sketches
2015-10-29T16:17:39 <danayo> great sepidehshahi - that was how i was imagining density might work - and "zooming" in and out
2015-10-29T16:18:22 <sepidehshahi> that\xe2\x80\x99s great. I was trying to work with one sound only. But I think the way you have used two sounds for tens and ones work as well
2015-10-29T16:18:33 * alanharnum joined the channel
2015-10-29T16:20:32 * testing-tape joined the channel
2015-10-29T16:20:50 * Jess_ joined the channel
2015-10-29T16:31:39 <danayo> i think it\'s worth continuing the work with one sound as well sepidehshahi
2015-10-29T16:34:30 <sepidehshahi> yes, I\xe2\x80\x99ll keep those sketches. The problem is when you want to cut out a sound to 10 fragments, the sounds has to have a consistent frequency (shoudn\xe2\x80\x99t go up and down). and those types of sounds tend to be harsh on ear a bit at least the ones I have found\xe2\x80\xa6 danayo
2015-10-29T16:36:43 <danayo> yes, i\'ve had some trouble finding good sustained sounds in garage band as well sepidehshahi - ones that don\'t fade out or fluctuate. i haven\'t had any luck finguring out how to sustain a sound either
2015-10-29T16:36:53 <danayo> but i think there must be a way
2015-10-29T16:43:38 * colinclark joined the channel
2015-10-29T16:49:50 * cindyli joined the channel
2015-10-29T16:54:19 * testing-tape has quit
2015-10-29T18:00:10 * colinclark has quit
2015-10-29T18:02:30 * testing-tape joined the channel
2015-10-29T18:10:28 <danayo> sepidehshahi - do you want to discuss sonification at all? or do you want to wait to try some more samples?
2015-10-29T18:14:22 * colinclark joined the channel
2015-10-29T18:19:21 * testing-tape has quit
2015-10-29T18:19:47 * testing-tape joined the channel
2015-10-29T18:26:27 * Jess_ joined the channel
2015-10-29T18:31:51 * alanharnum joined the channel
2015-10-29T18:34:15 <sepidehshahi> danayo if you want we can quickly chat for 5 min
2015-10-29T18:35:24 <sepidehshahi> or we can work more on the samples and talk on Monday
2015-10-29T18:52:07 * colinclark joined the channel
2015-10-29T19:19:57 * colinclark joined the channel
2015-10-29T19:24:07 * alanharnum joined the channel
2015-10-29T19:53:44 * testing-tape has quit
2015-10-29T19:54:14 * testing-tape joined the channel
2015-10-29T20:01:11 * testing-tape has quit
2015-10-29T20:01:40 * testing-tape joined the channel
2015-10-29T20:35:34 <Jess_> sepidehshahi: that url to the behaviour change thing I haven\xe2\x80\x99t looked at much yet is here: https://www.artefactgroup.com/wp-content/uploads/2014/02/Behavior-Change-Strategy-Cards-with-Dividers-Feb-2014.pdf
2015-10-29T20:36:41 <Jess_> i haven\xe2\x80\x99t looked into it yet \xe2\x80\x94 could be totes hokey
2015-10-29T20:53:54 * jhung joined the channel
2015-10-29T20:58:25 * alanharnum joined the channel
2015-10-29T21:14:13 * sepidehshahi has left the channel
2015-10-29T21:41:00 * jhung joined the channel
2015-10-29T22:04:15 * jhung joined the channel
'

b'2015-10-29T00:51:49 * colinclark joined the channel
2015-10-29T01:06:21 * colinclark has quit
2015-10-29T01:10:46 * colinclark joined the channel
2015-10-29T01:18:42 * colinclark joined the channel
2015-10-29T04:10:40 * danayo joined the channel
2015-10-29T06:00:34 * alanharnum joined the channel
2015-10-29T06:02:23 * alanharnum joined the channel
2015-10-29T06:04:27 * alanharn_ joined the channel
2015-10-29T06:06:08 * alanharnum joined the channel
2015-10-29T06:07:58 * alanharn_ joined the channel
2015-10-29T06:09:51 * alanharnum joined the channel
2015-10-29T06:09:51 * alanharn_ has quit
2015-10-29T06:11:48 * alanharn_ joined the channel
2015-10-29T06:11:48 * alanharnum has quit
2015-10-29T06:13:31 * alanharnum joined the channel
2015-10-29T06:15:25 * alanharn_ joined the channel
2015-10-29T06:15:25 * alanharnum has quit
2015-10-29T06:17:19 * alanharnum joined the channel
2015-10-29T06:19:19 * alanharn_ joined the channel
2015-10-29T06:19:19 * alanharnum has quit
2015-10-29T06:21:13 * alanharnum joined the channel
2015-10-29T06:23:03 * alanharn_ joined the channel
2015-10-29T06:23:03 * alanharnum has quit
2015-10-29T06:24:47 * alanharnum joined the channel
2015-10-29T06:24:47 * alanharn_ has quit
2015-10-29T06:26:38 * alanharn_ joined the channel
2015-10-29T06:26:38 * alanharnum has quit
2015-10-29T06:28:36 * alanharnum joined the channel
2015-10-29T06:30:17 * alanharn_ joined the channel
2015-10-29T06:30:18 * alanharnum has quit
2015-10-29T06:32:21 * alanharnum joined the channel
2015-10-29T06:32:21 * alanharn_ has quit
2015-10-29T06:34:01 * alanharn_ joined the channel
2015-10-29T06:34:02 * alanharnum has quit
2015-10-29T06:36:01 * alanharnum joined the channel
2015-10-29T06:36:01 * alanharn_ has quit
2015-10-29T06:37:55 * alanharn_ joined the channel
2015-10-29T06:37:55 * alanharnum has quit
2015-10-29T06:39:49 * alanharnum joined the channel
2015-10-29T06:39:49 * alanharn_ has quit
2015-10-29T06:41:29 * alanharn_ joined the channel
2015-10-29T06:41:29 * alanharnum has quit
2015-10-29T06:43:19 * alanharnum joined the channel
2015-10-29T06:43:19 * alanharn_ has quit
2015-10-29T06:45:17 * alanharn_ joined the channel
2015-10-29T06:45:17 * alanharnum has quit
2015-10-29T06:47:14 * alanharnum joined the channel
2015-10-29T06:47:14 * alanharn_ has quit
2015-10-29T06:48:54 * alanharn_ joined the channel
2015-10-29T06:48:54 * alanharnum has quit
2015-10-29T06:50:58 * alanharnum joined the channel
2015-10-29T06:50:58 * alanharn_ has quit
2015-10-29T06:52:31 * alanharnum has quit
2015-10-29T06:52:38 * alanharnum joined the channel
2015-10-29T06:54:38 * alanharn_ joined the channel
2015-10-29T06:56:19 * alanharnum joined the channel
2015-10-29T06:58:12 * alanharn_ joined the channel
2015-10-29T07:00:06 * alanharnum joined the channel
2015-10-29T07:01:59 * alanharn_ joined the channel
2015-10-29T07:03:57 * alanharnum joined the channel
2015-10-29T07:03:57 * alanharn_ has quit
2015-10-29T07:05:50 * alanharn_ joined the channel
2015-10-29T07:05:50 * alanharnum has quit
2015-10-29T07:07:40 * alanharnum joined the channel
2015-10-29T07:07:40 * alanharn_ has quit
2015-10-29T07:09:24 * alanharn_ joined the channel
2015-10-29T07:09:24 * alanharnum has quit
2015-10-29T07:11:23 * alanharnum joined the channel
2015-10-29T07:11:23 * alanharn_ has quit
2015-10-29T07:13:07 * alanharn_ joined the channel
2015-10-29T07:13:07 * alanharnum has quit
2015-10-29T07:15:11 * alanharnum joined the channel
2015-10-29T07:15:11 * alanharn_ has quit
2015-10-29T07:17:05 * alanharn_ joined the channel
2015-10-29T07:17:05 * alanharnum has quit
2015-10-29T07:18:49 * alanharnum joined the channel
2015-10-29T07:18:49 * alanharn_ has quit
2015-10-29T07:20:40 * alanharn_ joined the channel
2015-10-29T07:20:40 * alanharnum has quit
2015-10-29T07:22:35 * alanharnum joined the channel
2015-10-29T07:22:35 * alanharn_ has quit
2015-10-29T07:24:33 * alanharn_ joined the channel
2015-10-29T07:24:33 * alanharnum has quit
2015-10-29T07:26:23 * alanharnum joined the channel
2015-10-29T07:28:03 * alanharn_ joined the channel
2015-10-29T07:28:03 * alanharnum has quit
2015-10-29T07:30:02 * alanharnum joined the channel
2015-10-29T07:31:46 * alanharn_ joined the channel
2015-10-29T07:31:46 * alanharnum has quit
2015-10-29T07:33:51 * alanharnum joined the channel
2015-10-29T07:35:30 * alanharn_ joined the channel
2015-10-29T07:37:20 * alanharnum joined the channel
2015-10-29T07:37:20 * alanharn_ has quit
2015-10-29T07:39:17 * alanharn_ joined the channel
2015-10-29T07:39:17 * alanharnum has quit
2015-10-29T07:41:00 * alanharnum joined the channel
2015-10-29T07:41:00 * alanharn_ has quit
2015-10-29T07:43:00 * alanharn_ joined the channel
2015-10-29T07:43:00 * alanharnum has quit
2015-10-29T07:44:40 * alanharnum joined the channel
2015-10-29T07:44:40 * alanharn_ has quit
2015-10-29T07:46:40 * alanharnum joined the channel
2015-10-29T07:48:34 * alanharn_ joined the channel
2015-10-29T07:48:34 * alanharnum has quit
2015-10-29T07:50:24 * alanharnum joined the channel
2015-10-29T07:52:04 * alanharn_ joined the channel
2015-10-29T07:52:04 * alanharnum has quit
2015-10-29T07:54:00 * alanharnum joined the channel
2015-10-29T07:55:54 * alanharn_ joined the channel
2015-10-29T07:55:54 * alanharnum has quit
2015-10-29T07:57:34 * alanharnum joined the channel
2015-10-29T07:59:34 * alanharn_ joined the channel
2015-10-29T07:59:34 * alanharnum has quit
2015-10-29T08:01:24 * alanharnum joined the channel
2015-10-29T08:01:24 * alanharn_ has quit
2015-10-29T08:03:18 * alanharn_ joined the channel
2015-10-29T08:05:08 * alanharnum joined the channel
2015-10-29T08:05:08 * alanharn_ has quit
2015-10-29T08:06:48 * alanharn_ joined the channel
2015-10-29T08:06:48 * alanharnum has quit
2015-10-29T08:08:43 * alanharnum joined the channel
2015-10-29T08:08:43 * alanharn_ has quit
2015-10-29T08:10:41 * alanharn_ joined the channel
2015-10-29T08:10:41 * alanharnum has quit
2015-10-29T08:12:32 * alanharnum joined the channel
2015-10-29T08:14:16 * alanharn_ joined the channel
2015-10-29T08:16:16 * alanharnum joined the channel
2015-10-29T08:17:56 * alanharn_ joined the channel
2015-10-29T08:20:00 * alanharnum joined the channel
2015-10-29T08:20:00 * alanharn_ has quit
2015-10-29T08:21:54 * alanharn_ joined the channel
2015-10-29T08:21:54 * alanharnum has quit
2015-10-29T08:23:34 * alanharnum joined the channel
2015-10-29T08:23:34 * alanharn_ has quit
2015-10-29T08:25:25 * alanharn_ joined the channel
2015-10-29T08:25:25 * alanharnum has quit
2015-10-29T08:27:23 * alanharnum joined the channel
2015-10-29T08:27:23 * alanharn_ has quit
2015-10-29T08:29:08 * alanharn_ joined the channel
2015-10-29T08:31:12 * alanharnum joined the channel
2015-10-29T08:31:12 * alanharn_ has quit
2015-10-29T11:44:00 * gtirloni joined the channel
2015-10-29T12:15:58 * jhung joined the channel
2015-10-29T12:34:52 * Justin_o joined the channel
2015-10-29T12:40:08 * cindyli joined the channel
2015-10-29T13:00:30 * alanharnum joined the channel
2015-10-29T13:05:03 * colinclark joined the channel
2015-10-29T13:23:38 * simonjb joined the channel
2015-10-29T13:23:45 * jhung joined the channel
2015-10-29T13:24:32 * sepidehshahi joined the channel
'

