b'2017-03-28T23:33:12 * Jess__ joined the channel
2017-03-28T23:33:12 * Jess__ has quit
2017-03-28T23:40:57 * noveens joined the channel
'

b'2017-03-28T01:55:57 * michelled has quit
2017-03-28T02:03:49 * danayo joined the channel
2017-03-28T03:17:09 * danayo has quit
2017-03-28T10:04:48 * M-avtar has quit
2017-03-28T10:15:50 * M-avtar joined the channel
2017-03-28T11:52:37 * gtirloni joined the channel
2017-03-28T12:21:14 * Justin_o joined the channel
2017-03-28T12:51:58 * jhung joined the channel
2017-03-28T12:53:30 * alanharnum joined the channel
2017-03-28T13:00:05 * cindyli joined the channel
2017-03-28T13:07:59 * alanharnum has quit
2017-03-28T13:13:07 * simonjb joined the channel
2017-03-28T13:29:43 * Caren joined the channel
2017-03-28T13:44:39 * michelled joined the channel
2017-03-28T13:47:12 * avtar joined the channel
2017-03-28T13:49:13 * clown joined the channel
2017-03-28T13:51:07 * Caren has quit
2017-03-28T13:51:21 * Caren joined the channel
2017-03-28T13:57:22 * alanharnum joined the channel
2017-03-28T14:00:20 * colinclark joined the channel
2017-03-28T14:01:40 <jhung> fluid-everyone - the design crit is starting in the fluid-standup Vidyo room. Today we are taking a look at the Privacy Story prototype.
2017-03-28T14:01:52 * danayo joined the channel
2017-03-28T14:02:48 * alanharnum has quit
2017-03-28T14:04:52 <avtar> danayo: your audio might be muted
2017-03-28T14:06:36 * michelled1 joined the channel
2017-03-28T14:07:59 <danayo> https://xd.adobe.com/view/073c6a81-f6c9-4999-b838-e11295cd6662/
2017-03-28T14:08:34 * michelled has quit
2017-03-28T14:19:49 <clown> danayo, jhung, we are trying to reboot vidyo/collab room
2017-03-28T14:19:55 * alanharnum joined the channel
2017-03-28T14:20:10 <danayo> thanks clown
2017-03-28T14:20:31 <clown> but, nothing\xe2\x80\xa6
2017-03-28T14:21:14 <clown> danayo, we can hear you through alan\'s surface
2017-03-28T14:47:47 <danayo> https://docs.google.com/document/d/1Shg9SljQhf063lZ7DdmBLOn1K3p0I7MJvlRYkdMVI4g/edit?usp=sharing
2017-03-28T14:50:02 <clown> information model based on the above:  https://docs.google.com/document/d/18fToN5KV17k6Ia9p-1xLbTbvsbMsgEW02TTuIPyBtmU/edit?userstoinvite=michelled33@gmail.com&ts=58d2c3bd&actionButton=1#heading=h.xlz3wus8hv31
2017-03-28T14:59:16 * lliskovoi joined the channel
2017-03-28T14:59:55 <clown> danayo, michelled1, Justin_o: I\'ve updated the privacy preferences info model to incude a "never remember" for the history features.
2017-03-28T15:00:12 <danayo> thanks clown!
2017-03-28T15:13:52 * simonjb has quit
2017-03-28T15:34:30 * simonjb joined the channel
2017-03-28T15:38:58 * simonjb has quit
2017-03-28T15:43:59 * michelled1 has quit
2017-03-28T15:44:31 * lliskovoi has quit
2017-03-28T15:46:05 * michelled joined the channel
2017-03-28T15:47:15 * alanharnum joined the channel
2017-03-28T15:49:09 * clown1 joined the channel
2017-03-28T15:50:04 * clown has quit
2017-03-28T15:59:23 * mrtyler joined the channel
2017-03-28T16:05:42 * danayo has quit
2017-03-28T16:06:36 * jessm joined the channel
2017-03-28T16:08:03 * lliskovoi joined the channel
2017-03-28T16:08:18 * michelled has quit
2017-03-28T16:08:18 * lliskovoi has quit
2017-03-28T16:09:05 * lliskovoi joined the channel
2017-03-28T16:19:58 * Caren has quit
2017-03-28T16:31:00 * danayo joined the channel
2017-03-28T16:32:04 * lliskovoi has quit
2017-03-28T16:33:59 * Caren joined the channel
2017-03-28T16:45:06 * Caren has quit
2017-03-28T16:46:14 * alanharnum has quit
2017-03-28T16:47:26 * Caren joined the channel
2017-03-28T16:53:40 * lliskovoi joined the channel
2017-03-28T16:58:02 * simonjb joined the channel
2017-03-28T17:01:18 * michelled joined the channel
2017-03-28T17:05:50 <jessm> fluid-everyone: Laura is here and we\xe2\x80\x99re going to go to the collab room and join fluid-standup Vidyo channel \xe2\x80\x94 see you there
2017-03-28T17:06:32 <jhung> thanks jessm. Will be there shortly
2017-03-28T17:06:32 * lliskovoi_ joined the channel
2017-03-28T17:06:40 * lliskovoi_ has quit
2017-03-28T17:07:27 * cindyli has quit
2017-03-28T17:09:16 * lliskovoi_ joined the channel
2017-03-28T17:10:20 * lliskovoi has quit
2017-03-28T17:10:21 * lliskovoi_ is now known as lliskovoi
2017-03-28T17:12:07 * alanharnum joined the channel
2017-03-28T17:12:07 * alanharnum has quit
2017-03-28T17:12:13 * alanharnum joined the channel
2017-03-28T17:59:04 * avtar joined the channel
2017-03-28T18:04:34 * lliskovoi has quit
2017-03-28T18:06:44 * lliskovoi joined the channel
2017-03-28T18:07:04 * lliskovoi has quit
2017-03-28T18:07:09 * lliskovoi_ joined the channel
2017-03-28T18:13:29 * Caren_ joined the channel
2017-03-28T18:13:33 * clown joined the channel
2017-03-28T18:13:47 * alanharn_ joined the channel
2017-03-28T18:14:13 * jessm_ joined the channel
2017-03-28T18:15:19 * michelled has quit
2017-03-28T18:15:30 * michelled joined the channel
2017-03-28T18:15:36 * jessm_ is now known as jessm
2017-03-28T18:16:29 * lliskovoi_ has quit
2017-03-28T18:16:30 * alanharnum has quit
2017-03-28T18:16:30 * simonjb has quit
2017-03-28T18:16:34 * Caren has quit
2017-03-28T18:16:34 * Caren_ is now known as Caren
2017-03-28T18:28:53 * simonjb joined the channel
2017-03-28T18:31:27 * colinclark has quit
2017-03-28T18:34:48 * jessm has quit
2017-03-28T18:38:38 * clown has quit
2017-03-28T18:39:57 * michelled has quit
2017-03-28T18:48:34 * danayo has quit
2017-03-28T18:54:18 * cindyli joined the channel
2017-03-28T19:02:18 * michelled joined the channel
2017-03-28T19:18:25 * alanharn_ has quit
2017-03-28T19:18:27 * simonjb has quit
2017-03-28T19:18:34 * michelled has quit
2017-03-28T19:20:04 * mrtyler has quit
2017-03-28T19:21:07 * simonjb joined the channel
2017-03-28T19:21:28 * danayo joined the channel
2017-03-28T19:21:34 * alanharnum joined the channel
2017-03-28T19:21:48 * gtirloni_ joined the channel
2017-03-28T19:22:03 * michelled joined the channel
2017-03-28T19:24:27 * gtirloni has quit
2017-03-28T19:26:45 * gtirloni__ joined the channel
2017-03-28T19:29:24 * gtirloni_ has quit
2017-03-28T19:44:07 * alanharnum has quit
2017-03-28T19:44:27 * alanharnum joined the channel
2017-03-28T19:56:26 * alanharnum has quit
2017-03-28T19:56:47 * alanharnum joined the channel
2017-03-28T20:33:29 * cindyli has quit
2017-03-28T20:53:51 * michelled has quit
2017-03-28T20:59:57 * michelled joined the channel
2017-03-28T21:00:29 * colinclark joined the channel
2017-03-28T21:01:14 * simonjb has quit
2017-03-28T21:01:58 * alanharnum joined the channel
2017-03-28T21:02:07 * alanharn_ joined the channel
2017-03-28T21:04:43 * jhung has quit
2017-03-28T21:06:19 * Jess__ joined the channel
2017-03-28T21:08:54 * mrtyler joined the channel
2017-03-28T21:09:27 * simonjb joined the channel
2017-03-28T21:12:22 * alanharnum has quit
2017-03-28T21:15:28 * avtar has quit
2017-03-28T21:16:00 * Caren has quit
2017-03-28T21:16:16 * alanharnum_ has quit
2017-03-28T21:16:26 * alanharnum joined the channel
2017-03-28T21:16:32 * alanharnum has quit
2017-03-28T21:18:03 * alanharnum joined the channel
2017-03-28T21:19:38 * gtirloni__ has quit
2017-03-28T21:22:48 * alanharnum has quit
2017-03-28T21:24:24 <Jess__> OMG cool thing alert fluid-everyone: inclusive component club from Paciello: not sure it\xe2\x80\x99s officially very public: http://159.203.45.22 and https://twitter.com/inclusicomps
2017-03-28T21:24:39 <Jess__> danayo: they have a lot of chatter about toggles! ^
2017-03-28T21:25:17 <Jess__> danayo: http://inclusive-components.club/toggle-button/
2017-03-28T21:26:35 * avtar joined the channel
2017-03-28T21:33:33 * Jess__ has quit
2017-03-28T21:39:28 * michelled has quit
2017-03-28T21:41:04 * simonjb has quit
2017-03-28T22:13:47 * mrtyler joined the channel
2017-03-28T22:24:33 * colinclark has quit
2017-03-28T22:49:12 * Jess_ joined the channel
2017-03-28T22:49:12 * Jess_ has quit
2017-03-28T22:56:30 * danayo has quit
2017-03-28T23:09:12 * avtar has quit
2017-03-28T23:09:24 * Justin_o has quit
2017-03-28T23:14:56 * noveens has quit
'

