b'2018-10-09T11:32:16 * Justin_o joined the channel
2018-10-09T12:32:11 * jhung joined the channel
2018-10-09T12:37:44 * cindyli joined the channel
2018-10-09T13:20:56 * simonjb joined the channel
2018-10-09T13:27:06 * Jess_ joined the channel
2018-10-09T14:06:09 * avtar joined the channel
2018-10-09T14:12:06 * Jess_ has quit
2018-10-09T14:15:23 * alanharnum joined the channel
2018-10-09T14:18:44 * michelled joined the channel
2018-10-09T14:19:09 <michelled> fluid-everyone: IDRC planning will be at 11:00
2018-10-09T14:19:33 <michelled> if you are 205 Richmond, we will not be using the collab room today because of heating issues
2018-10-09T14:19:59 * clown joined the channel
2018-10-09T14:32:26 <alanharnum> Wordpress acessibility team lead has resigned, written a fairly strongly worded (but diplomatic) blog post about the issues with the Gutenberg process and technology: https://rianrietveld.com/2018/10/09/i-have-resigned-the-wordpress-accessibility-team/
2018-10-09T14:49:01 * danayo joined the channel
2018-10-09T14:52:22 * alanharnum joined the channel
2018-10-09T15:00:50 <michelled> fluid-everyone: the IDRC planning meeting is starting soon
2018-10-09T15:01:19 * carenwatkins_ joined the channel
2018-10-09T15:37:11 * Jess_ joined the channel
2018-10-09T15:59:53 * alanharnum joined the channel
2018-10-09T16:01:54 * alanharnum has quit
2018-10-09T16:01:54 * alanharnum joined the channel
2018-10-09T16:12:40 * danayo has quit
2018-10-09T16:12:46 * simonjb joined the channel
2018-10-09T16:13:27 * alanharnum joined the channel
2018-10-09T16:29:48 * alanharnum has quit
2018-10-09T16:31:05 * danayo joined the channel
2018-10-09T16:32:27 * michelled joined the channel
2018-10-09T16:37:25 * avtar has quit
2018-10-09T16:42:23 * Jess_ has quit
2018-10-09T17:01:02 * alanharnum joined the channel
2018-10-09T17:10:57 * michelled has quit
2018-10-09T17:28:22 <Justin_o> jhung: https://issues.fluidproject.org/browse/FLUID-6345
2018-10-09T17:28:34 <Justin_o> feel free to add to/ modify that
2018-10-09T17:29:24 <jhung> Justin_o: looks good. Thanks!
2018-10-09T17:31:19 <jhung> danayo: do you have time to check-in about the CMHR DEEP presentation?
2018-10-09T17:31:47 <danayo> hi jhung, I\xe2\x80\x99m meeting with Jutta at the moment about the SJRK meeting tomorrow
2018-10-09T17:31:59 <danayo> I can ping you later
2018-10-09T17:32:11 <jhung> ok danayo, sounds good!
2018-10-09T18:07:29 * michelled joined the channel
2018-10-09T18:19:35 * danayo has quit
2018-10-09T18:20:09 * danayo joined the channel
2018-10-09T18:46:34 * alanharnum joined the channel
2018-10-09T18:49:34 * alanharnum2 joined the channel
2018-10-09T19:13:04 * michelled has quit
2018-10-09T19:39:30 * danayo has quit
2018-10-09T19:56:32 * michelled joined the channel
2018-10-09T20:16:03 * danayo joined the channel
2018-10-09T20:18:00 <danayo> jhung: do you still have time to chat?
2018-10-09T20:18:21 <jhung> sure danayo
2018-10-09T20:19:40 <jhung> call me when ready danayo
2018-10-09T20:24:26 * carenwatkins_ has quit
2018-10-09T20:28:20 * carenwatkins_ joined the channel
2018-10-09T20:30:46 * jhung is now known as jhung_away
2018-10-09T20:31:38 * avtar joined the channel
2018-10-09T20:34:00 * alanharnum joined the channel
2018-10-09T20:36:26 * avtar has quit
2018-10-09T20:39:26 <alanharnum> https://solar.lowtechmagazine.com/ - "This is a solar-powered website, which means it sometimes goes offline"
2018-10-09T21:01:24 * jhung joined the channel
2018-10-09T21:01:34 * jhung has quit
2018-10-09T21:04:35 * clown has quit
2018-10-09T21:33:00 * alanharnum joined the channel
2018-10-09T21:35:33 * alanharnum has quit
2018-10-09T21:41:38 * carenwatkins_ has quit
2018-10-09T21:50:56 * michelled has quit
2018-10-09T21:52:58 * carenwatkins_ joined the channel
2018-10-09T21:53:16 * carenwatkins_ has quit
2018-10-09T21:57:08 * danayo has quit
'

