b'2016-03-30T01:04:34 * colinclark joined the channel
2016-03-30T06:41:57 * amatas joined the channel
2016-03-30T11:39:21 * gtirloni joined the channel
2016-03-30T12:30:17 * Justin_o joined the channel
2016-03-30T13:08:54 * cindyli joined the channel
2016-03-30T13:36:42 * Yan_Hu joined the channel
2016-03-30T13:52:48 * colinclark joined the channel
2016-03-30T14:01:00 * alanharnum joined the channel
2016-03-30T14:04:14 * simonjb joined the channel
2016-03-30T14:12:50 * michelled joined the channel
2016-03-30T14:19:59 * clown joined the channel
2016-03-30T14:21:42 * sepidehshahi joined the channel
2016-03-30T15:09:59 * simonjb joined the channel
2016-03-30T15:28:54 * PaliwalSparsh joined the channel
2016-03-30T15:40:06 * PaliwalSparsh has quit
2016-03-30T15:50:53 * michelled joined the channel
2016-03-30T15:53:24 * PaliwalSparsh joined the channel
2016-03-30T16:02:51 * Yan_Hu joined the channel
2016-03-30T16:53:36 * Bosmon joined the channel
2016-03-30T17:18:31 * Jess_ joined the channel
2016-03-30T17:19:44 * alanharnum joined the channel
2016-03-30T17:33:24 * michelled joined the channel
2016-03-30T17:42:01 * cindyli joined the channel
2016-03-30T17:42:02 * sepidehshahi joined the channel
2016-03-30T18:19:24 * clown joined the channel
2016-03-30T18:31:58 * clown joined the channel
2016-03-30T18:33:52 * michelled has quit
2016-03-30T18:34:44 * michelled joined the channel
2016-03-30T18:43:54 * PaliwalSparsh joined the channel
2016-03-30T18:43:58 * michelled joined the channel
2016-03-30T18:43:59 * colinclark joined the channel
2016-03-30T19:30:32 * colinclark joined the channel
2016-03-30T19:38:22 * colinclark has quit
2016-03-30T20:21:18 * michelled joined the channel
2016-03-30T20:21:39 * alanharnum joined the channel
2016-03-30T20:21:45 * cindyli joined the channel
2016-03-30T20:23:09 * jessm joined the channel
2016-03-30T20:23:10 * sepidehshahi joined the channel
2016-03-30T20:24:50 * colinclark joined the channel
2016-03-30T20:24:52 * simonjb joined the channel
2016-03-30T20:26:03 * clown joined the channel
2016-03-30T20:32:51 * clown1 joined the channel
2016-03-30T21:11:50 * gtirloni has quit
2016-03-30T21:43:09 * simonjb_ joined the channel
2016-03-30T21:44:55 * sepidehshahi has left the channel
2016-03-30T22:37:54 * Justin_o has quit
2016-03-30T23:30:57 * alanharnum joined the channel
2016-03-30T23:35:27 * alanharnum has quit
'

