b"2016-10-28T00:20:06 * cindyli joined the channel
2016-10-28T01:09:15 * danayo joined the channel
2016-10-28T02:00:34 * colinclark joined the channel
2016-10-28T02:05:17 * danayo joined the channel
2016-10-28T02:06:55 * danayo has quit
2016-10-28T02:29:14 * cindyli joined the channel
2016-10-28T02:42:15 * michelled joined the channel
2016-10-28T05:16:17 * alanharn_ joined the channel
2016-10-28T06:22:45 * amatas joined the channel
2016-10-28T09:38:43 * lliskovoi joined the channel
2016-10-28T11:30:38 * Justin_o joined the channel
2016-10-28T11:51:45 * alanharnum joined the channel
2016-10-28T12:20:44 * alanharn_ has quit
2016-10-28T12:36:13 * alanharn_ joined the channel
2016-10-28T13:46:06 * amatas joined the channel
2016-10-28T13:51:12 * clown joined the channel
2016-10-28T13:51:44 * simonjb joined the channel
2016-10-28T13:55:26 * avtar joined the channel
2016-10-28T14:06:44 * michelled joined the channel
2016-10-28T14:12:10 * lliskovoi joined the channel
2016-10-28T15:16:08 * danayo joined the channel
2016-10-28T15:18:36 * alanharnum joined the channel
2016-10-28T15:48:59 * alanharnum joined the channel
2016-10-28T16:20:30 * Jess_ joined the channel
2016-10-28T16:57:08 * Kobi joined the channel
2016-10-28T17:05:51 * David123_ joined the channel
2016-10-28T17:42:40 * alanharnum joined the channel
2016-10-28T17:43:02 * michelled joined the channel
2016-10-28T17:43:39 * avtar joined the channel
2016-10-28T19:18:00 <Jess_> Kobi: David123_: how\xe2\x80\x99s it going guys?
2016-10-28T19:18:39 <David123_> Jess_: we are doing great how are you doing
2016-10-28T19:19:05 <Jess_> good!
2016-10-28T19:19:29 <Jess_> are you still plugging away at the project plan?
2016-10-28T19:22:41 <Kobi> Yeah. We couldn't do too much since we were testing for most of the time, but right now we're working on the examples for the glossary words. We should be done by today, then we can meet up again and talk about it on Monday
2016-10-28T19:22:49 <Jess_> oh great \xe2\x80\x94 testing!
2016-10-28T19:23:03 <Jess_> Kobi: that woudl be great \xe2\x80\x94 Monday
2016-10-28T19:23:17 <Jess_> i\xe2\x80\x99m looking forward to hearing your examples and scenarios too
2016-10-28T19:23:48 <Kobi> Jess_:  OK, we'll be ready to talk about it then.
2016-10-28T20:04:40 * clown joined the channel
2016-10-28T20:10:35 <michelled> Jess_: when do you leave for open ed? Pat has printed card sets for you to take but we need to cut them up
2016-10-28T20:11:04 <michelled> I'm wondering if it can wait for Pat to do on Tuesday, or if we need to find someone to cut them up before then
2016-10-28T20:11:46 * alanharnum joined the channel
2016-10-28T20:27:52 * alanharnum joined the channel
2016-10-28T22:30:12 * lliskovoi joined the channel
2016-10-28T22:42:08 <Jess_> eek, just seeing this
2016-10-28T22:42:13 <Jess_> i leave Tuesday
"

