b"2016-12-05T00:19:11 * cindyli has quit
2016-12-05T04:29:54 * colinclark joined the channel
2016-12-05T06:17:45 * alanharn_ joined the channel
2016-12-05T06:27:33 * alanharnum joined the channel
2016-12-05T07:05:47 * amatas joined the channel
2016-12-05T10:16:08 * gtirloni joined the channel
2016-12-05T11:50:38 * michelled joined the channel
2016-12-05T13:25:43 * Justin_o joined the channel
2016-12-05T13:29:30 * gtirloni_ joined the channel
2016-12-05T13:30:41 * jhung joined the channel
2016-12-05T13:56:12 * alanharn_ joined the channel
2016-12-05T14:05:35 * avtar joined the channel
2016-12-05T14:09:05 * michelled joined the channel
2016-12-05T14:14:50 * simonjb joined the channel
2016-12-05T14:27:28 * clown joined the channel
2016-12-05T14:27:31 * cindyli joined the channel
2016-12-05T15:00:27 * jessm joined the channel
2016-12-05T15:05:28 * danayo joined the channel
2016-12-05T15:27:13 * simonjb joined the channel
2016-12-05T15:31:50 <danayo> alanharnum, shall we have the dashboard meeting now? i don't have a heck of a lot new to share but how about we check in and recap where we're at? jessm will you join us?
2016-12-05T15:32:06 <jessm> sure
2016-12-05T15:32:50 <danayo> alanharnum_2 ^
2016-12-05T15:33:43 <alanharnum_2> danayo jessm: I'm sitting in on the APCP meeting right now - could we check in in maybe 30? I don't have anything new to share.
2016-12-05T15:34:22 <danayo> ah, ok alanharnum_2, sure
2016-12-05T15:34:47 <danayo> jessm, if you like, i could update you on where we're at?
2016-12-05T15:34:49 <alanharnum_2> sorry for not flagging that - i wasn't planning on sitting in but they're discussing changes to the IoC testing framework generally
2016-12-05T15:34:54 <jessm> danayo: sure, i\xe2\x80\x99d like that
2016-12-05T15:35:25 <danayo> i'm in fluid standup jessm
2016-12-05T15:35:34 <danayo> in case neeta joins us
2016-12-05T15:35:45 <danayo> no worries alanharnum_2
2016-12-05T15:57:36 * lliskovoi joined the channel
2016-12-05T16:00:25 <lliskovoi> danayo, alanharnum are you still meeting about MyL3?
2016-12-05T16:08:44 * colinclark joined the channel
2016-12-05T16:24:35 * jhung joined the channel
2016-12-05T17:17:42 * cindyli joined the channel
2016-12-05T17:37:25 * michelled joined the channel
2016-12-05T17:45:14 * lliskovoi has quit
2016-12-05T17:50:26 * lliskovoi joined the channel
2016-12-05T17:56:55 * David123_ joined the channel
2016-12-05T18:14:08 * Kobi joined the channel
2016-12-05T18:26:44 * cindyli1 joined the channel
2016-12-05T18:35:19 * jhung joined the channel
2016-12-05T18:41:57 * colinclark joined the channel
2016-12-05T18:45:25 * colinclark_ joined the channel
2016-12-05T19:21:30 * Justin_o_ joined the channel
2016-12-05T19:22:07 * Kobi_ joined the channel
2016-12-05T19:25:03 * Bosmon2 joined the channel
2016-12-05T19:28:32 * Kobi has quit
2016-12-05T19:28:32 * Justin_o has quit
2016-12-05T19:28:33 * Bosmon has quit
2016-12-05T19:29:13 * Justin_o_ is now known as Justin_o
2016-12-05T19:43:18 * colinclark joined the channel
2016-12-05T19:44:08 * danayo joined the channel
2016-12-05T20:12:22 * lliskovoi joined the channel
2016-12-05T20:51:01 <jessm> Accessibility in Office 365\xe2\x80\x94enabling greater digital inclusion https://blogs.office.com/2016/12/02/accessibility-in-office-365-enabling-greater-digital-inclusion/
2016-12-05T21:02:26 * devanshmanu__ joined the channel
2016-12-05T21:58:08 * simonjb has quit
2016-12-05T22:03:11 * colinclark joined the channel
2016-12-05T23:01:15 * lliskovoi_ joined the channel
"

