b'2016-12-10T00:06:16 * alanharn_ joined the channel
2016-12-10T00:10:28 * alanharn_ has quit
2016-12-10T01:08:17 * alanharn_ joined the channel
2016-12-10T01:10:51 * lliskovoi_ joined the channel
2016-12-10T01:14:17 * lliskovoi has quit
2016-12-10T02:11:31 * alanharn_ joined the channel
2016-12-10T03:13:21 * alanharn_ joined the channel
2016-12-10T03:35:47 * Bosmon5 has quit
2016-12-10T03:36:21 * Bosmon5 joined the channel
2016-12-10T03:37:27 * gloob_ joined the channel
2016-12-10T04:15:03 * alanharn_ joined the channel
2016-12-10T04:16:31 * alanharnum has quit
2016-12-10T05:17:13 * alanharnum joined the channel
2016-12-10T05:18:16 * alanharn_ joined the channel
2016-12-10T06:22:57 * alanharnum joined the channel
2016-12-10T06:47:43 * alanharnum joined the channel
2016-12-10T07:25:12 * alanharnum joined the channel
2016-12-10T08:09:37 * alanharnum joined the channel
2016-12-10T08:13:48 * alanharnum has quit
2016-12-10T08:25:40 * Bosmon joined the channel
2016-12-10T08:27:18 * alanharnum joined the channel
2016-12-10T09:10:24 * alanharnum joined the channel
2016-12-10T09:29:13 * alanharnum joined the channel
2016-12-10T10:11:10 * alanharnum joined the channel
2016-12-10T10:32:36 * alanharnum joined the channel
2016-12-10T11:11:55 * alanharnum joined the channel
2016-12-10T11:16:18 * alanharnum has quit
2016-12-10T11:34:13 * alanharnum joined the channel
2016-12-10T12:10:54 * alanharnum joined the channel
2016-12-10T12:37:07 * alanharn_ joined the channel
2016-12-10T13:38:40 * alanharn_ joined the channel
2016-12-10T14:41:53 * alanharn_ joined the channel
2016-12-10T14:46:09 * alanharn_ has quit
2016-12-10T14:49:58 * danayo joined the channel
2016-12-10T15:43:55 * alanharn_ joined the channel
2016-12-10T16:19:32 * amatas joined the channel
2016-12-10T16:45:56 * alanharn_ joined the channel
2016-12-10T17:49:18 * alanharn_ joined the channel
2016-12-10T18:51:20 * alanharn_ joined the channel
2016-12-10T19:53:12 * alanharn_ joined the channel
2016-12-10T20:54:51 * alanharn_ joined the channel
2016-12-10T21:57:56 * alanharn_ joined the channel
2016-12-10T23:00:58 * alanharn_ joined the channel
'

