b'2015-09-18T08:18:22 * alanharnum joined the channel
2015-09-18T08:18:22 * alanharn_ has quit
2015-09-18T08:19:43 * alanharnum has quit
2015-09-18T08:20:06 * alanharnum joined the channel
2015-09-18T08:22:06 * alanharn_ joined the channel
2015-09-18T08:22:06 * alanharnum has quit
2015-09-18T08:23:50 * alanharnum joined the channel
2015-09-18T08:23:50 * alanharn_ has quit
2015-09-18T08:25:30 * alanharnum has quit
2015-09-18T08:25:50 * alanharnum joined the channel
2015-09-18T08:27:36 * alanharn_ joined the channel
2015-09-18T08:27:36 * alanharnum has quit
2015-09-18T08:29:08 * alanharn_ has quit
2015-09-18T08:29:34 * alanharnum joined the channel
2015-09-18T08:31:22 * alanharn_ joined the channel
2015-09-18T08:35:50 * alanharn_ has quit
2015-09-18T08:56:53 * alanharnum joined the channel
2015-09-18T09:01:51 * alanharnum has quit
2015-09-18T09:58:26 * alanharnum joined the channel
2015-09-18T10:42:49 * alanharnum joined the channel
2015-09-18T11:15:47 * alanharn_ joined the channel
2015-09-18T11:19:27 * gtirloni joined the channel
2015-09-18T11:19:45 * alanharnum has quit
2015-09-18T12:04:12 * alanharn_ has quit
2015-09-18T12:08:55 * cindyli joined the channel
2015-09-18T12:14:54 * alanharnum joined the channel
2015-09-18T12:24:26 * Justin_o joined the channel
2015-09-18T12:32:04 * gtirloni has quit
2015-09-18T12:32:34 * jhung joined the channel
2015-09-18T12:50:24 * alanharnum joined the channel
2015-09-18T12:55:04 * gtirloni joined the channel
2015-09-18T13:00:18 * gtirloni has quit
2015-09-18T13:12:30 * gtirloni joined the channel
2015-09-18T13:13:31 * alanharnum has quit
2015-09-18T13:18:55 * jessm joined the channel
2015-09-18T13:23:59 * alanharnum joined the channel
2015-09-18T13:53:49 * simonjb joined the channel
2015-09-18T14:00:04 * cindyli1 joined the channel
2015-09-18T14:00:48 * cindyli has quit
2015-09-18T14:19:20 * jhung is now known as jhung_away
2015-09-18T14:59:38 * jhung_away has quit
2015-09-18T15:11:56 * jhung joined the channel
2015-09-18T15:16:31 * alanharnum has quit
2015-09-18T15:22:15 * alanharnum joined the channel
2015-09-18T15:27:15 * clown joined the channel
2015-09-18T16:32:11 * alanharnum has quit
2015-09-18T16:50:58 * jhung has quit
2015-09-18T17:05:19 * cindyli1 is now known as cindyli
2015-09-18T17:17:55 * jhung joined the channel
2015-09-18T17:27:03 * alanharnum joined the channel
2015-09-18T17:55:20 * jessm has quit
2015-09-18T19:26:52 * cindyli has quit
2015-09-18T19:43:56 * alanharnum has quit
2015-09-18T19:46:51 * cindyli joined the channel
2015-09-18T20:03:02 * alanharnum joined the channel
2015-09-18T20:33:37 * jhung has quit
2015-09-18T20:51:22 * cindyli has quit
2015-09-18T20:57:33 * alanharnum has quit
2015-09-18T21:06:19 * clown has quit
2015-09-18T22:04:39 * jhung joined the channel
2015-09-18T22:04:50 * jhung has quit
2015-09-18T22:32:22 * Justin_o has quit
2015-09-18T23:06:10 * gtirloni has quit
'

b'2015-09-18T00:18:42 * danayo joined the channel
2015-09-18T00:43:07 * jhung joined the channel
2015-09-18T01:14:04 * jhung has quit
2015-09-18T01:44:23 * alanharnum has quit
2015-09-18T02:45:00 * alanharnum joined the channel
2015-09-18T02:49:59 * alanharnum has quit
2015-09-18T04:47:24 * alanharnum joined the channel
2015-09-18T04:54:37 * alanharnum has quit
2015-09-18T06:00:33 * alanharnum joined the channel
2015-09-18T06:02:01 * alanharnum has quit
2015-09-18T06:02:27 * alanharnum joined the channel
2015-09-18T06:04:17 * alanharn_ joined the channel
2015-09-18T06:04:18 * alanharnum has quit
2015-09-18T06:06:12 * alanharnum joined the channel
2015-09-18T06:06:12 * alanharn_ has quit
2015-09-18T06:08:13 * alanharn_ joined the channel
2015-09-18T06:08:13 * alanharnum has quit
2015-09-18T06:09:51 * alanharnum joined the channel
2015-09-18T06:11:58 * alanharn_ joined the channel
2015-09-18T06:13:31 * alanharn_ has quit
2015-09-18T06:13:44 * alanharnum joined the channel
2015-09-18T06:15:29 * alanharn_ joined the channel
2015-09-18T06:15:29 * alanharnum has quit
2015-09-18T06:17:17 * alanharnum joined the channel
2015-09-18T06:17:17 * alanharn_ has quit
2015-09-18T06:18:51 * alanharnum has quit
2015-09-18T06:19:12 * alanharnum joined the channel
2015-09-18T06:21:05 * alanharn_ joined the channel
2015-09-18T06:21:05 * alanharnum has quit
2015-09-18T06:22:37 * alanharn_ has quit
2015-09-18T06:23:00 * alanharnum joined the channel
2015-09-18T06:24:59 * alanharn_ joined the channel
2015-09-18T06:24:59 * alanharnum has quit
2015-09-18T06:26:58 * alanharnum joined the channel
2015-09-18T06:26:58 * alanharn_ has quit
2015-09-18T06:28:42 * alanharn_ joined the channel
2015-09-18T06:28:42 * alanharnum has quit
2015-09-18T06:30:46 * alanharnum joined the channel
2015-09-18T06:30:47 * alanharn_ has quit
2015-09-18T06:32:35 * alanharn_ joined the channel
2015-09-18T06:32:35 * alanharnum has quit
2015-09-18T06:34:20 * alanharnum joined the channel
2015-09-18T06:34:20 * alanharn_ has quit
2015-09-18T06:36:15 * alanharn_ joined the channel
2015-09-18T06:36:15 * alanharnum has quit
2015-09-18T06:38:18 * alanharnum joined the channel
2015-09-18T06:38:18 * alanharn_ has quit
2015-09-18T06:40:05 * alanharn_ joined the channel
2015-09-18T06:40:05 * alanharnum has quit
2015-09-18T06:42:03 * alanharn_ has quit
2015-09-18T06:42:03 * alanharnum joined the channel
2015-09-18T06:43:46 * alanharn_ joined the channel
2015-09-18T06:43:46 * alanharnum has quit
2015-09-18T06:45:40 * alanharn_ has quit
2015-09-18T06:45:40 * alanharnum joined the channel
2015-09-18T06:47:31 * alanharn_ joined the channel
2015-09-18T06:47:31 * alanharnum has quit
2015-09-18T06:49:32 * alanharnum joined the channel
2015-09-18T06:49:32 * alanharn_ has quit
2015-09-18T06:51:18 * alanharn_ joined the channel
2015-09-18T06:52:27 * alanharnum joined the channel
2015-09-18T06:53:04 * alanharn_ has quit
2015-09-18T06:53:21 * alanharn_ joined the channel
2015-09-18T06:55:11 * alanhar__ joined the channel
2015-09-18T06:55:11 * alanharn_ has quit
2015-09-18T06:57:06 * alanharn_ joined the channel
2015-09-18T06:57:06 * alanhar__ has quit
2015-09-18T06:58:50 * alanharnum joined the channel
2015-09-18T07:00:54 * alanharn_ joined the channel
2015-09-18T07:00:55 * alanharnum has quit
2015-09-18T07:02:58 * alanharnum joined the channel
2015-09-18T07:02:58 * alanharn_ has quit
2015-09-18T07:04:33 * alanharn_ joined the channel
2015-09-18T07:04:33 * alanharnum has quit
2015-09-18T07:06:32 * alanharnum joined the channel
2015-09-18T07:06:32 * alanharn_ has quit
2015-09-18T07:07:56 * alanharnum has quit
2015-09-18T07:08:20 * alanharnum joined the channel
2015-09-18T07:10:14 * alanharn_ joined the channel
2015-09-18T07:10:14 * alanharnum has quit
2015-09-18T07:12:18 * alanharnum joined the channel
2015-09-18T07:12:18 * alanharn_ has quit
2015-09-18T07:13:33 * alanharnum has quit
2015-09-18T07:14:03 * alanharnum joined the channel
2015-09-18T07:16:00 * alanharn_ joined the channel
2015-09-18T07:16:00 * alanharnum has quit
2015-09-18T07:17:44 * alanharn_ has quit
2015-09-18T07:17:49 * alanharnum joined the channel
2015-09-18T07:19:46 * alanharn_ joined the channel
2015-09-18T07:19:46 * alanharnum has quit
2015-09-18T07:21:30 * alanharnum joined the channel
2015-09-18T07:21:30 * alanharn_ has quit
2015-09-18T07:23:24 * alanharnum has quit
2015-09-18T07:23:34 * alanharnum joined the channel
2015-09-18T07:25:23 * alanharn_ joined the channel
2015-09-18T07:25:24 * alanharnum has quit
2015-09-18T07:27:08 * alanharnum joined the channel
2015-09-18T07:27:08 * alanharn_ has quit
2015-09-18T07:29:12 * alanharn_ joined the channel
2015-09-18T07:29:13 * alanharnum has quit
2015-09-18T07:31:03 * alanharnum joined the channel
2015-09-18T07:31:03 * alanharn_ has quit
2015-09-18T07:32:46 * alanharn_ joined the channel
2015-09-18T07:32:46 * alanharnum has quit
2015-09-18T07:34:40 * alanharnum joined the channel
2015-09-18T07:34:40 * alanharn_ has quit
2015-09-18T07:36:34 * alanharn_ joined the channel
2015-09-18T07:36:34 * alanharnum has quit
2015-09-18T07:38:32 * alanharnum joined the channel
2015-09-18T07:38:32 * alanharn_ has quit
2015-09-18T07:40:31 * alanharn_ joined the channel
2015-09-18T07:40:31 * alanharnum has quit
2015-09-18T07:42:21 * alanharnum joined the channel
2015-09-18T07:44:06 * alanharn_ joined the channel
2015-09-18T07:46:10 * alanharnum joined the channel
2015-09-18T07:46:10 * alanharn_ has quit
2015-09-18T07:47:29 * alanharnum has quit
2015-09-18T07:47:54 * alanharnum joined the channel
2015-09-18T07:49:58 * alanharn_ joined the channel
2015-09-18T07:49:58 * alanharnum has quit
2015-09-18T07:51:17 * alanharn_ has quit
2015-09-18T07:51:52 * alanharnum joined the channel
2015-09-18T07:53:11 * alanharnum has quit
2015-09-18T07:53:36 * alanharnum joined the channel
2015-09-18T07:55:29 * alanharn_ joined the channel
2015-09-18T07:55:30 * alanharnum has quit
2015-09-18T07:55:59 * alanharnum joined the channel
2015-09-18T07:57:24 * alanharn_ has quit
2015-09-18T07:57:30 * alanhar__ joined the channel
2015-09-18T07:59:14 * alanharn_ joined the channel
2015-09-18T07:59:14 * alanhar__ has quit
2015-09-18T08:00:52 * alanharnum has quit
2015-09-18T08:00:52 * alanharn_ has quit
2015-09-18T08:01:09 * alanharnum joined the channel
2015-09-18T08:03:08 * alanharn_ joined the channel
2015-09-18T08:03:09 * alanharnum has quit
2015-09-18T08:05:00 * alanharnum joined the channel
2015-09-18T08:05:00 * alanharn_ has quit
2015-09-18T08:06:47 * alanharn_ joined the channel
2015-09-18T08:06:47 * alanharnum has quit
2015-09-18T08:08:50 * alanharnum joined the channel
2015-09-18T08:08:50 * alanharn_ has quit
2015-09-18T08:10:09 * alanharnum has quit
2015-09-18T08:10:45 * alanharnum joined the channel
2015-09-18T08:12:28 * alanharn_ joined the channel
2015-09-18T08:12:28 * alanharnum has quit
2015-09-18T08:14:33 * alanharnum joined the channel
2015-09-18T08:14:33 * alanharn_ has quit
2015-09-18T08:16:26 * alanharn_ joined the channel
2015-09-18T08:16:26 * alanharnum has quit
'

