b'2017-05-17T01:02:01 * Jess_ joined the channel
2017-05-17T07:28:47 * amatas joined the channel
2017-05-17T07:43:16 * the-t-in-rtf joined the channel
2017-05-17T07:47:23 * stegru joined the channel
2017-05-17T09:47:19 * noveens joined the channel
2017-05-17T11:41:23 * javjarfer joined the channel
2017-05-17T11:46:11 * the-t-in-rtf joined the channel
2017-05-17T12:34:20 * alanharnum joined the channel
2017-05-17T12:50:11 * jessm joined the channel
2017-05-17T13:16:32 * clown joined the channel
2017-05-17T13:21:05 * cindyli joined the channel
2017-05-17T13:41:57 * alanharnum joined the channel
2017-05-17T13:51:33 * colinclark joined the channel
2017-05-17T13:56:05 * michelled joined the channel
2017-05-17T14:00:24 * simonjb joined the channel
2017-05-17T14:24:32 * kasparnet joined the channel
2017-05-17T14:44:48 * alanharnum joined the channel
2017-05-17T14:53:09 * alanharnum joined the channel
2017-05-17T14:56:56 * mrtyler joined the channel
2017-05-17T15:00:46 * colinclark joined the channel
2017-05-17T15:32:15 * alanharnum joined the channel
2017-05-17T15:36:31 * alanharnum has quit
2017-05-17T15:41:29 * alanharnum joined the channel
2017-05-17T15:49:41 * kasparnet has quit
2017-05-17T15:54:24 * colinclark joined the channel
2017-05-17T15:56:47 * kasparnet joined the channel
2017-05-17T16:17:38 * alanharnum joined the channel
2017-05-17T16:20:48 * kasparnet has quit
2017-05-17T16:36:23 * alanharnum joined the channel
2017-05-17T16:48:15 * michelled has quit
2017-05-17T17:31:23 * michelled joined the channel
2017-05-17T17:39:27 * javjarfer has quit
2017-05-17T17:46:04 <simonjb> alanharnum: https://pad.gpii.net/p/nexus-factoring-2017-05-17-3t1c4nkn
2017-05-17T17:48:20 <alanharnum> Bosmon ^
2017-05-17T18:03:55 * javjarfer joined the channel
2017-05-17T18:08:27 * stegru has quit
2017-05-17T18:17:43 * cindyli joined the channel
2017-05-17T18:37:17 * the-t-in-rtf joined the channel
2017-05-17T18:41:17 * javjarfer has quit
2017-05-17T18:54:52 * kasparnet joined the channel
2017-05-17T19:27:41 * kasparnet has quit
2017-05-17T19:56:39 * stegru joined the channel
2017-05-17T20:07:02 * colinclark joined the channel
2017-05-17T20:15:12 * gtirloni_ joined the channel
2017-05-17T20:18:58 * michelled has quit
2017-05-17T20:30:58 * simonjb has quit
2017-05-17T20:46:59 * kasparnet joined the channel
2017-05-17T20:50:13 * kasparnet has quit
2017-05-17T21:23:11 * alanharnum has quit
2017-05-17T21:24:10 * the-t-in-rtf has quit
2017-05-17T21:51:37 * colinclark joined the channel
2017-05-17T21:55:07 * amatas has quit
2017-05-17T22:48:29 * colinclark joined the channel
2017-05-17T23:21:27 * stegru has quit
'

