b'2017-01-13T01:08:14 * stegru has quit
2017-01-13T05:07:42 * lef joined the channel
2017-01-13T07:18:11 * amatas joined the channel
2017-01-13T07:28:13 * the-t-in-rtf joined the channel
2017-01-13T07:28:40 * ewbjr has quit
2017-01-13T07:33:39 * ewbjr joined the channel
2017-01-13T08:15:39 * alanharnum joined the channel
2017-01-13T09:19:04 * stegru joined the channel
2017-01-13T10:05:10 * kasparnet joined the channel
2017-01-13T10:09:05 * kasparnet has quit
2017-01-13T10:22:42 * the-t-in-rtf joined the channel
2017-01-13T10:26:08 * kasparnet joined the channel
2017-01-13T11:35:02 * stegru has quit
2017-01-13T11:41:12 * stegru joined the channel
2017-01-13T12:07:17 * Justin_o joined the channel
2017-01-13T12:49:55 * gtirloni joined the channel
2017-01-13T12:59:37 * alanharn_ joined the channel
2017-01-13T13:07:20 * colinclark joined the channel
2017-01-13T13:13:45 * michelled joined the channel
2017-01-13T13:17:01 * cindyli joined the channel
2017-01-13T13:40:22 * the-t-in-rtf joined the channel
2017-01-13T13:51:34 * simonjb joined the channel
2017-01-13T14:01:04 * Jess__ joined the channel
2017-01-13T14:08:43 * mrtyler joined the channel
2017-01-13T14:09:07 * colinclark joined the channel
2017-01-13T14:29:38 * alanharn_ joined the channel
2017-01-13T15:09:12 * simonjb joined the channel
2017-01-13T15:12:56 * alanharn_ joined the channel
2017-01-13T15:20:10 * clown joined the channel
2017-01-13T15:52:39 * clown has quit
2017-01-13T16:28:27 * kasparnet has quit
2017-01-13T16:32:24 * alanharnum joined the channel
2017-01-13T16:46:06 * gtirloni joined the channel
2017-01-13T16:52:56 * alanharnum joined the channel
2017-01-13T17:21:23 * gtirloni joined the channel
2017-01-13T17:40:17 * alanharnum joined the channel
2017-01-13T17:48:05 * alanharnum joined the channel
2017-01-13T17:54:07 * colinclark joined the channel
2017-01-13T17:58:38 * David123_ joined the channel
2017-01-13T18:03:14 * clown joined the channel
2017-01-13T18:07:01 * colinclark joined the channel
2017-01-13T18:14:16 * kasparnet joined the channel
2017-01-13T18:18:53 * kasparnet has quit
2017-01-13T18:51:18 * alanharnum joined the channel
2017-01-13T19:09:33 * alanharn_ joined the channel
2017-01-13T19:19:31 * stegru has quit
2017-01-13T19:48:05 * colinclark joined the channel
2017-01-13T20:45:42 * gtirloni has quit
2017-01-13T21:37:27 * alanharnum joined the channel
2017-01-13T21:41:44 * alanharnum joined the channel
2017-01-13T21:56:03 * kasparnet joined the channel
2017-01-13T22:01:11 * kasparnet has quit
2017-01-13T22:05:51 * michelled joined the channel
2017-01-13T22:33:04 * cindyli has quit
2017-01-13T22:36:37 * kasparnet joined the channel
2017-01-13T22:37:28 * kasparne_ joined the channel
2017-01-13T22:40:51 * kasparnet has quit
2017-01-13T23:10:31 * stegru joined the channel
'

