b'2017-09-02T00:06:35 * javjarfer has quit
2017-09-02T01:21:49 * gtirloni has quit
2017-09-02T02:58:12 * mrtyler has quit
2017-09-02T04:45:52 * clown has quit
2017-09-02T07:45:07 * the-t-in-rtf joined the channel
2017-09-02T08:13:38 * the-t-in-rtf has quit
2017-09-02T08:34:46 * javjarfer joined the channel
2017-09-02T09:27:33 * the-t-in-rtf joined the channel
2017-09-02T09:46:14 * the-t-in-rtf has quit
2017-09-02T11:03:28 * javjarfer has quit
2017-09-02T12:04:43 * kasparnet joined the channel
2017-09-02T12:56:08 * stegru joined the channel
2017-09-02T13:02:21 * stegru has quit
2017-09-02T14:02:38 * kasparnet has quit
2017-09-02T14:05:22 * kasparnet joined the channel
2017-09-02T14:24:08 * kasparne_ joined the channel
2017-09-02T14:24:11 * kasparnet has quit
2017-09-02T14:53:12 * kasparne_ has quit
2017-09-02T15:38:01 * kasparnet joined the channel
2017-09-02T15:38:50 * kasparnet has quit
2017-09-02T15:46:55 * kasparnet joined the channel
2017-09-02T16:05:13 * kasparnet has quit
2017-09-02T18:29:07 * the-t-in-rtf joined the channel
2017-09-02T18:57:38 * the-t-in-rtf has quit
2017-09-02T20:23:52 * stegru joined the channel
2017-09-02T20:45:47 * the-t-in-rtf joined the channel
2017-09-02T21:56:09 * stegru has quit
'

