b'2017-10-09T06:45:55 * the-t-in-rtf joined the channel
2017-10-09T07:42:52 * the-t-in-rtf joined the channel
2017-10-09T07:50:06 * stegru joined the channel
2017-10-09T08:25:55 * the-t-in-rtf joined the channel
2017-10-09T10:26:01 * the-t-in-rtf has quit
2017-10-09T11:40:14 * javjarfer joined the channel
2017-10-09T11:42:15 * the-t-in-rtf joined the channel
2017-10-09T11:51:35 * javjarfer has quit
2017-10-09T11:58:23 * gtirloni joined the channel
2017-10-09T13:18:14 * javjarfer joined the channel
2017-10-09T13:37:11 * javjarfer has quit
2017-10-09T14:10:25 * the-t-in-rtf joined the channel
2017-10-09T14:13:01 * the-t-in-rtf joined the channel
2017-10-09T14:26:30 * mrtyler joined the channel
2017-10-09T14:37:02 * the-t-in-rtf joined the channel
2017-10-09T15:02:48 * javjarfer joined the channel
2017-10-09T15:15:59 * javjarfer has quit
2017-10-09T16:17:55 * javjarfer joined the channel
2017-10-09T17:34:56 * the-t-in-rtf joined the channel
2017-10-09T17:50:34 * the-t-in-rtf has quit
2017-10-09T18:09:46 * the-t-in-rtf joined the channel
2017-10-09T18:32:52 * stegru has quit
2017-10-09T19:59:53 * javjarfer has quit
2017-10-09T20:12:19 * mrtyler joined the channel
2017-10-09T20:30:58 * stegru joined the channel
2017-10-09T21:07:11 * gtirloni has quit
2017-10-09T21:44:28 * stegru has quit
2017-10-09T22:37:14 * javjarfer joined the channel
2017-10-09T22:57:14 * mrtyler has quit
2017-10-09T23:13:05 * javjarfer has quit
2017-10-09T23:23:50 * mrtyler joined the channel
'

