b'2017-05-11T00:06:05 * alanharnum joined the channel
2017-05-11T00:17:48 * jhernandez joined the channel
2017-05-11T00:27:12 * jhernandez has quit
2017-05-11T00:30:29 * kasparnet has quit
2017-05-11T00:31:05 * kasparnet joined the channel
2017-05-11T00:35:27 * kasparnet has quit
2017-05-11T00:38:05 * kasparnet joined the channel
2017-05-11T00:38:49 * kasparnet has quit
2017-05-11T00:39:25 * kasparnet joined the channel
2017-05-11T00:44:10 * kasparnet has quit
2017-05-11T01:10:30 * alanharnum joined the channel
2017-05-11T02:12:40 * alanharnum joined the channel
2017-05-11T03:16:03 * alanharnum joined the channel
2017-05-11T04:19:35 * alanharnum joined the channel
2017-05-11T05:14:43 * kasparnet joined the channel
2017-05-11T05:24:44 * alanharnum joined the channel
2017-05-11T05:42:00 * kasparnet has quit
2017-05-11T05:53:14 * the-t-in-rtf joined the channel
2017-05-11T06:25:50 * alanharnum joined the channel
2017-05-11T06:40:41 * the-t-in-rtf joined the channel
2017-05-11T07:30:05 * alanharnum joined the channel
2017-05-11T07:59:34 * noveens joined the channel
2017-05-11T08:32:10 * alanharnum joined the channel
2017-05-11T09:03:29 * amatas joined the channel
2017-05-11T09:35:55 * alanharnum joined the channel
2017-05-11T10:39:11 * alanharnum joined the channel
2017-05-11T11:42:29 * alanharnum joined the channel
2017-05-11T12:16:16 * kasparnet joined the channel
2017-05-11T12:23:26 * alanharnum joined the channel
2017-05-11T12:23:56 * Justin_o joined the channel
2017-05-11T12:45:36 * the-t-in-rtf joined the channel
2017-05-11T12:46:02 * alanharn_ joined the channel
2017-05-11T12:49:20 * jessm joined the channel
2017-05-11T13:00:40 * the-t-in-rtf joined the channel
2017-05-11T13:02:34 * cindyli joined the channel
2017-05-11T13:04:41 * kasparnet has quit
2017-05-11T13:06:30 * kasparnet joined the channel
2017-05-11T13:13:09 * clown joined the channel
2017-05-11T13:13:39 * kasparnet has quit
2017-05-11T13:32:59 * clown joined the channel
2017-05-11T13:36:15 * kasparnet joined the channel
2017-05-11T13:37:31 * cindyli1 joined the channel
2017-05-11T13:49:22 * alanharnum joined the channel
2017-05-11T13:54:00 * simonjb joined the channel
2017-05-11T13:54:38 * alanharn_ joined the channel
2017-05-11T13:55:17 * alanharnum has quit
2017-05-11T14:00:03 * jhernandez joined the channel
2017-05-11T14:00:05 * Bosmon7 joined the channel
2017-05-11T14:02:53 * mrtyler joined the channel
2017-05-11T14:04:02 * gtirloni joined the channel
2017-05-11T14:11:17 * michelled joined the channel
2017-05-11T14:22:13 * simonjb has quit
2017-05-11T14:23:25 * avtar joined the channel
2017-05-11T14:29:00 * colinclark joined the channel
2017-05-11T14:43:31 * the-t-in-rtf has quit
2017-05-11T14:52:10 * simonjb joined the channel
2017-05-11T14:52:43 * alanharnum joined the channel
2017-05-11T15:07:01 * simonjb has quit
2017-05-11T15:12:08 * simonjb joined the channel
2017-05-11T15:47:10 * alanharnum joined the channel
2017-05-11T15:54:43 * alanharn_ joined the channel
2017-05-11T16:31:20 * michelled has quit
2017-05-11T16:34:51 * michelled joined the channel
2017-05-11T16:34:55 * michelled has quit
2017-05-11T16:41:49 * alanharnum has quit
2017-05-11T16:42:49 * colinclark has quit
2017-05-11T16:54:15 * alanharnum joined the channel
2017-05-11T16:58:04 * alanharn_ joined the channel
2017-05-11T16:58:10 * colinclark joined the channel
2017-05-11T17:03:29 * mrtyler joined the channel
2017-05-11T17:04:17 * alanharn_ has quit
2017-05-11T17:21:51 * clown joined the channel
2017-05-11T17:28:20 * michelled joined the channel
2017-05-11T17:29:48 * alanharnum has quit
2017-05-11T17:33:40 * alanharnum joined the channel
2017-05-11T17:50:38 * cindyli joined the channel
2017-05-11T17:54:14 * avtar has quit
2017-05-11T18:02:32 * alanharn_ joined the channel
2017-05-11T18:05:12 * alanharnum joined the channel
2017-05-11T18:13:32 * alanharnum joined the channel
2017-05-11T18:15:10 * the-t-in-rtf joined the channel
2017-05-11T18:16:35 * michelled joined the channel
2017-05-11T18:20:33 * the-t-in-rtf joined the channel
2017-05-11T18:32:44 * cindyli joined the channel
2017-05-11T18:48:30 * kathy_ joined the channel
2017-05-11T18:56:02 * alanharnum joined the channel
2017-05-11T18:58:47 * javjarfer joined the channel
2017-05-11T19:01:03 * alanharn_ joined the channel
2017-05-11T19:04:05 * alanharn_ has quit
2017-05-11T19:05:09 * Bosmon7 has quit
2017-05-11T19:05:12 * javjarfer has quit
2017-05-11T19:05:47 * javjarfer joined the channel
2017-05-11T19:07:40 * jhernandez has quit
2017-05-11T19:08:02 * alanharnum joined the channel
2017-05-11T19:16:40 * avtar joined the channel
2017-05-11T19:17:29 * colinclark joined the channel
2017-05-11T19:18:27 * colinclark has quit
2017-05-11T19:18:40 * javjarfer has quit
2017-05-11T19:19:04 * colinclark joined the channel
2017-05-11T19:27:50 * colinclark joined the channel
2017-05-11T19:29:10 * alanharnum has quit
2017-05-11T19:31:03 * alanharnum joined the channel
2017-05-11T19:43:05 * cindyli joined the channel
2017-05-11T19:43:06 * jhernandez joined the channel
2017-05-11T19:45:24 * colinclark joined the channel
2017-05-11T19:45:46 * mrtyler joined the channel
2017-05-11T19:56:30 * colinclark has quit
2017-05-11T19:59:31 * colinclark joined the channel
2017-05-11T20:04:03 * alanharnum has quit
2017-05-11T20:04:39 * alanharnum joined the channel
2017-05-11T20:20:36 * alanharnum joined the channel
2017-05-11T20:22:28 * alanharnum has quit
2017-05-11T20:29:13 * alanharnum joined the channel
2017-05-11T20:35:19 * alanharnum joined the channel
2017-05-11T20:40:00 * cindyli joined the channel
2017-05-11T20:42:19 * aleiva is now known as gloob
2017-05-11T20:47:23 * jhernandez has quit
2017-05-11T20:50:01 * jhernandez joined the channel
2017-05-11T20:56:25 * alanharnum has quit
2017-05-11T20:57:18 * jhernandez has quit
2017-05-11T21:09:46 * alanharnum joined the channel
2017-05-11T21:35:08 * michelled joined the channel
2017-05-11T21:47:10 * jhernandez joined the channel
2017-05-11T21:51:23 * javjarfer joined the channel
2017-05-11T22:03:24 * javjarfer has quit
2017-05-11T22:05:08 * amatas has quit
2017-05-11T22:06:41 * colinclark joined the channel
2017-05-11T22:09:21 * avtar has quit
2017-05-11T22:12:14 * jhernandez has quit
2017-05-11T22:12:48 * Bosmon7 joined the channel
2017-05-11T22:13:34 * alanharnum joined the channel
2017-05-11T22:14:20 * avtar joined the channel
2017-05-11T22:18:00 * kasparnet has quit
2017-05-11T22:43:17 * Justin_o has quit
2017-05-11T22:43:20 * kasparnet joined the channel
2017-05-11T23:01:27 * Bosmon7 has quit
2017-05-11T23:17:46 * alanharnum joined the channel
'

