b'2015-03-23T00:39:23 * kasparnet has quit
2015-03-23T07:39:09 * the-t-in-rtf joined the channel
2015-03-23T07:39:09 * the-t-in-rtf has quit
2015-03-23T07:39:26 * the-t-in-rtf joined the channel
2015-03-23T09:43:07 * kasparnet joined the channel
2015-03-23T09:43:48 * kasparnet has quit
2015-03-23T09:44:03 * kasparnet joined the channel
2015-03-23T10:26:03 * slim_jim joined the channel
2015-03-23T10:31:49 * kasparnet has quit
2015-03-23T10:37:24 * kasparnet joined the channel
2015-03-23T10:52:19 * kasparnet has quit
2015-03-23T11:23:23 * kasparnet joined the channel
2015-03-23T12:15:09 * slim_jim has quit
2015-03-23T12:19:22 * slim_jim joined the channel
2015-03-23T12:19:24 * slim_jim has quit
2015-03-23T12:29:40 * jhung joined the channel
2015-03-23T12:49:18 * Justin_o joined the channel
2015-03-23T12:55:30 * gtirloni joined the channel
2015-03-23T13:05:56 * michelled joined the channel
2015-03-23T13:19:07 * Sepideh joined the channel
2015-03-23T13:29:34 * yzen joined the channel
2015-03-23T13:41:23 * anvk joined the channel
2015-03-23T13:48:20 * slim_jim joined the channel
2015-03-23T13:48:22 * slim_jim has quit
2015-03-23T13:48:27 * simonjb joined the channel
2015-03-23T13:53:13 * danaayotte joined the channel
2015-03-23T14:00:37 * avtar joined the channel
2015-03-23T14:09:59 * anastasiac joined the channel
2015-03-23T14:20:39 * colinclark joined the channel
2015-03-23T14:35:15 <michelled> anastasiac, jhung, Justin_o: I think we should do floe planning tomorrow when cindyli is back
2015-03-23T14:35:36 <Justin_o> michelled: okay, i\'ll be working remotely tomorrow but can attend
2015-03-23T14:35:42 <anastasiac> good idea, michelled
2015-03-23T14:36:09 <michelled> Justin_o: will you be available in the afternoon? Tuesday is my C4A morning meeting marathon
2015-03-23T14:38:39 <jhung> michelled: works for me.
2015-03-23T14:43:58 * Sepideh has quit
2015-03-23T14:52:32 * gtirloni has quit
2015-03-23T14:58:07 * Sepideh joined the channel
2015-03-23T15:07:45 * gtirloni joined the channel
2015-03-23T15:35:02 * Sepideh has quit
2015-03-23T15:46:08 <colinclark> So danaayotte I don\'t think it\'s too late to make those tweaks to your awesome video
2015-03-23T15:46:18 <colinclark> I believe Jutta\'s meeting doesn\'t start until tomorrow
2015-03-23T15:46:24 <danaayotte> ah ok colinclark
2015-03-23T15:46:30 <danaayotte> I will prioritize it then
2015-03-23T15:46:33 <colinclark> Cool, thanks
2015-03-23T15:46:34 <danaayotte> cool
2015-03-23T15:46:41 <colinclark> the more we can "floe it up" the better
2015-03-23T15:46:44 <danaayotte> totally
2015-03-23T15:46:51 <danaayotte> I\'ll send you my script edit in a sec
2015-03-23T15:46:57 <colinclark> cool
2015-03-23T15:47:35 <colinclark> standup meetings are so early for you now, danaayotte!
2015-03-23T15:48:16 <danaayotte> well, standup is not so bad, the Tuesday morning PMT/PCP meeting will be a different story!
2015-03-23T15:48:42 <colinclark> zomg
2015-03-23T15:48:50 <colinclark> 6 am?
2015-03-23T15:48:53 <danaayotte> yup
2015-03-23T15:48:57 <danaayotte> :|
2015-03-23T15:49:02 <colinclark> uncivilized
2015-03-23T15:49:20 <danaayotte> fortunately it\'s audio-only haha
2015-03-23T15:49:39 <colinclark> :)
2015-03-23T15:49:53 <colinclark> i occassionally stay up that late
2015-03-23T15:49:56 <danaayotte> ha
2015-03-23T15:50:00 <colinclark> virtually never wake up at that time
2015-03-23T15:50:03 <colinclark> except for a flight
2015-03-23T15:51:41 <danaayotte> my flight here was at 6:45 am on Saturday colinclark. I think the jet lag is finally going
2015-03-23T15:52:08 <colinclark> that\'s good
2015-03-23T15:52:24 <colinclark> Strangely, I find it sometimes takes a while when it\'s going west, and only a few hours
2015-03-23T15:52:59 <danaayotte> yeah, i find that too
2015-03-23T15:53:42 * colinclark has quit
2015-03-23T16:21:11 * Sepideh joined the channel
2015-03-23T16:30:46 * michelled has quit
2015-03-23T16:31:51 * colinclark joined the channel
2015-03-23T16:34:54 * Bosmon has quit
2015-03-23T16:35:19 * slim_jim joined the channel
2015-03-23T16:35:34 * slim_jim has quit
2015-03-23T16:39:11 * Bosmon joined the channel
2015-03-23T16:46:18 * michelled joined the channel
2015-03-23T17:03:04 * slim_jim joined the channel
2015-03-23T17:03:29 * michelled has quit
2015-03-23T17:09:56 * slim_jim_ joined the channel
2015-03-23T17:10:19 * slim_jim has quit
2015-03-23T17:10:39 * slim_jim_ is now known as slim_jim
2015-03-23T17:29:50 <anastasiac> danaayotte and Sepideh, possibly a timely article, in light of the PGA user feedback that some users couldn\xe2\x80\x99t figure out what was a button and what was not? http://www.nngroup.com/articles/clickable-elements/
2015-03-23T17:35:35 * kasparnet has quit
2015-03-23T17:38:49 <danaayotte> thanks anastasiac
2015-03-23T17:54:54 <gtirloni> danaayotte simonjb: wanna meet on vidyo?
2015-03-23T17:55:25 <simonjb> gtirloni, danaayotte: sounds good, where should we meet?
2015-03-23T17:55:31 <gtirloni> i\'ll open my room
2015-03-23T17:58:43 * jhernandez has quit
2015-03-23T18:02:40 <gtirloni> https://atlas.hashicorp.com/
2015-03-23T18:10:29 <Sepideh> thanks anastasiac
2015-03-23T18:10:36 <gtirloni> danaayotte: https://dl.bintray.com/mitchellh/vagrant/vagrant_1.7.2.dmg
2015-03-23T18:14:14 * yzen joined the channel
2015-03-23T18:21:49 <gtirloni> danaayotte simonjb: i\'ll have to reboot, vidyo crashed here. brb.
2015-03-23T18:22:02 <danaayotte> ok
2015-03-23T18:22:07 <simonjb> see you soon
2015-03-23T18:23:57 * gtirloni joined the channel
2015-03-23T18:42:22 * jhernandez joined the channel
2015-03-23T19:16:03 * gtirloni has quit
2015-03-23T19:18:48 * gtirloni joined the channel
2015-03-23T19:31:20 * yzen_ joined the channel
2015-03-23T19:45:11 * the-t-in-rtf has quit
2015-03-23T19:50:37 * the-t-in-rtf joined the channel
2015-03-23T19:50:50 * slim_jim has quit
2015-03-23T20:32:05 * jhung has quit
2015-03-23T20:36:08 * kasparnet joined the channel
2015-03-23T20:40:25 * Sepideh has quit
2015-03-23T20:40:43 * kasparnet has quit
2015-03-23T20:41:30 * anvk has quit
2015-03-23T20:55:41 * Sepideh joined the channel
2015-03-23T20:59:51 * Sepideh has quit
2015-03-23T21:20:35 * kasparnet joined the channel
2015-03-23T21:26:09 * anastasiac has quit
2015-03-23T21:30:27 * simonjb has quit
2015-03-23T21:39:39 * avtar1 joined the channel
2015-03-23T21:41:46 * avtar has quit
2015-03-23T21:54:00 * the-t-in-rtf has quit
2015-03-23T22:23:17 * avtar1 has left the channel
2015-03-23T22:36:28 * Justin_o has quit
2015-03-23T23:10:06 * colinclark has quit
2015-03-23T23:14:02 * danaayotte has quit
2015-03-23T23:20:55 * danaayotte joined the channel
2015-03-23T23:40:49 * kasparnet has quit
'

