2020-07-07T07:01:25  <gtirloni> https://spring.io/blog/2019/01/15/spring-framework-s-migration-from-jira-to-github-issues
2020-07-07T11:32:08  <Bosmon> Hi gtirloni, the-t-in_ - I've added you both as admins on GPII/ci-service
2020-07-07T11:32:41  <the-t-in_> cheers.
2020-07-07T11:32:49  *** the-t-in_ is now known as the-t-in-rtf
2020-07-07T12:02:37  <gtirloni> thanks!
2020-07-07T18:13:33  <Uttara> Cindyli: do you have 10 mins to quickly meet?
2020-07-07T18:53:29  <cindyli> sorry, Uttara, just saw ur msg. yes, i can meet if you still want to
2020-07-07T18:55:49  <Uttara> Sure. Can you give me 10 minutes? I will be right there
2020-07-07T18:59:16  <cindyli> sure, Uttara
2020-07-07T19:57:09  <Uttara> cindyli: I moved the hover/focus styles under the Style Guide section for Figma
2020-07-07T19:58:26  <cindyli1> got it. thanks, Uttara
2020-07-07T19:58:31  *** cindyli1 is now known as cindyli
2020-07-07T19:59:00  <cindyli> Uttara: i need a new svg for the expand button
2020-07-07T19:59:14  <cindyli> the version for hover/focus
2020-07-07T19:59:17  <Uttara> yes I thought so, I will send it to you right away
2020-07-07T19:59:23  <cindyli> great. thanks
2020-07-07T20:03:16  <Uttara> Just sent it to you via email. Does that look okay?
2020-07-07T20:07:40  <Uttara> cindyli
2020-07-07T20:09:07  <cindyli> Uttara: i received the email but haven't tried. i will let you know if i have problem with it.
2020-07-07T20:09:30  <Uttara> okay
2020-07-07T21:30:56  <cindyli> Uttara: do you have time to talk about the hover/focus styles for filter buttons?
