2019-08-17T00:08:52  *** lliskovoi_ <lliskovoi_!uid367571@gateway/web/irccloud.com/x-pzszzgpxfoicdgia> has quit IRC (Quit: Connection closed for inactivity)
2019-08-17T02:31:26  *** danayo_ <danayo_!~danayo@S0106f81d0f5cda43.vc.shawcable.net> has joined #fluid-work
2019-08-17T03:47:42  *** danayo_ <danayo_!~danayo@S0106f81d0f5cda43.vc.shawcable.net> has quit IRC (Quit: danayo_)
2019-08-17T03:53:16  *** alanharnum <alanharnum!uid363993@gateway/web/irccloud.com/x-ndcttqpwyvcqwfpe> has quit IRC (Quit: Connection closed for inactivity)
2019-08-17T06:50:22  *** colinclark <colinclark!~colinclar@194-239-236-6-hotspot.dk.customer.tdc.net> has joined #fluid-work
2019-08-17T06:52:13  *** colinclark <colinclark!~colinclar@194-239-236-6-hotspot.dk.customer.tdc.net> has quit IRC (Client Quit)
2019-08-17T13:13:53  *** danielcho <danielcho!~Adium@hmtnon1497w-lp130-08-70-54-52-188.dsl.bell.ca> has joined #fluid-work
2019-08-17T13:16:40  *** danielcho <danielcho!~Adium@hmtnon1497w-lp130-08-70-54-52-188.dsl.bell.ca> has quit IRC (Client Quit)
2019-08-17T13:56:48  *** Bosmon3 <Bosmon3!~Bosmon3@185.122.190.73> has joined #fluid-work
2019-08-17T14:29:54  *** Bosmon3 <Bosmon3!~Bosmon3@185.122.190.73> has quit IRC (Ping timeout: 258 seconds)
2019-08-17T20:48:36  *** danayo_ <danayo_!~danayo@S0106f81d0f5cda43.vc.shawcable.net> has joined #fluid-work
2019-08-17T20:55:30  *** danayo_ <danayo_!~danayo@S0106f81d0f5cda43.vc.shawcable.net> has quit IRC (Quit: danayo_)
2019-08-17T20:55:53  *** danayo_ <danayo_!~danayo@S0106f81d0f5cda43.vc.shawcable.net> has joined #fluid-work
2019-08-17T21:08:57  *** danayo_ <danayo_!~danayo@S0106f81d0f5cda43.vc.shawcable.net> has quit IRC (Quit: danayo_)
2019-08-17T21:11:20  *** danayo_ <danayo_!~danayo@S0106f81d0f5cda43.vc.shawcable.net> has joined #fluid-work
2019-08-17T21:24:15  *** danayo_ <danayo_!~danayo@S0106f81d0f5cda43.vc.shawcable.net> has quit IRC (Quit: danayo_)
2019-08-17T21:26:19  *** danayo_ <danayo_!~danayo@S0106f81d0f5cda43.vc.shawcable.net> has joined #fluid-work
2019-08-17T21:36:56  *** danayo_ <danayo_!~danayo@S0106f81d0f5cda43.vc.shawcable.net> has quit IRC (Quit: danayo_)
2019-08-17T21:39:26  *** danayo_ <danayo_!~danayo@S0106f81d0f5cda43.vc.shawcable.net> has joined #fluid-work
2019-08-17T21:42:00  *** danayo_ <danayo_!~danayo@S0106f81d0f5cda43.vc.shawcable.net> has quit IRC (Client Quit)
