2018-11-16T00:47:50  *** bryan <bryan!~bryan@cpe-104-34-67-45.socal.res.rr.com> has joined #fluid-work
2018-11-16T01:20:01  *** danayo <danayo!~danayo@S01069050ca694f23.vc.shawcable.net> has joined #fluid-work
2018-11-16T01:20:51  *** danayo <danayo!~danayo@S01069050ca694f23.vc.shawcable.net> has quit IRC (Client Quit)
2018-11-16T01:32:38  *** danayo <danayo!~danayo@S01069050ca694f23.vc.shawcable.net> has joined #fluid-work
2018-11-16T01:37:16  *** bryan <bryan!~bryan@cpe-104-34-67-45.socal.res.rr.com> has quit IRC (Ping timeout: 244 seconds)
2018-11-16T03:20:03  *** Justin_o <Justin_o!uid14648@gateway/web/irccloud.com/x-xzdcogyrucalsajd> has quit IRC (Quit: Connection closed for inactivity)
2018-11-16T03:22:36  *** danayo_ <danayo_!~danayo@S01069050ca694f23.vc.shawcable.net> has joined #fluid-work
2018-11-16T03:37:16  *** danayo_ <danayo_!~danayo@S01069050ca694f23.vc.shawcable.net> has quit IRC (Quit: danayo_)
2018-11-16T04:04:15  *** bryan <bryan!~bryan@cpe-104-34-67-45.socal.res.rr.com> has joined #fluid-work
2018-11-16T04:14:45  *** danayo <danayo!~danayo@S01069050ca694f23.vc.shawcable.net> has quit IRC (Quit: danayo)
2018-11-16T04:23:25  *** danayo <danayo!~danayo@S01069050ca694f23.vc.shawcable.net> has joined #fluid-work
2018-11-16T04:23:29  *** danayo <danayo!~danayo@S01069050ca694f23.vc.shawcable.net> has quit IRC (Client Quit)
2018-11-16T05:00:22  *** bryan <bryan!~bryan@cpe-104-34-67-45.socal.res.rr.com> has quit IRC (Ping timeout: 268 seconds)
2018-11-16T07:57:23  *** georgitodorov <georgitodorov!~georgitod@37.157.190.158> has joined #fluid-work
2018-11-16T08:53:35  *** georgitodorov <georgitodorov!~georgitod@37.157.190.158> has quit IRC (Quit: Leaving)
2018-11-16T12:10:27  *** Justin_o <Justin_o!uid14648@gateway/web/irccloud.com/x-xzaigmbputxawpjf> has joined #fluid-work
2018-11-16T12:25:50  *** jhernandez <jhernandez!~jhernande@2a02:a03f:3ea7:d200:9ce7:7e5f:8148:96d1> has joined #fluid-work
2018-11-16T12:48:44  *** michelled <michelled!~Adium@192-0-151-7.cpe.teksavvy.com> has joined #fluid-work
2018-11-16T13:43:22  *** cindyli <cindyli!~Adium@198.52.177.167> has joined #fluid-work
2018-11-16T13:45:37  *** jhung <jhung!~Adium@dhcp-108-168-100-210.cable.user.start.ca> has joined #fluid-work
2018-11-16T13:56:34  *** alanharnum <alanharnum!~alanharnu@2607:fea8:12a0:b9b:68a9:8ae3:967c:bf58> has joined #fluid-work
2018-11-16T14:16:23  *** michelled <michelled!~Adium@192-0-151-7.cpe.teksavvy.com> has quit IRC (Quit: Leaving.)
2018-11-16T14:19:31  *** georgitodorov <georgitodorov!~georgitod@37.157.190.158> has joined #fluid-work
2018-11-16T14:24:53  *** sepidehshahi <sepidehshahi!sepidehsha@nat/ocadu/x-mrjourtkqlafbwps> has joined #fluid-work
2018-11-16T14:25:07  *** georgitodorov <georgitodorov!~georgitod@37.157.190.158> has quit IRC (Read error: Connection reset by peer)
2018-11-16T14:27:41  *** clown <clown!clown@nat/ocadu/x-kkfolybdtbrlutzs> has joined #fluid-work
2018-11-16T14:33:20  *** georgitodorov <georgitodorov!~georgitod@37.157.190.158> has joined #fluid-work
2018-11-16T14:33:21  *** georgit <georgit!~georgitod@37.157.190.158> has joined #fluid-work
2018-11-16T14:33:37  *** georgit <georgit!~georgitod@37.157.190.158> has left #fluid-work
2018-11-16T14:35:08  *** michelled <michelled!~Adium@192-0-151-7.cpe.teksavvy.com> has joined #fluid-work
2018-11-16T14:53:11  *** simonjb <simonjb!~simonjb@198.178.118.18> has joined #fluid-work
2018-11-16T14:55:47  *** bryan <bryan!~bryan@cpe-104-34-67-45.socal.res.rr.com> has joined #fluid-work
2018-11-16T14:57:58  *** georgitodorov <georgitodorov!~georgitod@37.157.190.158> has quit IRC (Quit: Leaving)
2018-11-16T15:04:03  *** jhernandez <jhernandez!~jhernande@2a02:a03f:3ea7:d200:9ce7:7e5f:8148:96d1> has quit IRC (Remote host closed the connection)
2018-11-16T15:11:52  <Justin_o> Bosmon: are you able to review my PR to add the syllabification preference to Infusion https://github.com/fluid-project/infusion/pull/944
2018-11-16T15:15:39  <Bosmon> Justin_o - suer
2018-11-16T15:17:24  <Justin_o> Bosmon: thanks
2018-11-16T15:19:05  <stegru> "syllabification"? now that's a word that needs syllabifying
2018-11-16T15:20:17  *** jhernandez <jhernandez!~jhernande@2a02:a03f:3ea7:d200:d519:bcbe:3bee:6313> has joined #fluid-work
2018-11-16T15:20:19  <Bosmon> s13n
2018-11-16T15:22:40  <stegru> standardisation?
2018-11-16T15:23:24  <stegru> ah, jhernandez - the high-contrast + wallpaper thing is finally fixed :D
2018-11-16T15:26:15  *** bryan <bryan!~bryan@cpe-104-34-67-45.socal.res.rr.com> has quit IRC (Ping timeout: 252 seconds)
2018-11-16T15:32:41  <jhernandez> stegru: ohh, great
2018-11-16T15:32:49  <jhernandez> is there a pr?
2018-11-16T15:36:12  <stegru> not yet jhernandez, need to see how it works with the language problem
2018-11-16T15:36:20  <jhernandez> ok
2018-11-16T15:36:22  <jhernandez> fair enough
2018-11-16T15:37:00  <jhernandez> though I'm happy you found a proper fix
2018-11-16T15:37:01  <jhernandez> :)
2018-11-16T15:37:21  <stegru> espere
2018-11-16T15:38:25  <jhernandez> "vuelva usted mañana"
2018-11-16T15:38:27  <jhernandez> xDD
2018-11-16T15:38:49  <jhernandez> muy español
2018-11-16T15:39:18  <jhernandez> stegru: btw, regarding https://issues.gpii.net/browse/GPII-3522
2018-11-16T15:39:39  <stegru> yes?
2018-11-16T15:40:08  <jhernandez> I've been doing some tests and I don't really see why we should force the removal of folders that the installer is already taking into account
2018-11-16T15:40:17  <jhernandez> such as the Program Files one
2018-11-16T15:41:08  <jhernandez> what if we just remove the ProgramData, which happens to be the folder that prevented Gregg from installing?
2018-11-16T15:41:23  <stegru> yes -  was just about to type that
2018-11-16T15:41:50  <jhernandez> I mean, if we force the removal we won't have the chance to rollback the situation
2018-11-16T15:42:00  <jhernandez> if anything goes wrong
2018-11-16T15:42:01  <stegru> in fact, just the file c:\programdata\morphic\filebeat\registry (i think) was the problem
2018-11-16T15:42:02  *** colinclark <colinclark!colinclark@nat/ocadu/x-jbntkcpfffcnzedp> has joined #fluid-work
2018-11-16T15:42:13  <stegru> yeh, tight
2018-11-16T15:42:14  <stegru> right
2018-11-16T15:43:06  <jhernandez> ok, then, I assume that by removing programdata/morphic should be enough
2018-11-16T15:43:30  <stegru> yeh
2018-11-16T15:44:12  <jhernandez> okay, I can have the pr quickly, but it's the testing what takes way more time
2018-11-16T15:44:18  <stegru> i know :(
2018-11-16T15:44:48  <stegru> https://issues.gpii.net/browse/GPII-3523 - related
2018-11-16T15:45:01  *** michelled <michelled!~Adium@192-0-151-7.cpe.teksavvy.com> has quit IRC (Quit: Leaving.)
2018-11-16T15:45:17  *** michelled <michelled!~Adium@192-0-151-7.cpe.teksavvy.com> has joined #fluid-work
2018-11-16T15:45:48  <stegru> ah, "Add recovery options to the filebeat service to restart it on the first 2 failures, then delete the state files."
2018-11-16T15:45:58  <stegru> I could see how easy it is to make that happen
2018-11-16T15:46:48  <jhernandez> right, that's in fact the real problem
2018-11-16T15:47:24  <stegru> yes, and maybe the corruption isn't happening at re-installation
2018-11-16T15:47:37  <jhernandez> yup
2018-11-16T15:47:41  <stegru> but that's the only time it's being reported
2018-11-16T15:48:08  <jhernandez> yeah - in any case, if you don't feel like having the time for it, I'd say that this one can wait a bit more
2018-11-16T15:48:25  <stegru> I can take a look soon
2018-11-16T15:48:58  <jhernandez> question
2018-11-16T15:49:18  <stegru> ¿?
2018-11-16T15:50:34  <jhernandez> I'm seeing "Log server socket errors" in logfiles
2018-11-16T15:50:45  <jhernandez> with ECONNRESET
2018-11-16T15:50:58  <stegru> filebeat service isn't running
2018-11-16T15:51:47  <jhernandez> hmm, I found it in the logs that Kavya sent us yesterday night
2018-11-16T15:53:02  <jhernandez> okay, I'll probably try to reproduce and see what's going on
2018-11-16T15:53:45  <stegru> look in c:\programdata\morphic\filebeat for the logs
2018-11-16T15:54:08  <stegru> might be the same problem we where talking about
2018-11-16T15:57:54  * jhernandez nods
2018-11-16T16:31:29  *** colinclark <colinclark!colinclark@nat/ocadu/x-jbntkcpfffcnzedp> has quit IRC (Quit: colinclark)
2018-11-16T16:32:41  *** colinclark <colinclark!colinclark@nat/ocadu/x-ouchigsdcgfjuoyj> has joined #fluid-work
2018-11-16T16:56:37  *** jhung is now known as jhung_away
2018-11-16T17:59:29  *** jhernandez <jhernandez!~jhernande@2a02:a03f:3ea7:d200:d519:bcbe:3bee:6313> has quit IRC (Remote host closed the connection)
2018-11-16T19:57:12  *** jhung_away is now known as jhung
2018-11-16T20:00:08  *** Justin_o <Justin_o!uid14648@gateway/web/irccloud.com/x-xzaigmbputxawpjf> has quit IRC (Quit: Connection closed for inactivity)
2018-11-16T20:28:06  *** colinclark <colinclark!colinclark@nat/ocadu/x-ouchigsdcgfjuoyj> has quit IRC (Ping timeout: 252 seconds)
2018-11-16T20:36:07  *** michelled <michelled!~Adium@192-0-151-7.cpe.teksavvy.com> has quit IRC (Quit: Leaving.)
2018-11-16T21:18:49  *** jhung <jhung!~Adium@dhcp-108-168-100-210.cable.user.start.ca> has quit IRC (Quit: Leaving.)
2018-11-16T21:30:39  *** cindyli <cindyli!~Adium@198.52.177.167> has quit IRC (Quit: Leaving.)
2018-11-16T21:35:22  *** simonjb <simonjb!~simonjb@198.178.118.18> has quit IRC ()
2018-11-16T21:44:36  *** alanharnum <alanharnum!~alanharnu@2607:fea8:12a0:b9b:68a9:8ae3:967c:bf58> has quit IRC ()
2018-11-16T22:04:34  *** clown <clown!clown@nat/ocadu/x-kkfolybdtbrlutzs> has left #fluid-work
2018-11-16T22:11:58  *** sepidehshahi <sepidehshahi!sepidehsha@nat/ocadu/x-mrjourtkqlafbwps> has quit IRC (Ping timeout: 246 seconds)
2018-11-16T23:25:29  *** bryan <bryan!~bryan@cpe-104-34-67-45.socal.res.rr.com> has joined #fluid-work
2018-11-16T23:41:55  *** bryan <bryan!~bryan@cpe-104-34-67-45.socal.res.rr.com> has quit IRC (Ping timeout: 246 seconds)
2018-11-16T23:52:23  *** bryan <bryan!~bryan@cpe-104-34-67-45.socal.res.rr.com> has joined #fluid-work
