b'2015-05-15T00:50:39 * colinclark has quit
2015-05-15T03:19:17 * michelled joined the channel
2015-05-15T04:03:46 * Jess_ joined the channel
2015-05-15T04:04:08 * Jess_ has quit
2015-05-15T04:07:05 * michelled has quit
2015-05-15T08:45:38 * kasparnet joined the channel
2015-05-15T09:11:09 * kasparnet has quit
2015-05-15T09:11:41 * kasparnet joined the channel
2015-05-15T09:13:27 * kasparnet has quit
2015-05-15T09:16:07 * kasparnet joined the channel
2015-05-15T10:55:05 * kasparnet has quit
2015-05-15T11:30:58 * kasparnet joined the channel
2015-05-15T12:08:13 * kasparnet has quit
2015-05-15T12:19:48 * kasparnet joined the channel
2015-05-15T12:34:17 * Justin_o joined the channel
2015-05-15T12:34:19 * anastasiac joined the channel
2015-05-15T12:41:46 * michelled joined the channel
2015-05-15T12:45:54 * anastasiac joined the channel
2015-05-15T12:50:48 * cindyli joined the channel
2015-05-15T13:01:39 * Jess_ joined the channel
2015-05-15T13:01:40 * Jess_ has quit
2015-05-15T13:23:04 * simonjb joined the channel
2015-05-15T13:38:15 * jessm joined the channel
2015-05-15T14:01:53 * kasparnet has quit
2015-05-15T14:05:20 * kasparnet joined the channel
2015-05-15T14:06:37 * kasparne_ joined the channel
2015-05-15T14:09:42 * kasparnet has quit
2015-05-15T14:12:37 * cindyli has quit
2015-05-15T14:22:32 * kasparne_ has quit
2015-05-15T15:13:01 * kasparnet joined the channel
2015-05-15T15:13:44 * kasparne_ joined the channel
2015-05-15T15:17:22 * kasparnet has quit
2015-05-15T15:22:35 * kasparne_ has quit
2015-05-15T16:36:33 * cindyli joined the channel
2015-05-15T18:03:13 * cindyli has quit
2015-05-15T18:04:15 * cindyli joined the channel
2015-05-15T18:23:10 * kasparnet joined the channel
2015-05-15T18:23:34 * anastasiac_ joined the channel
2015-05-15T18:26:57 * anastasiac_ joined the channel
2015-05-15T18:27:40 * kasparnet has quit
2015-05-15T18:28:02 * anastasiac has quit
2015-05-15T18:29:05 * michelled has quit
2015-05-15T20:22:47 * jessm has quit
'

