b'2015-11-03T04:48:34 * Jess_ joined the channel
2015-11-03T04:48:34 * Jess_ has quit
2015-11-03T04:50:54 * -- BotBot disconnected, possible missing messages --
2015-11-03T08:00:38 * [o__o] joined the channel
2015-11-03T11:01:53 * [o__o] has quit
2015-11-03T11:04:13 * -- BotBot disconnected, possible missing messages --
2015-11-03T11:06:22 * [o__o] joined the channel
2015-11-03T11:18:37 * kasparnet joined the channel
2015-11-03T13:37:15 * Justin_o joined the channel
2015-11-03T13:43:35 * kasparnet has quit
2015-11-03T13:45:58 * alanharnum joined the channel
2015-11-03T13:52:41 * cindyli joined the channel
2015-11-03T14:17:12 * Jess_ joined the channel
2015-11-03T14:23:58 * anastasiac joined the channel
2015-11-03T14:24:51 * kasparnet joined the channel
2015-11-03T14:49:37 * anastasiac joined the channel
2015-11-03T14:53:57 * simonjb joined the channel
2015-11-03T15:01:52 * clown joined the channel
2015-11-03T15:03:06 * colinclark joined the channel
2015-11-03T15:45:10 <cindyli> kasparnet: i\'m copying JIRAs for the first discovery tool from https://issues.fluidproject.org/ to https://issues.gpii.net/. An error occurred from the copy is: "Component/s: Following values cannot be copied to the target project: First Discovery", can you help to add "First Discovery" to the component/s list in https://issues.gpii.net/?
2015-11-03T15:46:26 <kasparnet> cindyli: sure
2015-11-03T15:46:33 <cindyli> thanks, kasparnet
2015-11-03T15:47:32 <kasparnet> cindyli: ok - should be done now
2015-11-03T15:47:40 <cindyli> that\'s fast. thanks
2015-11-03T16:15:00 <anastasiac> cindyli: I\xe2\x80\x99m getting emails about those JIRAs. That\xe2\x80\x99s not anything I need to do anything about, right? :-)
2015-11-03T16:17:03 <cindyli> not at all, anastasiac :) sorry for spamming you guys
2015-11-03T16:17:09 <anastasiac> that\xe2\x80\x99s ok
2015-11-03T16:53:03 * anastasiac joined the channel
2015-11-03T17:41:11 * michelled joined the channel
2015-11-03T17:50:01 * kasparnet has quit
2015-11-03T18:06:03 * kasparnet joined the channel
2015-11-03T18:06:41 * kasparnet has quit
2015-11-03T18:19:10 * alanharnum joined the channel
2015-11-03T19:19:49 * anastasiac has quit
2015-11-03T19:31:28 * colinclark has quit
2015-11-03T19:33:24 * colinclark joined the channel
2015-11-03T19:46:27 * cindyli joined the channel
2015-11-03T19:48:09 * anastasiac joined the channel
2015-11-03T19:55:12 * clown joined the channel
2015-11-03T19:57:59 * jessm joined the channel
2015-11-03T20:02:17 * the-t-in-rtf has quit
2015-11-03T20:06:36 * the-t-in-rtf joined the channel
2015-11-03T20:18:02 * the-t-in-rtf has quit
2015-11-03T20:28:42 * alanharnum joined the channel
2015-11-03T21:07:13 * kasparnet joined the channel
2015-11-03T21:11:10 * kasparnet has quit
2015-11-03T21:15:38 * kasparnet joined the channel
2015-11-03T21:38:21 * Jess_ joined the channel
2015-11-03T22:01:05 * kasparnet has quit
2015-11-03T22:52:36 * Justin_o has quit
'

