b'2015-04-15T06:44:58 * the-t-in-rtf joined the channel
2015-04-15T06:46:03 * the-t-in-rtf has quit
2015-04-15T07:09:26 * kasparnet joined the channel
2015-04-15T07:12:56 * the-t-in-rtf joined the channel
2015-04-15T07:25:26 * the-t-in-rtf has quit
2015-04-15T07:25:43 * the-t-in-rtf joined the channel
2015-04-15T07:31:02 * kasparnet has quit
2015-04-15T07:34:40 * slim_jim joined the channel
2015-04-15T07:38:16 * slim_jim_ joined the channel
2015-04-15T07:39:34 * slim_jim has quit
2015-04-15T08:45:44 * kasparnet joined the channel
2015-04-15T09:08:30 * the-t-in-rtf has quit
2015-04-15T09:16:38 * the-t-in-rtf joined the channel
2015-04-15T09:29:35 * kasparnet has quit
2015-04-15T09:33:01 * kasparnet joined the channel
2015-04-15T09:58:39 * the-t-in-rtf has quit
2015-04-15T09:59:20 * the-t-in-rtf joined the channel
2015-04-15T10:18:57 * the-t-in-rtf1 joined the channel
2015-04-15T10:18:57 * the-t-in-rtf has quit
2015-04-15T10:30:32 * the-t-in-rtf joined the channel
2015-04-15T10:30:34 * the-t-in-rtf1 has quit
2015-04-15T11:01:14 * Bosmon joined the channel
2015-04-15T11:08:53 * kasparnet has quit
2015-04-15T11:37:50 * kasparnet joined the channel
2015-04-15T12:04:10 * the-t-in-rtf1 joined the channel
2015-04-15T12:04:11 * the-t-in-rtf has quit
2015-04-15T12:22:34 * Justin_o joined the channel
2015-04-15T12:59:16 * anastasiac joined the channel
2015-04-15T13:05:46 * michelled joined the channel
2015-04-15T13:07:20 * Jess_ joined the channel
2015-04-15T13:08:24 * the-t-in-rtf1 has quit
2015-04-15T13:54:50 * clown joined the channel
2015-04-15T14:18:50 * simonjb joined the channel
2015-04-15T14:32:55 * the-t-in-rtf joined the channel
2015-04-15T14:42:51 * the-t-in-rtf has quit
2015-04-15T14:43:12 * the-t-in-rtf joined the channel
2015-04-15T15:14:08 * michelled has quit
2015-04-15T15:30:54 * michelled joined the channel
2015-04-15T15:36:37 * the-t-in-rtf has quit
2015-04-15T16:00:11 * Jess_ has quit
2015-04-15T16:07:13 * [o__o] joined the channel
2015-04-15T16:09:31 * [o__o] joined the channel
2015-04-15T17:08:18 * michelled has quit
2015-04-15T17:09:43 * clown is now known as clown_mtg
2015-04-15T17:51:25 * kasparnet has quit
2015-04-15T18:13:36 * Jess_ joined the channel
2015-04-15T18:25:11 * clown_mtg is now known as clown
2015-04-15T18:32:08 * michelled joined the channel
2015-04-15T18:39:43 * anastasiac_ joined the channel
2015-04-15T18:43:06 * anastasiac has quit
2015-04-15T18:43:06 * anastasiac_ is now known as anastasiac
2015-04-15T18:57:08 * slim_jim has quit
2015-04-15T19:00:18 * kasparnet joined the channel
2015-04-15T19:03:21 * kasparnet has quit
2015-04-15T19:11:06 * slim_jim joined the channel
2015-04-15T20:25:25 * the-t-in-rtf joined the channel
2015-04-15T21:00:59 * clown has left the channel
2015-04-15T21:27:01 * simonjb has quit
2015-04-15T21:51:08 * Jess_ has quit
2015-04-15T21:51:49 * michelled has quit
2015-04-15T21:52:14 * anastasiac has quit
2015-04-15T22:06:39 * Justin_o has quit
2015-04-15T22:59:39 * michelled joined the channel
2015-04-15T23:02:01 * michelled has quit
'

