b"2015-11-16T16:01:32 * michelled1 joined the channel
2015-11-16T16:04:00 * michelled has quit
2015-11-16T16:04:22 * anastasiac_ joined the channel
2015-11-16T16:05:20 * anastasiac_ is now known as anastasiac
2015-11-16T16:06:00 * colinclark has quit
2015-11-16T16:12:55 * simonjb has quit
2015-11-16T16:19:10 * simonjb joined the channel
2015-11-16T16:22:21 * alanharnum joined the channel
2015-11-16T16:28:14 * colinclark joined the channel
2015-11-16T16:28:24 * cindyli has quit
2015-11-16T16:30:55 * clown has quit
2015-11-16T16:32:27 * clown joined the channel
2015-11-16T16:36:22 * colinclark has quit
2015-11-16T16:42:44 * the-t-in-rtf1 has quit
2015-11-16T16:45:52 * simonjb joined the channel
2015-11-16T16:50:13 * cindyli joined the channel
2015-11-16T16:51:21 * michelled1 has quit
2015-11-16T16:51:51 * michelled joined the channel
2015-11-16T16:57:52 * colinclark joined the channel
2015-11-16T17:05:34 * colinclark has quit
2015-11-16T17:05:41 * anastasiac has quit
2015-11-16T17:07:29 * anastasiac joined the channel
2015-11-16T17:08:49 * simonjb joined the channel
2015-11-16T17:11:21 * alanharnum joined the channel
2015-11-16T17:20:40 * colinclark joined the channel
2015-11-16T17:23:12 * simonjb joined the channel
2015-11-16T17:32:32 * jessm has quit
2015-11-16T17:45:51 * cindyli has quit
2015-11-16T17:51:08 * michelled has quit
2015-11-16T17:51:25 * cindyli joined the channel
2015-11-16T18:04:05 * colinclark has quit
2015-11-16T18:08:42 * simonjb has quit
2015-11-16T19:03:39 * Jess_ joined the channel
2015-11-16T19:05:21 * simonjb joined the channel
2015-11-16T19:06:55 * colinclark joined the channel
2015-11-16T19:14:29 <simonjb> hi there cindyli
2015-11-16T19:15:42 * anastasiac has quit
2015-11-16T19:16:11 * colinclark has quit
2015-11-16T19:18:46 <simonjb> cindyli: would you be able to make me a screenshot of the new last page of the First Discovery Tool, showing a token?
2015-11-16T19:30:09 * cindyli has quit
2015-11-16T19:30:26 * cindyli joined the channel
2015-11-16T19:30:29 * cindyli has quit
2015-11-16T19:35:03 * colinclark joined the channel
2015-11-16T19:41:45 * alanharnum joined the channel
2015-11-16T19:51:15 * anastasiac joined the channel
2015-11-16T19:52:10 * cindyli joined the channel
2015-11-16T19:58:43 <cindyli> simonjb: sorry, just came back from a walk and saw ur message. I've sent the screenshot to ur email
2015-11-16T19:58:43 <simonjb> Justin_o: ^
2015-11-16T19:58:43 <simonjb> thanks cindyli!
2015-11-16T19:58:44 <cindyli> np. hope it's not too late, simonjb :)
2015-11-16T19:58:44 <Justin_o> cindyli: i just sent one to simonjb too :)
2015-11-16T19:58:45 <simonjb> thanks guys
2015-11-16T19:58:45 <cindyli> lol. more choices for simonjb
2015-11-16T19:58:45 <simonjb> cindyli: the one you sent doesn't have a token but the message that a token couldn't be generated -- so I'll use the one from Justin_o :)
2015-11-16T19:58:46 <simonjb> Justin_o, cindyli: thanks very much, both
2015-11-16T19:58:46 <cindyli> anytime
2015-11-16T19:58:46 <Justin_o> simonjb: np
2015-11-16T19:58:46 <simonjb> Justin_o: could you also make me a shot of the screen before?
2015-11-16T19:58:46 <simonjb> 11/12
2015-11-16T19:58:46 <Justin_o> sure
2015-11-16T19:58:47 <simonjb> thanks!
2015-11-16T19:59:27 <Justin_o> sent
2015-11-16T20:00:25 <Justin_o> simonjb: in case anyone wants to play with that, they can run it from the build site http://build.fluidproject.org/first-discovery/demos/prefsServerIntegration/ but for now it will return the error message instead of a token
2015-11-16T20:01:00 <simonjb> excellent, thanks Justin_o
2015-11-16T20:30:57 * colinclark has quit
2015-11-16T20:34:05 * colinclark joined the channel
2015-11-16T21:50:00 * colinclark has quit
2015-11-16T21:57:46 * cindyli has quit
2015-11-16T22:03:11 * clown has quit
2015-11-16T22:27:49 * alanharnum has quit
2015-11-16T22:32:45 * colinclark joined the channel
2015-11-16T22:38:01 * colinclark has quit
2015-11-16T22:39:19 * colinclark joined the channel
2015-11-16T22:42:41 * Justin_o has quit
2015-11-16T22:44:55 * colinclark has quit
2015-11-16T22:45:24 * colinclark joined the channel
2015-11-16T23:14:51 * colinclark has quit
2015-11-16T23:28:28 * colinclark joined the channel
2015-11-16T23:30:28 * simonjb has quit
2015-11-16T23:34:14 * colinclark has quit
2015-11-16T23:56:44 * colinclark joined the channel
"

b'2015-11-16T00:57:53 * simonjb joined the channel
2015-11-16T01:00:25 * colinclark joined the channel
2015-11-16T01:10:36 * simonjb has quit
2015-11-16T01:13:20 * colinclark has quit
2015-11-16T02:40:38 * colinclark joined the channel
2015-11-16T02:55:19 * colinclark has quit
2015-11-16T04:35:06 * colinclark joined the channel
2015-11-16T04:36:24 * colinclark has quit
2015-11-16T04:40:30 * colinclark joined the channel
2015-11-16T04:42:50 * colinclark has quit
2015-11-16T04:44:19 * colinclark joined the channel
2015-11-16T04:53:22 * colinclark has quit
2015-11-16T06:29:08 * Bosmon2 joined the channel
2015-11-16T07:00:45 * alanharnum joined the channel
2015-11-16T07:02:45 * alanharn_ joined the channel
2015-11-16T07:02:45 * alanharnum has quit
2015-11-16T07:03:53 * alanharn_ has quit
2015-11-16T07:04:39 * alanharnum joined the channel
2015-11-16T07:06:29 * alanharn_ joined the channel
2015-11-16T07:06:29 * alanharnum has quit
2015-11-16T07:08:09 * alanharnum joined the channel
2015-11-16T07:10:09 * alanharnum joined the channel
2015-11-16T07:11:49 * alanharn_ joined the channel
2015-11-16T07:13:25 * alanharn_ has quit
2015-11-16T07:13:48 * alanharnum joined the channel
2015-11-16T07:15:28 * alanharn_ joined the channel
2015-11-16T07:15:28 * alanharnum has quit
2015-11-16T07:15:49 * ewbjr has quit
2015-11-16T07:17:07 * alanharn_ has quit
2015-11-16T07:17:28 * alanharnum joined the channel
2015-11-16T07:19:03 * alanharnum has quit
2015-11-16T07:19:09 * alanharn_ joined the channel
2015-11-16T07:20:13 * ewbjr joined the channel
2015-11-16T07:20:42 * alanharn_ has quit
2015-11-16T07:21:08 * alanharnum joined the channel
2015-11-16T07:22:57 * alanharn_ joined the channel
2015-11-16T07:22:57 * alanharnum has quit
2015-11-16T07:24:52 * alanharnum joined the channel
2015-11-16T07:24:52 * alanharn_ has quit
2015-11-16T07:26:48 * alanharn_ joined the channel
2015-11-16T07:26:48 * alanharnum has quit
2015-11-16T07:28:27 * alanharnum joined the channel
2015-11-16T07:28:27 * alanharn_ has quit
2015-11-16T07:30:30 * alanharnum has quit
2015-11-16T07:30:33 * alanharn_ joined the channel
2015-11-16T07:32:22 * alanharnum joined the channel
2015-11-16T07:32:22 * alanharn_ has quit
2015-11-16T07:34:02 * alanharn_ joined the channel
2015-11-16T07:36:01 * alanharnum joined the channel
2015-11-16T07:36:01 * alanharn_ has quit
2015-11-16T07:37:56 * alanharn_ joined the channel
2015-11-16T07:39:36 * alanharnum joined the channel
2015-11-16T07:41:42 * alanharn_ joined the channel
2015-11-16T07:43:20 * alanharnum joined the channel
2015-11-16T07:43:20 * alanharn_ has quit
2015-11-16T07:45:26 * alanharn_ joined the channel
2015-11-16T07:45:26 * alanharnum has quit
2015-11-16T07:47:04 * alanharnum joined the channel
2015-11-16T07:49:09 * alanharn_ joined the channel
2015-11-16T07:50:48 * alanharnum joined the channel
2015-11-16T07:52:48 * alanharn_ joined the channel
2015-11-16T07:54:27 * alanharnum joined the channel
2015-11-16T07:54:31 * alanharn_ has quit
2015-11-16T07:56:27 * alanharn_ joined the channel
2015-11-16T07:58:06 * alanharnum joined the channel
2015-11-16T08:00:10 * alanharn_ joined the channel
2015-11-16T08:02:03 * alanharnum joined the channel
2015-11-16T08:02:04 * alanharn_ has quit
2015-11-16T08:03:59 * alanharn_ joined the channel
2015-11-16T08:05:33 * alanharn_ has quit
2015-11-16T08:05:37 * alanharnum joined the channel
2015-11-16T08:07:42 * alanharn_ joined the channel
2015-11-16T08:09:21 * alanharnum joined the channel
2015-11-16T08:11:21 * alanharn_ joined the channel
2015-11-16T08:13:00 * alanharnum joined the channel
2015-11-16T08:15:05 * alanharn_ joined the channel
2015-11-16T08:16:44 * alanharnum joined the channel
2015-11-16T08:16:44 * alanharn_ has quit
2015-11-16T08:18:45 * alanharn_ joined the channel
2015-11-16T08:18:45 * alanharnum has quit
2015-11-16T08:20:23 * alanharnum joined the channel
2015-11-16T08:21:43 * alanharnum has quit
2015-11-16T08:22:23 * alanharnum joined the channel
2015-11-16T08:24:03 * alanharn_ joined the channel
2015-11-16T08:26:07 * alanharnum joined the channel
2015-11-16T08:28:02 * alanharn_ joined the channel
2015-11-16T08:29:57 * alanharnum joined the channel
2015-11-16T08:31:37 * alanharn_ joined the channel
2015-11-16T08:33:36 * alanharnum joined the channel
2015-11-16T08:35:16 * alanharn_ joined the channel
2015-11-16T08:37:15 * alanharnum joined the channel
2015-11-16T08:38:55 * alanharn_ joined the channel
2015-11-16T08:40:54 * alanharnum joined the channel
2015-11-16T08:42:34 * alanharn_ joined the channel
2015-11-16T08:42:34 * alanharnum has quit
2015-11-16T08:44:35 * alanharnum joined the channel
2015-11-16T08:44:35 * alanharn_ has quit
2015-11-16T08:46:04 * alanharnum has quit
2015-11-16T08:46:13 * alanharnum joined the channel
2015-11-16T08:48:14 * alanharnum joined the channel
2015-11-16T08:50:08 * alanharn_ joined the channel
2015-11-16T08:50:25 * the-t-in-rtf joined the channel
2015-11-16T08:51:47 * alanharnum joined the channel
2015-11-16T08:51:49 * alanharn_ has quit
2015-11-16T08:53:48 * alanharn_ joined the channel
2015-11-16T08:55:28 * alanharnum joined the channel
2015-11-16T08:57:28 * alanharn_ joined the channel
2015-11-16T08:57:28 * alanharnum has quit
2015-11-16T08:59:07 * alanharnum joined the channel
2015-11-16T08:59:07 * alanharn_ has quit
2015-11-16T09:01:13 * alanharn_ joined the channel
2015-11-16T09:01:13 * alanharnum has quit
2015-11-16T09:02:52 * alanharnum joined the channel
2015-11-16T09:04:58 * alanharn_ joined the channel
2015-11-16T09:06:37 * alanharnum joined the channel
2015-11-16T09:08:44 * alanharn_ joined the channel
2015-11-16T09:10:24 * alanharnum joined the channel
2015-11-16T09:12:25 * alanharn_ joined the channel
2015-11-16T09:14:04 * alanharnum joined the channel
2015-11-16T09:16:05 * alanharn_ joined the channel
2015-11-16T09:17:44 * alanharnum joined the channel
2015-11-16T09:19:46 * alanharn_ joined the channel
2015-11-16T09:21:24 * alanharnum joined the channel
2015-11-16T09:21:24 * alanharn_ has quit
2015-11-16T09:23:25 * alanharnum joined the channel
2015-11-16T09:25:05 * alanharn_ joined the channel
2015-11-16T09:27:04 * alanharnum joined the channel
2015-11-16T09:27:04 * alanharn_ has quit
2015-11-16T09:29:00 * alanharn_ joined the channel
2015-11-16T09:29:00 * alanharnum has quit
2015-11-16T09:30:49 * alanharnum joined the channel
2015-11-16T09:30:49 * alanharn_ has quit
2015-11-16T09:35:35 * alanharnum has quit
2015-11-16T10:32:32 * the-t-in-rtf1 joined the channel
2015-11-16T10:35:10 * the-t-in-rtf has quit
2015-11-16T13:23:42 * Justin_o joined the channel
2015-11-16T13:38:44 * anastasiac joined the channel
2015-11-16T13:42:48 * colinclark joined the channel
2015-11-16T13:53:07 * sgithens joined the channel
2015-11-16T13:53:55 * jessm joined the channel
2015-11-16T14:06:10 * cindyli joined the channel
2015-11-16T14:09:50 * alanharnum joined the channel
2015-11-16T14:17:24 * colinclark has quit
2015-11-16T14:58:24 * michelled joined the channel
2015-11-16T15:07:46 * colinclark joined the channel
2015-11-16T15:07:57 * clown joined the channel
2015-11-16T15:18:28 * simonjb joined the channel
2015-11-16T15:23:25 * colinclark has quit
2015-11-16T15:56:24 * colinclark joined the channel
2015-11-16T16:01:07 * alanharnum has quit
'

