b'2015-10-22T00:22:23 * Jess_ joined the channel
2015-10-22T01:38:36 * colinclark joined the channel
2015-10-22T06:25:30 * kasparnet joined the channel
2015-10-22T06:25:55 * kasparnet has quit
2015-10-22T06:26:52 * kasparnet joined the channel
2015-10-22T06:29:04 * kasparnet has quit
2015-10-22T06:30:30 * kasparnet joined the channel
2015-10-22T06:41:52 * the-t-in-rtf has quit
2015-10-22T06:49:05 * kasparnet has quit
2015-10-22T07:00:39 * kasparnet joined the channel
2015-10-22T07:09:58 * the-t-in-rtf joined the channel
2015-10-22T07:19:42 * the-t-in-rtf has quit
2015-10-22T07:24:57 * the-t-in-rtf joined the channel
2015-10-22T07:59:58 * kasparne_ joined the channel
2015-10-22T07:59:58 * kasparnet has quit
2015-10-22T09:45:53 <kasparne_> ping bosmon
2015-10-22T11:46:45 * michelled joined the channel
2015-10-22T12:19:39 * Justin_o joined the channel
2015-10-22T12:38:36 * anastasiac joined the channel
2015-10-22T12:40:37 * colinclark joined the channel
2015-10-22T13:07:05 * kasparne_ has quit
2015-10-22T13:08:54 * kasparnet joined the channel
2015-10-22T13:34:35 * jessm joined the channel
2015-10-22T13:37:43 * the-t-in-rtf has quit
2015-10-22T13:38:00 * the-t-in-rtf joined the channel
2015-10-22T13:38:40 * colinclark joined the channel
2015-10-22T13:39:53 * alanharnum joined the channel
2015-10-22T13:42:19 * anastasiac joined the channel
2015-10-22T13:44:28 * clown joined the channel
2015-10-22T13:46:27 * alanharnum joined the channel
2015-10-22T13:53:50 * kasparnet has quit
2015-10-22T13:54:15 * kasparnet joined the channel
2015-10-22T14:12:41 * kasparnet has quit
2015-10-22T14:13:14 * kasparnet joined the channel
2015-10-22T14:17:35 * kasparnet has quit
2015-10-22T14:48:48 * kasparnet joined the channel
2015-10-22T14:48:51 * kasparnet has quit
2015-10-22T14:49:25 * kasparnet joined the channel
2015-10-22T14:51:49 * colinclark joined the channel
2015-10-22T14:54:08 * simonjb joined the channel
2015-10-22T14:54:10 * kasparnet has quit
2015-10-22T14:55:21 * michelled joined the channel
2015-10-22T15:06:46 * anastasiac has quit
2015-10-22T15:10:16 * the-t-in-rtf has quit
2015-10-22T15:14:13 * anastasiac joined the channel
2015-10-22T15:35:50 * the-t-in-rtf joined the channel
2015-10-22T15:46:52 * anastasiac joined the channel
2015-10-22T16:24:01 * clown joined the channel
2015-10-22T17:01:20 * michelled joined the channel
2015-10-22T18:09:47 * anastasiac joined the channel
2015-10-22T18:17:49 * clown joined the channel
2015-10-22T18:19:39 * anastasiac_ joined the channel
2015-10-22T18:20:46 * anastasiac has quit
2015-10-22T19:08:43 * colinclark joined the channel
2015-10-22T19:25:13 * colinclark joined the channel
2015-10-22T19:25:14 * alanharnum joined the channel
2015-10-22T19:25:55 * simonjb joined the channel
2015-10-22T19:35:28 * clown joined the channel
2015-10-22T20:09:10 * michelled joined the channel
2015-10-22T22:34:33 * colinclark joined the channel
2015-10-22T22:44:45 * alanharnum has quit
2015-10-22T22:47:47 * colinclark joined the channel
'

