b'2015-03-02T08:15:32 * the-t-in-rtf has quit
2015-03-02T13:50:17 * jessm joined the channel
2015-03-02T13:51:53 * cindyli joined the channel
2015-03-02T14:20:12 * simonjb joined the channel
2015-03-02T14:43:29 * anastasiac joined the channel
2015-03-02T14:50:26 * clown joined the channel
2015-03-02T14:58:16 * simonjb has quit
2015-03-02T15:29:53 * simonjb joined the channel
2015-03-02T16:04:31 * the-t-in-rtf joined the channel
2015-03-02T17:02:54 * anastasiac has quit
2015-03-02T17:05:49 * anastasiac joined the channel
2015-03-02T17:33:05 * anastasiac has quit
2015-03-02T18:23:05 * anastasiac joined the channel
2015-03-02T18:29:37 * cindyli has quit
2015-03-02T19:14:49 * cindyli joined the channel
2015-03-02T19:42:32 * kasparnet joined the channel
2015-03-02T19:46:32 * kasparnet has quit
2015-03-02T19:47:57 * kasparnet joined the channel
2015-03-02T21:33:40 * cindyli has quit
2015-03-02T21:36:21 * kasparnet has quit
2015-03-02T21:37:08 * clown has left the channel
2015-03-02T21:54:32 * clown joined the channel
2015-03-02T21:57:30 * clown has quit
2015-03-02T22:52:58 * jessm has quit
2015-03-02T23:23:12 * anastasiac has quit
2015-03-02T23:47:48 * kasparnet joined the channel
2015-03-02T23:53:35 * simonjb has quit
'

