b'2015-11-24T00:03:16 * Jess_ has quit
2015-11-24T01:45:25 * simonjb has quit
2015-11-24T02:50:48 * colinclark joined the channel
2015-11-24T03:03:51 * colinclark has quit
2015-11-24T03:05:38 * colinclark joined the channel
2015-11-24T04:07:11 * colinclark has quit
2015-11-24T04:19:00 * colinclark joined the channel
2015-11-24T04:19:01 * colinclark has quit
2015-11-24T07:52:32 * the-t-in-rtf joined the channel
2015-11-24T09:13:42 * kasparnet joined the channel
2015-11-24T10:26:02 * kasparnet has quit
2015-11-24T10:28:27 * kasparnet joined the channel
2015-11-24T10:43:50 * kasparnet has quit
2015-11-24T11:10:48 * kasparnet joined the channel
2015-11-24T11:59:23 * kasparnet has quit
2015-11-24T12:21:14 * kasparnet joined the channel
2015-11-24T12:36:41 * kasparnet has quit
2015-11-24T12:44:55 * kasparnet joined the channel
2015-11-24T13:28:14 * Justin_o joined the channel
2015-11-24T13:56:38 * cindyli joined the channel
2015-11-24T14:15:16 * michelled joined the channel
2015-11-24T14:22:57 * anastasiac joined the channel
2015-11-24T14:26:22 * colinclark joined the channel
2015-11-24T14:40:07 * Jess_ joined the channel
2015-11-24T14:43:39 * simonjb joined the channel
2015-11-24T14:52:20 * anastasiac joined the channel
2015-11-24T14:52:57 * clown joined the channel
2015-11-24T15:07:03 * alanharnum joined the channel
2015-11-24T15:41:14 * kasparnet has quit
2015-11-24T15:47:56 * kasparnet joined the channel
2015-11-24T16:03:59 * kasparnet has quit
2015-11-24T16:29:37 * anastasiac joined the channel
2015-11-24T16:34:10 * kasparnet joined the channel
2015-11-24T16:40:33 * cindyli has quit
2015-11-24T16:51:51 * kasparnet has quit
2015-11-24T17:30:40 * alanharnum joined the channel
2015-11-24T17:32:21 * anastasiac joined the channel
2015-11-24T17:36:14 * cindyli joined the channel
2015-11-24T19:01:36 * anastasiac joined the channel
2015-11-24T19:34:48 * clown has quit
2015-11-24T19:41:41 * clown joined the channel
2015-11-24T20:33:04 * the-t-in-rtf has quit
2015-11-24T20:33:29 * the-t-in-rtf joined the channel
2015-11-24T20:34:47 * the-t-in-rtf has quit
2015-11-24T20:46:51 * the-t-in-rtf joined the channel
2015-11-24T20:47:00 * the-t-in-rtf has quit
2015-11-24T21:14:06 * colinclark joined the channel
2015-11-24T21:34:25 * clown joined the channel
2015-11-24T21:36:09 * colinclark joined the channel
2015-11-24T21:36:09 * colinclark has quit
2015-11-24T21:40:20 * colinclark joined the channel
'

