b'2018-02-09T00:02:11 * avtar joined the channel
2018-02-09T01:24:04 * avtar has quit
2018-02-09T01:45:37 * mrtyler joined the channel
2018-02-09T02:05:25 * alanharnum has quit
2018-02-09T04:29:16 * mrtyler joined the channel
2018-02-09T04:34:31 * mrtyler joined the channel
2018-02-09T06:01:04 * mrtyler joined the channel
2018-02-09T07:03:26 * amatas joined the channel
2018-02-09T07:36:20 * mrtyler joined the channel
2018-02-09T07:38:51 * kasparnet joined the channel
2018-02-09T07:58:48 * kasparnet has quit
2018-02-09T08:26:12 * gtirloni joined the channel
2018-02-09T08:46:09 * the-t-in-rtf joined the channel
2018-02-09T09:02:46 * kasparnet joined the channel
2018-02-09T09:17:21 * mrtyler has quit
2018-02-09T09:25:26 * stegru joined the channel
2018-02-09T10:08:17 * kasparnet_ joined the channel
2018-02-09T10:08:20 * kasparnet has quit
2018-02-09T11:09:16 * mrtyler joined the channel
2018-02-09T11:30:57 * the-t-in-rtf has quit
2018-02-09T11:35:59 * amatas_ joined the channel
2018-02-09T11:51:29 * mrtyler has quit
2018-02-09T11:56:22 * mrtyler joined the channel
2018-02-09T12:15:27 * amatas_ has quit
2018-02-09T12:32:38 * jhernandez joined the channel
2018-02-09T13:17:24 * ewbjr has quit
2018-02-09T13:17:43 * ewbjr joined the channel
2018-02-09T13:20:18 * jessm joined the channel
2018-02-09T13:35:02 * cindyli joined the channel
2018-02-09T13:35:20 * mrtyler joined the channel
2018-02-09T13:41:37 * the-t-in-rtf joined the channel
2018-02-09T13:42:40 * michelled joined the channel
2018-02-09T13:45:22 * grrrero joined the channel
2018-02-09T14:19:07 * Justin_o joined the channel
2018-02-09T14:20:04 * clown_ joined the channel
2018-02-09T14:21:06 * michelled has quit
2018-02-09T14:41:44 * amatas_ joined the channel
2018-02-09T14:43:45 * clown_ is now known as clown
2018-02-09T15:16:18 * michelled joined the channel
2018-02-09T15:38:47 * kasparnet joined the channel
2018-02-09T15:40:04 * kasparnet_ has quit
2018-02-09T16:08:11 * colinclark joined the channel
2018-02-09T16:51:44 * simonjb joined the channel
2018-02-09T17:02:57 * colinclark joined the channel
2018-02-09T17:04:02 * colinclark has quit
2018-02-09T17:10:58 * kasparnet has quit
2018-02-09T17:39:52 * colinclark joined the channel
2018-02-09T17:43:26 * simonjb has quit
2018-02-09T18:53:07 * stegru has quit
2018-02-09T19:13:54 * gtirloni joined the channel
2018-02-09T19:22:00 * amatas_ has quit
2018-02-09T19:38:41 * mrtyler has quit
2018-02-09T20:59:43 * michelled joined the channel
2018-02-09T21:25:28 * jhernandez has quit
2018-02-09T21:40:02 * mrtyler joined the channel
2018-02-09T22:03:59 * stegru joined the channel
2018-02-09T22:15:34 * jhernandez joined the channel
2018-02-09T22:52:54 * amatas has quit
2018-02-09T23:32:25 * grrrero has quit
'

