b'2018-04-24T00:08:01 * mrtyler has quit
2018-04-24T00:08:04 * kasparnet_ has quit
2018-04-24T00:28:52 * mrtyler joined the channel
2018-04-24T00:54:42 * jhernandez_ has quit
2018-04-24T03:10:28 * colinclark joined the channel
2018-04-24T03:14:09 * colinclark has quit
2018-04-24T07:33:33 * the-t-in-rtf joined the channel
2018-04-24T08:14:05 * jhernandez_ joined the channel
2018-04-24T08:30:09 * kasparnet_ joined the channel
2018-04-24T08:32:32 * stegru joined the channel
2018-04-24T09:16:46 * jhernandez_ has quit
2018-04-24T09:17:04 * jhernandez joined the channel
2018-04-24T09:17:08 * jhernandez is now known as jhernandez_
2018-04-24T09:21:46 * jhernandez_ has quit
2018-04-24T09:22:04 * jhernandez joined the channel
2018-04-24T09:22:08 * jhernandez is now known as jhernandez_
2018-04-24T09:22:25 * kasparnet_ has quit
2018-04-24T09:24:25 * kasparnet_ joined the channel
2018-04-24T09:51:46 * jhernandez_ has quit
2018-04-24T09:52:04 * jhernandez joined the channel
2018-04-24T09:52:08 * jhernandez is now known as jhernandez_
2018-04-24T09:56:46 * jhernandez_ has quit
2018-04-24T09:57:04 * jhernandez joined the channel
2018-04-24T09:57:08 * jhernandez is now known as jhernandez_
2018-04-24T10:11:46 * jhernandez_ has quit
2018-04-24T10:12:03 * jhernandez joined the channel
2018-04-24T10:12:07 * jhernandez is now known as jhernandez_
2018-04-24T10:16:46 * jhernandez_ has quit
2018-04-24T10:17:04 * jhernandez joined the channel
2018-04-24T10:17:08 * jhernandez is now known as jhernandez_
2018-04-24T11:04:24 * gtirloni joined the channel
2018-04-24T11:05:57 * Justin_o joined the channel
2018-04-24T11:17:48 * sgithens has quit
2018-04-24T11:18:01 * sgithens joined the channel
2018-04-24T11:37:19 * mrtyler has quit
2018-04-24T11:42:38 * Justin_o joined the channel
2018-04-24T11:59:07 * alanharnum joined the channel
2018-04-24T12:21:08 * the-t-in-rtf has quit
2018-04-24T12:21:33 * the-t-in-rtf joined the channel
2018-04-24T12:35:39 * the-t-in-rtf has quit
2018-04-24T12:46:09 * the-t-in-rtf joined the channel
2018-04-24T12:51:05 * cindyli joined the channel
2018-04-24T12:57:27 * simonjb joined the channel
2018-04-24T13:03:40 * avtar joined the channel
2018-04-24T13:40:03 * colinclark joined the channel
2018-04-24T13:49:50 * clown joined the channel
2018-04-24T14:02:41 * mrtyler joined the channel
2018-04-24T14:03:10 * clown joined the channel
2018-04-24T14:03:44 * clown has quit
2018-04-24T14:04:03 * clown joined the channel
2018-04-24T14:07:12 * colinclark has quit
2018-04-24T14:07:39 * grrrero joined the channel
2018-04-24T14:32:10 * michelled joined the channel
2018-04-24T14:36:14 * grrrero has quit
2018-04-24T14:36:27 * grrrero joined the channel
2018-04-24T14:50:07 * the-t-in-rtf has quit
2018-04-24T14:55:26 * clown has quit
2018-04-24T14:57:28 * clown joined the channel
2018-04-24T15:24:49 * colinclark joined the channel
2018-04-24T15:29:52 * colinclark has quit
2018-04-24T15:40:51 * clown has quit
2018-04-24T15:41:34 * clown joined the channel
2018-04-24T15:43:32 * simonjb has quit
2018-04-24T16:10:26 * michelled has quit
2018-04-24T16:11:07 * colinclark joined the channel
2018-04-24T16:15:21 * colinclark has quit
2018-04-24T16:18:58 * simonjb joined the channel
2018-04-24T16:40:00 * michelled joined the channel
2018-04-24T16:40:08 * colinclark joined the channel
2018-04-24T16:57:57 * kasparnet_ has quit
2018-04-24T17:20:19 * stegru has quit
2018-04-24T17:34:07 * michelled has quit
2018-04-24T17:39:28 * kasparnet_ joined the channel
2018-04-24T18:43:07 * michelled joined the channel
2018-04-24T18:43:15 * michelled has quit
2018-04-24T18:45:22 * kasparnet_ has quit
2018-04-24T19:06:42 * alanharnum has quit
2018-04-24T19:06:53 * alanharnum joined the channel
2018-04-24T19:06:54 * alanharnum has quit
2018-04-24T19:24:17 * jhernandez_ has quit
2018-04-24T19:26:17 * stegru joined the channel
2018-04-24T19:33:04 * michelled joined the channel
2018-04-24T19:33:20 * michelled has left the channel
2018-04-24T19:48:18 * kasparnet_ joined the channel
2018-04-24T20:23:32 * cindyli has quit
2018-04-24T20:30:21 * stegru has quit
2018-04-24T20:55:19 * stegru joined the channel
2018-04-24T20:55:56 * clown has quit
2018-04-24T21:01:34 * kasparnet_ has quit
2018-04-24T21:02:03 * michelled joined the channel
2018-04-24T21:21:23 * avtar has quit
2018-04-24T21:29:21 * gtirloni has quit
2018-04-24T21:36:37 * colinclark has quit
2018-04-24T21:36:45 * michelled has quit
2018-04-24T22:02:13 * simonjb has quit
2018-04-24T23:11:11 * stegru has quit
'

