b'2013-12-14T01:04:58 * mrvisser joined the channel
2013-12-14T01:11:44 * mrvisser has quit
2013-12-14T04:21:56 * Justin_o has quit
2013-12-14T04:21:57 * nanook has quit
2013-12-14T04:22:11 * Justin_o joined the channel
2013-12-14T04:22:44 * nanook joined the channel
2013-12-14T11:24:04 * kasparnet joined the channel
2013-12-14T12:41:24 * kasparnet has quit
2013-12-14T12:47:29 * mrvisser joined the channel
2013-12-14T12:49:21 * mrvisser_ joined the channel
2013-12-14T12:49:27 * mrvisser has quit
2013-12-14T13:23:23 * mrvisser joined the channel
2013-12-14T13:25:08 * mrvisser_ has quit
2013-12-14T13:29:33 * mrvisser_ joined the channel
2013-12-14T13:29:51 * mrvisser has quit
2013-12-14T13:54:09 * the-t-in-rtf joined the channel
2013-12-14T14:21:54 * mrvisser_ has quit
2013-12-14T14:47:57 * mrvisser joined the channel
2013-12-14T14:52:42 * kasparnet joined the channel
2013-12-14T15:19:36 * mrvisser has quit
2013-12-14T16:30:10 * mrvisser joined the channel
2013-12-14T16:34:52 * mrvisser has quit
2013-12-14T17:28:25 * gogaserg joined the channel
2013-12-14T17:28:27 * gogaserg has quit
2013-12-14T17:54:31 * savdenis joined the channel
2013-12-14T17:54:32 * savdenis has quit
2013-12-14T18:15:20 * zadviga joined the channel
2013-12-14T18:15:25 * zadviga has quit
2013-12-14T19:03:52 * yzen joined the channel
2013-12-14T19:14:46 * yzen has quit
2013-12-14T19:15:27 * yzen joined the channel
2013-12-14T19:18:58 * yzen has quit
2013-12-14T19:19:15 * yzen joined the channel
2013-12-14T19:22:43 * eugenies joined the channel
2013-12-14T19:22:49 * eugenies has quit
2013-12-14T19:24:40 * the-t-in-rtf has quit
2013-12-14T19:41:34 * sgithens has quit
2013-12-14T19:51:14 * sgithens joined the channel
2013-12-14T20:24:52 * yzen has quit
2013-12-14T21:46:49 * the-t-in-rtf joined the channel
2013-12-14T22:08:47 * kasparnet has quit
2013-12-14T22:15:02 * kasparnet joined the channel
2013-12-14T22:17:52 * mrvisser joined the channel
2013-12-14T22:33:44 * the-t-in-rtf has quit
2013-12-14T22:37:03 * the-t-in-rtf joined the channel
2013-12-14T22:37:07 * the-t-in-rtf has quit
2013-12-14T22:56:32 * the-t-in-rtf joined the channel
2013-12-14T22:56:34 * the-t-in-rtf has quit
2013-12-14T23:49:02 * sgithens has quit
'

