b'2014-11-15T00:07:59 * heidiv joined the channel
2014-11-15T00:22:48 * heidiv has quit
2014-11-15T00:58:29 * Bosmon7 joined the channel
2014-11-15T01:31:41 * Bosmon7 has quit
2014-11-15T01:42:38 * jhernandez has quit
2014-11-15T01:48:26 * kasparne_ has quit
2014-11-15T04:22:22 * kasparnet joined the channel
2014-11-15T04:26:28 * kasparnet has quit
2014-11-15T07:52:14 * kasparnet joined the channel
2014-11-15T08:46:56 * kasparnet has quit
2014-11-15T11:46:46 * heidiv joined the channel
2014-11-15T11:47:05 * heidiv has quit
2014-11-15T13:27:53 * heidiv joined the channel
2014-11-15T13:27:57 * heidiv has quit
2014-11-15T13:41:24 * slim_jim joined the channel
2014-11-15T14:11:01 * kasparnet joined the channel
2014-11-15T14:15:28 * kasparnet has quit
2014-11-15T15:10:33 * yzen joined the channel
2014-11-15T15:20:49 * slim_jim has quit
2014-11-15T15:22:03 * yzen is now known as yzen_
2014-11-15T15:26:46 * yzen_ has quit
2014-11-15T17:01:40 * kasparnet joined the channel
2014-11-15T17:02:02 * kasparnet has quit
2014-11-15T17:03:08 * kasparnet joined the channel
2014-11-15T17:04:04 * kasparnet has quit
2014-11-15T17:23:47 * yzen joined the channel
2014-11-15T17:27:57 * yzen has quit
2014-11-15T17:43:21 * slim_jim joined the channel
2014-11-15T19:40:20 * yzen joined the channel
2014-11-15T19:44:54 * yzen has quit
2014-11-15T19:51:57 * slim_jim has quit
2014-11-15T19:58:18 * -- BotBot disconnected, possible missing messages --
2014-11-15T19:58:18 * -- BotBot disconnected, possible missing messages --
2014-11-15T20:03:40 * -- BotBot disconnected, possible missing messages --
2014-11-15T20:05:43 * -- BotBot disconnected, possible missing messages --
2014-11-15T20:05:43 * -- BotBot disconnected, possible missing messages --
2014-11-15T20:07:56 * [o__o] joined the channel
2014-11-15T21:11:46 * jhernandez joined the channel
2014-11-15T21:13:08 * slim_jim joined the channel
2014-11-15T21:37:52 * slim_jim has quit
2014-11-15T23:47:20 * Bosmon7 joined the channel
'

