b'2015-09-20T02:56:13 * yzen joined the channel
2015-09-20T04:07:33 * alanharnum joined the channel
2015-09-20T04:10:05 * alanharnum joined the channel
2015-09-20T08:10:19 * the-t-in-rtf joined the channel
2015-09-20T12:26:20 * yzen joined the channel
2015-09-20T12:26:20 * yzen is now known as yzen_
2015-09-20T13:21:23 * yzen joined the channel
2015-09-20T13:26:37 * the-t-in-rtf has quit
2015-09-20T13:27:48 * the-t-in-rtf joined the channel
2015-09-20T14:22:06 * the-t-in-rtf has quit
2015-09-20T14:32:38 * slim_ joined the channel
2015-09-20T15:53:37 * the-t-in-rtf joined the channel
2015-09-20T16:09:31 * slim_ has quit
2015-09-20T16:13:00 * slim_ joined the channel
2015-09-20T16:16:39 * Bosmon7 joined the channel
2015-09-20T16:35:26 * slim__ joined the channel
2015-09-20T16:36:43 * slim_ has quit
2015-09-20T16:39:39 * slim__ has quit
2015-09-20T17:58:56 * slim_ joined the channel
2015-09-20T18:43:12 * the-t-in-rtf has quit
2015-09-20T18:44:01 * the-t-in-rtf joined the channel
2015-09-20T19:01:00 * the-t-in-rtf1 joined the channel
2015-09-20T19:03:10 * the-t-in-rtf has quit
2015-09-20T19:49:31 * the-t-in-rtf joined the channel
2015-09-20T19:50:24 * slim_ has quit
2015-09-20T19:52:10 * the-t-in-rtf1 has quit
2015-09-20T19:55:21 * the-t-in-rtf has quit
2015-09-20T21:54:52 * yzen joined the channel
2015-09-20T22:11:35 * Bosmon7 has quit
2015-09-20T22:11:42 * Bosmon7 joined the channel
2015-09-20T22:13:33 * Bosmon8 joined the channel
2015-09-20T22:13:37 * Bosmon7 has quit
2015-09-20T22:30:40 * yzen joined the channel
2015-09-20T22:54:59 * Bosmon8 has quit
'

