b'2017-09-23T03:39:54 * clown joined the channel
2017-09-23T04:48:30 * mrtyler has quit
2017-09-23T08:18:53 * kasparnet joined the channel
2017-09-23T08:49:05 * the-t-in-rtf joined the channel
2017-09-23T08:54:46 * the-t-in-rtf has quit
2017-09-23T09:34:47 * kasparnet has quit
2017-09-23T09:37:11 * javjarfer joined the channel
2017-09-23T10:34:34 * javjarfer has quit
2017-09-23T10:42:48 * stegru joined the channel
2017-09-23T10:50:39 * stegru has quit
2017-09-23T13:11:53 * kasparnet joined the channel
2017-09-23T13:15:27 * kasparnet has quit
2017-09-23T14:00:37 * kasparnet joined the channel
2017-09-23T14:40:57 * kasparne_ joined the channel
2017-09-23T14:41:41 * kasparn__ joined the channel
2017-09-23T14:44:27 * kasparnet has quit
2017-09-23T14:45:05 * kasparne_ has quit
2017-09-23T15:41:51 * kasparn__ has quit
2017-09-23T16:08:43 * javjarfer joined the channel
2017-09-23T16:53:46 * amatas joined the channel
2017-09-23T17:11:35 * the-t-in-rtf joined the channel
2017-09-23T17:35:22 * javjarfer has quit
2017-09-23T17:40:22 * the-t-in-rtf has quit
2017-09-23T18:23:08 * javjarfer joined the channel
2017-09-23T18:28:34 * javjarfer has quit
2017-09-23T18:58:57 * grrrero has quit
2017-09-23T19:15:57 * javjarfer joined the channel
2017-09-23T19:27:35 * javjarfer has quit
2017-09-23T20:35:00 * stegru joined the channel
2017-09-23T20:51:45 * stegru has quit
2017-09-23T21:12:03 * amatas has quit
2017-09-23T21:38:45 * stegru joined the channel
2017-09-23T22:33:05 * stegru has quit
'

