b'2018-10-20T02:32:06 * jhernandez has quit
2018-10-20T07:08:19 * dandimitrov joined the channel
2018-10-20T08:29:07 * dandimitrov has quit
2018-10-20T09:09:07 * kasparnet joined the channel
2018-10-20T10:12:12 * kasparnet has quit
2018-10-20T10:37:26 * jhernandez joined the channel
2018-10-20T10:38:34 * jhernandez has quit
2018-10-20T10:38:43 * jhernandez joined the channel
2018-10-20T11:12:12 * jhernandez has quit
2018-10-20T11:13:09 * kasparnet joined the channel
2018-10-20T11:15:56 * the-t-in-rtf1 joined the channel
2018-10-20T11:19:09 * the-t-in-rtf has quit
2018-10-20T13:59:40 * kasparnet_ joined the channel
2018-10-20T14:02:06 * kasparnet has quit
2018-10-20T17:28:08 * dandimitrov joined the channel
2018-10-20T17:46:23 * dandimitrov has quit
2018-10-20T17:50:16 * dandimitrov joined the channel
2018-10-20T17:51:41 * dandimitrov has quit
2018-10-20T17:59:48 * dandimitrov joined the channel
2018-10-20T18:23:36 * dandimitrov has quit
2018-10-20T18:48:47 * jhernandez joined the channel
2018-10-20T18:49:46 * jhernandez has quit
2018-10-20T18:49:55 * jhernandez joined the channel
2018-10-20T23:10:33 * kasparnet_ has quit
'

