b'2016-11-13T07:55:27 * amatas joined the channel
2016-11-13T07:57:39 * amatas has quit
2016-11-13T09:50:51 * the-t-in-rtf1 has quit
2016-11-13T09:57:13 * the-t-in-rtf joined the channel
2016-11-13T10:13:51 * the-t-in-rtf1 joined the channel
2016-11-13T10:13:51 * the-t-in-rtf has quit
2016-11-13T14:59:15 * simonjb joined the channel
2016-11-13T14:59:41 * simonjb has left the channel
2016-11-13T17:03:25 * stegru joined the channel
2016-11-13T17:24:23 * the-t-in-rtf1 has quit
2016-11-13T18:07:08 * stegru has quit
2016-11-13T18:07:08 * jhernandez joined the channel
2016-11-13T18:11:47 * stegru joined the channel
2016-11-13T18:30:02 * the-t-in-rtf joined the channel
2016-11-13T19:15:28 * stegru has quit
2016-11-13T19:24:30 * stegru joined the channel
2016-11-13T19:40:56 * jhernandez has quit
2016-11-13T20:10:14 * the-t-in-rtf has quit
2016-11-13T20:13:16 * the-t-in-rtf joined the channel
2016-11-13T20:14:11 * the-t-in-rtf has quit
2016-11-13T20:28:21 * stegru has quit
2016-11-13T20:40:53 * stegru joined the channel
2016-11-13T22:07:45 * jhernandez joined the channel
2016-11-13T23:04:11 * stegru has quit
2016-11-13T23:42:11 * yzen joined the channel
'

