b'2015-01-10T01:36:10 * michelled has quit
2015-01-10T01:45:33 * jhung has quit
2015-01-10T03:18:19 * kasparnet has quit
2015-01-10T04:04:47 * rk29 joined the channel
2015-01-10T04:32:28 * rk29 has quit
2015-01-10T04:34:13 * rk29 joined the channel
2015-01-10T05:13:28 * rk29 has quit
2015-01-10T06:18:01 * rk29 joined the channel
2015-01-10T07:30:54 * rk29 has quit
2015-01-10T07:31:16 * rk29 joined the channel
2015-01-10T07:31:39 * rk29 has quit
2015-01-10T11:21:02 * kasparnet joined the channel
2015-01-10T15:52:35 * rk29 joined the channel
2015-01-10T16:01:27 * jhung joined the channel
2015-01-10T16:16:04 * rk29 has quit
2015-01-10T16:22:24 * rk29 joined the channel
2015-01-10T16:23:01 * jhung has quit
2015-01-10T16:51:00 * rk29 has quit
2015-01-10T16:51:29 * rk29 joined the channel
2015-01-10T17:29:38 * rk29 has quit
2015-01-10T18:09:57 * rk29 joined the channel
2015-01-10T18:24:40 * rk29 has quit
'

