b'2015-10-25T03:21:45 * yzen joined the channel
2015-10-25T07:55:30 * the-t-in-rtf has quit
2015-10-25T09:01:41 * the-t-in-rtf joined the channel
2015-10-25T09:05:09 * the-t-in-rtf has quit
2015-10-25T09:05:40 * the-t-in-rtf joined the channel
2015-10-25T10:07:30 * slim_ joined the channel
2015-10-25T12:25:11 * the-t-in-rtf has quit
2015-10-25T12:37:56 * the-t-in-rtf joined the channel
2015-10-25T12:42:16 * the-t-in-rtf1 joined the channel
2015-10-25T12:42:47 * the-t-in-rtf has quit
2015-10-25T12:42:49 <slim_> aaarrrrgggggg
2015-10-25T12:50:35 * the-t-in-rtf1 has quit
2015-10-25T12:53:55 * the-t-in-rtf joined the channel
2015-10-25T13:28:28 * slim_ has quit
2015-10-25T13:38:45 * slim_ joined the channel
2015-10-25T17:25:31 * Bosmon has quit
2015-10-25T17:29:22 * Bosmon joined the channel
2015-10-25T18:05:55 * slim_ has quit
2015-10-25T19:00:07 * slim_ joined the channel
2015-10-25T19:25:10 * slim_ has quit
2015-10-25T21:40:37 * yzen joined the channel
'

