b'2017-05-21T08:55:56 * stegru joined the channel
2017-05-21T09:01:31 * stegru has quit
2017-05-21T09:08:54 * stegru joined the channel
2017-05-21T09:21:48 * amatas joined the channel
2017-05-21T09:25:39 * amatas has quit
2017-05-21T09:51:43 * stegru has quit
2017-05-21T12:01:26 * kasparnet joined the channel
2017-05-21T12:06:03 * kasparnet has quit
2017-05-21T13:18:27 * jhernandez has quit
2017-05-21T13:19:55 * jhernandez joined the channel
2017-05-21T13:21:40 * the-t-in-rtf joined the channel
2017-05-21T13:28:10 * jhernandez has quit
2017-05-21T13:28:43 * jhernandez joined the channel
2017-05-21T13:58:10 * jhernandez has quit
2017-05-21T14:39:44 * kasparnet joined the channel
2017-05-21T14:56:45 * kasparnet has quit
2017-05-21T15:58:18 * kasparnet joined the channel
2017-05-21T16:02:56 * kasparnet has quit
2017-05-21T16:44:23 * kasparnet joined the channel
2017-05-21T17:14:51 * kasparnet has quit
2017-05-21T17:59:39 * kasparnet joined the channel
2017-05-21T18:05:28 * amatas joined the channel
2017-05-21T18:32:33 * sirdancealot joined the channel
2017-05-21T18:44:59 * noveens joined the channel
2017-05-21T19:38:53 * jhernandez joined the channel
2017-05-21T19:59:10 * amatas has quit
2017-05-21T20:19:54 * kasparnet has quit
2017-05-21T21:26:59 * amatas joined the channel
2017-05-21T22:06:18 * amatas has quit
2017-05-21T22:28:39 * sirdancealot joined the channel
2017-05-21T23:11:35 * sirdancealot has quit
'

