b'2018-06-29T02:02:25 * jhernandez has quit
2018-06-29T02:02:40 * jhernandez joined the channel
2018-06-29T04:24:42 * mrtyler joined the channel
2018-06-29T05:03:51 * danayo joined the channel
2018-06-29T05:04:03 * danayo_ joined the channel
2018-06-29T05:10:20 * danayo has quit
2018-06-29T06:50:17 * kasparnet joined the channel
2018-06-29T07:44:26 * georgitodorov joined the channel
2018-06-29T07:47:32 * kasparnet has quit
2018-06-29T07:58:20 * georgit joined the channel
2018-06-29T07:59:10 * georgitodorov has quit
2018-06-29T10:19:18 * jhernandez has quit
2018-06-29T10:19:43 * jhernandez joined the channel
2018-06-29T10:55:24 * gtirloni joined the channel
2018-06-29T11:31:52 * dandimitrov_ joined the channel
2018-06-29T11:32:10 * georgi_todorov joined the channel
2018-06-29T11:35:45 * dandimitrov__ has quit
2018-06-29T11:36:14 * georgit has quit
2018-06-29T12:02:41 * alanharnum joined the channel
2018-06-29T12:38:40 * cindyli joined the channel
2018-06-29T13:04:27 * jhung joined the channel
2018-06-29T13:10:25 * colinclark joined the channel
2018-06-29T13:35:29 * sepidehshahi joined the channel
2018-06-29T14:01:55 * kasparnet joined the channel
2018-06-29T14:03:19 * clown_ joined the channel
2018-06-29T14:22:59 * clown_ is now known as clonw
2018-06-29T14:23:08 * clonw is now known as clown_
2018-06-29T14:23:23 * georgi_todorov has quit
2018-06-29T14:27:25 * jhernandez has quit
2018-06-29T14:27:46 * jhernandez joined the channel
2018-06-29T14:57:08 * michelled joined the channel
2018-06-29T14:57:08 * michelled has quit
2018-06-29T15:15:29 * mrtyler joined the channel
2018-06-29T15:32:24 <clown_> cindyli:  standup, if you can make it.
2018-06-29T15:32:30 * clown_ is now known as clown
2018-06-29T15:33:05 <clown> *standup
2018-06-29T15:40:02 * kasparnet has quit
2018-06-29T15:45:22 * colinclark joined the channel
2018-06-29T16:00:50 * cindyli has quit
2018-06-29T16:01:11 * cindyli joined the channel
2018-06-29T16:06:21 * jhernandez has quit
2018-06-29T16:09:46 * VictorNG joined the channel
2018-06-29T16:09:49 * jhernandez_ joined the channel
2018-06-29T16:10:46 * jhernandez_ has quit
2018-06-29T16:10:58 * jhernandez joined the channel
2018-06-29T16:11:06 * jhernandez is now known as jhernandez_
2018-06-29T16:12:43 * danayo joined the channel
2018-06-29T16:14:56 * sepidehshahi joined the channel
2018-06-29T16:17:48 * javjarfer[m] has quit
2018-06-29T16:17:48 * amatas[m] has quit
2018-06-29T16:18:02 * VictorNG has quit
2018-06-29T16:23:06 * VictorNG__ joined the channel
2018-06-29T16:44:46 * mrtyler has quit
2018-06-29T16:53:00 * danayo has quit
2018-06-29T17:01:50 * amatas[m] joined the channel
2018-06-29T17:09:00 * mrtyler joined the channel
2018-06-29T17:14:32 * gtirloni has quit
2018-06-29T17:14:57 * gtirloni joined the channel
2018-06-29T17:17:49 * cindyli has quit
2018-06-29T17:18:05 * cindyli joined the channel
2018-06-29T17:19:28 * suranamudit[m] joined the channel
2018-06-29T17:19:28 * javjarfer[m] joined the channel
2018-06-29T17:31:59 * VictorNG__ has quit
2018-06-29T17:35:02 * VictorNG joined the channel
2018-06-29T17:48:15 * VictorNG has quit
2018-06-29T17:48:38 * VictorNG joined the channel
2018-06-29T17:56:48 * cindyli has quit
2018-06-29T18:08:22 * VictorNG has quit
2018-06-29T18:14:10 * alanharnum joined the channel
2018-06-29T18:16:55 * VictorNG joined the channel
2018-06-29T18:30:12 * VictorNG has quit
2018-06-29T18:39:49 * cindyli joined the channel
2018-06-29T18:45:59 * VictorNG joined the channel
2018-06-29T18:53:30 * sepidehshahi has quit
2018-06-29T19:01:09 * sepidehshahi joined the channel
2018-06-29T19:09:18 * jhung joined the channel
2018-06-29T19:10:19 * VictorNG has quit
2018-06-29T19:28:03 * VictorNG joined the channel
2018-06-29T19:32:02 * sepidehshahi has quit
2018-06-29T19:32:44 * sepidehshahi joined the channel
2018-06-29T19:37:10 * sepidehshahi has quit
2018-06-29T20:09:04 * jhung has quit
2018-06-29T20:11:57 * alanharnum has quit
2018-06-29T20:16:56 * alanharnum joined the channel
2018-06-29T20:18:17 * jhernandez_ has quit
2018-06-29T20:18:33 * jhernandez_ joined the channel
2018-06-29T20:32:42 * alanharnum has quit
2018-06-29T20:43:50 * alanharnum joined the channel
2018-06-29T20:54:43 * alanharnum joined the channel
2018-06-29T20:58:40 * alanharnum has quit
2018-06-29T20:58:45 * alanharnum2 joined the channel
2018-06-29T21:01:12 * alanharnum2 has quit
2018-06-29T21:08:52 * clown has quit
2018-06-29T21:10:42 * mrtyler joined the channel
2018-06-29T21:21:48 * cindyli has quit
2018-06-29T22:11:13 * mrtyler has quit
2018-06-29T22:16:01 * colinclark joined the channel
2018-06-29T22:16:09 * colinclark has quit
2018-06-29T23:29:21 * mrtyler joined the channel
2018-06-29T23:44:47 * VictorNG has quit
'

