b'2014-10-12T01:34:22 * jhernandez has quit
2014-10-12T08:12:45 * kasparnet joined the channel
2014-10-12T08:29:27 * kasparnet has quit
2014-10-12T09:26:56 * kasparnet joined the channel
2014-10-12T11:06:53 * slim joined the channel
2014-10-12T11:39:36 * kasparnet has quit
2014-10-12T12:09:22 * kasparnet joined the channel
2014-10-12T15:31:32 * kasparnet has quit
2014-10-12T15:33:58 * kasparnet joined the channel
2014-10-12T15:46:29 * slim has quit
2014-10-12T17:13:45 * yzen joined the channel
2014-10-12T17:19:41 * yzen has quit
2014-10-12T17:30:26 * jhernandez joined the channel
2014-10-12T17:44:28 * kasparnet has quit
2014-10-12T17:57:07 * slim joined the channel
2014-10-12T17:57:28 * kasparnet joined the channel
2014-10-12T18:02:00 * slim has quit
2014-10-12T18:12:27 * jhernandez has quit
2014-10-12T19:01:52 * jhernandez joined the channel
2014-10-12T19:07:30 * kasparnet has quit
2014-10-12T20:11:06 * jhernandez has quit
2014-10-12T20:48:51 * jhernandez joined the channel
'

