b"2015-02-26T00:56:20 * Justin_o has quit
2015-02-26T00:57:11 * colinclark joined the channel
2015-02-26T00:57:29 * Bosmon7 joined the channel
2015-02-26T01:04:49 * Bosmon7 has quit
2015-02-26T01:22:03 * Bosmon7 joined the channel
2015-02-26T01:26:49 * Bosmon7 has quit
2015-02-26T01:44:11 * colinclark has quit
2015-02-26T02:13:46 * danaayotte joined the channel
2015-02-26T02:18:26 * danaayotte has quit
2015-02-26T03:10:09 * Bosmon7 joined the channel
2015-02-26T05:33:13 * Bosmon7 has quit
2015-02-26T06:18:12 * yzen joined the channel
2015-02-26T07:09:45 * yzen_ joined the channel
2015-02-26T07:35:55 * yzen_ has quit
2015-02-26T07:49:48 * the-t-in-rtf has quit
2015-02-26T09:01:58 * the-t-in-rtf joined the channel
2015-02-26T12:03:37 * Bosmon7 joined the channel
2015-02-26T12:29:13 * danaayotte joined the channel
2015-02-26T12:41:56 * kasparnet joined the channel
2015-02-26T12:47:08 * kasparnet has quit
2015-02-26T12:48:10 * danaayotte has quit
2015-02-26T12:49:22 * Bosmon7 has quit
2015-02-26T13:09:32 * Justin_o joined the channel
2015-02-26T13:11:32 * anastasiac joined the channel
2015-02-26T13:15:03 * jessm joined the channel
2015-02-26T13:30:45 * Bosmon7 joined the channel
2015-02-26T13:35:35 * kasparnet joined the channel
2015-02-26T13:38:29 * cindyli joined the channel
2015-02-26T13:41:33 * the-t-in-rtf has quit
2015-02-26T13:54:50 * the-t-in-rtf joined the channel
2015-02-26T14:05:31 * danaayotte joined the channel
2015-02-26T14:05:36 * danaayotte has quit
2015-02-26T14:05:48 * slim_jim joined the channel
2015-02-26T14:06:17 * kasparnet has quit
2015-02-26T14:19:55 * anvk joined the channel
2015-02-26T14:32:35 * anastasiac_ joined the channel
2015-02-26T14:34:05 * anastasiac has quit
2015-02-26T14:34:05 * anastasiac_ is now known as anastasiac
2015-02-26T14:35:57 * cindyli1 joined the channel
2015-02-26T14:38:03 * cindyli has quit
2015-02-26T14:41:11 * Bosmon7 has quit
2015-02-26T14:41:37 * clown joined the channel
2015-02-26T14:50:04 * the-t-in-rtf has quit
2015-02-26T15:01:12 * colinclark joined the channel
2015-02-26T15:27:07 * Bosmon7 joined the channel
2015-02-26T15:27:55 * anvk has quit
2015-02-26T15:31:42 * anvk joined the channel
2015-02-26T15:32:16 * the-t-in-rtf joined the channel
2015-02-26T15:37:27 * the-t-in-rtf has quit
2015-02-26T15:43:54 * cindyli1 has quit
2015-02-26T15:48:48 * cindyli joined the channel
2015-02-26T16:08:40 * anvk has quit
2015-02-26T16:31:53 * anastasiac has quit
2015-02-26T16:38:16 * yzen joined the channel
2015-02-26T16:40:19 * anastasiac joined the channel
2015-02-26T16:53:32 * cindyli has quit
2015-02-26T16:59:21 * anastasiac_ joined the channel
2015-02-26T17:00:48 * anastasiac has quit
2015-02-26T17:00:48 * anastasiac_ is now known as anastasiac
2015-02-26T17:01:13 * cindyli joined the channel
2015-02-26T17:01:54 * jessm has quit
2015-02-26T17:23:43 * sam9847 joined the channel
2015-02-26T17:23:49 <sam9847> testing 1st message
2015-02-26T17:23:58 <Justin_o> sam9847: hello
2015-02-26T17:24:02 <sam9847> MDN svg text example: https://developer.mozilla.org/en-US/docs/Web/SVG/Element/text
2015-02-26T17:24:05 <sam9847> hi there!
2015-02-26T17:28:44 * colinclark has quit
2015-02-26T17:31:57 * Bosmon7 has quit
2015-02-26T17:32:15 * cindyli has quit
2015-02-26T17:32:31 * sam9847 has quit
2015-02-26T17:38:30 * anastasiac has quit
2015-02-26T17:46:13 * the-t-in-rtf joined the channel
2015-02-26T17:56:37 * anvk joined the channel
2015-02-26T18:14:36 * cindyli joined the channel
2015-02-26T18:18:59 * cindyli has quit
2015-02-26T18:19:09 * colinclark joined the channel
2015-02-26T18:21:23 * cindyli joined the channel
2015-02-26T18:23:05 * the-t-in-rtf has quit
2015-02-26T18:24:44 * the-t-in-rtf joined the channel
2015-02-26T18:26:28 * colinclark has quit
2015-02-26T18:30:02 * anastasiac joined the channel
2015-02-26T18:40:06 * sam21r31 joined the channel
2015-02-26T18:40:11 <sam21r31> http://people.mozilla.org/~dbolter/svg-checkbox-test.html
2015-02-26T18:40:13 * colinclark joined the channel
2015-02-26T18:45:27 * Bosmon7 joined the channel
2015-02-26T19:02:46 * danaayotte joined the channel
2015-02-26T19:24:16 * anvk has quit
2015-02-26T19:37:07 * sam21r31 has quit
2015-02-26T19:44:48 * anvk joined the channel
2015-02-26T20:08:21 * yzen joined the channel
2015-02-26T20:13:39 * clown has quit
2015-02-26T20:14:39 * colinclark has quit
2015-02-26T20:15:59 * danaayotte has quit
2015-02-26T20:18:19 * anastasiac has quit
2015-02-26T20:24:26 * cindyli has quit
2015-02-26T20:26:29 * Bosmon7 has quit
2015-02-26T20:27:56 * clown joined the channel
2015-02-26T20:29:40 * Bosmon7 joined the channel
2015-02-26T20:32:31 * anastasiac joined the channel
2015-02-26T20:42:26 * colinclark joined the channel
2015-02-26T20:47:02 <yzen> colinclark do you know if we are supposed to be in that room to present ?
2015-02-26T20:47:13 <colinclark> I have no idea
2015-02-26T20:47:14 <colinclark> good question
2015-02-26T20:48:27 <colinclark> yzen: We can use the microphone in this room
2015-02-26T20:48:34 <yzen> cool
2015-02-26T20:48:37 <colinclark> they're going to the collab room next, and then our room last
2015-02-26T20:48:43 <yzen> oh ok
2015-02-26T21:26:29 * anvk has quit
2015-02-26T21:28:34 * yzen joined the channel
2015-02-26T21:28:35 * yzen has quit
2015-02-26T21:35:51 * colinclark has quit
2015-02-26T21:36:38 * anastasiac has quit
2015-02-26T21:38:20 * kasparnet joined the channel
2015-02-26T21:39:49 * Bosmon7 has quit
2015-02-26T21:47:19 <clown> Justin_o:  this might be useful https://www.youtube.com/watch?v=W1VUr544i84
2015-02-26T21:49:20 * clown has quit
2015-02-26T21:50:41 * anastasiac joined the channel
2015-02-26T21:54:20 * danaayotte joined the channel
2015-02-26T21:55:57 * cindyli joined the channel
2015-02-26T21:58:16 * kasparnet has quit
2015-02-26T22:01:19 * anastasiac has quit
2015-02-26T22:05:08 * cindyli has quit
2015-02-26T22:35:56 * danaayotte has quit
2015-02-26T23:11:06 * carver404 joined the channel
2015-02-26T23:11:06 * carver404 has quit
2015-02-26T23:12:08 * carver404 joined the channel
2015-02-26T23:33:18 * anastasiac joined the channel
2015-02-26T23:36:20 * Justin_o has quit
2015-02-26T23:42:33 * carver404 is now known as carver404|afk
"

