b'2014-04-20T01:44:32 * jhernandez has quit
2014-04-20T02:56:53 * Bosmon7 joined the channel
2014-04-20T07:19:27 * Bosmon2 has quit
2014-04-20T07:19:39 * Bosmon7 has quit
2014-04-20T07:21:46 * Bosmon7 joined the channel
2014-04-20T07:22:59 * Bosmon joined the channel
2014-04-20T09:08:27 * SonicX has quit
2014-04-20T09:35:51 * the-t-in-rtf1 has quit
2014-04-20T09:36:19 * the-t-in-rtf joined the channel
2014-04-20T09:45:55 * the-t-in-rtf has quit
2014-04-20T09:46:34 * the-t-in-rtf joined the channel
2014-04-20T10:47:27 * kasparnet joined the channel
2014-04-20T11:16:52 * kasparnet has quit
2014-04-20T11:57:33 * kasparnet joined the channel
2014-04-20T11:58:32 * kasparnet has quit
2014-04-20T17:12:28 * SonicX joined the channel
2014-04-20T17:21:15 * jhernandez joined the channel
2014-04-20T17:44:26 * karan10 joined the channel
2014-04-20T17:44:31 * karan10 has quit
2014-04-20T20:17:15 * jhernandez has quit
2014-04-20T20:18:20 * jhernandez joined the channel
2014-04-20T20:24:17 * jhernand1z joined the channel
2014-04-20T20:36:21 * jhernand1z has quit
2014-04-20T21:25:43 * SonicX has quit
2014-04-20T21:34:34 * SonicX joined the channel
2014-04-20T21:40:25 * kasparnet joined the channel
2014-04-20T22:27:43 * jhernandez has quit
2014-04-20T23:15:15 * kasparnet has quit
'

