b'2017-05-30T22:00:55 * -- BotBot disconnected, possible missing messages --
2017-05-30T22:05:16 * -- BotBot disconnected, possible missing messages --
2017-05-30T22:07:45 * -- BotBot disconnected, possible missing messages --
2017-05-30T22:10:58 * -- BotBot disconnected, possible missing messages --
2017-05-30T22:13:27 * -- BotBot disconnected, possible missing messages --
2017-05-30T22:15:58 * -- BotBot disconnected, possible missing messages --
2017-05-30T22:18:28 * -- BotBot disconnected, possible missing messages --
2017-05-30T22:20:58 * -- BotBot disconnected, possible missing messages --
2017-05-30T22:23:28 * -- BotBot disconnected, possible missing messages --
2017-05-30T22:26:00 * -- BotBot disconnected, possible missing messages --
2017-05-30T22:28:28 * -- BotBot disconnected, possible missing messages --
2017-05-30T22:30:46 * -- BotBot disconnected, possible missing messages --
2017-05-30T22:33:09 * -- BotBot disconnected, possible missing messages --
2017-05-30T22:35:36 * -- BotBot disconnected, possible missing messages --
2017-05-30T22:38:06 * -- BotBot disconnected, possible missing messages --
2017-05-30T22:40:35 * -- BotBot disconnected, possible missing messages --
2017-05-30T22:43:06 * -- BotBot disconnected, possible missing messages --
2017-05-30T22:45:35 * -- BotBot disconnected, possible missing messages --
2017-05-30T22:48:05 * -- BotBot disconnected, possible missing messages --
2017-05-30T22:50:35 * -- BotBot disconnected, possible missing messages --
2017-05-30T22:53:04 * -- BotBot disconnected, possible missing messages --
2017-05-30T22:55:35 * -- BotBot disconnected, possible missing messages --
2017-05-30T22:58:05 * -- BotBot disconnected, possible missing messages --
2017-05-30T23:00:35 * -- BotBot disconnected, possible missing messages --
2017-05-30T23:03:03 * -- BotBot disconnected, possible missing messages --
2017-05-30T23:05:21 * -- BotBot disconnected, possible missing messages --
2017-05-30T23:07:41 * -- BotBot disconnected, possible missing messages --
2017-05-30T23:10:10 * -- BotBot disconnected, possible missing messages --
2017-05-30T23:10:10 * -- BotBot disconnected, possible missing messages --
2017-05-30T23:12:39 * -- BotBot disconnected, possible missing messages --
2017-05-30T23:15:10 * -- BotBot disconnected, possible missing messages --
2017-05-30T23:17:38 * -- BotBot disconnected, possible missing messages --
2017-05-30T23:19:56 * -- BotBot disconnected, possible missing messages --
2017-05-30T23:23:33 * -- BotBot disconnected, possible missing messages --
2017-05-30T23:26:03 * -- BotBot disconnected, possible missing messages --
2017-05-30T23:28:33 * -- BotBot disconnected, possible missing messages --
2017-05-30T23:30:51 * -- BotBot disconnected, possible missing messages --
2017-05-30T23:33:12 * -- BotBot disconnected, possible missing messages --
2017-05-30T23:35:29 * -- BotBot disconnected, possible missing messages --
2017-05-30T23:37:58 * -- BotBot disconnected, possible missing messages --
2017-05-30T23:40:28 * -- BotBot disconnected, possible missing messages --
2017-05-30T23:42:57 * -- BotBot disconnected, possible missing messages --
2017-05-30T23:45:28 * -- BotBot disconnected, possible missing messages --
2017-05-30T23:47:57 * -- BotBot disconnected, possible missing messages --
2017-05-30T23:50:14 * -- BotBot disconnected, possible missing messages --
2017-05-30T23:52:44 * -- BotBot disconnected, possible missing messages --
2017-05-30T23:55:13 * -- BotBot disconnected, possible missing messages --
2017-05-30T23:57:35 * -- BotBot disconnected, possible missing messages --
2017-05-30T23:59:57 * -- BotBot disconnected, possible missing messages --
'

b'2017-05-30T15:40:27 * -- BotBot disconnected, possible missing messages --
2017-05-30T15:42:49 * -- BotBot disconnected, possible missing messages --
2017-05-30T15:45:17 * -- BotBot disconnected, possible missing messages --
2017-05-30T15:47:46 * -- BotBot disconnected, possible missing messages --
2017-05-30T15:50:07 * -- BotBot disconnected, possible missing messages --
2017-05-30T15:52:38 * -- BotBot disconnected, possible missing messages --
2017-05-30T15:54:57 * -- BotBot disconnected, possible missing messages --
2017-05-30T15:57:28 * -- BotBot disconnected, possible missing messages --
2017-05-30T15:59:56 * -- BotBot disconnected, possible missing messages --
2017-05-30T16:02:26 * -- BotBot disconnected, possible missing messages --
2017-05-30T16:04:57 * -- BotBot disconnected, possible missing messages --
2017-05-30T16:07:25 * -- BotBot disconnected, possible missing messages --
2017-05-30T16:09:47 * -- BotBot disconnected, possible missing messages --
2017-05-30T16:12:09 * -- BotBot disconnected, possible missing messages --
2017-05-30T16:14:37 * -- BotBot disconnected, possible missing messages --
2017-05-30T16:16:56 * -- BotBot disconnected, possible missing messages --
2017-05-30T16:19:17 * -- BotBot disconnected, possible missing messages --
2017-05-30T16:27:34 * -- BotBot disconnected, possible missing messages --
2017-05-30T16:29:52 * -- BotBot disconnected, possible missing messages --
2017-05-30T16:33:11 * -- BotBot disconnected, possible missing messages --
2017-05-30T16:35:40 * -- BotBot disconnected, possible missing messages --
2017-05-30T16:38:09 * -- BotBot disconnected, possible missing messages --
2017-05-30T16:40:29 * -- BotBot disconnected, possible missing messages --
2017-05-30T16:42:46 * -- BotBot disconnected, possible missing messages --
2017-05-30T16:45:15 * -- BotBot disconnected, possible missing messages --
2017-05-30T16:47:45 * -- BotBot disconnected, possible missing messages --
2017-05-30T16:50:13 * -- BotBot disconnected, possible missing messages --
2017-05-30T16:52:33 * -- BotBot disconnected, possible missing messages --
2017-05-30T16:55:02 * -- BotBot disconnected, possible missing messages --
2017-05-30T16:57:32 * -- BotBot disconnected, possible missing messages --
2017-05-30T17:00:02 * -- BotBot disconnected, possible missing messages --
2017-05-30T17:02:32 * -- BotBot disconnected, possible missing messages --
2017-05-30T17:05:02 * -- BotBot disconnected, possible missing messages --
2017-05-30T17:07:31 * -- BotBot disconnected, possible missing messages --
2017-05-30T17:10:01 * -- BotBot disconnected, possible missing messages --
2017-05-30T17:12:30 * -- BotBot disconnected, possible missing messages --
2017-05-30T17:15:00 * -- BotBot disconnected, possible missing messages --
2017-05-30T17:15:00 * -- BotBot disconnected, possible missing messages --
2017-05-30T17:17:30 * -- BotBot disconnected, possible missing messages --
2017-05-30T17:19:59 * -- BotBot disconnected, possible missing messages --
2017-05-30T17:22:30 * -- BotBot disconnected, possible missing messages --
2017-05-30T17:24:50 * -- BotBot disconnected, possible missing messages --
2017-05-30T17:27:19 * -- BotBot disconnected, possible missing messages --
2017-05-30T17:29:49 * -- BotBot disconnected, possible missing messages --
2017-05-30T17:32:19 * -- BotBot disconnected, possible missing messages --
2017-05-30T17:34:48 * -- BotBot disconnected, possible missing messages --
2017-05-30T17:37:16 * -- BotBot disconnected, possible missing messages --
2017-05-30T17:39:46 * -- BotBot disconnected, possible missing messages --
2017-05-30T17:44:50 * -- BotBot disconnected, possible missing messages --
2017-05-30T17:49:09 * -- BotBot disconnected, possible missing messages --
2017-05-30T17:51:29 * -- BotBot disconnected, possible missing messages --
2017-05-30T17:53:49 * -- BotBot disconnected, possible missing messages --
2017-05-30T17:56:16 * -- BotBot disconnected, possible missing messages --
2017-05-30T17:58:46 * -- BotBot disconnected, possible missing messages --
2017-05-30T18:01:13 * -- BotBot disconnected, possible missing messages --
2017-05-30T18:03:43 * -- BotBot disconnected, possible missing messages --
2017-05-30T18:06:01 * -- BotBot disconnected, possible missing messages --
2017-05-30T18:08:30 * -- BotBot disconnected, possible missing messages --
2017-05-30T18:10:51 * -- BotBot disconnected, possible missing messages --
2017-05-30T18:13:13 * -- BotBot disconnected, possible missing messages --
2017-05-30T18:15:43 * -- BotBot disconnected, possible missing messages --
2017-05-30T18:18:13 * -- BotBot disconnected, possible missing messages --
2017-05-30T18:20:33 * -- BotBot disconnected, possible missing messages --
2017-05-30T18:23:02 * -- BotBot disconnected, possible missing messages --
2017-05-30T18:25:32 * -- BotBot disconnected, possible missing messages --
2017-05-30T18:27:53 * -- BotBot disconnected, possible missing messages --
2017-05-30T18:30:15 * -- BotBot disconnected, possible missing messages --
2017-05-30T18:32:35 * -- BotBot disconnected, possible missing messages --
2017-05-30T18:35:02 * -- BotBot disconnected, possible missing messages --
2017-05-30T18:37:21 * -- BotBot disconnected, possible missing messages --
2017-05-30T18:40:17 * -- BotBot disconnected, possible missing messages --
2017-05-30T18:42:47 * -- BotBot disconnected, possible missing messages --
2017-05-30T18:45:42 * -- BotBot disconnected, possible missing messages --
2017-05-30T18:49:02 * -- BotBot disconnected, possible missing messages --
2017-05-30T18:51:29 * -- BotBot disconnected, possible missing messages --
2017-05-30T18:53:50 * -- BotBot disconnected, possible missing messages --
2017-05-30T18:56:20 * -- BotBot disconnected, possible missing messages --
2017-05-30T18:58:48 * -- BotBot disconnected, possible missing messages --
2017-05-30T19:01:10 * -- BotBot disconnected, possible missing messages --
2017-05-30T19:03:30 * -- BotBot disconnected, possible missing messages --
2017-05-30T19:06:00 * -- BotBot disconnected, possible missing messages --
2017-05-30T19:08:21 * -- BotBot disconnected, possible missing messages --
2017-05-30T19:10:53 * -- BotBot disconnected, possible missing messages --
2017-05-30T19:15:48 * -- BotBot disconnected, possible missing messages --
2017-05-30T19:18:16 * -- BotBot disconnected, possible missing messages --
2017-05-30T19:20:46 * -- BotBot disconnected, possible missing messages --
2017-05-30T19:27:18 * -- BotBot disconnected, possible missing messages --
2017-05-30T19:29:36 * -- BotBot disconnected, possible missing messages --
2017-05-30T19:32:05 * -- BotBot disconnected, possible missing messages --
2017-05-30T19:34:32 * -- BotBot disconnected, possible missing messages --
2017-05-30T19:36:51 * -- BotBot disconnected, possible missing messages --
2017-05-30T19:39:17 * -- BotBot disconnected, possible missing messages --
2017-05-30T19:41:36 * -- BotBot disconnected, possible missing messages --
2017-05-30T19:43:56 * -- BotBot disconnected, possible missing messages --
2017-05-30T19:46:13 * -- BotBot disconnected, possible missing messages --
2017-05-30T19:48:42 * -- BotBot disconnected, possible missing messages --
2017-05-30T19:51:01 * -- BotBot disconnected, possible missing messages --
2017-05-30T19:53:29 * -- BotBot disconnected, possible missing messages --
2017-05-30T19:55:50 * -- BotBot disconnected, possible missing messages --
2017-05-30T19:58:18 * -- BotBot disconnected, possible missing messages --
2017-05-30T20:00:40 * -- BotBot disconnected, possible missing messages --
2017-05-30T20:00:40 * -- BotBot disconnected, possible missing messages --
2017-05-30T20:03:09 * -- BotBot disconnected, possible missing messages --
2017-05-30T20:05:36 * -- BotBot disconnected, possible missing messages --
2017-05-30T20:08:03 * -- BotBot disconnected, possible missing messages --
2017-05-30T20:10:31 * -- BotBot disconnected, possible missing messages --
2017-05-30T20:12:58 * -- BotBot disconnected, possible missing messages --
2017-05-30T20:15:25 * -- BotBot disconnected, possible missing messages --
2017-05-30T20:17:56 * -- BotBot disconnected, possible missing messages --
2017-05-30T20:20:23 * -- BotBot disconnected, possible missing messages --
2017-05-30T20:22:51 * -- BotBot disconnected, possible missing messages --
2017-05-30T20:25:14 * -- BotBot disconnected, possible missing messages --
2017-05-30T20:27:43 * -- BotBot disconnected, possible missing messages --
2017-05-30T20:30:02 * -- BotBot disconnected, possible missing messages --
2017-05-30T20:32:33 * -- BotBot disconnected, possible missing messages --
2017-05-30T20:34:52 * -- BotBot disconnected, possible missing messages --
2017-05-30T20:37:23 * -- BotBot disconnected, possible missing messages --
2017-05-30T20:39:41 * -- BotBot disconnected, possible missing messages --
2017-05-30T20:42:08 * -- BotBot disconnected, possible missing messages --
2017-05-30T20:44:27 * -- BotBot disconnected, possible missing messages --
2017-05-30T20:46:47 * -- BotBot disconnected, possible missing messages --
2017-05-30T20:49:16 * -- BotBot disconnected, possible missing messages --
2017-05-30T20:51:43 * -- BotBot disconnected, possible missing messages --
2017-05-30T20:54:13 * -- BotBot disconnected, possible missing messages --
2017-05-30T20:56:43 * -- BotBot disconnected, possible missing messages --
2017-05-30T20:59:38 * -- BotBot disconnected, possible missing messages --
2017-05-30T21:02:07 * -- BotBot disconnected, possible missing messages --
2017-05-30T21:04:28 * -- BotBot disconnected, possible missing messages --
2017-05-30T21:08:41 * -- BotBot disconnected, possible missing messages --
2017-05-30T21:11:09 * -- BotBot disconnected, possible missing messages --
2017-05-30T21:13:26 * -- BotBot disconnected, possible missing messages --
2017-05-30T21:15:55 * -- BotBot disconnected, possible missing messages --
2017-05-30T21:18:24 * -- BotBot disconnected, possible missing messages --
2017-05-30T21:20:44 * -- BotBot disconnected, possible missing messages --
2017-05-30T21:23:14 * -- BotBot disconnected, possible missing messages --
2017-05-30T21:25:42 * -- BotBot disconnected, possible missing messages --
2017-05-30T21:27:59 * -- BotBot disconnected, possible missing messages --
2017-05-30T21:30:16 * -- BotBot disconnected, possible missing messages --
2017-05-30T21:32:44 * -- BotBot disconnected, possible missing messages --
2017-05-30T21:35:14 * -- BotBot disconnected, possible missing messages --
2017-05-30T21:37:33 * -- BotBot disconnected, possible missing messages --
2017-05-30T21:40:02 * -- BotBot disconnected, possible missing messages --
2017-05-30T21:42:21 * -- BotBot disconnected, possible missing messages --
2017-05-30T21:44:43 * -- BotBot disconnected, possible missing messages --
2017-05-30T21:47:10 * -- BotBot disconnected, possible missing messages --
2017-05-30T21:49:42 * -- BotBot disconnected, possible missing messages --
2017-05-30T21:52:12 * -- BotBot disconnected, possible missing messages --
2017-05-30T21:54:34 * -- BotBot disconnected, possible missing messages --
2017-05-30T21:56:51 * -- BotBot disconnected, possible missing messages --
2017-05-30T22:00:55 * -- BotBot disconnected, possible missing messages --
'

b'2017-05-30T06:41:43 * the-t-in-rtf joined the channel
2017-05-30T06:57:07 * kasparnet joined the channel
2017-05-30T08:05:49 * amatas joined the channel
2017-05-30T08:06:15 * sirdancealot joined the channel
2017-05-30T08:41:35 * Bosmon7 has quit
2017-05-30T08:43:21 * kasparnet has quit
2017-05-30T08:52:24 * kasparnet joined the channel
2017-05-30T09:16:29 * stegru joined the channel
2017-05-30T09:23:35 * kasparnet has quit
2017-05-30T09:28:16 * ewbjr has quit
2017-05-30T09:29:08 * amatas has quit
2017-05-30T09:29:18 * the-t-in-rtf has quit
2017-05-30T09:29:57 * jhernandez_ has quit
2017-05-30T09:30:16 * jhernandez_ joined the channel
2017-05-30T09:50:09 * -- BotBot disconnected, possible missing messages --
2017-05-30T09:52:38 * -- BotBot disconnected, possible missing messages --
2017-05-30T09:55:08 * -- BotBot disconnected, possible missing messages --
2017-05-30T09:57:37 * -- BotBot disconnected, possible missing messages --
2017-05-30T09:59:55 * -- BotBot disconnected, possible missing messages --
2017-05-30T10:02:15 * -- BotBot disconnected, possible missing messages --
2017-05-30T10:07:28 * -- BotBot disconnected, possible missing messages --
2017-05-30T10:09:57 * -- BotBot disconnected, possible missing messages --
2017-05-30T10:14:59 * -- BotBot disconnected, possible missing messages --
2017-05-30T10:22:25 * -- BotBot disconnected, possible missing messages --
2017-05-30T10:24:54 * -- BotBot disconnected, possible missing messages --
2017-05-30T10:27:16 * -- BotBot disconnected, possible missing messages --
2017-05-30T10:29:36 * -- BotBot disconnected, possible missing messages --
2017-05-30T10:32:07 * -- BotBot disconnected, possible missing messages --
2017-05-30T10:34:35 * -- BotBot disconnected, possible missing messages --
2017-05-30T10:36:56 * -- BotBot disconnected, possible missing messages --
2017-05-30T10:39:16 * -- BotBot disconnected, possible missing messages --
2017-05-30T10:41:36 * -- BotBot disconnected, possible missing messages --
2017-05-30T10:44:05 * -- BotBot disconnected, possible missing messages --
2017-05-30T10:46:35 * -- BotBot disconnected, possible missing messages --
2017-05-30T10:49:05 * -- BotBot disconnected, possible missing messages --
2017-05-30T10:51:26 * -- BotBot disconnected, possible missing messages --
2017-05-30T10:53:55 * -- BotBot disconnected, possible missing messages --
2017-05-30T10:56:24 * -- BotBot disconnected, possible missing messages --
2017-05-30T10:58:52 * -- BotBot disconnected, possible missing messages --
2017-05-30T11:01:13 * -- BotBot disconnected, possible missing messages --
2017-05-30T11:03:41 * -- BotBot disconnected, possible missing messages --
2017-05-30T11:06:09 * -- BotBot disconnected, possible missing messages --
2017-05-30T11:10:40 * -- BotBot disconnected, possible missing messages --
2017-05-30T11:13:08 * -- BotBot disconnected, possible missing messages --
2017-05-30T11:15:38 * -- BotBot disconnected, possible missing messages --
2017-05-30T11:18:05 * -- BotBot disconnected, possible missing messages --
2017-05-30T11:20:31 * -- BotBot disconnected, possible missing messages --
2017-05-30T11:22:51 * -- BotBot disconnected, possible missing messages --
2017-05-30T11:25:11 * -- BotBot disconnected, possible missing messages --
2017-05-30T11:27:40 * -- BotBot disconnected, possible missing messages --
2017-05-30T11:30:10 * -- BotBot disconnected, possible missing messages --
2017-05-30T11:32:40 * -- BotBot disconnected, possible missing messages --
2017-05-30T11:35:09 * -- BotBot disconnected, possible missing messages --
2017-05-30T11:37:31 * -- BotBot disconnected, possible missing messages --
2017-05-30T11:40:01 * -- BotBot disconnected, possible missing messages --
2017-05-30T11:40:01 * -- BotBot disconnected, possible missing messages --
2017-05-30T11:42:31 * -- BotBot disconnected, possible missing messages --
2017-05-30T11:45:00 * -- BotBot disconnected, possible missing messages --
2017-05-30T11:47:27 * -- BotBot disconnected, possible missing messages --
2017-05-30T11:49:56 * -- BotBot disconnected, possible missing messages --
2017-05-30T11:52:16 * -- BotBot disconnected, possible missing messages --
2017-05-30T11:54:46 * -- BotBot disconnected, possible missing messages --
2017-05-30T11:57:15 * -- BotBot disconnected, possible missing messages --
2017-05-30T11:59:36 * -- BotBot disconnected, possible missing messages --
2017-05-30T12:01:56 * -- BotBot disconnected, possible missing messages --
2017-05-30T12:04:16 * -- BotBot disconnected, possible missing messages --
2017-05-30T12:06:39 * -- BotBot disconnected, possible missing messages --
2017-05-30T12:08:59 * -- BotBot disconnected, possible missing messages --
2017-05-30T12:11:17 * -- BotBot disconnected, possible missing messages --
2017-05-30T12:13:44 * -- BotBot disconnected, possible missing messages --
2017-05-30T12:16:12 * -- BotBot disconnected, possible missing messages --
2017-05-30T12:18:40 * -- BotBot disconnected, possible missing messages --
2017-05-30T12:21:01 * -- BotBot disconnected, possible missing messages --
2017-05-30T12:23:29 * -- BotBot disconnected, possible missing messages --
2017-05-30T12:25:55 * -- BotBot disconnected, possible missing messages --
2017-05-30T12:28:16 * -- BotBot disconnected, possible missing messages --
2017-05-30T12:30:44 * -- BotBot disconnected, possible missing messages --
2017-05-30T12:33:11 * -- BotBot disconnected, possible missing messages --
2017-05-30T12:35:40 * -- BotBot disconnected, possible missing messages --
2017-05-30T12:37:58 * -- BotBot disconnected, possible missing messages --
2017-05-30T12:40:29 * -- BotBot disconnected, possible missing messages --
2017-05-30T12:42:57 * -- BotBot disconnected, possible missing messages --
2017-05-30T12:45:16 * -- BotBot disconnected, possible missing messages --
2017-05-30T12:47:36 * -- BotBot disconnected, possible missing messages --
2017-05-30T12:50:06 * -- BotBot disconnected, possible missing messages --
2017-05-30T12:52:35 * -- BotBot disconnected, possible missing messages --
2017-05-30T12:54:53 * -- BotBot disconnected, possible missing messages --
2017-05-30T12:57:13 * -- BotBot disconnected, possible missing messages --
2017-05-30T12:59:43 * -- BotBot disconnected, possible missing messages --
2017-05-30T13:02:13 * -- BotBot disconnected, possible missing messages --
2017-05-30T13:04:43 * -- BotBot disconnected, possible missing messages --
2017-05-30T13:07:13 * -- BotBot disconnected, possible missing messages --
2017-05-30T13:09:39 * -- BotBot disconnected, possible missing messages --
2017-05-30T13:13:51 * -- BotBot disconnected, possible missing messages --
2017-05-30T13:16:21 * -- BotBot disconnected, possible missing messages --
2017-05-30T13:18:38 * -- BotBot disconnected, possible missing messages --
2017-05-30T13:21:08 * -- BotBot disconnected, possible missing messages --
2017-05-30T13:23:38 * -- BotBot disconnected, possible missing messages --
2017-05-30T13:26:07 * -- BotBot disconnected, possible missing messages --
2017-05-30T13:28:24 * -- BotBot disconnected, possible missing messages --
2017-05-30T13:30:45 * -- BotBot disconnected, possible missing messages --
2017-05-30T13:33:12 * -- BotBot disconnected, possible missing messages --
2017-05-30T13:35:39 * -- BotBot disconnected, possible missing messages --
2017-05-30T13:38:09 * -- BotBot disconnected, possible missing messages --
2017-05-30T13:40:27 * -- BotBot disconnected, possible missing messages --
2017-05-30T13:42:57 * -- BotBot disconnected, possible missing messages --
2017-05-30T13:45:25 * -- BotBot disconnected, possible missing messages --
2017-05-30T13:47:43 * -- BotBot disconnected, possible missing messages --
2017-05-30T13:50:15 * -- BotBot disconnected, possible missing messages --
2017-05-30T13:52:45 * -- BotBot disconnected, possible missing messages --
2017-05-30T13:55:04 * -- BotBot disconnected, possible missing messages --
2017-05-30T13:57:32 * -- BotBot disconnected, possible missing messages --
2017-05-30T14:00:03 * -- BotBot disconnected, possible missing messages --
2017-05-30T14:02:30 * -- BotBot disconnected, possible missing messages --
2017-05-30T14:05:00 * -- BotBot disconnected, possible missing messages --
2017-05-30T14:07:32 * -- BotBot disconnected, possible missing messages --
2017-05-30T14:09:51 * -- BotBot disconnected, possible missing messages --
2017-05-30T14:12:11 * -- BotBot disconnected, possible missing messages --
2017-05-30T14:14:32 * -- BotBot disconnected, possible missing messages --
2017-05-30T14:18:21 * -- BotBot disconnected, possible missing messages --
2017-05-30T14:20:38 * -- BotBot disconnected, possible missing messages --
2017-05-30T14:20:38 * -- BotBot disconnected, possible missing messages --
2017-05-30T14:23:07 * -- BotBot disconnected, possible missing messages --
2017-05-30T14:28:36 * -- BotBot disconnected, possible missing messages --
2017-05-30T14:31:06 * -- BotBot disconnected, possible missing messages --
2017-05-30T14:33:34 * -- BotBot disconnected, possible missing messages --
2017-05-30T14:35:55 * -- BotBot disconnected, possible missing messages --
2017-05-30T14:38:23 * -- BotBot disconnected, possible missing messages --
2017-05-30T14:40:54 * -- BotBot disconnected, possible missing messages --
2017-05-30T14:45:35 * -- BotBot disconnected, possible missing messages --
2017-05-30T14:48:05 * -- BotBot disconnected, possible missing messages --
2017-05-30T14:50:24 * -- BotBot disconnected, possible missing messages --
2017-05-30T14:52:42 * -- BotBot disconnected, possible missing messages --
2017-05-30T14:55:00 * -- BotBot disconnected, possible missing messages --
2017-05-30T14:57:29 * -- BotBot disconnected, possible missing messages --
2017-05-30T14:59:50 * -- BotBot disconnected, possible missing messages --
2017-05-30T15:02:08 * -- BotBot disconnected, possible missing messages --
2017-05-30T15:04:39 * -- BotBot disconnected, possible missing messages --
2017-05-30T15:07:00 * -- BotBot disconnected, possible missing messages --
2017-05-30T15:09:22 * -- BotBot disconnected, possible missing messages --
2017-05-30T15:11:44 * -- BotBot disconnected, possible missing messages --
2017-05-30T15:14:15 * -- BotBot disconnected, possible missing messages --
2017-05-30T15:16:34 * -- BotBot disconnected, possible missing messages --
2017-05-30T15:18:53 * -- BotBot disconnected, possible missing messages --
2017-05-30T15:23:33 * -- BotBot disconnected, possible missing messages --
2017-05-30T15:28:00 * -- BotBot disconnected, possible missing messages --
2017-05-30T15:30:29 * -- BotBot disconnected, possible missing messages --
2017-05-30T15:32:56 * -- BotBot disconnected, possible missing messages --
2017-05-30T15:35:26 * -- BotBot disconnected, possible missing messages --
2017-05-30T15:37:57 * -- BotBot disconnected, possible missing messages --
'

