b"2016-04-27T00:54:41 * Jess___ joined the channel
2016-04-27T03:11:40 * danayo joined the channel
2016-04-27T03:40:38 * danayo joined the channel
2016-04-27T06:53:25 * amatas joined the channel
2016-04-27T10:07:25 * amatas joined the channel
2016-04-27T10:15:55 * gtirloni joined the channel
2016-04-27T11:43:21 * jhung joined the channel
2016-04-27T12:15:43 * cindyli joined the channel
2016-04-27T12:21:52 * lliskovoi joined the channel
2016-04-27T13:16:34 * michelled joined the channel
2016-04-27T13:48:25 * Yan_Hu joined the channel
2016-04-27T13:53:34 * clown joined the channel
2016-04-27T14:02:44 * gtirloni joined the channel
2016-04-27T14:05:52 * simonjb joined the channel
2016-04-27T14:17:03 * gtirloni has quit
2016-04-27T14:18:06 * danayo joined the channel
2016-04-27T14:19:07 * gtirloni joined the channel
2016-04-27T14:31:07 * Yan_Hu joined the channel
2016-04-27T14:39:19 * danayo joined the channel
2016-04-27T15:03:15 * michelled joined the channel
2016-04-27T15:09:47 * gtirloni_ joined the channel
2016-04-27T15:19:00 <danayo> hi jhung, is this the most recent mockup for the ILDH? https://www.dropbox.com/s/zfuy2p29diqe8mu/floe-ildh-static-v2.pdf?dl=0
2016-04-27T15:19:37 <jhung> Yes danayo. The actual implementation is a little different, but it's close.
2016-04-27T15:19:47 <danayo> ok, thanks jhung
2016-04-27T15:59:12 * lliskovoi_ joined the channel
2016-04-27T16:01:51 * lliskovoi_ joined the channel
2016-04-27T16:02:46 * lliskovoi_ is now known as lliskovoi
2016-04-27T17:00:21 * Jess___ joined the channel
2016-04-27T17:07:33 * lliskovoi joined the channel
2016-04-27T17:08:21 * lliskovoi joined the channel
2016-04-27T17:19:41 * alanharnum joined the channel
2016-04-27T17:40:20 * alanharnum joined the channel
2016-04-27T18:22:05 * alanharnum joined the channel
2016-04-27T18:23:06 * clown joined the channel
2016-04-27T18:30:30 * simonjb joined the channel
2016-04-27T18:33:21 * michelled joined the channel
2016-04-27T19:12:53 * lliskovoi joined the channel
2016-04-27T19:37:54 * lliskovoi_ joined the channel
2016-04-27T19:59:03 * michelled joined the channel
2016-04-27T19:59:26 * Yan_Hu joined the channel
2016-04-27T20:01:29 * Yan_Hu joined the channel
2016-04-27T20:03:29 * simonjb joined the channel
2016-04-27T20:06:03 * clown joined the channel
2016-04-27T20:19:59 * alanharnum joined the channel
2016-04-27T20:26:56 * alanharnum joined the channel
2016-04-27T20:37:52 * jhung has quit
2016-04-27T21:04:19 * clown has quit
2016-04-27T23:24:45 * alanharnum joined the channel
2016-04-27T23:42:25 * danayo has quit
"

