b"2016-02-09T09:15:16 * alanharn_ joined the channel
2016-02-09T09:15:16 * alanharnum has quit
2016-02-09T09:17:05 * alanharnum joined the channel
2016-02-09T09:17:05 * alanharn_ has quit
2016-02-09T09:18:57 * alanharnum joined the channel
2016-02-09T09:20:44 * alanharnum has quit
2016-02-09T09:20:47 * alanharn_ joined the channel
2016-02-09T09:22:34 * alanharnum joined the channel
2016-02-09T09:22:34 * alanharn_ has quit
2016-02-09T09:24:23 * alanharn_ joined the channel
2016-02-09T09:24:23 * alanharnum has quit
2016-02-09T09:26:13 * alanharnum joined the channel
2016-02-09T09:26:13 * alanharn_ has quit
2016-02-09T09:28:02 * alanharn_ joined the channel
2016-02-09T09:28:02 * alanharnum has quit
2016-02-09T09:29:51 * alanharnum joined the channel
2016-02-09T09:29:51 * alanharn_ has quit
2016-02-09T09:34:06 * alanharnum has quit
2016-02-09T10:25:12 * gtirloni joined the channel
2016-02-09T12:25:11 * jhung joined the channel
2016-02-09T12:51:00 * michelled joined the channel
2016-02-09T13:42:08 * cindyli joined the channel
2016-02-09T13:55:27 * jessm joined the channel
2016-02-09T13:58:23 * Justin_o joined the channel
2016-02-09T14:00:02 * simonjb joined the channel
2016-02-09T14:14:43 * gtirloni_ joined the channel
2016-02-09T14:26:14 * sepidehshahi joined the channel
2016-02-09T14:31:18 * alanharnum joined the channel
2016-02-09T14:36:44 * colinclark joined the channel
2016-02-09T14:43:58 <simonjb> hi there jessm, are today's and tomorrow's webinars the same?
2016-02-09T14:44:09 <jessm> they are
2016-02-09T14:44:25 <simonjb> I was going to join today's but am in another meeting and would like to join tomorrow instead
2016-02-09T14:45:20 <jessm> simonjb: it might even be better the 2nd time around :)
2016-02-09T14:45:27 <simonjb> :)
2016-02-09T14:53:21 * danayo joined the channel
2016-02-09T14:58:31 * clown_ joined the channel
2016-02-09T14:59:53 * jessm has quit
2016-02-09T15:00:06 * jessm joined the channel
2016-02-09T15:24:57 * simonjb has quit
2016-02-09T15:26:16 * clown_ is now known as clown
2016-02-09T15:26:22 * clown has quit
2016-02-09T15:26:57 * gtirloni_ is now known as gtirloni
2016-02-09T15:27:01 * gtirloni has quit
2016-02-09T15:27:01 * gtirloni joined the channel
2016-02-09T15:46:21 * simonjb joined the channel
2016-02-09T16:04:06 * clown joined the channel
2016-02-09T16:17:56 * cindyli has quit
2016-02-09T16:31:43 * alanharnum has quit
2016-02-09T16:46:15 * alanharnum joined the channel
2016-02-09T16:48:33 * sepidehshahi joined the channel
2016-02-09T17:13:25 * michelled has quit
2016-02-09T17:25:11 * colinclark has quit
2016-02-09T17:25:21 * sepidehshahi has quit
2016-02-09T17:25:48 * sepidehshahi joined the channel
2016-02-09T17:44:37 * sepidehshahi joined the channel
2016-02-09T17:57:49 * cindyli joined the channel
2016-02-09T18:04:28 * cindyli1 joined the channel
2016-02-09T18:04:28 * cindyli has quit
2016-02-09T18:06:07 * colinclark joined the channel
2016-02-09T18:14:49 * colinclark joined the channel
2016-02-09T18:26:44 * michelled joined the channel
2016-02-09T18:58:03 * jhung joined the channel
2016-02-09T19:04:17 * colinclark joined the channel
2016-02-09T19:49:09 * sepidehshahi joined the channel
2016-02-09T19:57:47 * alanharnum joined the channel
2016-02-09T20:02:07 * danayo joined the channel
2016-02-09T20:06:40 <danayo> sepidehshahi alanharnum colinclark sonification paper meeting now?
2016-02-09T20:12:17 <danayo> where'd you go colinclark?
2016-02-09T20:12:56 <danayo> sepidehshahi, alanharnum is it me?
2016-02-09T20:22:48 * clown has quit
2016-02-09T20:41:06 <Justin_o> jhung: do we have any resources on how to describe images that contain complex mathematics
2016-02-09T20:41:32 <jhung> Yes Justin_o. Let me find it.
2016-02-09T20:42:22 <Justin_o> excellent, thanks
2016-02-09T20:42:55 <jhung> ugh I'm trying to find it on the ILDH. Do we know anyone who works on that site Justin_o? ;-)
2016-02-09T20:44:23 <jhung> Justin_o: this has some resources. It's specific to EPUB3 but generalizable to describing math in general. http://handbook.floeproject.org/Mathematics.html
2016-02-09T20:45:50 <Justin_o> jhung: thanks. that looks like it's about adding in markup, but the Math in this case is already captures in an image
2016-02-09T20:46:13 <jhung> Try using the MathML cloud tool linked at the bottom.
2016-02-09T20:46:42 <jhung> You may have to convert it into a supported format first (i,e, ascii math)
2016-02-09T20:47:31 <Justin_o> jhung: i see the aria description on that page too now, and thanks for the tip on the MathML cloud tool
2016-02-09T20:48:45 <jhung> Let me know how it goes Justin_o
2016-02-09T20:49:02 <Justin_o> jhung: thanks, it's for Julia. I'm writing her an e-mail now and will CC you on it
2016-02-09T20:49:23 <jhung> sure Justin_o.
2016-02-09T21:11:07 * danayo has quit
2016-02-09T21:14:40 * sepidehshahi joined the channel
2016-02-09T21:20:02 <sepidehshahi> alanharnum: unfortunately I couldn\xe2\x80\x99t find the email regardng our last dashboard meeting notes. could you please resend that to me? thx
2016-02-09T21:30:46 * gtirloni has quit
2016-02-09T21:35:08 * simonjb has quit
2016-02-09T21:54:18 * clown joined the channel
2016-02-09T22:03:28 * clown has left the channel
2016-02-09T22:11:13 * sepidehshahi has left the channel
2016-02-09T22:22:33 * cindyli has quit
2016-02-09T22:23:27 * jessm has quit
2016-02-09T23:10:38 * amatas has quit
2016-02-09T23:22:01 * michelled has quit
"

b'2016-02-09T00:01:59 * danayo has quit
2016-02-09T00:07:40 * Justin_o has quit
2016-02-09T00:17:46 * amatas has quit
2016-02-09T00:38:12 * alanharnum joined the channel
2016-02-09T00:42:30 * alanharnum has quit
2016-02-09T01:30:42 * michelled joined the channel
2016-02-09T03:04:21 * michelled has quit
2016-02-09T07:00:27 * alanharnum joined the channel
2016-02-09T07:02:15 * alanharn_ joined the channel
2016-02-09T07:02:15 * alanharnum has quit
2016-02-09T07:04:07 * alanharnum joined the channel
2016-02-09T07:04:07 * alanharn_ has quit
2016-02-09T07:05:59 * alanharn_ joined the channel
2016-02-09T07:05:59 * alanharnum has quit
2016-02-09T07:07:47 * alanharnum joined the channel
2016-02-09T07:07:48 * alanharn_ has quit
2016-02-09T07:09:39 * alanharn_ joined the channel
2016-02-09T07:11:26 * alanhar__ joined the channel
2016-02-09T07:11:33 * alanharn_ has quit
2016-02-09T07:13:08 * alanhar__ has quit
2016-02-09T07:13:15 * alanharnum joined the channel
2016-02-09T07:15:04 * alanharn_ joined the channel
2016-02-09T07:15:04 * alanharnum has quit
2016-02-09T07:16:53 * alanharnum joined the channel
2016-02-09T07:16:53 * alanharn_ has quit
2016-02-09T07:18:42 * alanharn_ joined the channel
2016-02-09T07:18:42 * alanharnum has quit
2016-02-09T07:20:31 * alanharnum joined the channel
2016-02-09T07:20:31 * alanharn_ has quit
2016-02-09T07:22:21 * alanharn_ joined the channel
2016-02-09T07:24:09 * alanharnum joined the channel
2016-02-09T07:24:09 * alanharn_ has quit
2016-02-09T07:25:58 * alanharn_ joined the channel
2016-02-09T07:25:58 * alanharnum has quit
2016-02-09T07:27:49 * alanharnum joined the channel
2016-02-09T07:27:49 * alanharn_ has quit
2016-02-09T07:28:33 * amatas joined the channel
2016-02-09T07:29:17 * alanharnum has quit
2016-02-09T07:29:36 * alanharnum joined the channel
2016-02-09T07:31:25 * alanharn_ joined the channel
2016-02-09T07:31:25 * alanharnum has quit
2016-02-09T07:32:51 * alanharn_ has quit
2016-02-09T07:33:17 * alanharnum joined the channel
2016-02-09T07:35:03 * alanharn_ joined the channel
2016-02-09T07:35:03 * alanharnum has quit
2016-02-09T07:36:56 * alanharnum joined the channel
2016-02-09T07:38:46 * alanharn_ joined the channel
2016-02-09T07:38:46 * alanharnum has quit
2016-02-09T07:40:35 * alanharnum joined the channel
2016-02-09T07:40:35 * alanharn_ has quit
2016-02-09T07:42:23 * alanharn_ joined the channel
2016-02-09T07:42:23 * alanharnum has quit
2016-02-09T07:44:13 * alanharnum joined the channel
2016-02-09T07:44:13 * alanharn_ has quit
2016-02-09T07:46:01 * alanharn_ joined the channel
2016-02-09T07:46:01 * alanharnum has quit
2016-02-09T07:47:51 * alanharnum joined the channel
2016-02-09T07:47:51 * alanharn_ has quit
2016-02-09T07:49:39 * alanharn_ joined the channel
2016-02-09T07:49:39 * alanharnum has quit
2016-02-09T07:51:31 * alanharnum joined the channel
2016-02-09T07:51:31 * alanharn_ has quit
2016-02-09T07:53:11 * alanharnum has quit
2016-02-09T07:53:18 * alanharnum joined the channel
2016-02-09T07:54:56 * alanharnum has quit
2016-02-09T07:55:07 * alanharnum joined the channel
2016-02-09T07:56:56 * alanharn_ joined the channel
2016-02-09T07:58:45 * alanharnum joined the channel
2016-02-09T07:58:45 * alanharn_ has quit
2016-02-09T08:00:34 * alanharn_ joined the channel
2016-02-09T08:00:34 * alanharnum has quit
2016-02-09T08:02:23 * alanharnum joined the channel
2016-02-09T08:02:23 * alanharn_ has quit
2016-02-09T08:04:12 * alanharn_ joined the channel
2016-02-09T08:04:12 * alanharnum has quit
2016-02-09T08:06:01 * alanharnum joined the channel
2016-02-09T08:06:01 * alanharn_ has quit
2016-02-09T08:07:50 * alanharn_ joined the channel
2016-02-09T08:07:50 * alanharnum has quit
2016-02-09T08:09:39 * alanharnum joined the channel
2016-02-09T08:09:39 * alanharn_ has quit
2016-02-09T08:11:28 * alanharn_ joined the channel
2016-02-09T08:11:28 * alanharnum has quit
2016-02-09T08:12:59 * alanharn_ has quit
2016-02-09T08:13:17 * alanharnum joined the channel
2016-02-09T08:15:09 * alanharn_ joined the channel
2016-02-09T08:15:09 * alanharnum has quit
2016-02-09T08:16:56 * alanharnum joined the channel
2016-02-09T08:17:00 * alanharn_ has quit
2016-02-09T08:18:45 * alanharn_ joined the channel
2016-02-09T08:18:45 * alanharnum has quit
2016-02-09T08:20:34 * alanharnum joined the channel
2016-02-09T08:20:34 * alanharn_ has quit
2016-02-09T08:22:23 * alanharn_ joined the channel
2016-02-09T08:22:23 * alanharnum has quit
2016-02-09T08:24:13 * alanharnum joined the channel
2016-02-09T08:26:01 * alanharn_ joined the channel
2016-02-09T08:26:01 * alanharnum has quit
2016-02-09T08:27:53 * alanharnum joined the channel
2016-02-09T08:27:53 * alanharn_ has quit
2016-02-09T08:29:40 * alanharn_ joined the channel
2016-02-09T08:29:45 * alanharnum has quit
2016-02-09T08:31:29 * alanharnum joined the channel
2016-02-09T08:31:29 * alanharn_ has quit
2016-02-09T08:33:18 * alanharnum has quit
2016-02-09T08:33:19 * alanharn_ joined the channel
2016-02-09T08:35:00 * alanharn_ has quit
2016-02-09T08:35:07 * alanharnum joined the channel
2016-02-09T08:36:56 * alanharn_ joined the channel
2016-02-09T08:36:56 * alanharnum has quit
2016-02-09T08:38:39 * alanharn_ has quit
2016-02-09T08:38:47 * alanharnum joined the channel
2016-02-09T08:40:35 * alanharn_ joined the channel
2016-02-09T08:40:35 * alanharnum has quit
2016-02-09T08:42:32 * alanharnum joined the channel
2016-02-09T08:42:32 * alanharn_ has quit
2016-02-09T08:44:15 * alanharn_ joined the channel
2016-02-09T08:44:15 * alanharnum has quit
2016-02-09T08:46:19 * alanharnum joined the channel
2016-02-09T08:46:19 * alanharn_ has quit
2016-02-09T08:48:04 * alanharn_ joined the channel
2016-02-09T08:48:04 * alanharnum has quit
2016-02-09T08:49:47 * alanharnum joined the channel
2016-02-09T08:49:47 * alanharn_ has quit
2016-02-09T08:51:36 * alanharn_ joined the channel
2016-02-09T08:51:36 * alanharnum has quit
2016-02-09T08:53:08 * alanharn_ has quit
2016-02-09T08:53:25 * alanharnum joined the channel
2016-02-09T08:54:50 * alanharnum has quit
2016-02-09T08:55:15 * alanharnum joined the channel
2016-02-09T08:56:40 * alanharnum has quit
2016-02-09T08:57:05 * alanharnum joined the channel
2016-02-09T08:58:52 * alanharn_ joined the channel
2016-02-09T08:58:59 * alanharnum has quit
2016-02-09T09:00:41 * alanharnum joined the channel
2016-02-09T09:00:41 * alanharn_ has quit
2016-02-09T09:02:07 * alanharnum has quit
2016-02-09T09:02:34 * alanharnum joined the channel
2016-02-09T09:04:20 * alanharn_ joined the channel
2016-02-09T09:04:20 * alanharnum has quit
2016-02-09T09:05:47 * alanharn_ has quit
2016-02-09T09:06:19 * alanharnum joined the channel
2016-02-09T09:08:00 * alanharn_ joined the channel
2016-02-09T09:08:00 * alanharnum has quit
2016-02-09T09:09:30 * alanharn_ has quit
2016-02-09T09:10:00 * alanharnum joined the channel
2016-02-09T09:11:39 * alanharn_ joined the channel
2016-02-09T09:11:39 * alanharnum has quit
2016-02-09T09:13:28 * alanharnum joined the channel
2016-02-09T09:13:28 * alanharn_ has quit
'

