b'2016-09-08T00:03:51 * colinclark joined the channel
2016-09-08T00:23:09 * lliskovoi_ joined the channel
2016-09-08T00:25:34 * lliskovoi_ has quit
2016-09-08T00:26:32 * lliskovoi has quit
2016-09-08T01:12:36 * michelled joined the channel
2016-09-08T02:52:30 * michelled has quit
2016-09-08T11:59:58 * michelled joined the channel
2016-09-08T12:20:59 * Justin_o joined the channel
2016-09-08T12:27:02 * cindyli joined the channel
2016-09-08T12:48:53 * jhung joined the channel
2016-09-08T12:50:23 * gtirloni joined the channel
2016-09-08T13:11:08 * clown joined the channel
2016-09-08T13:23:25 * Jess_ joined the channel
2016-09-08T13:34:46 * colinclark joined the channel
2016-09-08T13:39:23 * Yan_Hu joined the channel
2016-09-08T13:46:30 * danayo joined the channel
2016-09-08T14:02:32 * danayo has quit
2016-09-08T14:02:37 * danayo_ joined the channel
2016-09-08T14:06:13 * lliskovoi joined the channel
2016-09-08T14:07:36 * gtirloni joined the channel
2016-09-08T14:09:06 * simonjb joined the channel
2016-09-08T14:27:06 * michelled joined the channel
2016-09-08T14:28:59 * michelled has quit
2016-09-08T14:30:17 * michelled joined the channel
2016-09-08T15:09:40 * alanharnum joined the channel
2016-09-08T15:19:03 * alanharnum joined the channel
2016-09-08T15:49:43 * alanharnum joined the channel
2016-09-08T16:09:40 * colinclark has quit
2016-09-08T16:13:15 * colinclark joined the channel
2016-09-08T16:16:12 * michelled joined the channel
2016-09-08T16:27:51 * michelled has quit
2016-09-08T17:29:00 * alanharnum joined the channel
2016-09-08T17:30:09 * cindyli joined the channel
2016-09-08T17:31:46 * simonjb joined the channel
2016-09-08T17:46:44 * michelled joined the channel
2016-09-08T17:47:07 * jhung joined the channel
2016-09-08T17:47:59 * jhung joined the channel
2016-09-08T17:55:14 * lliskovoi joined the channel
2016-09-08T18:51:13 * alanharnum has quit
2016-09-08T18:54:21 * alanharnum joined the channel
2016-09-08T19:06:50 * danayo joined the channel
2016-09-08T19:26:30 * alanharnum has quit
2016-09-08T19:40:36 * clown joined the channel
2016-09-08T19:58:05 * cindyli joined the channel
2016-09-08T19:58:56 * alanharnum joined the channel
2016-09-08T20:19:50 * Yan_Hu has quit
2016-09-08T20:21:57 * alanharnum has quit
2016-09-08T20:26:20 * alanharnum joined the channel
2016-09-08T20:30:31 * alanharnum has quit
2016-09-08T20:36:26 * cindyli has quit
2016-09-08T21:19:59 * clown has left the channel
2016-09-08T21:21:01 * lliskovoi joined the channel
2016-09-08T22:11:04 * Justin_o has quit
2016-09-08T22:30:56 * alanharnum joined the channel
2016-09-08T22:32:10 * amatas has quit
2016-09-08T22:33:55 * Jess_ has quit
2016-09-08T22:35:12 * alanharnum has quit
2016-09-08T23:16:48 * Jess_ joined the channel
'

