b"2016-12-20T01:20:25 * danayo has quit
2016-12-20T03:23:30 * danayo joined the channel
2016-12-20T03:24:26 * danayo has quit
2016-12-20T07:11:09 * amatas joined the channel
2016-12-20T07:28:28 * amatas has quit
2016-12-20T11:02:01 * simonjb joined the channel
2016-12-20T11:12:09 * amatas joined the channel
2016-12-20T12:11:56 * gtirloni__ joined the channel
2016-12-20T12:46:26 * gtirloni__ has quit
2016-12-20T12:46:44 * gtirloni joined the channel
2016-12-20T12:51:43 * jhung joined the channel
2016-12-20T13:00:21 * Justin_o joined the channel
2016-12-20T13:20:53 * alanharnum has quit
2016-12-20T13:23:07 * alanharnum joined the channel
2016-12-20T13:36:01 * alanharn_ joined the channel
2016-12-20T13:38:24 * alanharnum has quit
2016-12-20T13:43:45 * alanharn_ has quit
2016-12-20T13:44:02 * alanharnum joined the channel
2016-12-20T13:49:09 * cindyli joined the channel
2016-12-20T13:51:40 * alanharnum has quit
2016-12-20T13:51:55 * alanharnum joined the channel
2016-12-20T14:42:07 * colinclark joined the channel
2016-12-20T14:59:06 * danayo joined the channel
2016-12-20T15:02:43 <jhung> fluid-everyone: the design crit is starting.
2016-12-20T15:03:06 <jhung> today we're talking about the Social Justice Repair Kit.
2016-12-20T15:05:06 * lliskovoi joined the channel
2016-12-20T15:08:00 * michelled joined the channel
2016-12-20T15:38:39 * clown joined the channel
2016-12-20T16:28:29 * colinclark has quit
2016-12-20T16:30:38 * colinclark joined the channel
2016-12-20T16:42:38 * michelled joined the channel
2016-12-20T16:44:28 * alanharnum has quit
2016-12-20T16:44:34 * alanharnum joined the channel
2016-12-20T16:47:37 * lliskovoi joined the channel
2016-12-20T16:47:40 * lliskovoi has quit
2016-12-20T16:48:17 * lliskovoi joined the channel
2016-12-20T16:50:59 * michelled has quit
2016-12-20T16:51:54 * michelled joined the channel
2016-12-20T16:53:12 * alanharnum has quit
2016-12-20T16:53:38 * alanharnum joined the channel
2016-12-20T16:57:01 * alanharnum joined the channel
2016-12-20T17:00:56 * gtirloni has quit
2016-12-20T17:03:03 * gtirloni joined the channel
2016-12-20T17:17:58 * alanharnum has quit
2016-12-20T17:18:09 * alanharnum joined the channel
2016-12-20T17:25:42 * michelled has quit
2016-12-20T17:39:15 * danayo joined the channel
2016-12-20T17:45:06 * colinclark joined the channel
2016-12-20T17:53:11 * cindyli has quit
2016-12-20T18:10:09 * alanharnum joined the channel
2016-12-20T18:16:31 * David123_ joined the channel
2016-12-20T18:21:14 * Kobi joined the channel
2016-12-20T18:26:01 * alanharnum has quit
2016-12-20T18:26:07 * alanharnum joined the channel
2016-12-20T18:26:07 * cindyli joined the channel
2016-12-20T18:26:10 * michelled joined the channel
2016-12-20T18:51:42 * michelled joined the channel
2016-12-20T19:01:26 * alanharnum has quit
2016-12-20T19:01:52 * alanharnum joined the channel
2016-12-20T19:02:14 * alanharnum has quit
2016-12-20T19:02:20 * alanharnum joined the channel
2016-12-20T19:11:09 * lliskovoi_ joined the channel
2016-12-20T19:14:34 * lliskovoi_ is now known as lliskovoi
2016-12-20T19:27:31 * alanharnum joined the channel
2016-12-20T19:51:52 * alanharnum has quit
2016-12-20T19:51:59 * alanharn_ joined the channel
2016-12-20T20:03:19 <danayo> colinclark, michelled, ready to meet?
2016-12-20T20:06:42 <michelled> I think colinclark is meeting with someone right now
2016-12-20T20:06:46 <michelled> I'm available anytime
2016-12-20T20:07:31 <danayo> ok michelled. I only have until 4 today, so if need be, maybe we can reschedule for tomorrow morning?
2016-12-20T20:11:57 * alanharnum joined the channel
2016-12-20T20:16:59 * alanharnum joined the channel
2016-12-20T20:17:37 * lliskovoi has quit
2016-12-20T20:18:52 * lliskovoi joined the channel
2016-12-20T20:19:33 * lliskovoi joined the channel
2016-12-20T20:20:51 * alanharnum has quit
2016-12-20T20:21:17 * alanharnum joined the channel
2016-12-20T20:21:45 <colinclark> ack!
2016-12-20T20:21:46 <colinclark> sorry
2016-12-20T20:21:47 * alanharnum joined the channel
2016-12-20T20:31:45 <danayo> no worries colinclark, can you meet tomorrow morning? michelled? around 10 or 10:30?
2016-12-20T20:31:50 <danayo> ET
2016-12-20T20:32:55 <michelled> yep, those work for me
2016-12-20T20:52:57 * michelled has quit
2016-12-20T21:06:16 <colinclark> danayo: wednesday morning is free
2016-12-20T21:09:19 * alanharnum has quit
2016-12-20T21:09:45 * alanharnum joined the channel
2016-12-20T21:12:55 <danayo> great colinclark
2016-12-20T21:13:05 <danayo> let's do 10:30
2016-12-20T21:14:07 * alanharnum has quit
2016-12-20T21:14:13 * alanharnum joined the channel
2016-12-20T21:15:06 <colinclark> ok, cool!
2016-12-20T21:24:18 * alanharnum has quit
2016-12-20T21:24:44 * alanharnum joined the channel
2016-12-20T21:27:38 * cindyli has quit
2016-12-20T21:37:50 * Justin_o has quit
2016-12-20T21:38:42 * cindyli joined the channel
2016-12-20T21:40:45 * cindyli has quit
2016-12-20T21:53:23 * michelled joined the channel
2016-12-20T21:53:26 * michelled has quit
2016-12-20T22:01:48 * clown has quit
2016-12-20T22:03:36 * jhung has quit
2016-12-20T22:16:01 * alanharnum has quit
2016-12-20T22:16:07 * alanharnum joined the channel
2016-12-20T22:50:38 * simonjb has quit
2016-12-20T22:56:49 * amatas has quit
2016-12-20T22:57:47 * colinclark has quit
2016-12-20T23:06:05 * lliskovoi_ joined the channel
2016-12-20T23:06:08 * David123_ has quit
2016-12-20T23:06:10 * Kobi has quit
2016-12-20T23:09:57 * lliskovoi has quit
2016-12-20T23:11:08 * alanharnum has quit
2016-12-20T23:11:35 * alanharnum joined the channel
2016-12-20T23:19:34 * alanharnum has quit
2016-12-20T23:19:41 * alanharnum joined the channel
2016-12-20T23:22:43 * michelled joined the channel
"

