b'2016-09-11T00:15:43 * jhung joined the channel
2016-09-11T01:16:56 * jhung joined the channel
2016-09-11T02:17:18 * jhung joined the channel
2016-09-11T03:18:28 * jhung joined the channel
2016-09-11T04:19:09 * jhung joined the channel
2016-09-11T05:19:49 * jhung joined the channel
2016-09-11T06:20:31 * jhung joined the channel
2016-09-11T06:25:05 * jhung has quit
2016-09-11T07:21:13 * jhung joined the channel
2016-09-11T08:21:54 * jhung joined the channel
2016-09-11T09:22:36 * jhung joined the channel
2016-09-11T09:59:58 * amatas joined the channel
2016-09-11T10:23:46 * jhung joined the channel
2016-09-11T11:24:27 * jhung joined the channel
2016-09-11T12:25:07 * jhung joined the channel
2016-09-11T13:25:45 * jhung joined the channel
2016-09-11T14:26:25 * jhung joined the channel
2016-09-11T14:30:33 * jhung has quit
2016-09-11T15:27:36 * jhung joined the channel
2016-09-11T16:28:17 * jhung joined the channel
2016-09-11T17:28:58 * jhung joined the channel
2016-09-11T18:29:40 * jhung joined the channel
2016-09-11T19:30:22 * jhung joined the channel
2016-09-11T19:34:33 * jhung has quit
2016-09-11T19:53:02 * amatas joined the channel
2016-09-11T20:31:04 * jhung joined the channel
2016-09-11T21:31:48 * jhung joined the channel
2016-09-11T22:32:25 * jhung joined the channel
2016-09-11T23:33:34 * jhung joined the channel
2016-09-11T23:38:03 * jhung has quit
'

