b'2016-11-26T00:19:16 * alanharnum joined the channel
2016-11-26T01:21:20 * alanharnum joined the channel
2016-11-26T02:24:32 * alanharnum joined the channel
2016-11-26T03:26:28 * alanharnum joined the channel
2016-11-26T04:28:23 * alanharnum joined the channel
2016-11-26T05:31:26 * alanharnum joined the channel
2016-11-26T06:12:23 * michelled joined the channel
2016-11-26T06:35:11 * alanharnum joined the channel
2016-11-26T07:37:03 * alanharnum joined the channel
2016-11-26T09:40:05 * alanharnum joined the channel
2016-11-26T10:44:00 * alanharnum joined the channel
2016-11-26T11:45:53 * alanharnum joined the channel
2016-11-26T12:47:54 * alanharnum joined the channel
2016-11-26T13:50:51 * alanharnum joined the channel
2016-11-26T13:57:58 * michelled joined the channel
2016-11-26T13:57:58 * michelled has quit
2016-11-26T14:54:07 * alanharnum joined the channel
2016-11-26T15:55:41 * alanharnum joined the channel
2016-11-26T16:58:31 * alanharnum joined the channel
2016-11-26T18:02:22 * alanharnum joined the channel
2016-11-26T19:05:26 * alanharnum joined the channel
2016-11-26T20:07:29 * alanharnum joined the channel
2016-11-26T21:09:32 * alanharnum joined the channel
2016-11-26T22:12:48 * alanharnum joined the channel
2016-11-26T23:14:41 * alanharnum joined the channel
'

