2018-10-23T00:16:22  *** colinclark <colinclark!~colinclar@135-23-98-140.cpe.pppoe.ca> has joined #fluid-tech
2018-10-23T00:16:27  *** colinclark <colinclark!~colinclar@135-23-98-140.cpe.pppoe.ca> has quit IRC (Client Quit)
2018-10-23T00:37:04  *** Justin_o <Justin_o!uid14648@gateway/web/irccloud.com/x-ngmlkttiuciqkgpc> has quit IRC (Quit: Connection closed for inactivity)
2018-10-23T00:58:16  *** jhernandez <jhernandez!~jhernande@2a02:a03f:3ea7:d200:78c2:67f9:e3a9:354c> has quit IRC (Quit: jhernandez)
2018-10-23T08:49:43  *** stegru <stegru!~ste@cpc120296-warr7-2-0-cust79.1-1.cable.virginm.net> has joined #fluid-tech
2018-10-23T11:17:34  *** jhernandez <jhernandez!~jhernande@2a02:a03f:3ea7:d200:78c2:67f9:e3a9:354c> has joined #fluid-tech
2018-10-23T11:20:18  *** jhernandez <jhernandez!~jhernande@2a02:a03f:3ea7:d200:78c2:67f9:e3a9:354c> has quit IRC (Client Quit)
2018-10-23T11:20:34  *** jhernandez <jhernandez!~jhernande@2a02:a03f:3ea7:d200:78c2:67f9:e3a9:354c> has joined #fluid-tech
2018-10-23T12:20:05  *** Justin_o <Justin_o!uid14648@gateway/web/irccloud.com/x-avdtjkyfcwlpirha> has joined #fluid-tech
2018-10-23T12:21:08  *** alanharnum <alanharnum!~alanharnu@2607:fea8:12a0:b9b:ed54:6e17:c733:92b5> has joined #fluid-tech
2018-10-23T12:41:03  *** michelled <michelled!~Adium@192-0-151-7.cpe.teksavvy.com> has joined #fluid-tech
2018-10-23T13:00:24  *** cindyli <cindyli!Adium@nat/ocadu/x-qdbrkwelbyvmleol> has joined #fluid-tech
2018-10-23T13:36:33  *** colinclark <colinclark!~colinclar@135-23-98-140.cpe.pppoe.ca> has joined #fluid-tech
2018-10-23T13:37:13  *** michelled <michelled!~Adium@192-0-151-7.cpe.teksavvy.com> has quit IRC (Quit: Leaving.)
2018-10-23T13:50:59  *** clown <clown!~clown@205.211.168.101> has joined #fluid-tech
2018-10-23T14:22:54  *** michelled <michelled!~Adium@205.211.168.102> has joined #fluid-tech
2018-10-23T14:56:53  *** clown is now known as clown_mtg
2018-10-23T15:01:44  *** cindyli1 <cindyli1!~Adium@205.211.168.101> has joined #fluid-tech
2018-10-23T15:04:23  *** cindyli <cindyli!Adium@nat/ocadu/x-qdbrkwelbyvmleol> has quit IRC (Ping timeout: 268 seconds)
2018-10-23T15:34:49  *** michelled <michelled!~Adium@205.211.168.102> has quit IRC (Quit: Leaving.)
2018-10-23T15:36:06  *** michelled <michelled!~Adium@205.211.168.102> has joined #fluid-tech
2018-10-23T15:39:29  *** alanharnum <alanharnum!~alanharnu@2607:fea8:12a0:b9b:ed54:6e17:c733:92b5> has quit IRC ()
2018-10-23T15:46:26  *** cindyli1 is now known as cindyli
2018-10-23T15:58:57  *** clown_mtg <clown_mtg!~clown@205.211.168.101> has quit IRC (Quit: Leaving.)
2018-10-23T16:28:39  *** michelled <michelled!~Adium@205.211.168.102> has quit IRC (Quit: Leaving.)
2018-10-23T16:29:42  *** clown <clown!clown@nat/ocadu/x-hzhfbqcjbgfqxusp> has joined #fluid-tech
2018-10-23T16:38:11  *** alanharnum <alanharnum!alanharnum@nat/ocadu/x-qkoeggjqnwgsawrg> has joined #fluid-tech
2018-10-23T16:45:29  *** michelled <michelled!Adium@nat/ocadu/x-eldwwqersrzxxjet> has joined #fluid-tech
2018-10-23T16:54:42  *** colinclark <colinclark!~colinclar@135-23-98-140.cpe.pppoe.ca> has quit IRC (Quit: colinclark)
2018-10-23T18:00:58  *** colinclark <colinclark!colinclark@nat/ocadu/x-rwkvwihgsrohleqw> has joined #fluid-tech
2018-10-23T18:17:08  *** alanharnum <alanharnum!alanharnum@nat/ocadu/x-qkoeggjqnwgsawrg> has quit IRC (Remote host closed the connection)
2018-10-23T18:26:49  *** alanharnum2 <alanharnum2!alanharnum@nat/ocadu/x-xxodfbdreqnhnccd> has joined #fluid-tech
2018-10-23T19:11:11  *** michelled <michelled!Adium@nat/ocadu/x-eldwwqersrzxxjet> has quit IRC (Quit: Leaving.)
2018-10-23T19:19:24  *** cindyli1 <cindyli1!Adium@nat/ocadu/x-qaliasnconlyhkbc> has joined #fluid-tech
2018-10-23T19:20:25  *** michelled <michelled!Adium@nat/ocadu/x-ybgavwejlpjtanxr> has joined #fluid-tech
2018-10-23T19:21:58  *** cindyli <cindyli!~Adium@205.211.168.101> has quit IRC (Ping timeout: 272 seconds)
2018-10-23T20:10:58  *** alanharnum2 <alanharnum2!alanharnum@nat/ocadu/x-xxodfbdreqnhnccd> has quit IRC (Remote host closed the connection)
2018-10-23T20:17:56  *** alanharnum2 <alanharnum2!alanharnum@nat/ocadu/x-qpymzgygmnycfxon> has joined #fluid-tech
2018-10-23T20:32:12  *** cindyli1 <cindyli1!Adium@nat/ocadu/x-qaliasnconlyhkbc> has quit IRC (Quit: Leaving.)
2018-10-23T20:42:25  *** colinclark <colinclark!colinclark@nat/ocadu/x-rwkvwihgsrohleqw> has quit IRC (Ping timeout: 272 seconds)
2018-10-23T21:09:56  *** clown <clown!clown@nat/ocadu/x-hzhfbqcjbgfqxusp> has quit IRC (Quit: Leaving.)
2018-10-23T21:25:48  *** alanharnum2 <alanharnum2!alanharnum@nat/ocadu/x-qpymzgygmnycfxon> has quit IRC ()
2018-10-23T21:58:42  *** michelled <michelled!Adium@nat/ocadu/x-ybgavwejlpjtanxr> has quit IRC (Quit: Leaving.)
2018-10-23T22:09:39  *** michelled <michelled!Adium@nat/ocadu/x-zooztnqznieeqfjc> has joined #fluid-tech
2018-10-23T22:34:19  *** michelled <michelled!Adium@nat/ocadu/x-zooztnqznieeqfjc> has quit IRC (Quit: Leaving.)
2018-10-23T23:39:45  *** Justin_o <Justin_o!uid14648@gateway/web/irccloud.com/x-avdtjkyfcwlpirha> has quit IRC (Quit: Connection closed for inactivity)
