2020-03-05T00:21:17  *** dmahajan980 <dmahajan980!uid411152@gateway/web/irccloud.com/x-dmgvlszayrxocfhg> has quit IRC (Quit: Connection closed for inactivity)
2020-03-05T00:22:14  *** philip <philip!philip@nat/ocadu/x-nomjzbpzfrmyluqc> has quit IRC (Ping timeout: 258 seconds)
2020-03-05T01:09:44  *** alanharnum <alanharnum!uid363993@gateway/web/irccloud.com/x-zzspcsxnzgdcigjn> has quit IRC (Quit: Connection closed for inactivity)
2020-03-05T01:28:50  *** philip <philip!~philip@142.122.103.36> has joined #fluid-tech
2020-03-05T02:06:51  *** Teddy___ <Teddy___!uid407930@gateway/web/irccloud.com/x-zwrpjnqqeierpfcz> has quit IRC (Quit: Connection closed for inactivity)
2020-03-05T05:02:44  *** philip <philip!~philip@142.122.103.36> has quit IRC (Remote host closed the connection)
2020-03-05T05:45:09  *** the-t-in-rtf <the-t-in-rtf!~Adium@2a02:a210:2142:3480:b1f1:7574:52f:4158> has joined #fluid-tech
2020-03-05T05:45:33  *** the-t-in-rtf <the-t-in-rtf!~Adium@2a02:a210:2142:3480:b1f1:7574:52f:4158> has quit IRC (Client Quit)
2020-03-05T05:53:55  *** the-t-in-rtf <the-t-in-rtf!~Adium@2a02:a210:2142:3480:b1f1:7574:52f:4158> has joined #fluid-tech
2020-03-05T06:04:53  *** the-t-in-rtf <the-t-in-rtf!~Adium@2a02:a210:2142:3480:b1f1:7574:52f:4158> has quit IRC (Quit: Leaving.)
2020-03-05T06:12:56  *** the-t-in-rtf <the-t-in-rtf!~Adium@2a02:a210:2142:3480:b1f1:7574:52f:4158> has joined #fluid-tech
2020-03-05T06:59:37  *** the-t-in-rtf <the-t-in-rtf!~Adium@2a02:a210:2142:3480:b1f1:7574:52f:4158> has quit IRC (Quit: Leaving.)
2020-03-05T07:18:01  *** the-t-in-rtf <the-t-in-rtf!~Adium@2a02:a210:2142:3480:b1f1:7574:52f:4158> has joined #fluid-tech
2020-03-05T07:28:49  *** the-t-in-rtf <the-t-in-rtf!~Adium@2a02:a210:2142:3480:b1f1:7574:52f:4158> has quit IRC (Quit: Leaving.)
2020-03-05T07:47:49  *** dmahajan980 <dmahajan980!uid411152@gateway/web/irccloud.com/x-pbhoedsfxmjlaemq> has joined #fluid-tech
2020-03-05T08:54:16  *** the-t-in-rtf <the-t-in-rtf!~Adium@2a02:a210:2142:3480:b1f1:7574:52f:4158> has joined #fluid-tech
2020-03-05T09:05:39  *** ussjoin <ussjoin!~ussjoin@brighid.ussjoin.com> has quit IRC (*.net *.split)
2020-03-05T09:05:40  *** the-t-in-rtf <the-t-in-rtf!~Adium@2a02:a210:2142:3480:b1f1:7574:52f:4158> has quit IRC (*.net *.split)
2020-03-05T09:05:41  *** greatislander <greatislander!sid364905@gateway/web/irccloud.com/x-ayruxenzkqbffcof> has quit IRC (*.net *.split)
2020-03-05T09:05:41  *** sgithens <sgithens!sid10659@gateway/web/irccloud.com/x-rwefryqtpgxkugaf> has quit IRC (*.net *.split)
2020-03-05T09:05:41  *** Guest31906 <Guest31906!uid424876@gateway/web/irccloud.com/x-pyjknoxpbibuorhl> has quit IRC (*.net *.split)
2020-03-05T09:05:41  *** a4aditya <a4aditya!uid424596@gateway/web/irccloud.com/x-fabomglcjiokkrnn> has quit IRC (*.net *.split)
2020-03-05T09:05:41  *** aditya <aditya!uid424596@gateway/web/irccloud.com/x-dwgaprfwzckiywio> has quit IRC (*.net *.split)
2020-03-05T09:05:42  *** ewbjr_ <ewbjr_!sid74656@gateway/web/irccloud.com/x-keugchgnodhkepix> has quit IRC (*.net *.split)
2020-03-05T09:05:44  *** ayush2901[m] <ayush2901[m]!ayush2901m@gateway/shell/matrix.org/x-tboqnagnvfwdasmn> has quit IRC (*.net *.split)
2020-03-05T09:05:48  *** Bosmon2 <Bosmon2!~a@82-71-9-15.dsl.in-addr.zen.co.uk> has quit IRC (*.net *.split)
2020-03-05T09:05:50  *** bryan_ <bryan_!sid334924@gateway/web/irccloud.com/x-tcnpxzdvyhwpcjok> has quit IRC (*.net *.split)
2020-03-05T09:05:51  *** HarshSingh[m] <HarshSingh[m]!harshsingh@gateway/shell/matrix.org/x-htgbhqlxnlnmssiz> has quit IRC (*.net *.split)
2020-03-05T09:05:52  *** javjarfer[m] <javjarfer[m]!javjarferm@gateway/shell/matrix.org/x-hjtnhqpmrsiwypji> has quit IRC (*.net *.split)
2020-03-05T09:05:56  *** radicalswetank <radicalswetank!radicalswe@gateway/shell/matrix.org/x-ztscksgbglnhjnjo> has quit IRC (*.net *.split)
2020-03-05T09:43:56  *** the-t-in-rtf <the-t-in-rtf!~Adium@2a02:a210:2142:3480:b1f1:7574:52f:4158> has joined #fluid-tech
2020-03-05T09:43:56  *** Bosmon2 <Bosmon2!~a@82-71-9-15.dsl.in-addr.zen.co.uk> has joined #fluid-tech
2020-03-05T09:43:56  *** bryan_ <bryan_!sid334924@gateway/web/irccloud.com/x-tcnpxzdvyhwpcjok> has joined #fluid-tech
2020-03-05T09:43:56  *** greatislander <greatislander!sid364905@gateway/web/irccloud.com/x-ayruxenzkqbffcof> has joined #fluid-tech
2020-03-05T09:43:56  *** sgithens <sgithens!sid10659@gateway/web/irccloud.com/x-rwefryqtpgxkugaf> has joined #fluid-tech
2020-03-05T09:43:56  *** ayush2901[m] <ayush2901[m]!ayush2901m@gateway/shell/matrix.org/x-tboqnagnvfwdasmn> has joined #fluid-tech
2020-03-05T09:43:56  *** HarshSingh[m] <HarshSingh[m]!harshsingh@gateway/shell/matrix.org/x-htgbhqlxnlnmssiz> has joined #fluid-tech
2020-03-05T09:43:56  *** radicalswetank <radicalswetank!radicalswe@gateway/shell/matrix.org/x-ztscksgbglnhjnjo> has joined #fluid-tech
2020-03-05T09:43:56  *** javjarfer[m] <javjarfer[m]!javjarferm@gateway/shell/matrix.org/x-hjtnhqpmrsiwypji> has joined #fluid-tech
2020-03-05T09:43:56  *** Guest31906 <Guest31906!uid424876@gateway/web/irccloud.com/x-pyjknoxpbibuorhl> has joined #fluid-tech
2020-03-05T09:43:56  *** a4aditya <a4aditya!uid424596@gateway/web/irccloud.com/x-fabomglcjiokkrnn> has joined #fluid-tech
2020-03-05T09:43:56  *** aditya <aditya!uid424596@gateway/web/irccloud.com/x-dwgaprfwzckiywio> has joined #fluid-tech
2020-03-05T09:43:56  *** ewbjr_ <ewbjr_!sid74656@gateway/web/irccloud.com/x-keugchgnodhkepix> has joined #fluid-tech
2020-03-05T09:43:56  *** ussjoin <ussjoin!~ussjoin@brighid.ussjoin.com> has joined #fluid-tech
2020-03-05T10:45:12  *** kasparnet <kasparnet!~kasper2@192038131092.mbb.telenor.dk> has joined #fluid-tech
2020-03-05T12:03:22  *** Justin_o <Justin_o!uid14648@gateway/web/irccloud.com/x-netokrcxkpbypigl> has joined #fluid-tech
2020-03-05T13:03:07  *** philip <philip!~philip@142.122.103.36> has joined #fluid-tech
2020-03-05T13:04:37  *** kasparnet <kasparnet!~kasper2@192038131092.mbb.telenor.dk> has quit IRC (Read error: Connection reset by peer)
2020-03-05T13:05:43  *** kasparnet <kasparnet!~kasper2@192038131092.mbb.telenor.dk> has joined #fluid-tech
2020-03-05T13:38:15  *** michelled <michelled!~Adium@135-23-104-71.cpe.pppoe.ca> has joined #fluid-tech
2020-03-05T14:02:23  *** danielcho <danielcho!~Adium@hmtnon1497w-lp140-07-70-27-89-108.dsl.bell.ca> has joined #fluid-tech
2020-03-05T14:03:33  *** jhernandez <jhernandez!~jhernande@2a02:a03f:6189:e000:d600:afb2:8af2:1a83> has joined #fluid-tech
2020-03-05T14:06:22  *** philip <philip!~philip@142.122.103.36> has quit IRC (Remote host closed the connection)
2020-03-05T14:06:58  *** philip <philip!~philip@142.122.103.36> has joined #fluid-tech
2020-03-05T14:10:15  *** clown <clown!clown@nat/ocadu/x-ttirmqrqlugyswme> has joined #fluid-tech
2020-03-05T14:10:40  *** clown is now known as clown_mtg
2020-03-05T14:11:14  *** philip <philip!~philip@142.122.103.36> has quit IRC (Ping timeout: 240 seconds)
2020-03-05T14:11:52  *** colinclark <colinclark!~colinclar@129-2-180-68.wireless.umd.edu> has joined #fluid-tech
2020-03-05T14:38:07  *** simonjb <simonjb!~simonjb@198.178.118.18> has joined #fluid-tech
2020-03-05T14:42:42  *** colinclark <colinclark!~colinclar@129-2-180-68.wireless.umd.edu> has quit IRC (Quit: colinclark)
2020-03-05T14:49:26  *** colinclark <colinclark!~colinclar@129-2-180-68.wireless.umd.edu> has joined #fluid-tech
2020-03-05T14:57:09  *** philip <philip!philip@nat/ocadu/x-xiivmvpzfqvxverj> has joined #fluid-tech
2020-03-05T15:00:15  *** cherylhjli <cherylhjli!~Adium@lnsm3-torontoxn-142-116-177-193.internet.virginmobile.ca> has joined #fluid-tech
2020-03-05T15:12:07  *** colinclark <colinclark!~colinclar@129-2-180-68.wireless.umd.edu> has quit IRC (Quit: colinclark)
2020-03-05T15:16:59  *** colinclark <colinclark!~colinclar@129-2-180-68.wireless.umd.edu> has joined #fluid-tech
2020-03-05T15:48:11  *** simonjb <simonjb!~simonjb@198.178.118.18> has quit IRC (Remote host closed the connection)
2020-03-05T16:18:43  *** simonjb <simonjb!~simonjb@205.211.168.101> has joined #fluid-tech
2020-03-05T16:40:24  *** Teddy___ <Teddy___!uid407930@gateway/web/irccloud.com/x-mwfpkknpiyrzqkiy> has joined #fluid-tech
2020-03-05T17:22:07  *** colinclark <colinclark!~colinclar@129-2-180-68.wireless.umd.edu> has quit IRC (Quit: colinclark)
2020-03-05T17:53:14  *** kasparnet <kasparnet!~kasper2@192038131092.mbb.telenor.dk> has quit IRC (Ping timeout: 240 seconds)
2020-03-05T17:56:49  *** the-t-in-rtf <the-t-in-rtf!~Adium@2a02:a210:2142:3480:b1f1:7574:52f:4158> has quit IRC (Quit: Leaving.)
2020-03-05T18:10:03  *** kasparnet <kasparnet!~kasper2@192038131092.mbb.telenor.dk> has joined #fluid-tech
2020-03-05T18:23:44  *** aditya <aditya!uid424596@gateway/web/irccloud.com/x-dwgaprfwzckiywio> has quit IRC (Quit: Connection closed for inactivity)
2020-03-05T18:23:44  *** a4aditya <a4aditya!uid424596@gateway/web/irccloud.com/x-fabomglcjiokkrnn> has quit IRC (Quit: Connection closed for inactivity)
2020-03-05T19:18:05  *** cherylhjli <cherylhjli!~Adium@lnsm3-torontoxn-142-116-177-193.internet.virginmobile.ca> has quit IRC (Quit: Leaving.)
2020-03-05T19:22:51  *** cherylhjli <cherylhjli!~Adium@lnsm3-torontoxn-142-116-177-193.internet.virginmobile.ca> has joined #fluid-tech
2020-03-05T19:33:50  *** the-t-in-rtf <the-t-in-rtf!~Adium@2a02:a210:2142:3480:add7:ab2a:3fdd:948c> has joined #fluid-tech
2020-03-05T19:43:51  *** clown_mtg <clown_mtg!clown@nat/ocadu/x-ttirmqrqlugyswme> has quit IRC (Quit: Leaving.)
2020-03-05T19:56:18  *** colinclark <colinclark!~colinclar@129-2-180-68.wireless.umd.edu> has joined #fluid-tech
2020-03-05T20:10:20  *** kasparnet <kasparnet!~kasper2@192038131092.mbb.telenor.dk> has quit IRC (Remote host closed the connection)
2020-03-05T21:07:56  *** the-t-in-rtf <the-t-in-rtf!~Adium@2a02:a210:2142:3480:add7:ab2a:3fdd:948c> has quit IRC (Quit: Leaving.)
2020-03-05T21:25:10  *** colinclark <colinclark!~colinclar@129-2-180-68.wireless.umd.edu> has quit IRC (Quit: colinclark)
2020-03-05T21:54:28  *** simonjb <simonjb!~simonjb@205.211.168.101> has quit IRC ()
2020-03-05T22:07:16  *** princessa <princessa!uid425931@gateway/web/irccloud.com/x-uqwfleyqxwcpouqe> has joined #fluid-tech
2020-03-05T22:46:59  *** danielcho <danielcho!~Adium@hmtnon1497w-lp140-07-70-27-89-108.dsl.bell.ca> has quit IRC (Quit: Leaving.)
2020-03-05T23:20:46  *** philip <philip!philip@nat/ocadu/x-xiivmvpzfqvxverj> has quit IRC (Ping timeout: 256 seconds)
2020-03-05T23:24:04  *** michelled <michelled!~Adium@135-23-104-71.cpe.pppoe.ca> has quit IRC (Quit: Leaving.)
2020-03-05T23:24:42  *** jhernandez <jhernandez!~jhernande@2a02:a03f:6189:e000:d600:afb2:8af2:1a83> has quit IRC (Quit: jhernandez)
2020-03-05T23:29:59  *** cherylhjli <cherylhjli!~Adium@lnsm3-torontoxn-142-116-177-193.internet.virginmobile.ca> has quit IRC (Quit: Leaving.)
