2019-04-12T04:41:02  *** jhernandez <jhernandez!~jhernande@61.154-200-80.adsl-dyn.isp.belgacom.be> has quit IRC (Remote host closed the connection)
2019-04-12T07:04:51  *** the-t-in-rtf <the-t-in-rtf!~Adium@2a02:a210:2142:3480:78d2:38fd:b6dd:c73a> has quit IRC (Read error: Connection reset by peer)
2019-04-12T07:05:12  *** the-t-in-rtf <the-t-in-rtf!~Adium@2a02:a210:2142:3480:3566:a343:5940:65ac> has joined #fluid-tech
2019-04-12T07:06:11  *** jhernandez <jhernandez!~jhernande@2a02:a03f:3ee2:5d00:3c7c:ffcc:c50e:9a39> has joined #fluid-tech
2019-04-12T07:06:19  *** ewbjr_ <ewbjr_!sid74656@gateway/web/irccloud.com/x-vamjqxhqqplbfdbc> has quit IRC (Read error: Connection reset by peer)
2019-04-12T07:06:43  *** ewbjr_ <ewbjr_!sid74656@gateway/web/irccloud.com/x-jephepckznjhlwnn> has joined #fluid-tech
2019-04-12T07:25:37  *** jhernandez <jhernandez!~jhernande@2a02:a03f:3ee2:5d00:3c7c:ffcc:c50e:9a39> has quit IRC (Remote host closed the connection)
2019-04-12T08:50:11  *** jhernandez <jhernandez!~jhernande@61.154-200-80.adsl-dyn.isp.belgacom.be> has joined #fluid-tech
2019-04-12T12:20:47  *** greatislander <greatislander!~greatisla@24.138.74.254> has joined #fluid-tech
2019-04-12T12:29:29  *** alanharnum <alanharnum!~alanharnu@CPEa84e3f430953-CMa84e3f430950.cpe.net.cable.rogers.com> has joined #fluid-tech
2019-04-12T12:42:37  *** alanharnum <alanharnum!~alanharnu@CPEa84e3f430953-CMa84e3f430950.cpe.net.cable.rogers.com> has quit IRC (Remote host closed the connection)
2019-04-12T12:43:09  *** alanharnum <alanharnum!~alanharnu@CPEa84e3f430953-CMa84e3f430950.cpe.net.cable.rogers.com> has joined #fluid-tech
2019-04-12T12:51:54  *** alanharnum <alanharnum!~alanharnu@CPEa84e3f430953-CMa84e3f430950.cpe.net.cable.rogers.com> has quit IRC (Ping timeout: 252 seconds)
2019-04-12T12:52:50  *** alanharnum <alanharnum!~alanharnu@CPEa84e3f430953-CMa84e3f430950.cpe.net.cable.rogers.com> has joined #fluid-tech
2019-04-12T13:10:07  *** alanharnum <alanharnum!~alanharnu@CPEa84e3f430953-CMa84e3f430950.cpe.net.cable.rogers.com> has quit IRC (Ping timeout: 264 seconds)
2019-04-12T13:15:09  *** alanharnum <alanharnum!~alanharnu@CPEa84e3f430953-CMa84e3f430950.cpe.net.cable.rogers.com> has joined #fluid-tech
2019-04-12T13:23:05  *** cherylhjli <cherylhjli!~Adium@lnsm1-toronto10-142-116-138-229.internet.virginmobile.ca> has joined #fluid-tech
2019-04-12T13:45:31  *** clown <clown!clown@nat/ocadu/x-splutjsjzwgpxqgo> has joined #fluid-tech
2019-04-12T13:46:16  *** alanharnum <alanharnum!~alanharnu@CPEa84e3f430953-CMa84e3f430950.cpe.net.cable.rogers.com> has quit IRC (Quit: Leaving)
2019-04-12T13:52:24  *** alanharnum <alanharnum!~alanharnu@2607:fea8:12a0:b9b:4ea:feab:215f:112e> has joined #fluid-tech
2019-04-12T15:27:47  *** simonjb <simonjb!~simonjb@205.211.168.105> has joined #fluid-tech
2019-04-12T19:08:47  *** alanharnum <alanharnum!~alanharnu@2607:fea8:12a0:b9b:4ea:feab:215f:112e> has quit IRC (Remote host closed the connection)
2019-04-12T19:12:35  *** alanharnum <alanharnum!~alanharnu@CPEa84e3f430953-CMa84e3f430950.cpe.net.cable.rogers.com> has joined #fluid-tech
2019-04-12T19:14:32  *** alanharnum <alanharnum!~alanharnu@CPEa84e3f430953-CMa84e3f430950.cpe.net.cable.rogers.com> has quit IRC (Remote host closed the connection)
2019-04-12T19:14:48  *** alanharnum <alanharnum!~alanharnu@2607:fea8:12a0:b9b:d97f:3817:2851:64a8> has joined #fluid-tech
2019-04-12T20:18:40  *** greatislander <greatislander!~greatisla@24.138.74.254> has quit IRC (Quit: greatislander)
2019-04-12T20:56:45  *** greatislander <greatislander!~greatisla@142.169.78.36> has joined #fluid-tech
2019-04-12T21:00:01  *** greatislander <greatislander!~greatisla@142.169.78.36> has quit IRC (Remote host closed the connection)
2019-04-12T21:01:54  *** clown <clown!clown@nat/ocadu/x-splutjsjzwgpxqgo> has quit IRC (Quit: Leaving.)
2019-04-12T21:03:27  *** cherylhjli <cherylhjli!~Adium@lnsm1-toronto10-142-116-138-229.internet.virginmobile.ca> has quit IRC (Quit: Leaving.)
2019-04-12T21:12:14  *** simonjb <simonjb!~simonjb@205.211.168.105> has quit IRC ()
2019-04-12T21:29:02  *** alanharnum <alanharnum!~alanharnu@2607:fea8:12a0:b9b:d97f:3817:2851:64a8> has quit IRC (Remote host closed the connection)
2019-04-12T21:39:18  *** jhernandez <jhernandez!~jhernande@61.154-200-80.adsl-dyn.isp.belgacom.be> has quit IRC (Remote host closed the connection)
2019-04-12T21:43:50  *** alanharnum <alanharnum!~alanharnu@2607:fea8:12a0:b9b:38b8:340:9184:ccbd> has joined #fluid-tech
2019-04-12T21:48:19  *** jhernandez <jhernandez!~jhernande@61.154-200-80.adsl-dyn.isp.belgacom.be> has joined #fluid-tech
2019-04-12T21:48:31  *** alanharnum <alanharnum!~alanharnu@2607:fea8:12a0:b9b:38b8:340:9184:ccbd> has quit IRC (Ping timeout: 264 seconds)
2019-04-12T22:12:40  *** jhernandez <jhernandez!~jhernande@61.154-200-80.adsl-dyn.isp.belgacom.be> has quit IRC (Remote host closed the connection)
2019-04-12T22:17:45  *** jhernandez <jhernandez!~jhernande@2a02:a03f:3ee2:5d00:f5ab:63a3:b40a:1ae0> has joined #fluid-tech
2019-04-12T22:32:56  *** jhernandez <jhernandez!~jhernande@2a02:a03f:3ee2:5d00:f5ab:63a3:b40a:1ae0> has quit IRC (Remote host closed the connection)
2019-04-12T22:48:37  *** jhernandez <jhernandez!~jhernande@2a02:a03f:3ee2:5d00:8ba:c06b:c46c:3bc0> has joined #fluid-tech
2019-04-12T22:58:51  *** greatislander <greatislander!~greatisla@142.169.78.50> has joined #fluid-tech
2019-04-12T22:59:01  *** jhernandez <jhernandez!~jhernande@2a02:a03f:3ee2:5d00:8ba:c06b:c46c:3bc0> has quit IRC (Remote host closed the connection)
2019-04-12T23:01:34  *** jhernandez <jhernandez!~jhernande@2a02:a03f:3ee2:5d00:7d51:ce86:64f0:d080> has joined #fluid-tech
2019-04-12T23:02:32  *** greatislander <greatislander!~greatisla@142.169.78.50> has quit IRC (Remote host closed the connection)
2019-04-12T23:06:31  *** jhernandez <jhernandez!~jhernande@2a02:a03f:3ee2:5d00:7d51:ce86:64f0:d080> has quit IRC (Ping timeout: 264 seconds)
2019-04-12T23:13:27  *** jhernandez <jhernandez!~jhernande@61.154-200-80.adsl-dyn.isp.belgacom.be> has joined #fluid-tech
2019-04-12T23:25:03  *** jhernandez <jhernandez!~jhernande@61.154-200-80.adsl-dyn.isp.belgacom.be> has quit IRC (Remote host closed the connection)
2019-04-12T23:27:07  *** jhernandez <jhernandez!~jhernande@2a02:a03f:3ee2:5d00:b522:57a6:27c8:cf30> has joined #fluid-tech
