2019-07-25T07:17:38  *** the-t-in-rtf <the-t-in-rtf!~Adium@2a02:a210:2142:3480:554:289d:df40:7dbe> has joined #fluid-tech
2019-07-25T07:39:21  *** the-t-in-rtf <the-t-in-rtf!~Adium@2a02:a210:2142:3480:554:289d:df40:7dbe> has quit IRC (Ping timeout: 250 seconds)
2019-07-25T08:10:12  *** the-t-in-rtf <the-t-in-rtf!~Adium@2a02:a210:2142:3480:554:289d:df40:7dbe> has joined #fluid-tech
2019-07-25T10:09:54  *** jhernandez <jhernandez!~jhernande@2a02:a03f:3e5a:900:d9e0:6594:11c4:1e82> has joined #fluid-tech
2019-07-25T11:07:51  *** jhernandez <jhernandez!~jhernande@2a02:a03f:3e5a:900:d9e0:6594:11c4:1e82> has quit IRC (Ping timeout: 264 seconds)
2019-07-25T11:09:19  *** Justin_o <Justin_o!uid14648@gateway/web/irccloud.com/x-xmnfqhlvezosvklc> has joined #fluid-tech
2019-07-25T11:37:18  *** the-t-in-rtf <the-t-in-rtf!~Adium@2a02:a210:2142:3480:554:289d:df40:7dbe> has quit IRC (Quit: Leaving.)
2019-07-25T12:52:20  *** cindyli <cindyli!~Adium@198.52.178.28> has joined #fluid-tech
2019-07-25T13:15:28  *** simonjb <simonjb!~simonjb@198.178.118.18> has joined #fluid-tech
2019-07-25T13:18:08  *** cherylhjli <cherylhjli!~Adium@ipagstaticip-1c9edb64-0abe-c8de-916b-df5a5dc26a30.sdsl.bell.ca> has joined #fluid-tech
2019-07-25T13:39:58  *** alanharnum <alanharnum!uid363993@gateway/web/irccloud.com/x-huaswwypsiafvflt> has joined #fluid-tech
2019-07-25T13:46:35  <Justin_o> Bosmon: sorry, just now having time to follow up on FLUID-6382. You left a comment here a couple days ago. I've also captured it on the PR https://github.com/fluid-project/infusion/pull/958#issuecomment-515049663
2019-07-25T13:46:52  <Justin_o> just want to clarify that you meant that as an additional refactoring as opposed to a replacement for the suggestion you made on the PR
2019-07-25T13:50:30  <Bosmon> Justin_o - yes, additional
2019-07-25T13:50:54  <Justin_o> Thanks, I'm going to start working on those now.
2019-07-25T13:59:14  *** clown <clown!clown@nat/ocadu/x-inssqimvekmztncw> has joined #fluid-tech
2019-07-25T14:04:50  *** jhernandez <jhernandez!~jhernande@2a02:a03f:3e5a:900:d9e0:6594:11c4:1e82> has joined #fluid-tech
2019-07-25T14:25:07  *** avtar <avtar!~avtar@ip-24-50-191-60.user.start.ca> has joined #fluid-tech
2019-07-25T14:59:11  *** colinclark <colinclark!~colinclar@lan2.penham.iasl.com> has joined #fluid-tech
2019-07-25T15:49:44  *** cherylhjli <cherylhjli!~Adium@ipagstaticip-1c9edb64-0abe-c8de-916b-df5a5dc26a30.sdsl.bell.ca> has quit IRC (Quit: Leaving.)
2019-07-25T16:19:08  *** colinclark <colinclark!~colinclar@lan2.penham.iasl.com> has quit IRC (Quit: colinclark)
2019-07-25T16:19:32  *** colinclark <colinclark!~colinclar@lan2.penham.iasl.com> has joined #fluid-tech
2019-07-25T16:29:44  *** colinclark <colinclark!~colinclar@lan2.penham.iasl.com> has quit IRC (Quit: colinclark)
2019-07-25T16:30:29  *** colinclark <colinclark!~colinclar@lan2.penham.iasl.com> has joined #fluid-tech
2019-07-25T16:44:20  *** avtar <avtar!~avtar@ip-24-50-191-60.user.start.ca> has quit IRC (Quit: Leaving.)
2019-07-25T16:45:10  *** avtar <avtar!~avtar@ip-24-50-191-60.user.start.ca> has joined #fluid-tech
2019-07-25T17:23:50  *** colinclark <colinclark!~colinclar@lan2.penham.iasl.com> has quit IRC (Quit: colinclark)
2019-07-25T17:31:33  *** cherylhjli <cherylhjli!~Adium@ipagstaticip-dc219dfa-e2cd-8709-b34e-c1e44f315712.sdsl.bell.ca> has joined #fluid-tech
2019-07-25T18:08:42  *** simonjb <simonjb!~simonjb@198.178.118.18> has quit IRC ()
2019-07-25T19:01:16  <Justin_o> Bosmon: related your comment "It seems much cleaner to just stick the event escalation logic inside fluid.prefs.enactor.syllabification.syllabify". You mean the "afterSyllabification" event? If so, how would we know when all of the various hyphenators for the different languages have finished?
2019-07-25T19:13:15  <Bosmon> Justin_o - ok, I see now - it seems that a text parsing run could uncover a collection of nodes with different languages
2019-07-25T19:13:36  <Bosmon> And the "afterSyllabification" event is a rollup for all of these
2019-07-25T19:14:42  <Justin_o> Bosmon: well it does run through a parser first https://github.com/fluid-project/infusion/blob/master/src/framework/preferences/js/SyllabificationEnactor.js#L71-L79
2019-07-25T19:15:02  <Bosmon> yes
2019-07-25T19:15:12  <Justin_o> Bosmon: but the asynchrony of loading the pattern files means that we don't know if it has completed syllabifying yet
2019-07-25T19:57:26  *** colinclark <colinclark!~colinclar@192-0-158-138.cpe.teksavvy.com> has joined #fluid-tech
2019-07-25T20:03:16  *** cindyli <cindyli!~Adium@198.52.178.28> has quit IRC (Quit: Leaving.)
2019-07-25T20:16:52  *** cindyli <cindyli!~Adium@198.52.178.28> has joined #fluid-tech
2019-07-25T20:29:19  *** cherylhjli <cherylhjli!~Adium@ipagstaticip-dc219dfa-e2cd-8709-b34e-c1e44f315712.sdsl.bell.ca> has quit IRC (Quit: Leaving.)
2019-07-25T20:31:58  *** cindyli <cindyli!~Adium@198.52.178.28> has quit IRC (Quit: Leaving.)
2019-07-25T20:45:47  *** jhernandez <jhernandez!~jhernande@2a02:a03f:3e5a:900:d9e0:6594:11c4:1e82> has quit IRC (Quit: jhernandez)
2019-07-25T20:58:30  *** clown <clown!clown@nat/ocadu/x-inssqimvekmztncw> has quit IRC (Quit: Leaving.)
2019-07-25T21:27:26  *** avtar <avtar!~avtar@ip-24-50-191-60.user.start.ca> has quit IRC (Quit: Leaving.)
2019-07-25T21:28:02  *** colinclark <colinclark!~colinclar@192-0-158-138.cpe.teksavvy.com> has quit IRC (Ping timeout: 248 seconds)
2019-07-25T21:29:16  *** colinclark <colinclark!~colinclar@192-0-158-138.cpe.teksavvy.com> has joined #fluid-tech
