2018-11-29T01:27:08  *** Bosmon <Bosmon!~a@82-71-9-15.dsl.in-addr.zen.co.uk> has quit IRC (Ping timeout: 245 seconds)
2018-11-29T06:49:51  *** the-t-in-rtf1 <the-t-in-rtf1!~Adium@2a02:a210:2142:3480:e1fb:7236:4321:76a8> has quit IRC (Ping timeout: 264 seconds)
2018-11-29T07:02:27  *** the-t-in-rtf <the-t-in-rtf!~Adium@2a02:a210:2142:3480:f535:e454:b8f5:9fa6> has joined #fluid-tech
2018-11-29T11:35:26  *** jhernandez <jhernandez!~jhernande@2a02:a03f:3fc2:1300:1dd3:40b6:4fb7:3aa5> has joined #fluid-tech
2018-11-29T12:09:13  *** Justin_o <Justin_o!uid14648@gateway/web/irccloud.com/x-aemduxnjovysbkyl> has joined #fluid-tech
2018-11-29T12:46:07  *** jhernandez <jhernandez!~jhernande@2a02:a03f:3fc2:1300:1dd3:40b6:4fb7:3aa5> has quit IRC (Remote host closed the connection)
2018-11-29T12:50:43  *** jhernandez <jhernandez!~jhernande@198.133-200-80.adsl-dyn.isp.belgacom.be> has joined #fluid-tech
2018-11-29T13:10:57  *** simonjb <simonjb!~simonjb@198.178.118.18> has joined #fluid-tech
2018-11-29T13:22:32  *** michelled <michelled!~Adium@192-0-151-7.cpe.teksavvy.com> has joined #fluid-tech
2018-11-29T13:51:32  *** Bosmon <Bosmon!~a@82-71-9-15.dsl.in-addr.zen.co.uk> has joined #fluid-tech
2018-11-29T13:55:05  *** cindyli <cindyli!~Adium@198.52.177.167> has joined #fluid-tech
2018-11-29T14:29:55  *** colinclark <colinclark!~colinclar@135-23-98-140.cpe.pppoe.ca> has joined #fluid-tech
2018-11-29T14:35:30  *** clown <clown!clown@nat/ocadu/x-nqkrfecovkwvcmlk> has joined #fluid-tech
2018-11-29T15:11:18  *** colinclark <colinclark!~colinclar@135-23-98-140.cpe.pppoe.ca> has quit IRC (Quit: colinclark)
2018-11-29T15:24:31  *** avtar <avtar!~avtar@ip-45-3-22-153.user.start.ca> has joined #fluid-tech
2018-11-29T15:59:43  *** colinclark <colinclark!colinclark@nat/ocadu/x-pvghszvkbokeaugg> has joined #fluid-tech
2018-11-29T17:01:28  *** byoung <byoung!~bryan@cpe-104-34-67-45.socal.res.rr.com> has joined #fluid-tech
2018-11-29T17:52:12  *** avtar <avtar!~avtar@ip-45-3-22-153.user.start.ca> has quit IRC (Quit: Leaving.)
2018-11-29T18:25:58  *** byoung <byoung!~bryan@cpe-104-34-67-45.socal.res.rr.com> has quit IRC (Ping timeout: 250 seconds)
2018-11-29T19:16:24  *** michelled <michelled!~Adium@192-0-151-7.cpe.teksavvy.com> has quit IRC (Quit: Leaving.)
2018-11-29T19:49:45  *** michelled <michelled!~Adium@192-0-151-7.cpe.teksavvy.com> has joined #fluid-tech
2018-11-29T20:03:01  *** jhernandez <jhernandez!~jhernande@198.133-200-80.adsl-dyn.isp.belgacom.be> has quit IRC (Remote host closed the connection)
2018-11-29T20:19:12  *** michelled <michelled!~Adium@192-0-151-7.cpe.teksavvy.com> has quit IRC (Quit: Leaving.)
2018-11-29T21:35:03  *** cindyli <cindyli!~Adium@198.52.177.167> has quit IRC (Quit: Leaving.)
2018-11-29T21:48:34  *** byoung <byoung!~bryan@cpe-104-34-67-45.socal.res.rr.com> has joined #fluid-tech
2018-11-29T22:01:09  *** clown <clown!clown@nat/ocadu/x-nqkrfecovkwvcmlk> has quit IRC (Quit: Leaving.)
2018-11-29T22:37:18  *** byoung <byoung!~bryan@cpe-104-34-67-45.socal.res.rr.com> has quit IRC (Ping timeout: 250 seconds)
2018-11-29T22:51:25  *** simonjb <simonjb!~simonjb@198.178.118.18> has quit IRC ()
