b'2015-01-05T07:09:43 * the-t-in-rtf has quit
2015-01-05T07:54:29 * the-t-in-rtf joined the channel
2015-01-05T12:48:00 * michelled joined the channel
2015-01-05T13:34:40 * michelled has quit
2015-01-05T13:40:05 * michelled joined the channel
2015-01-05T13:44:33 * simonjb joined the channel
2015-01-05T13:51:18 * Justin_o joined the channel
2015-01-05T13:54:50 * cindyli joined the channel
2015-01-05T14:42:31 * michelled has quit
2015-01-05T14:43:56 * michelled joined the channel
2015-01-05T14:56:01 * colinclark joined the channel
2015-01-05T14:56:01 * michelled has quit
2015-01-05T15:09:47 * cindyli has quit
2015-01-05T15:14:31 * cindyli joined the channel
2015-01-05T15:16:15 * michelled joined the channel
2015-01-05T15:24:27 * colinclark has quit
2015-01-05T15:37:42 * michelled has quit
2015-01-05T15:40:48 * clown joined the channel
2015-01-05T16:46:01 * the-t-in-rtf has quit
2015-01-05T16:58:34 * colinclark joined the channel
2015-01-05T17:17:01 * colinclark has quit
2015-01-05T17:17:22 * colinclark joined the channel
2015-01-05T17:18:48 * the-t-in-rtf joined the channel
2015-01-05T18:55:01 * colinclark has quit
2015-01-05T18:58:56 * colinclark joined the channel
2015-01-05T19:18:10 * clown has left the channel
2015-01-05T21:30:17 * cindyli has quit
2015-01-05T21:41:18 * simonjb has quit
2015-01-05T22:37:06 * Justin_o has quit
'

