b'2015-07-06T00:40:05 * kasparnet has quit
2015-07-06T07:29:51 * the-t-in-rtf joined the channel
2015-07-06T07:49:30 * the-t-in-rtf has quit
2015-07-06T07:49:49 * the-t-in-rtf joined the channel
2015-07-06T08:45:39 * kasparnet joined the channel
2015-07-06T10:41:12 * Bosmon7 has quit
2015-07-06T10:53:36 * Bosmon7 joined the channel
2015-07-06T11:05:19 * Bosmon joined the channel
2015-07-06T11:08:19 * kasparnet has quit
2015-07-06T12:35:02 * kasparnet joined the channel
2015-07-06T12:36:55 * Justin_o joined the channel
2015-07-06T13:01:09 * simonjb joined the channel
2015-07-06T13:01:41 * cindyli joined the channel
2015-07-06T13:04:55 * kasparnet has quit
2015-07-06T13:05:02 * michelled joined the channel
2015-07-06T13:06:15 * the-t-in-rtf has quit
2015-07-06T13:07:13 * jessm joined the channel
2015-07-06T13:16:41 * kasparnet joined the channel
2015-07-06T13:26:34 * alanharnum joined the channel
2015-07-06T13:59:16 * clown joined the channel
2015-07-06T14:56:28 * alanharnum joined the channel
2015-07-06T14:58:45 * michelled1 joined the channel
2015-07-06T15:07:30 * alanharnum_ joined the channel
2015-07-06T15:09:29 * alanharnum_ joined the channel
2015-07-06T15:22:44 * simonjb joined the channel
2015-07-06T15:28:00 * kasparnet has quit
2015-07-06T15:39:39 * alanharnum_ joined the channel
2015-07-06T16:08:42 * alanharnum_ has quit
2015-07-06T16:10:40 * kasparnet joined the channel
2015-07-06T16:11:22 * alanharnum joined the channel
2015-07-06T16:15:19 * cindyli joined the channel
2015-07-06T16:18:00 * alanharnum_ joined the channel
2015-07-06T16:21:32 * simonjb joined the channel
2015-07-06T16:47:48 * alanharnum joined the channel
2015-07-06T16:51:31 * michelled joined the channel
2015-07-06T17:09:12 * clown joined the channel
2015-07-06T17:28:47 * clown joined the channel
2015-07-06T17:41:21 * michelled joined the channel
2015-07-06T17:42:55 * simonjb joined the channel
2015-07-06T18:23:30 * cindyli joined the channel
2015-07-06T18:34:51 * michelled joined the channel
2015-07-06T18:36:58 * michelled joined the channel
2015-07-06T18:39:06 * michelled joined the channel
2015-07-06T18:41:14 * michelled joined the channel
2015-07-06T18:43:21 * michelled joined the channel
2015-07-06T18:45:28 * michelled joined the channel
2015-07-06T18:47:36 * michelled joined the channel
2015-07-06T18:49:43 * michelled joined the channel
2015-07-06T18:53:07 * michelled joined the channel
2015-07-06T18:53:40 * michelled has quit
2015-07-06T18:53:57 * michelled joined the channel
2015-07-06T18:56:13 * michelled joined the channel
2015-07-06T18:58:12 * michelled joined the channel
2015-07-06T19:00:02 * michelled has quit
2015-07-06T19:00:20 * michelled joined the channel
2015-07-06T19:07:01 * alanharnum joined the channel
2015-07-06T19:20:53 * alanharnum has quit
2015-07-06T19:27:21 * cindyli joined the channel
2015-07-06T19:31:07 * alanharnum joined the channel
2015-07-06T20:12:59 * alanharnum_ joined the channel
2015-07-06T20:40:20 * kasparnet has quit
2015-07-06T21:00:46 * clown has quit
2015-07-06T21:07:38 * kasparnet joined the channel
2015-07-06T21:30:43 * kasparnet has quit
2015-07-06T21:31:28 * kasparnet joined the channel
2015-07-06T21:32:19 * kasparnet has quit
2015-07-06T21:32:48 * Bosmon7 has quit
2015-07-06T21:33:29 * alanharnum has quit
2015-07-06T21:39:15 * alanharnum joined the channel
2015-07-06T23:52:20 * Bosmon7 joined the channel
'

