b'2015-10-11T01:05:52 * kasparnet joined the channel
2015-10-11T01:13:10 * kasparnet has quit
2015-10-11T01:13:26 * Bosmon has quit
2015-10-11T02:49:54 * ewbjr has quit
2015-10-11T04:20:12 * ewbjr joined the channel
2015-10-11T08:36:06 * ewbjr has quit
2015-10-11T09:09:59 * ewbjr joined the channel
2015-10-11T14:24:12 * the-t-in-rtf has quit
2015-10-11T14:28:28 * the-t-in-rtf joined the channel
2015-10-11T16:40:21 * kasparnet joined the channel
2015-10-11T18:23:36 * the-t-in-rtf has quit
2015-10-11T19:32:52 * the-t-in-rtf joined the channel
2015-10-11T19:39:59 * kasparnet has quit
2015-10-11T19:40:35 * kasparnet joined the channel
2015-10-11T19:41:47 * kasparne_ joined the channel
2015-10-11T19:41:47 * kasparnet has quit
2015-10-11T19:42:29 * the-t-in-rtf has quit
2015-10-11T19:42:51 * the-t-in-rtf joined the channel
2015-10-11T20:53:30 * the-t-in-rtf has quit
'

