b'2017-04-22T00:34:07 * gabrielmancini joined the channel
2017-04-22T00:39:16 * gabrielmancini has quit
2017-04-22T02:22:51 * gabrielmancini joined the channel
2017-04-22T02:28:31 * gabrielmancini has quit
2017-04-22T04:08:10 * danayo joined the channel
2017-04-22T04:11:08 * gabrielmancini joined the channel
2017-04-22T04:15:39 * gabrielmancini has quit
2017-04-22T04:37:04 * mrtyler has quit
2017-04-22T05:01:47 * gabrielmancini joined the channel
2017-04-22T05:05:21 * the-t-in-rtf joined the channel
2017-04-22T05:06:27 * gabrielmancini has quit
2017-04-22T06:48:53 * gabrielmancini joined the channel
2017-04-22T06:54:08 * gabrielmancini has quit
2017-04-22T07:03:27 * the-t-in-rtf has quit
2017-04-22T07:24:15 * the-t-in-rtf joined the channel
2017-04-22T08:20:53 * sirdancealot joined the channel
2017-04-22T08:29:50 * javjarfer joined the channel
2017-04-22T08:47:51 * the-t-in-rtf has quit
2017-04-22T10:25:05 * gabrielmancini joined the channel
2017-04-22T10:29:59 * gabrielmancini has quit
2017-04-22T12:13:28 * gabrielmancini joined the channel
2017-04-22T12:17:57 * gabrielmancini has quit
2017-04-22T12:37:06 * the-t-in-rtf joined the channel
2017-04-22T13:14:20 * gabrielmancini joined the channel
2017-04-22T13:18:38 * gabrielmancini has quit
2017-04-22T13:48:10 * the-t-in-rtf has quit
2017-04-22T13:48:42 * the-t-in-rtf joined the channel
2017-04-22T15:45:05 * noveens has quit
2017-04-22T16:14:51 * noveens joined the channel
2017-04-22T16:23:14 * amatas joined the channel
2017-04-22T16:50:19 * gabrielmancini joined the channel
2017-04-22T16:55:23 * gabrielmancini has quit
2017-04-22T17:31:44 * gabrielmancini joined the channel
2017-04-22T17:33:19 * gabrielmancini has quit
2017-04-22T17:33:54 * gabrielmancini joined the channel
2017-04-22T17:36:54 * sgithens has quit
2017-04-22T17:37:44 * sgithens joined the channel
2017-04-22T17:38:33 * gabrielmancini has quit
2017-04-22T20:22:50 * gabrielmancini joined the channel
2017-04-22T20:25:48 * sgithens has quit
2017-04-22T20:26:57 * gabrielmancini has quit
2017-04-22T20:31:35 * gabrielmancini joined the channel
2017-04-22T20:33:01 * gabrielmancini has quit
2017-04-22T22:52:26 * javjarfer has quit
2017-04-22T23:05:28 * amatas has quit
'

