b'2017-08-20T00:22:46 * cindyli has quit
2017-08-20T00:57:53 * cindyli joined the channel
2017-08-20T01:07:49 * cindyli has quit
2017-08-20T10:26:40 * kasparnet joined the channel
2017-08-20T10:28:43 * kasparne_ joined the channel
2017-08-20T10:31:59 * kasparnet has quit
2017-08-20T11:46:00 * kasparne_ has quit
2017-08-20T12:07:05 * stegru joined the channel
2017-08-20T13:16:26 * kasparnet joined the channel
2017-08-20T13:21:03 * kasparnet has quit
2017-08-20T13:38:09 * stegru has quit
2017-08-20T14:08:00 * amatas joined the channel
2017-08-20T14:09:13 * kasparnet joined the channel
2017-08-20T15:52:35 * cindyli joined the channel
2017-08-20T16:08:56 * danayo joined the channel
2017-08-20T16:36:44 * kasparnet has quit
2017-08-20T16:42:50 * danayo_ joined the channel
2017-08-20T16:47:19 * kasparne_ joined the channel
2017-08-20T16:48:59 * kasparne_ has quit
2017-08-20T18:44:31 * stegru joined the channel
2017-08-20T19:00:10 * cindyli has quit
2017-08-20T19:10:44 * cindyli joined the channel
2017-08-20T19:48:16 * stegru has quit
2017-08-20T21:25:13 * danayo joined the channel
2017-08-20T21:35:46 * cindyli joined the channel
2017-08-20T21:43:38 * danayo joined the channel
2017-08-20T21:48:58 * javjarfer joined the channel
2017-08-20T21:58:55 * javjarfer has quit
2017-08-20T22:00:44 * javjarfer joined the channel
2017-08-20T22:15:33 * danayo joined the channel
2017-08-20T22:33:46 * amatas has quit
2017-08-20T23:38:23 * danayo has quit
2017-08-20T23:57:57 * javjarfer has quit
'

