b'2017-04-23T02:11:00 * gabrielmancini joined the channel
2017-04-23T02:15:27 * gabrielmancini has quit
2017-04-23T03:59:33 * gabrielmancini joined the channel
2017-04-23T04:04:02 * gabrielmancini has quit
2017-04-23T05:47:48 * gabrielmancini joined the channel
2017-04-23T05:52:23 * gabrielmancini has quit
2017-04-23T09:30:34 * javjarfer joined the channel
2017-04-23T10:54:40 * javjarfer has quit
2017-04-23T14:51:54 * javjarfer joined the channel
2017-04-23T15:15:05 * gabrielmancini joined the channel
2017-04-23T15:19:43 * gabrielmancini has quit
2017-04-23T17:02:57 * gabrielmancini joined the channel
2017-04-23T17:07:18 * gabrielmancini has quit
2017-04-23T17:53:00 * sgithens joined the channel
2017-04-23T18:48:45 * gabrielmancini joined the channel
2017-04-23T18:52:57 * gabrielmancini has quit
2017-04-23T18:57:36 * sirdancealot joined the channel
2017-04-23T19:11:14 * danayo joined the channel
2017-04-23T20:35:24 * sgithens has quit
2017-04-23T20:36:51 * gabrielmancini joined the channel
2017-04-23T20:41:37 * gabrielmancini has quit
2017-04-23T21:39:20 * sirdancealot has quit
2017-04-23T21:41:40 * danayo has quit
2017-04-23T21:53:46 * javjarfer has quit
2017-04-23T23:24:38 * sgithens joined the channel
'

