b'2017-11-11T01:08:34 * chlorophilia joined the channel
2017-11-11T01:30:29 * alanharnum joined the channel
2017-11-11T02:13:10 * chlorophilia joined the channel
2017-11-11T03:09:52 * chlorophilia joined the channel
2017-11-11T03:32:31 * alanharnum joined the channel
2017-11-11T03:37:28 * alanharnum has quit
2017-11-11T03:52:19 * chlorophilia joined the channel
2017-11-11T04:34:25 * alanharnum joined the channel
2017-11-11T04:39:28 * chlorophilia has left the channel
2017-11-11T05:36:56 * alanharnum joined the channel
2017-11-11T05:43:27 * alanharnum has quit
2017-11-11T07:10:26 * mrtyler joined the channel
2017-11-11T07:40:50 * alanharnum joined the channel
2017-11-11T09:42:47 * alanharnum joined the channel
2017-11-11T10:44:34 * alanharnum joined the channel
2017-11-11T10:49:03 * alanharnum has quit
2017-11-11T12:46:22 * alanharnum joined the channel
2017-11-11T14:48:58 * alanharnum joined the channel
2017-11-11T14:49:20 * grrrero joined the channel
2017-11-11T15:51:13 * alanharnum joined the channel
2017-11-11T15:52:21 * mrtyler joined the channel
2017-11-11T15:59:36 * the-t-in-rtf joined the channel
2017-11-11T16:34:08 * mrtyler joined the channel
2017-11-11T17:21:25 * mrtyler joined the channel
2017-11-11T17:45:56 * chlorophilia joined the channel
2017-11-11T17:53:09 * alanharnum joined the channel
2017-11-11T18:06:01 * chlorophilia has quit
2017-11-11T18:09:42 * mrtyler joined the channel
2017-11-11T18:11:48 * chlorophilia joined the channel
2017-11-11T18:16:33 * chlorophilia has quit
2017-11-11T18:22:19 * mrtyler joined the channel
2017-11-11T19:00:08 * the-t-in-rtf joined the channel
2017-11-11T19:55:52 * alanharnum joined the channel
2017-11-11T20:16:33 * sepidehshahi joined the channel
2017-11-11T20:29:38 * stegru joined the channel
2017-11-11T21:57:31 * alanharnum joined the channel
2017-11-11T22:59:41 * alanharnum joined the channel
'

