b'2014-10-07T00:23:41 * michelled joined the channel
2014-10-07T00:23:41 * michelled has quit
2014-10-07T07:44:47 * kasparnet joined the channel
2014-10-07T08:37:58 * kasparnet has quit
2014-10-07T09:02:15 * kasparnet joined the channel
2014-10-07T12:00:38 * michelled joined the channel
2014-10-07T12:39:15 * Justin_o joined the channel
2014-10-07T12:40:50 * cindyli joined the channel
2014-10-07T12:43:48 * cindyli1 joined the channel
2014-10-07T12:45:43 * cindyli has quit
2014-10-07T13:01:27 * colinclark joined the channel
2014-10-07T13:07:17 * jessm joined the channel
2014-10-07T14:05:12 * anastasiac joined the channel
2014-10-07T14:12:43 * colinclark has quit
2014-10-07T14:23:09 * clown joined the channel
2014-10-07T15:01:47 * colinclark joined the channel
2014-10-07T15:02:08 * colinclark has quit
2014-10-07T15:02:41 * colinclark joined the channel
2014-10-07T15:25:10 * colinclark has quit
2014-10-07T15:29:15 * colinclark joined the channel
2014-10-07T15:44:01 * michelled has quit
2014-10-07T16:22:04 * sgithens___ has quit
2014-10-07T16:35:27 * michelled joined the channel
2014-10-07T16:47:07 * sgithens___ joined the channel
2014-10-07T17:02:02 * kasparnet has quit
2014-10-07T17:03:03 * kasparnet joined the channel
2014-10-07T17:33:04 * michelled has quit
2014-10-07T17:42:00 * kasparnet has quit
2014-10-07T18:03:51 * kasparnet joined the channel
2014-10-07T18:14:19 * michelled joined the channel
2014-10-07T18:34:41 * clown has quit
2014-10-07T18:47:11 * clown joined the channel
2014-10-07T18:47:28 * clown is now known as clown_mtg
2014-10-07T19:41:09 * michelled has quit
2014-10-07T20:33:15 * cindyli1 has quit
2014-10-07T20:47:39 * clown_mtg has quit
2014-10-07T21:03:11 * michelled joined the channel
2014-10-07T21:15:40 * michelled has quit
2014-10-07T21:24:20 * colinclark has quit
2014-10-07T21:25:00 * colinclark joined the channel
2014-10-07T21:42:32 * anastasiac has quit
2014-10-07T22:10:42 * jessm has quit
2014-10-07T22:55:18 * kasparnet has quit
2014-10-07T23:10:50 * colinclark has quit
'

