b'2014-10-30T00:15:33 * kasparnet has quit
2014-10-30T00:15:59 * kasparnet joined the channel
2014-10-30T00:20:17 * kasparnet has quit
2014-10-30T03:16:31 * kasparnet joined the channel
2014-10-30T03:21:07 * kasparnet has quit
2014-10-30T09:32:47 * kasparnet joined the channel
2014-10-30T12:32:15 * jessm joined the channel
2014-10-30T12:41:15 * cindyli joined the channel
2014-10-30T13:20:56 * michelled joined the channel
2014-10-30T13:37:17 * anastasiac joined the channel
2014-10-30T13:55:31 * clown joined the channel
2014-10-30T14:17:12 * simonjb joined the channel
2014-10-30T16:40:19 * anastasiac has quit
2014-10-30T17:11:12 * kasparnet has quit
2014-10-30T17:57:26 * anastasiac joined the channel
2014-10-30T18:07:02 * michelled has quit
2014-10-30T20:11:39 * kasparnet joined the channel
2014-10-30T20:15:52 * kasparnet has quit
2014-10-30T20:38:57 * cindyli has quit
2014-10-30T20:41:39 * clown has quit
2014-10-30T21:01:41 * simonjb has quit
2014-10-30T21:28:57 * jessm has quit
2014-10-30T21:38:25 * anastasiac has quit
'

