b'2014-01-11T00:20:38 * cindyli joined the channel
2014-01-11T00:33:23 * colinclark has quit
2014-01-11T00:39:59 * michelled has quit
2014-01-11T01:17:17 * Bosmon7 has quit
2014-01-11T01:17:35 * Bosmon7 joined the channel
2014-01-11T01:58:37 * cindyli has quit
2014-01-11T10:36:16 * kasparnet joined the channel
2014-01-11T10:36:19 * kasparnet has quit
2014-01-11T10:36:26 * kasparnet joined the channel
2014-01-11T11:19:23 * the-t-in-rtf has quit
2014-01-11T11:19:40 * the-t-in-rtf joined the channel
2014-01-11T17:47:14 * colinclark joined the channel
2014-01-11T17:58:50 * colinclark has quit
2014-01-11T18:01:45 * yzen joined the channel
2014-01-11T18:45:21 * colinclark joined the channel
2014-01-11T19:10:21 * yzen has quit
2014-01-11T19:59:19 * the-t-in-rtf has quit
2014-01-11T20:09:01 * the-t-in-rtf joined the channel
2014-01-11T20:52:06 * michelled joined the channel
2014-01-11T22:35:57 * sgithens joined the channel
2014-01-11T22:41:44 * the-t-in-rtf has quit
2014-01-11T23:07:41 * cindyli joined the channel
'

