b'2014-08-11T01:43:59 * kasparnet joined the channel
2014-08-11T01:50:08 * kasparnet has quit
2014-08-11T06:30:05 * kasparnet joined the channel
2014-08-11T06:48:16 * kasparnet has quit
2014-08-11T09:31:18 * kasparnet joined the channel
2014-08-11T10:47:54 * kasparnet has quit
2014-08-11T11:03:59 * kasparnet joined the channel
2014-08-11T12:19:52 * Justin_o joined the channel
2014-08-11T12:44:42 * cindyli joined the channel
2014-08-11T13:46:54 * simonjb joined the channel
2014-08-11T13:51:23 * colinclark joined the channel
2014-08-11T14:28:11 * michelled joined the channel
2014-08-11T14:45:59 * Justin_o has quit
2014-08-11T16:34:46 * michelled has quit
2014-08-11T16:38:51 * michelled joined the channel
2014-08-11T17:50:32 * colinclark has quit
2014-08-11T17:50:58 * colinclark joined the channel
2014-08-11T17:53:35 * colinclark has quit
2014-08-11T18:04:30 * colinclark joined the channel
2014-08-11T19:24:14 * the-t-in-rtf joined the channel
2014-08-11T19:53:05 * the-t-in-rtf has quit
2014-08-11T20:30:43 * cindyli has quit
2014-08-11T20:35:56 * colinclark has quit
2014-08-11T20:37:27 * colinclark joined the channel
2014-08-11T20:42:57 * colinclark has quit
2014-08-11T20:57:54 * michelled has quit
2014-08-11T22:02:26 * simonjb has quit
2014-08-11T22:28:33 * kasparnet has quit
2014-08-11T22:28:58 * colinclark joined the channel
2014-08-11T23:05:15 * colinclark has quit
'

