b'2014-10-09T00:21:25 * colinclark has quit
2014-10-09T00:22:07 * michelled joined the channel
2014-10-09T00:22:10 * michelled has quit
2014-10-09T06:06:44 * Justin_o has quit
2014-10-09T07:27:21 * kasparnet joined the channel
2014-10-09T09:29:00 * kasparnet has quit
2014-10-09T09:43:59 * kasparnet joined the channel
2014-10-09T10:20:13 * kasparnet has quit
2014-10-09T10:23:23 * kasparnet joined the channel
2014-10-09T10:23:41 * kasparnet has quit
2014-10-09T12:15:00 * Justin_o joined the channel
2014-10-09T12:53:02 * cindyli joined the channel
2014-10-09T13:23:26 * anastasiac joined the channel
2014-10-09T13:23:55 * jessm joined the channel
2014-10-09T13:48:12 * kasparnet joined the channel
2014-10-09T13:49:25 * cindyli has quit
2014-10-09T13:50:20 * kasparne_ joined the channel
2014-10-09T13:53:12 * kasparnet has quit
2014-10-09T13:56:29 * colinclark joined the channel
2014-10-09T14:08:52 * clown_mtg joined the channel
2014-10-09T14:10:03 * cindyli joined the channel
2014-10-09T14:31:33 * colinclark has quit
2014-10-09T14:36:55 * simonjb joined the channel
2014-10-09T15:02:48 * kasparne_ has quit
2014-10-09T15:14:45 * clown_mtg is now known as clown
2014-10-09T15:27:47 * michelled joined the channel
2014-10-09T15:34:46 * colinclark joined the channel
2014-10-09T15:42:58 * michelled has quit
2014-10-09T15:49:40 * michelled joined the channel
2014-10-09T16:12:59 * michelled has quit
2014-10-09T16:27:14 * colinclark has quit
2014-10-09T17:21:34 * colinclark joined the channel
2014-10-09T17:54:00 * michelled joined the channel
2014-10-09T18:03:13 * kasparnet joined the channel
2014-10-09T18:07:22 * kasparnet has quit
2014-10-09T19:04:33 * michelled_ joined the channel
2014-10-09T19:06:47 * michelled has quit
2014-10-09T19:06:47 * michelled_ is now known as michelled
2014-10-09T20:23:38 * michelled has quit
2014-10-09T20:28:38 * michelled joined the channel
2014-10-09T20:30:32 * michelled has quit
2014-10-09T20:31:09 * cindyli has quit
2014-10-09T20:35:22 * michelled joined the channel
2014-10-09T21:01:44 * clown has quit
2014-10-09T21:13:45 * michelled has quit
2014-10-09T21:19:02 * anastasiac has quit
2014-10-09T21:52:48 * kasparnet joined the channel
2014-10-09T21:52:51 * kasparnet has quit
2014-10-09T21:53:34 * kasparnet joined the channel
2014-10-09T21:58:05 * kasparnet has quit
2014-10-09T22:28:52 * simonjb has quit
2014-10-09T22:36:45 * Justin_o has quit
2014-10-09T22:44:20 * colinclark has quit
2014-10-09T23:05:58 * jessm has quit
'

