b"2017-08-14T08:43:13 * javjarfer joined the channel
2017-08-14T09:42:34 * stegru joined the channel
2017-08-14T11:08:29 * stegru has quit
2017-08-14T11:30:42 * gtirloni joined the channel
2017-08-14T11:40:50 * gtirloni has quit
2017-08-14T11:47:10 * gtirloni joined the channel
2017-08-14T12:25:29 * Justin_o joined the channel
2017-08-14T12:28:06 * alanharnum joined the channel
2017-08-14T12:39:19 * cindyli joined the channel
2017-08-14T13:02:07 * colinclark joined the channel
2017-08-14T13:02:31 * javjarfer has quit
2017-08-14T13:02:36 * javjarfer_ joined the channel
2017-08-14T13:29:58 * alanharnum has quit
2017-08-14T13:32:40 * simonjb joined the channel
2017-08-14T13:34:29 * alanharnum joined the channel
2017-08-14T13:37:33 * colinclark joined the channel
2017-08-14T13:50:10 * alanharnum joined the channel
2017-08-14T14:33:47 * alanharnum has quit
2017-08-14T14:34:13 * alanharnum joined the channel
2017-08-14T14:36:19 * grrrero joined the channel
2017-08-14T14:39:26 * alanharnum joined the channel
2017-08-14T14:40:54 * amatas joined the channel
2017-08-14T15:09:33 * mrtyler joined the channel
2017-08-14T15:27:31 * avtar joined the channel
2017-08-14T16:10:52 * alanharnum has quit
2017-08-14T16:11:20 * alanharnum joined the channel
2017-08-14T16:15:47 * alanharnum has quit
2017-08-14T16:23:10 * colinclark has quit
2017-08-14T16:42:01 * avtar joined the channel
2017-08-14T17:02:47 * gtirloni_ joined the channel
2017-08-14T17:03:47 * gtirloni is now known as Guest74870
2017-08-14T17:04:15 * gtirloni_ is now known as gtirloni
2017-08-14T17:06:09 * Guest74870 has quit
2017-08-14T17:17:53 * avtar joined the channel
2017-08-14T17:18:47 * alanharnum joined the channel
2017-08-14T17:29:46 * alanharnum joined the channel
2017-08-14T17:34:04 * colinclark joined the channel
2017-08-14T18:30:13 <alanharnum> interesting text summarization service: https://resoomer.com/en/
2017-08-14T18:30:29 <alanharnum> Justin_o / colinclark / others, has there been research done in the GPII about automatic summarization?
2017-08-14T18:30:37 <alanharnum> whether it's viable, what services are good, etc?
2017-08-14T18:31:19 <Justin_o> alanharnum: not that i'm aware of
2017-08-14T19:03:28 * javjarfer_ has quit
2017-08-14T19:09:14 * avtar has quit
2017-08-14T19:15:42 * avtar joined the channel
2017-08-14T19:29:57 * alanharnum joined the channel
2017-08-14T20:13:37 * alanharnum has quit
2017-08-14T20:14:30 * alanharnum joined the channel
2017-08-14T20:30:12 * alanharnum has quit
2017-08-14T20:47:01 * simonjb has quit
2017-08-14T22:44:41 * Justin_o has quit
2017-08-14T22:49:04 * avtar has quit
2017-08-14T22:49:48 * amatas has quit
"

