b"2017-06-26T04:42:57 * the-t-in-rtf joined the channel
2017-06-26T06:26:28 * the-t-in-rtf has quit
2017-06-26T07:08:45 * the-t-in-rtf joined the channel
2017-06-26T08:00:31 * javjarfer_ joined the channel
2017-06-26T09:10:04 * kasparnet joined the channel
2017-06-26T09:25:49 * kasparne_ joined the channel
2017-06-26T09:27:33 * the-t-in-rtf joined the channel
2017-06-26T09:29:28 * kasparnet has quit
2017-06-26T09:59:46 * stegru joined the channel
2017-06-26T10:40:04 * gtirloni joined the channel
2017-06-26T11:00:16 * the-t-in-rtf joined the channel
2017-06-26T11:29:57 * the-t-in-rtf has quit
2017-06-26T11:37:28 * michelled joined the channel
2017-06-26T11:48:11 * the-t-in-rtf joined the channel
2017-06-26T11:50:29 * Justin_o joined the channel
2017-06-26T12:59:27 * the-t-in-rtf joined the channel
2017-06-26T13:00:11 * michelled joined the channel
2017-06-26T13:11:15 * simonjb joined the channel
2017-06-26T13:16:31 * clown joined the channel
2017-06-26T13:16:44 * alanharnum joined the channel
2017-06-26T13:22:47 * colinclark joined the channel
2017-06-26T13:24:28 * kasparne_ has quit
2017-06-26T13:36:08 * avtar joined the channel
2017-06-26T13:43:08 * kasparne_ joined the channel
2017-06-26T13:46:43 * kasparne_ has quit
2017-06-26T14:03:34 * mrtyler joined the channel
2017-06-26T14:03:43 * amatas joined the channel
2017-06-26T14:05:14 * michelled joined the channel
2017-06-26T14:09:41 * jessm joined the channel
2017-06-26T14:23:03 * colinclark joined the channel
2017-06-26T14:40:26 <mrtyler> amatas: i'd like to deploy my changes for gpii-2443. can we do that today or should we schedule it for tomorrow?
2017-06-26T14:41:03 <amatas> mrtyler: hi, today is fine for me
2017-06-26T14:41:21 <mrtyler> amatas: great, let me get ready
2017-06-26T14:52:09 <mrtyler> amatas: ok i'm ready. do you want me to screen share? do you want to review the output of ansible -C -D?
2017-06-26T14:52:43 <amatas> that would be good, only to keep tracking of what's going on.
2017-06-26T14:52:51 <amatas> how can we do that?
2017-06-26T14:52:57 <mrtyler> which question are you answering?
2017-06-26T14:53:28 <amatas> both
2017-06-26T14:53:36 <mrtyler> ok. skype?
2017-06-26T14:54:03 <amatas> ok, let's try
2017-06-26T14:54:50 <mrtyler> ring ring
2017-06-26T14:55:01 <amatas> I clicked on the green button
2017-06-26T14:55:07 <mrtyler> still ringing
2017-06-26T14:55:09 <amatas> some bullets are spinning
2017-06-26T15:07:43 * gtirloni has quit
2017-06-26T15:07:59 * gtirloni joined the channel
2017-06-26T15:23:48 * colinclark has quit
2017-06-26T15:45:15 * michelled has quit
2017-06-26T16:01:36 * michelled joined the channel
2017-06-26T16:03:30 * colinclark joined the channel
2017-06-26T16:59:00 * the-t-in-rtf has quit
2017-06-26T18:04:23 * Jess_ joined the channel
2017-06-26T18:44:20 * javjarfer__ joined the channel
2017-06-26T18:47:08 * javjarfer_ has quit
2017-06-26T19:04:55 * javjarfer joined the channel
2017-06-26T19:06:18 * the-t-in-rtf joined the channel
2017-06-26T19:58:38 * javjarfer_ joined the channel
2017-06-26T20:02:16 * javjarfer has quit
2017-06-26T20:21:22 * the-t-in-rtf has quit
2017-06-26T20:40:18 * Justin_o has quit
2017-06-26T20:43:19 * Jess_ has quit
2017-06-26T21:08:58 * michelled has quit
2017-06-26T21:09:01 * clown has quit
2017-06-26T21:09:23 * alanharnum has quit
2017-06-26T21:09:29 * simonjb has quit
2017-06-26T21:21:36 * colinclark_ joined the channel
2017-06-26T21:23:08 * colinclark has quit
2017-06-26T21:23:08 * colinclark_ is now known as colinclark
2017-06-26T21:32:12 * amatas has quit
2017-06-26T22:00:34 * javjarfer_ has quit
2017-06-26T22:10:05 * alanharnum joined the channel
2017-06-26T22:27:40 * avtar has quit
2017-06-26T22:48:43 * javjarfer__ has quit
2017-06-26T22:55:30 * stegru has quit
2017-06-26T23:16:41 * avtar joined the channel
2017-06-26T23:16:55 * avtar has quit
2017-06-26T23:25:15 * Jess_ joined the channel
2017-06-26T23:40:40 * alanharnum joined the channel
2017-06-26T23:51:00 * alanharnum joined the channel
"

