b"2017-06-27T01:22:37 * alanharnum joined the channel
2017-06-27T01:38:08 * colinclark joined the channel
2017-06-27T01:51:47 * alanharnum joined the channel
2017-06-27T02:02:00 * michelled joined the channel
2017-06-27T02:19:51 * colinclark joined the channel
2017-06-27T02:56:14 * colinclark joined the channel
2017-06-27T02:56:14 * colinclark has quit
2017-06-27T05:05:42 * javjarfer joined the channel
2017-06-27T05:57:01 * mrtyler has quit
2017-06-27T06:37:48 * the-t-in-rtf joined the channel
2017-06-27T06:58:36 * javjarfer__ joined the channel
2017-06-27T07:49:40 * stegru joined the channel
2017-06-27T09:25:54 * amatas joined the channel
2017-06-27T09:33:51 * jhernandez has quit
2017-06-27T10:45:17 * gtirloni joined the channel
2017-06-27T10:49:25 * Bosmon joined the channel
2017-06-27T11:31:29 * jhernandez joined the channel
2017-06-27T12:07:47 * Jess_ joined the channel
2017-06-27T12:17:46 * Justin_o joined the channel
2017-06-27T12:33:44 * the-t-in-rtf has quit
2017-06-27T12:49:38 * cindyli joined the channel
2017-06-27T12:49:40 * the-t-in-rtf joined the channel
2017-06-27T12:51:20 * michelled joined the channel
2017-06-27T13:00:01 * michelled has quit
2017-06-27T13:00:20 * michelled joined the channel
2017-06-27T13:09:42 * gtirloni joined the channel
2017-06-27T13:17:58 * clown joined the channel
2017-06-27T13:27:42 * simonjb joined the channel
2017-06-27T13:31:14 * avtar joined the channel
2017-06-27T13:31:34 * clown has quit
2017-06-27T13:36:05 * colinclark joined the channel
2017-06-27T13:36:21 * cindyli has quit
2017-06-27T13:39:34 * cindyli joined the channel
2017-06-27T13:42:27 * clown joined the channel
2017-06-27T14:03:25 * alanharnum joined the channel
2017-06-27T14:08:31 * clown1 joined the channel
2017-06-27T14:08:31 * clown has quit
2017-06-27T14:09:07 * clown1 is now known as clown
2017-06-27T14:29:21 * clown has quit
2017-06-27T14:30:08 * clown joined the channel
2017-06-27T14:42:27 * the-t-in-rtf has quit
2017-06-27T15:01:40 * mrtyler joined the channel
2017-06-27T15:02:30 <mrtyler> hey amatas i'm here
2017-06-27T15:03:25 <amatas> mrtyler: do you have the credentials to open a gotomeeting room?
2017-06-27T15:03:50 <mrtyler> i have room2 creds
2017-06-27T15:03:58 <amatas> could you open it?
2017-06-27T15:04:03 <mrtyler> sure
2017-06-27T15:04:21 <amatas> colinclark, gtirloni we can met in the gotomeeting room 2
2017-06-27T15:04:28 * Jess_ has quit
2017-06-27T15:06:05 * alanharnum has quit
2017-06-27T15:06:32 * alanharnum joined the channel
2017-06-27T15:07:51 * alanharnum has quit
2017-06-27T15:07:56 * alanharn_ joined the channel
2017-06-27T15:14:15 * avtar1 joined the channel
2017-06-27T15:17:52 * avtar has quit
2017-06-27T15:40:18 * alanharn_ has quit
2017-06-27T15:41:28 * clown has quit
2017-06-27T15:41:34 * clown joined the channel
2017-06-27T15:43:38 * alanharnum joined the channel
2017-06-27T15:49:20 * alanharnum has quit
2017-06-27T15:54:28 * cindyli has quit
2017-06-27T15:56:52 * cindyli joined the channel
2017-06-27T15:57:37 * clown has quit
2017-06-27T15:58:16 * clown joined the channel
2017-06-27T16:00:41 * alanharnum joined the channel
2017-06-27T16:03:05 * avtar1 has quit
2017-06-27T16:31:30 * simonjb has quit
2017-06-27T16:31:44 * the-t-in-rtf joined the channel
2017-06-27T16:34:16 * michelled has quit
2017-06-27T16:42:25 * amatas has quit
2017-06-27T16:52:21 * alanharn_ joined the channel
2017-06-27T16:52:31 * alanharnum has quit
2017-06-27T16:53:43 * cindyli has quit
2017-06-27T16:57:38 * alanharn_ has quit
2017-06-27T17:05:24 * michelled joined the channel
2017-06-27T17:08:31 * cindyli joined the channel
2017-06-27T17:36:49 * simonjb joined the channel
2017-06-27T17:47:01 * alanharnum joined the channel
2017-06-27T17:48:54 * avtar joined the channel
2017-06-27T18:09:57 <alanharnum> clown danayo michelled: privacy news from the Supreme Court of Canada: http://www.michaelgeist.ca/2017/06/supreme-court-rules-facebook-cant-contract-b-c-privacy-law/
2017-06-27T18:10:11 * clown looks
2017-06-27T18:10:31 <clown> ah, Michael Geist\xe2\x80\xa6
2017-06-27T18:11:36 <alanharnum> it may have significantly larger implications for the enforceability of clickwrap in Canada
2017-06-27T18:12:24 * stegru has quit
2017-06-27T18:13:22 * gtirloni_ joined the channel
2017-06-27T18:17:27 * gtirloni has quit
2017-06-27T18:22:53 * gtirloni_ is now known as gtirloni
2017-06-27T18:38:20 * alanharnum has quit
2017-06-27T18:38:28 * alanharnum joined the channel
2017-06-27T18:44:03 * alanharnum has quit
2017-06-27T18:55:55 * alanharnum joined the channel
2017-06-27T19:03:17 * stegru joined the channel
2017-06-27T19:24:17 * javjarfer__ has quit
2017-06-27T19:26:15 * javjarfer__ joined the channel
2017-06-27T19:31:49 * alanharnum has quit
2017-06-27T19:35:35 * cindyli has quit
2017-06-27T19:50:54 * cindyli joined the channel
2017-06-27T19:51:53 * alanharnum joined the channel
2017-06-27T19:54:47 * the-t-in-rtf1 joined the channel
2017-06-27T20:06:27 * javjarfer has quit
2017-06-27T20:06:44 * javjarfer__ has quit
2017-06-27T20:07:00 * colinclark joined the channel
2017-06-27T20:10:29 * the-t-in-rtf1 has quit
2017-06-27T20:10:44 * the-t-in-rtf joined the channel
2017-06-27T20:10:50 * colinclark joined the channel
2017-06-27T20:14:34 * colinclark joined the channel
2017-06-27T20:24:29 * stegru has quit
2017-06-27T20:49:02 * alanharnum joined the channel
2017-06-27T20:54:07 * alanharnum joined the channel
2017-06-27T20:57:38 * javjarfer joined the channel
2017-06-27T21:31:00 * alanharnum joined the channel
2017-06-27T21:34:28 * alanharnum joined the channel
2017-06-27T21:52:29 * javjarfer__ joined the channel
2017-06-27T22:17:30 * colinclark joined the channel
2017-06-27T22:19:10 * avtar has quit
2017-06-27T22:34:36 * javjarfer has quit
2017-06-27T23:28:49 * javjarfer__ has quit
"

