b'2017-07-07T05:29:02 * mrtyler has quit
2017-07-07T06:26:05 * gloob has quit
2017-07-07T06:26:12 * gloob joined the channel
2017-07-07T06:38:43 * amatas joined the channel
2017-07-07T07:07:23 * the-t-in-rtf joined the channel
2017-07-07T07:08:35 * jhernandez joined the channel
2017-07-07T08:15:43 * stegru joined the channel
2017-07-07T09:45:53 * jhernandez has quit
2017-07-07T11:08:26 * Justin_o joined the channel
2017-07-07T11:11:56 * stegru has quit
2017-07-07T11:12:11 * jhernandez joined the channel
2017-07-07T11:26:50 * gtirloni joined the channel
2017-07-07T11:43:17 * Jess_ joined the channel
2017-07-07T11:45:36 * stegru joined the channel
2017-07-07T12:13:36 * Jess_ joined the channel
2017-07-07T13:16:37 * Jess_ joined the channel
2017-07-07T13:17:08 * amatas has quit
2017-07-07T13:18:08 * amatas joined the channel
2017-07-07T13:56:18 * colinclark joined the channel
2017-07-07T13:57:31 * michelled joined the channel
2017-07-07T14:03:46 * the-t-in-rtf joined the channel
2017-07-07T14:19:16 * clown joined the channel
2017-07-07T15:16:32 * Jess_ joined the channel
2017-07-07T15:23:43 * the-t-in-rtf has quit
2017-07-07T15:24:04 * the-t-in-rtf joined the channel
2017-07-07T15:50:17 * michelled has quit
2017-07-07T15:53:17 * mrtyler joined the channel
2017-07-07T15:54:16 * the-t-in-rtf has quit
2017-07-07T15:57:27 * stegru has quit
2017-07-07T16:25:00 * michelled joined the channel
2017-07-07T17:28:17 * michelled has quit
2017-07-07T18:15:03 * gtirloni_ joined the channel
2017-07-07T18:18:05 * gtirloni has quit
2017-07-07T18:22:15 * clown has quit
2017-07-07T18:28:45 * michelled joined the channel
2017-07-07T18:28:48 * michelled has quit
2017-07-07T18:40:15 * Jess_ has quit
2017-07-07T18:47:25 * the-t-in-rtf joined the channel
2017-07-07T19:00:25 * jessm joined the channel
2017-07-07T19:09:30 * the-t-in-rtf has quit
2017-07-07T19:09:42 * the-t-in-rtf joined the channel
2017-07-07T19:15:44 * the-t-in-rtf1 joined the channel
2017-07-07T19:17:48 * the-t-in-rtf has quit
2017-07-07T19:21:12 * jessm_ joined the channel
2017-07-07T19:21:55 * jessm has quit
2017-07-07T19:21:55 * jessm_ is now known as jessm
2017-07-07T19:26:28 * jessm has quit
2017-07-07T19:56:05 * Justin_o has quit
2017-07-07T19:57:41 * michelled joined the channel
2017-07-07T19:59:56 * gtirloni_ is now known as gtirloni
2017-07-07T20:05:31 * stegru joined the channel
2017-07-07T20:12:03 * the-t-in-rtf1 has quit
2017-07-07T21:09:20 * michelled has quit
2017-07-07T21:33:23 * colinclark has quit
2017-07-07T21:39:08 * colinclark joined the channel
2017-07-07T21:47:41 * colinclark has quit
2017-07-07T21:53:25 * colinclark joined the channel
2017-07-07T22:18:37 * colinclark has quit
2017-07-07T22:31:23 * colinclark joined the channel
2017-07-07T22:31:23 * colinclark has quit
2017-07-07T22:32:24 * michelled joined the channel
2017-07-07T22:49:07 * amatas has quit
2017-07-07T22:59:56 * gtirloni has quit
2017-07-07T23:04:57 * stegru has quit
2017-07-07T23:06:28 * michelled has quit
2017-07-07T23:09:51 * michelled joined the channel
2017-07-07T23:10:01 * michelled has quit
'

