b'2017-05-10T00:29:12 * Justin_o has quit
2017-05-10T00:33:54 * cindyli joined the channel
2017-05-10T01:26:37 * colinclark joined the channel
2017-05-10T01:45:08 * colinclark joined the channel
2017-05-10T02:01:55 * colinclark has quit
2017-05-10T02:03:23 * colinclark joined the channel
2017-05-10T02:04:24 * colinclark has quit
2017-05-10T05:05:27 * kasparnet joined the channel
2017-05-10T05:17:52 * kasparnet has quit
2017-05-10T06:21:06 * alanharnum joined the channel
2017-05-10T06:32:37 * the-t-in-rtf joined the channel
2017-05-10T07:23:51 * alanharnum has quit
2017-05-10T08:17:23 * noveens joined the channel
2017-05-10T08:21:57 * amatas joined the channel
2017-05-10T08:24:35 * alanharnum joined the channel
2017-05-10T08:29:10 * alanharnum has quit
2017-05-10T09:47:23 * the-t-in-rtf has quit
2017-05-10T11:24:46 * the-t-in-rtf joined the channel
2017-05-10T12:17:28 * kasparnet joined the channel
2017-05-10T12:51:58 * alanharnum joined the channel
2017-05-10T12:53:58 * Justin_o joined the channel
2017-05-10T13:02:21 * alanharnum has quit
2017-05-10T13:02:53 * alanharnum joined the channel
2017-05-10T13:06:35 * Jess_ joined the channel
2017-05-10T13:07:28 * alanharnum has quit
2017-05-10T13:08:11 * kasparnet has quit
2017-05-10T13:10:06 * gtirloni joined the channel
2017-05-10T13:14:48 * gtirloni_ joined the channel
2017-05-10T13:14:52 * cindyli joined the channel
2017-05-10T13:17:32 * gtirloni has quit
2017-05-10T13:18:06 * clown joined the channel
2017-05-10T13:47:10 * alanharnum joined the channel
2017-05-10T13:48:13 * kasparnet joined the channel
2017-05-10T13:56:05 * Bosmon7 joined the channel
2017-05-10T13:57:29 * michelled joined the channel
2017-05-10T14:00:40 * simonjb joined the channel
2017-05-10T14:37:28 * colinclark joined the channel
2017-05-10T14:48:19 * clown1 joined the channel
2017-05-10T14:50:29 * clown has quit
2017-05-10T15:03:10 * avtar joined the channel
2017-05-10T15:04:49 * jhernandez joined the channel
2017-05-10T15:17:35 * alanharnum joined the channel
2017-05-10T15:31:54 * Bosmon8 joined the channel
2017-05-10T15:32:17 * clown1 joined the channel
2017-05-10T15:34:05 * clown has quit
2017-05-10T15:34:58 * Bosmon7 has quit
2017-05-10T15:35:00 * cindyli1 joined the channel
2017-05-10T15:36:37 * clown1 is now known as clown
2017-05-10T15:38:02 * cindyli has quit
2017-05-10T15:38:39 * gtirloni joined the channel
2017-05-10T15:42:18 * Bosmon7 joined the channel
2017-05-10T15:42:22 * Bosmon8 has quit
2017-05-10T15:42:45 * alanharnum has quit
2017-05-10T15:45:27 * alanharnum joined the channel
2017-05-10T15:48:33 * colinclark_ joined the channel
2017-05-10T15:50:05 * Bosmon8 joined the channel
2017-05-10T15:53:10 * Bosmon7 has quit
2017-05-10T16:43:10 * alanharn_ joined the channel
2017-05-10T16:54:41 * alanharnum has quit
2017-05-10T17:26:11 * michelled has quit
2017-05-10T17:37:55 * clown joined the channel
2017-05-10T17:38:20 * michelled joined the channel
2017-05-10T17:41:00 * alanharnum joined the channel
2017-05-10T17:41:57 * colinclark joined the channel
2017-05-10T17:48:19 * alanharn_ joined the channel
2017-05-10T17:55:03 * alanharn_ has quit
2017-05-10T18:52:33 * alanharn_ joined the channel
2017-05-10T18:56:04 * alanharnum has quit
2017-05-10T19:00:35 * alanharnum joined the channel
2017-05-10T19:10:54 * michelled has quit
2017-05-10T19:14:00 * kathy_ joined the channel
2017-05-10T19:20:33 * alanharnum has quit
2017-05-10T19:21:08 * gtirloni has quit
2017-05-10T19:22:50 * alanharnum joined the channel
2017-05-10T19:24:14 * michelled joined the channel
2017-05-10T19:41:22 * michelled has quit
2017-05-10T19:44:00 * michelled joined the channel
2017-05-10T19:55:48 * alanharn_ joined the channel
2017-05-10T20:14:32 * alanharnum has quit
2017-05-10T20:18:30 * alanharnum joined the channel
2017-05-10T20:23:10 * colinclark has quit
2017-05-10T20:48:12 * colinclark joined the channel
2017-05-10T20:56:17 * clown has quit
2017-05-10T20:58:14 * alanharn_ joined the channel
2017-05-10T21:33:24 * simonjb has quit
2017-05-10T21:35:04 * michelled joined the channel
2017-05-10T21:40:41 * jhernandez has quit
2017-05-10T21:45:39 * avtar joined the channel
2017-05-10T21:45:44 * amatas has quit
2017-05-10T21:46:47 * kasparnet has quit
2017-05-10T21:46:57 * kasparnet joined the channel
2017-05-10T21:48:31 * kasparnet has quit
2017-05-10T22:00:30 * alanharnum joined the channel
2017-05-10T22:04:34 * Bosmon8 has quit
2017-05-10T22:33:22 * kathy_ has quit
2017-05-10T22:33:48 * Justin_o has quit
2017-05-10T22:56:37 * colinclark joined the channel
2017-05-10T23:03:19 * alanharnum joined the channel
2017-05-10T23:08:08 * colinclark joined the channel
2017-05-10T23:09:26 * alanharnum has quit
2017-05-10T23:21:15 * colinclark joined the channel
2017-05-10T23:26:04 * alanharnum joined the channel
2017-05-10T23:34:14 * alanharnum has quit
2017-05-10T23:36:35 * alanharnum joined the channel
2017-05-10T23:42:38 * kasparnet joined the channel
'

