b'2017-09-09T00:10:59 * grrrero has quit
2017-09-09T00:48:21 * alanharnum joined the channel
2017-09-09T01:52:24 * alanharnum joined the channel
2017-09-09T01:52:36 * michelled has quit
2017-09-09T02:57:13 * alanharnum joined the channel
2017-09-09T03:03:32 * alanharnum has quit
2017-09-09T03:19:28 * stegru has quit
2017-09-09T03:52:41 * alanharnum joined the channel
2017-09-09T07:12:46 * javjarfer joined the channel
2017-09-09T07:38:13 * javjarfer has quit
2017-09-09T07:38:39 * javjarfer joined the channel
2017-09-09T07:40:00 * javjarfer has quit
2017-09-09T10:55:40 * stegru joined the channel
2017-09-09T11:59:01 * stegru has quit
2017-09-09T13:41:32 * the-t-in-rtf1 joined the channel
2017-09-09T13:41:32 * the-t-in-rtf has quit
2017-09-09T15:23:10 * the-t-in-rtf1 has quit
2017-09-09T15:23:15 * the-t-in-rtf joined the channel
2017-09-09T16:54:04 * grrrero joined the channel
2017-09-09T19:46:54 * stegru joined the channel
2017-09-09T20:07:41 * grrrero has quit
2017-09-09T22:25:05 * stegru has quit
'

