b'2017-05-01T00:09:26 * stegru has quit
2017-05-01T00:54:03 * Justin_o joined the channel
2017-05-01T04:51:58 * the-t-in-rtf joined the channel
2017-05-01T04:53:52 * Justin_o has quit
2017-05-01T08:12:25 * amatas joined the channel
2017-05-01T08:41:02 * the-t-in-rtf joined the channel
2017-05-01T08:41:53 * the-t-in-rtf1 joined the channel
2017-05-01T08:51:53 * amatas has quit
2017-05-01T09:11:50 * amatas joined the channel
2017-05-01T09:28:28 * amatas has quit
2017-05-01T10:01:56 * the-t-in-rtf1 has quit
2017-05-01T11:08:06 * Justin_o joined the channel
2017-05-01T11:37:34 * the-t-in-rtf joined the channel
2017-05-01T12:40:40 * jessm joined the channel
2017-05-01T12:48:16 * cindyli joined the channel
2017-05-01T12:48:24 * alanharnum joined the channel
2017-05-01T13:45:15 * simonjb joined the channel
2017-05-01T13:45:29 * clown joined the channel
2017-05-01T13:47:36 * michelled joined the channel
2017-05-01T14:11:43 * cindyli joined the channel
2017-05-01T14:14:51 * stegru joined the channel
2017-05-01T14:17:23 * Bosmon7 joined the channel
2017-05-01T14:49:56 * colinclark joined the channel
2017-05-01T15:07:25 * avtar joined the channel
2017-05-01T15:18:12 * alanharnum joined the channel
2017-05-01T15:21:54 * mrtyler joined the channel
2017-05-01T15:45:22 * Justin_o has quit
2017-05-01T15:52:04 * alanharnum joined the channel
2017-05-01T15:57:48 * alanharnum joined the channel
2017-05-01T15:59:27 * michelled has quit
2017-05-01T16:31:02 * avtar has quit
2017-05-01T16:31:52 * Bosmon8 joined the channel
2017-05-01T16:35:37 * avtar joined the channel
2017-05-01T16:41:13 * Bosmon7 has quit
2017-05-01T16:52:06 * alanharnum has quit
2017-05-01T16:53:58 * alanharnum joined the channel
2017-05-01T16:57:02 * alanharn_ joined the channel
2017-05-01T16:59:41 * alanharn_ has quit
2017-05-01T17:10:01 * Justin_o joined the channel
2017-05-01T17:11:28 * colinclark_ joined the channel
2017-05-01T17:12:35 * michelled joined the channel
2017-05-01T17:15:08 * avtar joined the channel
2017-05-01T17:17:28 * amatas joined the channel
2017-05-01T17:31:08 * stegru has quit
2017-05-01T17:32:36 * stegru joined the channel
2017-05-01T17:42:56 * alanharnum joined the channel
2017-05-01T18:01:52 * simonjb has quit
2017-05-01T18:36:06 * stegru has quit
2017-05-01T18:38:25 * stegru joined the channel
2017-05-01T19:24:27 * michelled joined the channel
2017-05-01T19:48:31 * alanharnum joined the channel
2017-05-01T20:12:26 * alanharnum joined the channel
2017-05-01T20:34:57 * alanharnum joined the channel
2017-05-01T20:47:00 * alanharnum joined the channel
2017-05-01T20:57:09 * alanharnum joined the channel
2017-05-01T21:24:06 * michelled has quit
2017-05-01T21:35:32 * jessm has quit
2017-05-01T21:36:18 * avtar joined the channel
2017-05-01T21:49:27 * amatas has quit
2017-05-01T22:40:37 * avtar has quit
2017-05-01T22:41:31 * stegru has quit
2017-05-01T23:09:49 * Justin_o has quit
2017-05-01T23:15:35 * Bosmon8 has quit
'

