b'2017-08-11T02:14:39 * jhernandez_ joined the channel
2017-08-11T02:18:55 * jhernandez has quit
2017-08-11T05:08:30 * mrtyler has quit
2017-08-11T06:16:22 * amatas joined the channel
2017-08-11T09:12:20 * javjarfer joined the channel
2017-08-11T09:22:13 * amatas has quit
2017-08-11T10:00:15 * stegru joined the channel
2017-08-11T10:10:25 * javjarfer_ joined the channel
2017-08-11T10:11:04 * javjarfer has quit
2017-08-11T11:03:02 * gtirloni joined the channel
2017-08-11T11:13:54 * jhernandez_ has quit
2017-08-11T11:24:56 * javjarfer_ has quit
2017-08-11T11:32:57 * javjarfer_ joined the channel
2017-08-11T11:34:26 * Justin_o joined the channel
2017-08-11T12:03:24 * jhernandez_ joined the channel
2017-08-11T12:19:09 * ewbjr has quit
2017-08-11T12:20:03 * ewbjr joined the channel
2017-08-11T12:44:00 * cindyli joined the channel
2017-08-11T13:07:48 * colinclark joined the channel
2017-08-11T13:09:40 * grrrero joined the channel
2017-08-11T13:42:32 * alanharnum joined the channel
2017-08-11T13:46:46 * simonjb joined the channel
2017-08-11T14:53:05 * mrtyler joined the channel
2017-08-11T15:20:44 <colinclark> alanharnum: Can we do 2:30 or 3 pm EDT instead today? My "anytime after 2 pm" was ambiguous\xe2\x80\x94I have a 2-2:30 pm EDT meeting today.
2017-08-11T15:21:23 <alanharnum> colinclark: do you mean Monday? danayo isn\'t working today
2017-08-11T15:21:30 <colinclark> omg
2017-08-11T15:21:37 <alanharnum> i was scheduling for Monday so as to not forget
2017-08-11T15:21:40 <colinclark> i\'m so dumb :)
2017-08-11T15:21:45 <colinclark> ACCEPT
2017-08-11T15:21:49 <alanharnum> SHIP IT
2017-08-11T15:21:50 <colinclark> thanks, sorry
2017-08-11T15:31:29 <alanharnum> this looks pretty interesting (found via a conversation with Iris about spreadsheet programming): https://stenci.la/
2017-08-11T15:33:08 <alanharnum> blog post explaining what it is and how it fits into reactive programming paradigms: http://blog.stenci.la/introducing-sheets/
2017-08-11T16:13:36 * alanharnum joined the channel
2017-08-11T16:24:06 * alanharnum has quit
2017-08-11T16:24:34 * alanharnum joined the channel
2017-08-11T16:28:33 * alanharnum has quit
2017-08-11T16:33:07 * alanharnum joined the channel
2017-08-11T16:59:24 * colinclark joined the channel
2017-08-11T17:25:33 * jhernandez_ has quit
2017-08-11T17:42:24 * alanharnum joined the channel
2017-08-11T18:19:05 * alanharnum joined the channel
2017-08-11T18:19:56 * cindyli joined the channel
2017-08-11T18:21:36 * alanharnum has quit
2017-08-11T18:22:02 * alanharnum joined the channel
2017-08-11T18:31:23 * alanharnum joined the channel
2017-08-11T18:36:17 * javjarfer_ has quit
2017-08-11T18:46:44 * javjarfer_ joined the channel
2017-08-11T18:46:46 * javjarfer_ has quit
2017-08-11T18:47:09 * javjarfer_ joined the channel
2017-08-11T18:52:28 * javjarfer_ has quit
2017-08-11T19:02:25 * stegru has quit
2017-08-11T19:33:28 * Justin_o has quit
2017-08-11T20:02:50 * alanharnum joined the channel
2017-08-11T20:45:02 * cindyli has quit
2017-08-11T20:51:30 * gtirloni has quit
2017-08-11T21:07:07 * alanharnum joined the channel
2017-08-11T21:08:12 * alanharnum has quit
2017-08-11T21:08:19 * alanharnum joined the channel
2017-08-11T21:11:59 * alanharnum joined the channel
2017-08-11T21:18:03 * alanharnum joined the channel
2017-08-11T21:44:21 * alanharnum has quit
2017-08-11T23:37:04 * grrrero has quit
'

