b'2017-06-14T00:16:10 * colinclark joined the channel
2017-06-14T01:41:55 * michelled has quit
2017-06-14T02:28:16 * jhernandez has quit
2017-06-14T06:53:18 * the-t-in-rtf joined the channel
2017-06-14T07:32:22 * kasparnet joined the channel
2017-06-14T07:36:41 * kasparnet has quit
2017-06-14T07:41:46 * kasparnet joined the channel
2017-06-14T08:19:50 * kasparnet has quit
2017-06-14T08:19:54 * kasparne_ joined the channel
2017-06-14T09:15:01 * gtirloni joined the channel
2017-06-14T09:48:47 * jhernandez joined the channel
2017-06-14T10:04:27 * stegru joined the channel
2017-06-14T10:17:27 * jhernandez has quit
2017-06-14T12:04:13 * the-t-in-rtf has quit
2017-06-14T12:05:49 * michelled joined the channel
2017-06-14T12:17:57 * Justin_o joined the channel
2017-06-14T12:38:54 * cindyli joined the channel
2017-06-14T12:44:42 * the-t-in-rtf joined the channel
2017-06-14T12:57:26 * jessm joined the channel
2017-06-14T13:06:45 * jhernandez joined the channel
2017-06-14T13:35:10 * the-t-in-rtf has quit
2017-06-14T13:35:24 * the-t-in-rtf joined the channel
2017-06-14T13:46:49 * simonjb joined the channel
2017-06-14T14:02:05 * colinclark joined the channel
2017-06-14T14:04:52 * michelled joined the channel
2017-06-14T14:19:07 * mrtyler joined the channel
2017-06-14T14:29:55 * clown joined the channel
2017-06-14T14:32:08 * kasparne_ has quit
2017-06-14T14:32:50 * kasparnet joined the channel
2017-06-14T14:44:53 * gtirloni_ joined the channel
2017-06-14T14:48:15 * gtirloni has quit
2017-06-14T15:25:16 * the-t-in-rtf1 joined the channel
2017-06-14T15:27:08 * the-t-in-rtf has quit
2017-06-14T16:01:41 * gtirloni_ is now known as gtirloni
2017-06-14T16:11:11 * avtar joined the channel
2017-06-14T17:02:49 * kasparnet has quit
2017-06-14T17:04:12 * kasparnet joined the channel
2017-06-14T17:08:30 * kasparnet has quit
2017-06-14T17:13:03 * gtirloni has quit
2017-06-14T17:14:48 * gtirloni joined the channel
2017-06-14T17:16:28 * colinclark has quit
2017-06-14T17:53:29 * avtar joined the channel
2017-06-14T17:59:20 * colinclark joined the channel
2017-06-14T18:05:43 * simonjb has quit
2017-06-14T18:06:55 * stegru has quit
2017-06-14T18:20:09 * stegru joined the channel
2017-06-14T18:25:23 * stegru has quit
2017-06-14T18:29:21 * avtar joined the channel
2017-06-14T18:33:24 * michelled joined the channel
2017-06-14T18:33:30 * kathy_ joined the channel
2017-06-14T18:44:37 * simonjb joined the channel
2017-06-14T19:02:41 * the-t-in-rtf1 has quit
2017-06-14T19:02:57 * the-t-in-rtf joined the channel
2017-06-14T19:19:37 * cindyli has quit
2017-06-14T19:23:50 * simonjb has quit
2017-06-14T19:24:01 * simonjb joined the channel
2017-06-14T19:36:39 * simonjb joined the channel
2017-06-14T19:45:52 * cindyli joined the channel
2017-06-14T19:45:52 * simonjb has quit
2017-06-14T19:46:41 * stegru joined the channel
2017-06-14T19:47:36 * simonjb joined the channel
2017-06-14T20:11:50 * cindyli has quit
2017-06-14T20:19:04 * cindyli joined the channel
2017-06-14T20:26:37 * michelled has quit
2017-06-14T20:29:54 * simonjb has quit
2017-06-14T20:36:07 * cindyli has quit
2017-06-14T20:43:08 * simonjb joined the channel
2017-06-14T20:59:15 * simonjb has quit
2017-06-14T21:03:07 * kathy_ has quit
2017-06-14T21:08:27 * clown has quit
2017-06-14T22:37:04 * Justin_o has quit
2017-06-14T23:44:02 * colinclark_ joined the channel
2017-06-14T23:44:02 * colinclark_ has quit
2017-06-14T23:46:12 * stegru has quit
'

