b'2017-09-20T00:02:12 * grrrero has quit
2017-09-20T06:57:22 * the-t-in-rtf has quit
2017-09-20T07:34:14 * the-t-in-rtf joined the channel
2017-09-20T07:42:06 * javjarfer joined the channel
2017-09-20T07:48:39 * stegru joined the channel
2017-09-20T10:09:45 * javjarfer_ joined the channel
2017-09-20T10:12:58 * javjarfer has quit
2017-09-20T10:24:33 * kasparnet joined the channel
2017-09-20T12:09:42 * stegru has quit
2017-09-20T12:22:23 * stegru joined the channel
2017-09-20T12:23:03 * alanharnum joined the channel
2017-09-20T12:33:32 * Jess_ joined the channel
2017-09-20T12:36:39 * Justin_o joined the channel
2017-09-20T12:47:17 * Jess_ has quit
2017-09-20T12:56:30 * cindyli joined the channel
2017-09-20T13:00:31 * colinclark joined the channel
2017-09-20T13:09:17 * simonjb joined the channel
2017-09-20T13:21:19 * alanharnum has quit
2017-09-20T13:21:41 * alanharnum joined the channel
2017-09-20T13:25:31 * gtirloni joined the channel
2017-09-20T13:50:48 * clown joined the channel
2017-09-20T13:58:45 * the-t-in-rtf joined the channel
2017-09-20T13:58:46 * Jess_ joined the channel
2017-09-20T14:14:49 * avtar joined the channel
2017-09-20T14:18:19 * javjarfer_ has quit
2017-09-20T14:19:15 * alanharnum joined the channel
2017-09-20T14:27:48 * michelled joined the channel
2017-09-20T14:47:22 * avtar has quit
2017-09-20T14:53:14 * avtar joined the channel
2017-09-20T15:04:50 * avtar has quit
2017-09-20T15:15:50 * mrtyler joined the channel
2017-09-20T15:25:08 * javjarfer joined the channel
2017-09-20T15:32:13 * alanharnum has quit
2017-09-20T15:32:19 * michelled has quit
2017-09-20T15:32:35 * michelled joined the channel
2017-09-20T15:32:39 * michelled has quit
2017-09-20T15:32:39 * alanharnum joined the channel
2017-09-20T15:37:22 * alanharnum has quit
2017-09-20T15:39:14 * simonjb has quit
2017-09-20T15:50:52 * colinclark_ joined the channel
2017-09-20T15:51:58 * colinclark has quit
2017-09-20T15:54:08 * michelled joined the channel
2017-09-20T15:54:27 * alanharnum joined the channel
2017-09-20T16:12:41 * grrrero joined the channel
2017-09-20T16:25:53 * alanharnum has quit
2017-09-20T16:26:19 * alanharnum joined the channel
2017-09-20T16:27:05 * alanharnum joined the channel
2017-09-20T16:28:34 * avtar joined the channel
2017-09-20T16:47:37 * alanharnum joined the channel
2017-09-20T16:50:04 * alanharnum has quit
2017-09-20T16:50:27 * michelled has quit
2017-09-20T16:54:35 * stegru has quit
2017-09-20T16:58:49 * kasparnet has quit
2017-09-20T17:22:29 * alanharnum joined the channel
2017-09-20T17:26:11 * stegru joined the channel
2017-09-20T17:29:41 * alanharnum has quit
2017-09-20T17:30:08 * alanharnum joined the channel
2017-09-20T17:31:04 * clown has quit
2017-09-20T17:33:49 * clown joined the channel
2017-09-20T17:34:19 * alanharnum has quit
2017-09-20T17:42:02 * cindyli has quit
2017-09-20T17:45:29 * michelled joined the channel
2017-09-20T17:48:40 * cindyli joined the channel
2017-09-20T17:52:25 * kasparnet joined the channel
2017-09-20T18:19:19 * kasparnet has quit
2017-09-20T18:32:38 * alanharnum joined the channel
2017-09-20T18:46:48 * javjarfer has quit
2017-09-20T18:54:46 * cindyli has quit
2017-09-20T18:55:42 * cindyli joined the channel
2017-09-20T19:16:13 * alanharnum joined the channel
2017-09-20T19:16:38 * alanharnum has quit
2017-09-20T19:16:45 * alanharnum joined the channel
2017-09-20T19:16:46 * clown joined the channel
2017-09-20T19:19:49 * michelled has quit
2017-09-20T19:23:49 * gtirloni has quit
2017-09-20T19:53:38 * michelled joined the channel
2017-09-20T19:53:47 * clown joined the channel
2017-09-20T19:56:35 * cindyli joined the channel
2017-09-20T20:07:10 * clown joined the channel
2017-09-20T20:10:41 * stegru has quit
2017-09-20T20:39:00 * cindyli has quit
2017-09-20T20:43:34 * colinclark joined the channel
2017-09-20T20:54:38 * colinclark joined the channel
2017-09-20T20:56:10 * alanharnum has quit
2017-09-20T21:01:30 * clown has quit
2017-09-20T21:32:16 * colinclark has quit
2017-09-20T21:44:37 * avtar has quit
2017-09-20T22:18:12 * Jess_ has quit
2017-09-20T23:26:21 * Justin_o has quit
2017-09-20T23:42:28 * grrrero has quit
'

