b'2017-01-14T01:34:10 * stegru has quit
2017-01-14T03:52:51 * kasparne_ has quit
2017-01-14T07:04:23 * the-t-in-rtf joined the channel
2017-01-14T09:58:04 * the-t-in-rtf joined the channel
2017-01-14T10:40:03 * kasparnet joined the channel
2017-01-14T10:43:23 * kasparnet has quit
2017-01-14T11:20:06 * kasparnet joined the channel
2017-01-14T11:39:14 * kasparnet has quit
2017-01-14T12:50:11 * the-t-in-rtf joined the channel
2017-01-14T15:10:14 * cindyli joined the channel
2017-01-14T15:24:17 * the-t-in-rtf joined the channel
2017-01-14T15:49:24 * amatas joined the channel
2017-01-14T15:51:23 * kasparnet joined the channel
2017-01-14T16:59:01 * kasparnet has quit
2017-01-14T17:01:03 * kasparnet joined the channel
2017-01-14T17:01:03 * kasparnet has quit
2017-01-14T17:01:35 * kasparnet joined the channel
2017-01-14T18:05:41 * kasparnet has quit
2017-01-14T18:23:57 * kasparnet joined the channel
2017-01-14T18:33:04 * kasparnet has quit
2017-01-14T18:35:35 * kasparnet joined the channel
2017-01-14T19:15:40 * kasparnet has quit
2017-01-14T19:26:36 * kasparnet joined the channel
2017-01-14T19:34:50 * the-t-in-rtf joined the channel
2017-01-14T19:42:12 * kasparnet has quit
2017-01-14T22:40:35 * cindyli joined the channel
2017-01-14T23:23:11 * kasparnet joined the channel
2017-01-14T23:24:00 * kasparnet has quit
'

