b"2017-09-22T00:14:34 * colinclark joined the channel
2017-09-22T00:43:07 * Jess_ joined the channel
2017-09-22T00:43:14 * Jess_ has quit
2017-09-22T03:40:13 * mrtyler has quit
2017-09-22T04:18:23 * grrrero has quit
2017-09-22T06:44:32 * the-t-in-rtf joined the channel
2017-09-22T07:07:05 * the-t-in-rtf has quit
2017-09-22T07:39:08 * the-t-in-rtf joined the channel
2017-09-22T07:45:26 * javjarfer joined the channel
2017-09-22T08:03:51 * -- BotBot disconnected, possible missing messages --
2017-09-22T08:06:51 * [o__o] joined the channel
2017-09-22T08:06:52 * stegru has quit
2017-09-22T08:06:52 * stegru joined the channel
2017-09-22T08:06:52 * kasparne_ joined the channel
2017-09-22T08:06:52 * kasparne_ has quit
2017-09-22T08:07:24 * the-t-in-rtf joined the channel
2017-09-22T08:07:59 * kasparne_ joined the channel
2017-09-22T08:08:10 * kasparne_ has quit
2017-09-22T08:08:49 * Bosmon joined the channel
2017-09-22T08:09:50 * kasparne_ joined the channel
2017-09-22T08:10:01 * kasparne_ has quit
2017-09-22T08:14:05 * kasparne_ joined the channel
2017-09-22T08:14:15 * kasparne_ has quit
2017-09-22T08:16:21 * kasparne_ joined the channel
2017-09-22T08:18:16 * kasparnet joined the channel
2017-09-22T08:18:40 * kasparne_ has quit
2017-09-22T08:18:49 * kasparnet has quit
2017-09-22T08:20:13 * kasparnet joined the channel
2017-09-22T08:20:31 * kasparnet has quit
2017-09-22T08:21:41 * kasparne_ joined the channel
2017-09-22T08:34:01 * the-t-in-rtf has quit
2017-09-22T08:39:57 * kasparne_ has quit
2017-09-22T08:44:05 * javjarfer has quit
2017-09-22T08:56:43 * the-t-in-rtf joined the channel
2017-09-22T09:17:22 * kasparnet joined the channel
2017-09-22T09:52:16 * kasparnet has quit
2017-09-22T09:52:41 * kasparnet joined the channel
2017-09-22T10:29:03 * the-t-in-rtf has quit
2017-09-22T10:39:33 * javjarfer joined the channel
2017-09-22T10:41:08 * kasparnet has quit
2017-09-22T10:53:33 * gtirloni joined the channel
2017-09-22T11:00:37 * the-t-in-rtf joined the channel
2017-09-22T11:18:56 * kasparnet joined the channel
2017-09-22T11:19:37 * kasparne_ joined the channel
2017-09-22T11:23:17 * kasparnet has quit
2017-09-22T11:25:53 * kasparne_ has quit
2017-09-22T11:34:42 * Justin_o joined the channel
2017-09-22T11:51:49 * alanharnum joined the channel
2017-09-22T12:18:46 * cindyli joined the channel
2017-09-22T12:26:56 * kasparnet joined the channel
2017-09-22T12:27:30 * kasparne_ joined the channel
2017-09-22T12:31:01 * kasparnet has quit
2017-09-22T13:01:14 * michelled joined the channel
2017-09-22T13:29:12 * Jess_ joined the channel
2017-09-22T13:39:18 * michelled has quit
2017-09-22T14:00:29 * alanharnum joined the channel
2017-09-22T14:05:02 * simonjb joined the channel
2017-09-22T14:06:49 * colinclark joined the channel
2017-09-22T14:32:52 * michelled joined the channel
2017-09-22T14:42:04 <simonjb> hi cindyli, am I right in thinking that all the review comments for GPII-2435 have been addressed other than perhaps a discussion on date processing?
2017-09-22T14:42:22 <cindyli> exactly, simonjb
2017-09-22T14:42:28 <simonjb> awesome
2017-09-22T14:44:25 <simonjb> Bosmon: when you have some time, it would be great to chat with you regarding https://github.com/GPII/universal/pull/519#discussion_r139700670
2017-09-22T14:53:36 * mrtyler joined the channel
2017-09-22T14:55:52 <Bosmon> simonjb - sure
2017-09-22T14:56:06 <Bosmon> Also, simonjb, colinclark - does today seem promising for our long-awaited Nexus chat?
2017-09-22T14:56:30 <simonjb> today works for me
2017-09-22T14:56:59 <colinclark> yup
2017-09-22T14:57:06 <colinclark> Can I have an hour or so?
2017-09-22T14:57:09 <colinclark> I need to hop on my bike
2017-09-22T14:57:21 <colinclark> but I know you have time constraints, Bosmon
2017-09-22T14:57:24 <colinclark> when works best for you?
2017-09-22T14:57:51 * grrrero joined the channel
2017-09-22T14:57:54 <Bosmon> Yes, I can meet in an hour or so
2017-09-22T14:58:09 <Bosmon> Shall we say at noon?
2017-09-22T14:59:36 <colinclark> sounds great!
2017-09-22T14:59:56 <simonjb> works for me also
2017-09-22T15:00:04 <simonjb> chat in an hour
2017-09-22T15:00:41 <gmoss> while we're on the subject of chats today: simonjb and alanharnum, what time works best for you to discuss CouchDB things?
2017-09-22T15:01:18 <simonjb> 2pm?
2017-09-22T15:01:29 <alanharnum> gmoss simonjb: 2pm works for me
2017-09-22T15:02:03 <gmoss> simonjb alanharnum 2pm is good for me as well
2017-09-22T15:04:41 <Bosmon> ok
2017-09-22T15:14:25 * alanharnum joined the channel
2017-09-22T15:18:48 * alanharnum joined the channel
2017-09-22T15:30:34 * michelled has quit
2017-09-22T15:49:36 * alanharnum joined the channel
2017-09-22T15:49:53 * michelled joined the channel
2017-09-22T15:50:15 * alanharnum has quit
2017-09-22T15:50:42 * alanharnum joined the channel
2017-09-22T15:50:48 * clown joined the channel
2017-09-22T15:54:37 * colinclark joined the channel
2017-09-22T15:54:48 * alanharnum has quit
2017-09-22T16:05:39 * kasparne_ has quit
2017-09-22T16:22:57 * stegru has quit
2017-09-22T16:53:15 * alanharnum joined the channel
2017-09-22T16:54:49 * the-t-in-rtf joined the channel
2017-09-22T16:59:32 * alanharnum has quit
2017-09-22T17:09:00 * javjarfer has quit
2017-09-22T17:09:28 * javjarfer joined the channel
2017-09-22T17:10:46 * the-t-in-rtf has quit
2017-09-22T17:40:49 * cindyli joined the channel
2017-09-22T17:49:10 * kasparne_ joined the channel
2017-09-22T17:53:15 * javjarfer has quit
2017-09-22T17:57:11 * alanharnum joined the channel
2017-09-22T18:02:15 * kasparne_ has quit
2017-09-22T18:04:52 * alanharnum has quit
2017-09-22T18:12:00 * alanharnum joined the channel
2017-09-22T18:20:22 * alanharnum has quit
2017-09-22T18:20:48 * alanharnum joined the channel
2017-09-22T18:21:36 * stegru joined the channel
2017-09-22T18:24:12 * Justin_o has quit
2017-09-22T18:24:56 * alanharnum joined the channel
2017-09-22T18:26:20 * the-t-in-rtf joined the channel
2017-09-22T18:43:52 * cindyli has quit
2017-09-22T19:00:21 * mrtyler has quit
2017-09-22T19:18:36 * the-t-in-rtf has quit
2017-09-22T19:58:10 * cindyli joined the channel
2017-09-22T20:13:50 * simonjb has quit
2017-09-22T20:44:14 * michelled has quit
2017-09-22T21:01:27 * clown has quit
2017-09-22T21:09:05 * stegru has quit
2017-09-22T21:15:11 * colinclark has quit
2017-09-22T21:17:03 * alanharnum has quit
2017-09-22T21:17:29 * alanharnum joined the channel
2017-09-22T21:20:13 * Jess_ has quit
2017-09-22T21:21:26 * alanharnum joined the channel
2017-09-22T21:22:04 * kasparnet joined the channel
2017-09-22T21:33:37 * gtirloni has quit
2017-09-22T21:35:05 * stegru joined the channel
2017-09-22T21:55:14 * alanharnum has quit
2017-09-22T22:04:48 * stegru has quit
2017-09-22T22:06:38 * kasparnet has quit
2017-09-22T22:08:41 * cindyli has quit
2017-09-22T22:32:14 * kasparnet joined the channel
2017-09-22T22:46:26 * kasparnet has quit
2017-09-22T23:20:44 * mrtyler joined the channel
"

