b'2016-07-02T01:24:53 * gabrielmancini joined the channel
2016-07-02T01:28:59 * gabrielmancini has quit
2016-07-02T02:26:27 * gabrielmancini joined the channel
2016-07-02T02:31:33 * gabrielmancini has quit
2016-07-02T04:14:07 * michelled joined the channel
2016-07-02T04:41:25 * gabrielmancini joined the channel
2016-07-02T04:45:43 * gabrielmancini has quit
2016-07-02T05:20:21 * gabrielmancini joined the channel
2016-07-02T05:25:06 * gabrielmancini has quit
2016-07-02T06:41:55 * the-t-in-rtf joined the channel
2016-07-02T06:56:05 * the-t-in-rtf has quit
2016-07-02T07:01:43 * the-t-in-rtf joined the channel
2016-07-02T07:01:51 * the-t-in-rtf has quit
2016-07-02T07:16:08 * gabrielmancini joined the channel
2016-07-02T07:20:48 * gabrielmancini has quit
2016-07-02T07:21:54 * the-t-in-rtf joined the channel
2016-07-02T07:25:00 * the-t-in-rtf has quit
2016-07-02T07:48:00 * the-t-in-rtf joined the channel
2016-07-02T07:49:42 * the-t-in-rtf has quit
2016-07-02T12:03:01 * the-t-in-rtf joined the channel
2016-07-02T12:36:32 * the-t-in-rtf has quit
2016-07-02T13:03:52 * the-t-in-rtf joined the channel
2016-07-02T14:32:24 * michelled joined the channel
2016-07-02T14:42:55 * michelled has quit
2016-07-02T14:48:54 * the-t-in-rtf has quit
2016-07-02T14:52:38 * alanharnum joined the channel
2016-07-02T14:58:49 * the-t-in-rtf joined the channel
2016-07-02T15:04:38 * the-t-in-rtf has quit
2016-07-02T15:04:52 * the-t-in-rtf joined the channel
2016-07-02T15:26:05 * the-t-in-rtf has quit
2016-07-02T15:26:18 * colinclark joined the channel
2016-07-02T15:29:06 * colinclark has quit
2016-07-02T15:30:56 * colinclark joined the channel
2016-07-02T15:31:02 * colinclark has quit
2016-07-02T18:19:15 * Bosmon has quit
2016-07-02T18:20:02 * Bosmon joined the channel
2016-07-02T20:22:13 * kasparnet joined the channel
2016-07-02T21:01:53 * kasparnet has quit
'

