b"2016-10-17T05:13:11 * alanharn_ joined the channel
2016-10-17T05:54:03 * kasparnet joined the channel
2016-10-17T06:34:18 * the-t-in-rtf1 has quit
2016-10-17T06:59:11 * the-t-in-rtf joined the channel
2016-10-17T07:25:23 * stegru joined the channel
2016-10-17T08:29:30 * stegru has quit
2016-10-17T08:34:57 * stegru joined the channel
2016-10-17T11:16:32 * kasparne_ joined the channel
2016-10-17T11:19:38 * kasparnet has quit
2016-10-17T12:02:19 * alanharnum joined the channel
2016-10-17T12:27:02 * Justin_o joined the channel
2016-10-17T12:40:45 * cindyli joined the channel
2016-10-17T13:03:41 <alanharnum> cindyli the-t-in-rtf: do we have *ouchDB meeting this morning?
2016-10-17T13:04:20 <cindyli> i thinking yes, also waiting for a ping
2016-10-17T13:06:09 <the-t-in-rtf> yes, sorry, moving to a room now.
2016-10-17T13:07:56 * the-t-in-rtf1 joined the channel
2016-10-17T13:08:13 <the-t-in-rtf1> Oh, nm, it's in twenty minutes.
2016-10-17T13:09:22 <alanharnum> oh right, we moved the time
2016-10-17T13:18:17 * colinclark joined the channel
2016-10-17T13:19:31 * avtar joined the channel
2016-10-17T13:21:48 * gtirloni joined the channel
2016-10-17T13:26:47 * simonjb joined the channel
2016-10-17T13:42:36 * jessm joined the channel
2016-10-17T13:49:55 * alanhar__ joined the channel
2016-10-17T13:54:07 * michelled joined the channel
2016-10-17T14:14:11 * clown joined the channel
2016-10-17T14:35:09 * amatas joined the channel
2016-10-17T15:26:57 * the-t-in-rtf1 has quit
2016-10-17T15:30:50 * alanharnum joined the channel
2016-10-17T15:35:20 * alanharnum has quit
2016-10-17T15:54:28 * alanharnum joined the channel
2016-10-17T16:02:25 * the-t-in-rtf joined the channel
2016-10-17T16:11:20 * alanharnum has quit
2016-10-17T16:23:53 * Bosmon joined the channel
2016-10-17T16:30:45 * colinclark joined the channel
2016-10-17T16:59:10 * David123_ joined the channel
2016-10-17T16:59:11 * michelled joined the channel
2016-10-17T17:00:33 * alanharn_ joined the channel
2016-10-17T17:04:18 * cindyli1 joined the channel
2016-10-17T17:04:55 * alanharnum joined the channel
2016-10-17T17:06:09 * cindyli has quit
2016-10-17T17:22:22 * stegru has quit
2016-10-17T17:30:16 * gtirloni has quit
2016-10-17T17:32:07 * gtirloni joined the channel
2016-10-17T17:38:35 * alanharnum joined the channel
2016-10-17T17:54:06 * the-t-in-rtf joined the channel
2016-10-17T17:56:52 * alanharn_ joined the channel
2016-10-17T18:03:03 * alanharnum joined the channel
2016-10-17T18:06:10 * michelled joined the channel
2016-10-17T18:06:11 * kasparne_ has quit
2016-10-17T18:17:11 * gtirloni joined the channel
2016-10-17T18:23:14 * avtar joined the channel
2016-10-17T18:37:58 * Yash joined the channel
2016-10-17T18:38:22 * Yash is now known as Guest69866
2016-10-17T18:38:40 <Guest69866> Hey!
2016-10-17T18:45:54 * the-t-in-rtf joined the channel
2016-10-17T18:53:44 * Guest69866 has quit
2016-10-17T18:55:44 * yashmahajan10 joined the channel
2016-10-17T18:56:51 * alanharnum joined the channel
2016-10-17T19:00:01 <yashmahajan10> Hey guys! I am Yash from India and I would love to contribute to your repositories for learning purpose. I'm basically found out about this through the GSOC list of organizations where in I came across Inclusive Design Institute because I'm familiar with node.js.
2016-10-17T19:01:07 <yashmahajan10> Would it be possible for me to connect to you and get a practical knowledge and get to know how big projects use node.js ?
2016-10-17T19:02:27 * clown joined the channel
2016-10-17T19:03:30 * alanharnum joined the channel
2016-10-17T19:04:45 * alanharn_ joined the channel
2016-10-17T19:06:33 * yashmahajan10 has quit
2016-10-17T19:11:38 * alanharnum joined the channel
2016-10-17T19:11:54 * colinclark has quit
2016-10-17T19:11:59 <Justin_o> yashmahajan10: sorry we missed you. You can also try to message us in the fluid-work channel.
2016-10-17T19:17:03 * colinclark joined the channel
2016-10-17T19:18:36 * the-t-in-rtf joined the channel
2016-10-17T19:23:20 * simonjb joined the channel
2016-10-17T19:28:33 * colinclark has quit
2016-10-17T19:31:24 * colinclark joined the channel
2016-10-17T20:00:56 * the-t-in-rtf joined the channel
2016-10-17T20:02:46 * stegru joined the channel
2016-10-17T20:30:58 * colinclark has quit
2016-10-17T20:43:22 * colinclark joined the channel
2016-10-17T20:45:15 * michelled joined the channel
2016-10-17T20:47:05 * alanharnum joined the channel
2016-10-17T22:05:56 * David123_ has quit
2016-10-17T22:41:37 * kasparnet joined the channel
2016-10-17T22:52:02 * stegru has quit
2016-10-17T23:06:28 * [o__o] joined the channel
2016-10-17T23:12:00 * avtar joined the channel
2016-10-17T23:24:42 * avtar has quit
2016-10-17T23:42:30 * alanharnum joined the channel
2016-10-17T23:47:01 * alanharnum has quit
2016-10-17T23:49:39 * Justin_o has quit
"

