b'2016-06-09T00:33:36 * [o__o] has quit
2016-06-09T00:36:45 * -- BotBot disconnected, possible missing messages --
2016-06-09T00:39:50 * [o__o] joined the channel
2016-06-09T01:49:15 * -- BotBot disconnected, possible missing messages --
2016-06-09T02:05:44 * [o__o] joined the channel
2016-06-09T03:38:29 * michelled joined the channel
2016-06-09T04:02:23 * kasparnet joined the channel
2016-06-09T04:05:26 * kasparne_ joined the channel
2016-06-09T04:05:26 * kasparnet has quit
2016-06-09T04:12:05 * the-t-in-rtf joined the channel
2016-06-09T04:25:46 * kasparne_ has quit
2016-06-09T05:24:30 * avtar has quit
2016-06-09T05:30:45 * avtar joined the channel
2016-06-09T11:13:44 * the-t-in-rtf1 joined the channel
2016-06-09T11:13:46 * the-t-in-rtf has quit
2016-06-09T11:30:33 * Justin_o joined the channel
2016-06-09T11:51:54 * michelled joined the channel
2016-06-09T12:44:21 * the-t-in-rtf1 has quit
2016-06-09T12:52:53 * kasparnet joined the channel
2016-06-09T12:53:22 * kasparnet has quit
2016-06-09T13:08:52 * the-t-in-rtf joined the channel
2016-06-09T13:21:33 * gtirloni joined the channel
2016-06-09T13:28:51 * Jess_ joined the channel
2016-06-09T13:38:22 * clown joined the channel
2016-06-09T13:39:56 * alanharnum joined the channel
2016-06-09T13:40:06 * alanharnum has quit
2016-06-09T13:40:32 * alanharnum joined the channel
2016-06-09T13:42:10 * michelled joined the channel
2016-06-09T13:42:36 * kasparnet joined the channel
2016-06-09T13:44:49 * alanharnum has quit
2016-06-09T13:45:55 * cindyli joined the channel
2016-06-09T13:59:32 * alanharnum joined the channel
2016-06-09T14:02:52 * simonjb joined the channel
2016-06-09T14:09:42 * amatas joined the channel
2016-06-09T14:30:00 * Justin_o has quit
2016-06-09T14:39:58 * simonjb` joined the channel
2016-06-09T14:42:03 * simonjb has quit
2016-06-09T15:17:06 * colinclark joined the channel
2016-06-09T16:00:51 * alanharnum has quit
2016-06-09T16:05:10 * alanharnum joined the channel
2016-06-09T16:17:09 * colinclark has quit
2016-06-09T16:17:50 * colinclark joined the channel
2016-06-09T16:18:26 * Jess_ has quit
2016-06-09T16:18:35 * clown has quit
2016-06-09T16:29:03 * colinclark has quit
2016-06-09T16:31:13 * alanharnum has quit
2016-06-09T16:31:18 * michelled has quit
2016-06-09T16:31:38 * kasparnet has quit
2016-06-09T16:32:02 * amatas has quit
2016-06-09T16:32:20 * clown joined the channel
2016-06-09T16:32:28 * clown is now known as clown_mtg
2016-06-09T16:42:32 * colinclark joined the channel
2016-06-09T16:43:08 * kasparnet joined the channel
2016-06-09T16:43:37 * the-t-in-rtf has quit
2016-06-09T16:58:06 * jessm joined the channel
2016-06-09T17:05:49 * kasparnet has quit
2016-06-09T17:17:41 * alanharnum joined the channel
2016-06-09T17:17:59 * alanharnum has quit
2016-06-09T17:39:56 * cindyli has quit
2016-06-09T17:47:28 * kasparnet joined the channel
2016-06-09T17:58:05 * colinclark has quit
2016-06-09T17:58:38 * michelled joined the channel
2016-06-09T17:59:34 * cindyli joined the channel
2016-06-09T17:59:58 * alanharnum joined the channel
2016-06-09T18:05:41 * simonjb joined the channel
2016-06-09T18:11:57 * clown_mtg has quit
2016-06-09T18:18:21 * clown joined the channel
2016-06-09T18:25:02 * jessm has quit
2016-06-09T19:02:49 * simonjb has quit
2016-06-09T19:11:13 * Jess_ joined the channel
2016-06-09T19:16:41 * kasparnet has quit
2016-06-09T19:17:29 * kasparnet joined the channel
2016-06-09T19:19:02 * colinclark joined the channel
2016-06-09T19:20:15 * michelled1 joined the channel
2016-06-09T19:20:15 * michelled has quit
2016-06-09T19:23:37 * colinclark has quit
2016-06-09T19:32:55 * kasparne_ joined the channel
2016-06-09T19:32:55 * kasparnet has quit
2016-06-09T19:37:54 * alanharnum has quit
2016-06-09T19:48:25 * kasparne_ has quit
2016-06-09T19:51:51 * alanharnum joined the channel
2016-06-09T19:55:21 * alanharnum has quit
2016-06-09T19:57:28 <clown> cindyli:  https://github.com/w3c/respec/pull/823
2016-06-09T20:12:54 * Jess_ has quit
2016-06-09T20:14:42 * alanharnum joined the channel
2016-06-09T20:19:46 * alanharnum has quit
2016-06-09T20:21:23 * alanharnum joined the channel
2016-06-09T20:28:15 * alanharnum has quit
2016-06-09T20:36:02 * alanharnum joined the channel
2016-06-09T20:36:04 * alanharn_ joined the channel
2016-06-09T20:37:50 * cindyli has quit
2016-06-09T20:50:05 * alanharnum joined the channel
2016-06-09T20:50:26 * alanharnum has quit
2016-06-09T20:52:19 * alanharnum joined the channel
2016-06-09T20:54:11 * clown has quit
2016-06-09T20:57:41 * kasparnet joined the channel
2016-06-09T20:58:44 * kasparne_ joined the channel
2016-06-09T21:02:37 * kasparnet has quit
2016-06-09T21:13:52 * michelled1 has quit
2016-06-09T21:18:27 * alanharn_ has quit
2016-06-09T21:27:15 * gtirloni has quit
2016-06-09T22:06:49 * kasparne_ has quit
2016-06-09T22:40:35 * Jess_ joined the channel
2016-06-09T22:46:38 * Jess_ has quit
2016-06-09T23:09:01 * alanharnum joined the channel
2016-06-09T23:18:52 * alanharn_ joined the channel
2016-06-09T23:23:16 * alanharn_ has quit
2016-06-09T23:34:18 * alanharnum has quit
'

