b"2016-12-23T03:55:31 * colinclark joined the channel
2016-12-23T07:10:12 * amatas joined the channel
2016-12-23T09:13:00 * stegru joined the channel
2016-12-23T09:17:13 * AndroUser joined the channel
2016-12-23T09:18:48 * Sitesh joined the channel
2016-12-23T09:18:49 * AndroUser has quit
2016-12-23T09:30:50 * Sitesh has quit
2016-12-23T09:50:32 * gtirloni joined the channel
2016-12-23T10:27:17 * the-t-in-rtf joined the channel
2016-12-23T12:42:45 * gtirloni joined the channel
2016-12-23T12:49:29 * stegru has quit
2016-12-23T13:03:45 <amatas> fluid-everyone, I need to make some changes in the GPII's wiki. Is someone working on it?
2016-12-23T13:06:55 <gtirloni> i'm not, thanks for the heads up
2016-12-23T13:09:44 <amatas> ok, I'll try to upgrade, I'm doing an extra backup of all
2016-12-23T13:30:16 * michelled joined the channel
2016-12-23T13:37:11 * cindyli joined the channel
2016-12-23T13:45:43 <amatas> GPII wiki updated to the latest version
2016-12-23T13:54:04 <gtirloni> \\o/
2016-12-23T13:55:55 <amatas> :)
2016-12-23T13:56:37 <amatas> also I've enabled some caching features, so it should work a bit faster.
2016-12-23T13:57:06 <amatas> time for lunch here, brb in one hour
2016-12-23T14:11:41 * the-t-in-rtf joined the channel
2016-12-23T14:50:08 * colinclark joined the channel
2016-12-23T15:21:31 * stegru joined the channel
2016-12-23T16:26:57 * the-t-in-rtf joined the channel
2016-12-23T17:19:29 * michelled has quit
2016-12-23T17:32:02 * michelled joined the channel
2016-12-23T19:01:09 * stegru has quit
2016-12-23T21:04:28 * cindyli joined the channel
2016-12-23T22:17:35 * the-t-in-rtf joined the channel
2016-12-23T22:47:06 * amatas has quit
2016-12-23T23:44:53 * michelled has quit
2016-12-23T23:53:30 * michelled joined the channel
"

