b'2016-06-29T00:36:14 * gabrielm_ joined the channel
2016-06-29T00:41:09 * gabrielm_ has quit
2016-06-29T00:42:31 * gabrielm_ joined the channel
2016-06-29T00:46:36 * gabrielm_ has quit
2016-06-29T01:53:34 * gabrielm_ joined the channel
2016-06-29T01:58:30 * gabrielm_ has quit
2016-06-29T02:11:03 * gabrielm_ joined the channel
2016-06-29T02:15:19 * gabrielm_ has quit
2016-06-29T02:21:17 * michelled joined the channel
2016-06-29T03:19:11 * michelled has quit
2016-06-29T04:10:20 * gabrielm_ joined the channel
2016-06-29T04:15:00 * gabrielm_ has quit
2016-06-29T05:11:50 * gabrielm_ joined the channel
2016-06-29T05:16:11 * gabrielm_ has quit
2016-06-29T05:29:28 * gabrielm_ joined the channel
2016-06-29T05:34:04 * gabrielm_ has quit
2016-06-29T07:20:02 * the-t-in-rtf joined the channel
2016-06-29T09:44:36 * the-t-in-rtf has quit
2016-06-29T11:21:21 * the-t-in-rtf joined the channel
2016-06-29T12:05:05 * gtirloni joined the channel
2016-06-29T12:21:30 * gtirloni_ joined the channel
2016-06-29T12:22:52 * gtirloni has quit
2016-06-29T12:44:01 * cindyli joined the channel
2016-06-29T12:58:31 * michelled joined the channel
2016-06-29T13:19:08 * Jess_ joined the channel
2016-06-29T13:23:32 * Jess_ has quit
2016-06-29T13:25:10 * Jess_ joined the channel
2016-06-29T13:33:17 * simonjb joined the channel
2016-06-29T13:34:09 * gabrielmancini joined the channel
2016-06-29T13:36:46 * gtirloni__ joined the channel
2016-06-29T13:39:59 * gtirloni_ has quit
2016-06-29T13:48:47 * gtirloni joined the channel
2016-06-29T13:51:25 * gtirloni__ has quit
2016-06-29T14:01:35 * colinclark joined the channel
2016-06-29T14:44:57 * gabrielmancini has quit
2016-06-29T14:46:20 * the-t-in-rtf has quit
2016-06-29T14:53:45 * clown joined the channel
2016-06-29T14:55:43 * michelled has quit
2016-06-29T14:56:03 * amatas joined the channel
2016-06-29T14:56:58 * michelled joined the channel
2016-06-29T15:05:16 * clown joined the channel
2016-06-29T15:09:01 * gtirloni_ joined the channel
2016-06-29T15:09:36 * gtirloni has quit
2016-06-29T15:18:41 * simonjb has quit
2016-06-29T15:31:30 * clown has quit
2016-06-29T15:41:26 * clown joined the channel
2016-06-29T15:42:34 * the-t-in-rtf joined the channel
2016-06-29T15:45:31 * clown has quit
2016-06-29T15:51:05 * clown joined the channel
2016-06-29T16:03:19 * gabrielmancini joined the channel
2016-06-29T17:21:13 * michelled has quit
2016-06-29T17:29:44 * amatas has quit
2016-06-29T17:31:03 * the-t-in-rtf has quit
2016-06-29T17:35:44 * colinclark has quit
2016-06-29T17:48:44 * the-t-in-rtf joined the channel
2016-06-29T17:50:04 * gabrielmancini has quit
2016-06-29T17:50:38 * gabrielmancini joined the channel
2016-06-29T17:51:07 * gabrielmancini has quit
2016-06-29T17:51:23 * gabrielmancini joined the channel
2016-06-29T18:09:00 * colinclark joined the channel
2016-06-29T18:12:08 * clown has quit
2016-06-29T18:13:01 * the-t-in-rtf has quit
2016-06-29T18:13:14 * clown joined the channel
2016-06-29T18:13:41 * the-t-in-rtf joined the channel
2016-06-29T18:16:37 * colinclark joined the channel
2016-06-29T18:19:43 * cindyli1 joined the channel
2016-06-29T18:21:38 * cindyli has quit
2016-06-29T18:24:37 * colinclark has quit
2016-06-29T18:26:13 * the-t-in-rtf has quit
2016-06-29T18:30:58 * clown is now known as clown_mtg
2016-06-29T18:32:06 * the-t-in-rtf joined the channel
2016-06-29T18:33:05 * michelled joined the channel
2016-06-29T18:38:15 * cindyli1 is now known as cindyli
2016-06-29T18:47:55 * the-t-in-rtf has quit
2016-06-29T19:00:39 * Bosmon2 joined the channel
2016-06-29T19:02:07 * Bosmon has quit
2016-06-29T19:38:26 * colinclark joined the channel
2016-06-29T20:10:39 * michelled joined the channel
2016-06-29T20:11:08 * simonjb joined the channel
2016-06-29T20:30:55 * cindyli has quit
2016-06-29T21:06:12 * michelled has quit
2016-06-29T21:36:18 * amatas joined the channel
2016-06-29T21:57:13 * gabrielmancini has quit
2016-06-29T21:57:50 * gabrielmancini joined the channel
2016-06-29T22:02:06 * gabrielmancini has quit
2016-06-29T22:03:47 * gabrielmancini joined the channel
2016-06-29T22:08:03 * gabrielmancini has quit
2016-06-29T22:50:37 * colinclark has quit
2016-06-29T22:58:16 * amatas has quit
2016-06-29T23:53:53 * gabrielmancini joined the channel
2016-06-29T23:58:03 * gabrielmancini has quit
'

