b'2016-04-11T08:02:49 * the-t-in-rtf joined the channel
2016-04-11T10:42:00 * the-t-in-rtf has quit
2016-04-11T11:11:48 * the-t-in-rtf joined the channel
2016-04-11T11:24:26 * gtirloni joined the channel
2016-04-11T12:13:44 * gtirloni joined the channel
2016-04-11T13:12:02 * colinclark joined the channel
2016-04-11T13:12:46 * cindyli joined the channel
2016-04-11T13:34:22 * the-t-in-rtf has quit
2016-04-11T13:38:00 * alanharnum joined the channel
2016-04-11T13:55:59 * the-t-in-rtf joined the channel
2016-04-11T13:56:50 * the-t-in-rtf has quit
2016-04-11T13:59:35 * the-t-in-rtf joined the channel
2016-04-11T14:04:19 * the-t-in-rtf1 joined the channel
2016-04-11T14:04:19 * the-t-in-rtf has quit
2016-04-11T14:05:17 * simonjb joined the channel
2016-04-11T14:41:03 * clown joined the channel
2016-04-11T14:46:49 * colinclark has quit
2016-04-11T14:46:53 * colinclark_ joined the channel
2016-04-11T15:37:37 * colinclark joined the channel
2016-04-11T15:41:16 * the-t-in-rtf1 has quit
2016-04-11T15:41:41 * alanharnum joined the channel
2016-04-11T15:45:29 * clown joined the channel
2016-04-11T16:15:31 * colinclark_ joined the channel
2016-04-11T16:17:41 * colinclark joined the channel
2016-04-11T16:19:45 * colinclark joined the channel
2016-04-11T16:38:51 * clown has quit
2016-04-11T16:48:51 * clown joined the channel
2016-04-11T16:51:23 * colinclark joined the channel
2016-04-11T17:59:10 * alanharnum has quit
2016-04-11T18:13:32 * colinclark joined the channel
2016-04-11T18:20:50 * colinclark joined the channel
2016-04-11T18:21:59 * alanharnum joined the channel
2016-04-11T18:25:58 * the-t-in-rtf joined the channel
2016-04-11T18:26:51 * the-t-in-rtf has quit
2016-04-11T18:27:41 * colinclark_ joined the channel
2016-04-11T19:08:28 * colinclark joined the channel
2016-04-11T19:43:19 * colinclark joined the channel
2016-04-11T20:28:19 * cindyli has quit
2016-04-11T20:42:30 * colinclark joined the channel
2016-04-11T20:47:25 * alanharnum joined the channel
2016-04-11T23:29:15 * alanharnum joined the channel
'

