b'2016-09-28T00:11:50 * Justin_o has quit
2016-09-28T06:04:10 * kasparnet joined the channel
2016-09-28T07:13:52 * the-t-in-rtf joined the channel
2016-09-28T07:24:20 * kasparnet has quit
2016-09-28T07:27:42 * kasparnet joined the channel
2016-09-28T07:28:41 * kasparnet has quit
2016-09-28T07:29:01 * kasparnet joined the channel
2016-09-28T07:33:29 * stegru joined the channel
2016-09-28T07:48:24 * amatas joined the channel
2016-09-28T08:37:56 * the-t-in-rtf has quit
2016-09-28T08:38:27 * the-t-in-rtf joined the channel
2016-09-28T09:21:10 * the-t-in-rtf has quit
2016-09-28T11:51:54 * kasparnet has quit
2016-09-28T11:51:59 * gtirloni joined the channel
2016-09-28T11:52:33 * kasparnet joined the channel
2016-09-28T11:57:10 * kasparnet has quit
2016-09-28T12:00:16 * kasparnet joined the channel
2016-09-28T12:28:03 * Justin_o joined the channel
2016-09-28T12:51:32 * cindyli joined the channel
2016-09-28T13:10:27 * michelled joined the channel
2016-09-28T13:19:29 * clown joined the channel
2016-09-28T13:32:08 * michelled joined the channel
2016-09-28T13:53:39 * Jess_ joined the channel
2016-09-28T13:56:02 * simonjb joined the channel
2016-09-28T13:56:46 * the-t-in-rtf joined the channel
2016-09-28T14:00:25 * simonjb has quit
2016-09-28T14:04:09 * cindyli1 joined the channel
2016-09-28T14:05:38 * cindyli has quit
2016-09-28T14:06:38 * simonjb joined the channel
2016-09-28T14:12:35 * stegru has quit
2016-09-28T14:18:35 * the-t-in-rtf has quit
2016-09-28T14:20:22 * the-t-in-rtf joined the channel
2016-09-28T14:42:52 * stegru joined the channel
2016-09-28T14:45:36 * kasparnet has quit
2016-09-28T14:48:31 * kasparnet joined the channel
2016-09-28T15:32:41 * clown has quit
2016-09-28T15:33:20 * clown joined the channel
2016-09-28T15:33:48 * colinclark joined the channel
2016-09-28T15:46:36 * simonjb has quit
2016-09-28T16:00:08 * simonjb joined the channel
2016-09-28T17:04:07 * colinclark has quit
2016-09-28T17:11:11 * cindyli1 is now known as cindyli
2016-09-28T17:14:29 * michelled has quit
2016-09-28T17:14:51 * kasparnet has quit
2016-09-28T18:10:38 * michelled joined the channel
2016-09-28T18:10:54 * clown has quit
2016-09-28T18:14:18 * clown joined the channel
2016-09-28T18:22:40 * kasparnet joined the channel
2016-09-28T18:25:56 * michelled has quit
2016-09-28T18:26:59 * colinclark joined the channel
2016-09-28T18:27:30 * michelled joined the channel
2016-09-28T18:35:55 * simonjb_ joined the channel
2016-09-28T18:37:35 * simonjb_ is now known as simonjb
2016-09-28T18:41:31 * kasparnet has quit
2016-09-28T18:41:47 * kasparnet joined the channel
2016-09-28T18:52:26 * Kobi has left the channel
2016-09-28T18:54:30 * stegru has quit
2016-09-28T19:40:11 * kasparnet has quit
2016-09-28T19:54:47 * cindyli has quit
2016-09-28T19:57:49 * cindyli joined the channel
2016-09-28T19:58:28 * stegru joined the channel
2016-09-28T20:09:42 * simonjb has quit
2016-09-28T20:09:50 * michelled has quit
2016-09-28T20:15:04 * simonjb joined the channel
2016-09-28T20:15:59 * michelled joined the channel
2016-09-28T20:36:11 * cindyli has quit
2016-09-28T20:59:31 * michelled has quit
2016-09-28T21:00:57 * clown has quit
2016-09-28T21:45:30 * simonjb has quit
2016-09-28T21:54:19 * colinclark has quit
2016-09-28T22:44:01 * Jess_ has quit
2016-09-28T22:51:50 * Justin_o has quit
2016-09-28T23:12:16 * amatas has quit
2016-09-28T23:40:01 * stegru has quit
2016-09-28T23:56:45 * kasparnet joined the channel
'

