b'2016-07-29T00:06:09 * Bosmon has quit
2016-07-29T00:15:56 * Bosmon joined the channel
2016-07-29T00:43:26 * kasparnet has quit
2016-07-29T00:43:58 * Jess__ has quit
2016-07-29T02:18:10 * michelled has quit
2016-07-29T02:38:11 * michelled joined the channel
2016-07-29T02:55:56 * michelled has quit
2016-07-29T02:59:01 * michelled joined the channel
2016-07-29T02:59:01 * michelled has quit
2016-07-29T04:53:15 * alanharnum joined the channel
2016-07-29T06:24:19 * amatas joined the channel
2016-07-29T07:51:21 * stegru joined the channel
2016-07-29T08:00:27 * kasparnet joined the channel
2016-07-29T09:57:50 * kasparnet has quit
2016-07-29T10:58:15 * kasparnet joined the channel
2016-07-29T11:02:51 * kasparnet has quit
2016-07-29T11:57:46 * gtirloni joined the channel
2016-07-29T12:00:18 * kasparnet joined the channel
2016-07-29T12:36:05 * Jess__ joined the channel
2016-07-29T12:51:48 * simonjb joined the channel
2016-07-29T12:52:37 * Jess__ joined the channel
2016-07-29T13:07:53 * kasparnet has quit
2016-07-29T13:09:20 * kasparnet joined the channel
2016-07-29T13:11:35 * Jess__ has quit
2016-07-29T13:17:49 * michelled joined the channel
2016-07-29T13:22:11 * alanharn_ joined the channel
2016-07-29T13:39:59 * kasparnet has quit
2016-07-29T13:46:49 * clown joined the channel
2016-07-29T14:05:28 * colinclark joined the channel
2016-07-29T14:24:03 * the-t-in-rtf joined the channel
2016-07-29T14:55:30 * the-t-in-rtf has quit
2016-07-29T15:04:53 * Jess__ joined the channel
2016-07-29T15:05:41 * Jess__ has quit
2016-07-29T15:07:53 * Jess__ joined the channel
2016-07-29T15:19:28 * clown has quit
2016-07-29T15:21:35 * clown joined the channel
2016-07-29T15:33:28 * clown has quit
2016-07-29T15:54:16 * clown joined the channel
2016-07-29T16:20:18 * colinclark has quit
2016-07-29T17:16:33 * kasparnet joined the channel
2016-07-29T17:44:37 * clown has quit
2016-07-29T17:47:16 * clown joined the channel
2016-07-29T18:12:01 * kasparnet has quit
2016-07-29T18:19:36 * colinclark joined the channel
2016-07-29T19:02:03 * michelled has quit
2016-07-29T19:15:54 * kasparnet joined the channel
2016-07-29T19:56:40 * simonjb has quit
2016-07-29T20:01:05 * michelled joined the channel
2016-07-29T20:32:44 * colinclark joined the channel
2016-07-29T20:36:46 * amatas joined the channel
2016-07-29T21:04:45 * clown has quit
2016-07-29T21:05:09 * kasparnet has quit
2016-07-29T21:14:13 * colinclark joined the channel
2016-07-29T21:16:58 * colinclark has quit
2016-07-29T21:17:19 * colinclark joined the channel
2016-07-29T21:17:36 * Jess__ has quit
2016-07-29T21:20:32 * gtirloni has quit
2016-07-29T21:22:59 * colinclark has quit
2016-07-29T21:25:50 * colinclark joined the channel
2016-07-29T22:02:50 * colinclark has quit
2016-07-29T22:04:24 * colinclark joined the channel
2016-07-29T22:07:10 * amatas has quit
2016-07-29T22:15:54 * kasparnet joined the channel
2016-07-29T22:21:41 * kasparnet has quit
2016-07-29T22:38:21 * stegru has quit
2016-07-29T23:00:49 * colinclark has quit
2016-07-29T23:41:01 * kasparnet joined the channel
'

