b'2016-08-22T06:19:49 * amatas joined the channel
2016-08-22T07:18:28 * the-t-in-rtf joined the channel
2016-08-22T07:24:58 * amatas has quit
2016-08-22T07:42:56 * amatas joined the channel
2016-08-22T11:18:33 * stegru joined the channel
2016-08-22T11:41:47 * stegru has quit
2016-08-22T11:49:48 * stegru joined the channel
2016-08-22T12:33:01 * Justin_o joined the channel
2016-08-22T12:38:51 * simonjb joined the channel
2016-08-22T12:42:00 * cindyli joined the channel
2016-08-22T12:48:54 * the-t-in-rtf has quit
2016-08-22T12:57:38 * gtirloni joined the channel
2016-08-22T12:59:01 * alanharnum joined the channel
2016-08-22T13:07:08 * the-t-in-rtf joined the channel
2016-08-22T13:16:36 * colinclark joined the channel
2016-08-22T13:32:17 * jessm joined the channel
2016-08-22T14:44:49 * stegru has quit
2016-08-22T14:52:15 * stegru joined the channel
2016-08-22T15:13:04 * simonjb has quit
2016-08-22T15:56:58 * colinclark has quit
2016-08-22T16:05:20 * alanharnum joined the channel
2016-08-22T16:05:32 * alanharnum is now known as 17WAAG6U7
2016-08-22T16:12:10 * the-t-in-rtf1 joined the channel
2016-08-22T16:12:33 * the-t-in-rtf has quit
2016-08-22T16:17:00 * 17WAAG6U7 is now known as alanharnum
2016-08-22T16:36:58 * colinclark joined the channel
2016-08-22T17:12:55 * alanharnum has quit
2016-08-22T17:22:36 * cindyli1 joined the channel
2016-08-22T17:22:57 * alanharnum joined the channel
2016-08-22T17:25:33 * cindyli has quit
2016-08-22T18:08:02 * alanharnum has quit
2016-08-22T18:24:28 * simonjb joined the channel
2016-08-22T18:28:35 * cindyli1 has quit
2016-08-22T18:33:51 * cindyli joined the channel
2016-08-22T18:35:56 * alanharn_ joined the channel
2016-08-22T19:15:45 * jessm joined the channel
2016-08-22T20:13:37 * cindyli has quit
2016-08-22T20:30:37 * alanharnum joined the channel
2016-08-22T20:51:54 * colinclark joined the channel
2016-08-22T21:10:19 * jessm has quit
2016-08-22T21:16:28 * amatas has quit
2016-08-22T21:40:35 * alanharnum has quit
2016-08-22T21:50:49 * the-t-in-rtf1 has quit
2016-08-22T22:13:03 * gtirloni has quit
2016-08-22T22:14:54 * colinclark has quit
2016-08-22T22:31:04 * stegru has quit
2016-08-22T22:40:51 * Justin_o has quit
2016-08-22T23:41:02 * alanharnum joined the channel
2016-08-22T23:45:48 * alanharnum has quit
'

