b'2016-06-17T00:19:06 * gtirloni has quit
2016-06-17T01:59:29 * Bosmon2 joined the channel
2016-06-17T02:51:36 * alanharnum joined the channel
2016-06-17T03:08:17 * alanharnum has quit
2016-06-17T03:09:56 * alanharnum joined the channel
2016-06-17T05:26:58 * wannabeCitizen joined the channel
2016-06-17T06:21:32 * wannabeCitizen has quit
2016-06-17T08:22:08 * amatas joined the channel
2016-06-17T08:48:18 * kasparnet joined the channel
2016-06-17T08:53:07 * kasparnet has quit
2016-06-17T08:53:25 * kasparnet joined the channel
2016-06-17T08:53:51 * kasparnet has quit
2016-06-17T11:03:14 * Justin_o joined the channel
2016-06-17T12:07:23 * amatas joined the channel
2016-06-17T12:22:33 * alanharnum joined the channel
2016-06-17T12:33:54 * gtirloni joined the channel
2016-06-17T12:39:42 * amatas joined the channel
2016-06-17T12:52:45 * cindyli joined the channel
2016-06-17T13:09:05 * alanharnum has quit
2016-06-17T13:15:02 * alanharnum joined the channel
2016-06-17T13:19:05 * jessm joined the channel
2016-06-17T13:26:16 * alanharnum joined the channel
2016-06-17T13:29:03 * alanharnum joined the channel
2016-06-17T13:37:17 * clown joined the channel
2016-06-17T13:43:13 * simonjb joined the channel
2016-06-17T13:55:18 * colinclark joined the channel
2016-06-17T14:12:56 * cindyli1 joined the channel
2016-06-17T14:39:56 * alanharnum joined the channel
2016-06-17T14:40:06 * alanharn_ joined the channel
2016-06-17T15:29:59 * clown has quit
2016-06-17T15:43:04 * clown joined the channel
2016-06-17T15:50:25 * alanharnum joined the channel
2016-06-17T15:53:45 * clown joined the channel
2016-06-17T15:56:18 * colinclark joined the channel
2016-06-17T16:41:22 * alanharnum joined the channel
2016-06-17T16:46:33 * colinclark joined the channel
2016-06-17T17:19:29 * alanharnum joined the channel
2016-06-17T17:28:19 * wannabeCitizen joined the channel
2016-06-17T17:33:51 * gloob joined the channel
2016-06-17T18:06:20 * colinclark joined the channel
2016-06-17T19:24:03 * the-t-in-rtf joined the channel
2016-06-17T19:42:16 * clown joined the channel
2016-06-17T19:48:41 * the-t-in-rtf has quit
2016-06-17T20:45:02 * the-t-in-rtf joined the channel
2016-06-17T20:49:29 * the-t-in-rtf has quit
2016-06-17T20:53:58 * the-t-in-rtf joined the channel
2016-06-17T23:00:27 * wannabeCitizen has quit
2016-06-17T23:34:17 * wannabeCitizen joined the channel
2016-06-17T23:38:37 * colinclark joined the channel
2016-06-17T23:47:14 * colinclark has quit
'

