b'2016-04-06T01:24:22 * michelled joined the channel
2016-04-06T02:33:46 * colinclark joined the channel
2016-04-06T03:09:29 * michelled has quit
2016-04-06T03:21:28 * colinclark joined the channel
2016-04-06T06:27:59 * amatas joined the channel
2016-04-06T11:43:53 * jessm joined the channel
2016-04-06T12:07:40 * Justin_o joined the channel
2016-04-06T12:41:54 * michelled joined the channel
2016-04-06T12:57:16 * sepidehshahi_ joined the channel
2016-04-06T12:57:45 * cindyli joined the channel
2016-04-06T13:02:59 * alanharnum joined the channel
2016-04-06T13:11:59 * jhung joined the channel
2016-04-06T13:15:11 * colinclark joined the channel
2016-04-06T13:18:54 * gtirloni joined the channel
2016-04-06T13:24:17 * michelled has quit
2016-04-06T13:26:26 * Yan_Hu joined the channel
2016-04-06T13:48:28 * colinclark has quit
2016-04-06T13:50:33 * colinclark joined the channel
2016-04-06T13:52:53 * colinclark has quit
2016-04-06T13:58:01 * danayo joined the channel
2016-04-06T14:05:51 * lliskovoi joined the channel
2016-04-06T14:22:16 * danayo joined the channel
2016-04-06T14:23:02 * michelled joined the channel
2016-04-06T14:33:51 * colinclark joined the channel
2016-04-06T15:08:47 * simonjb joined the channel
2016-04-06T15:22:55 * jessm has quit
2016-04-06T15:26:36 * jessm joined the channel
2016-04-06T15:45:10 <danayo> sepidehshahi_: can we check in briefly about the sonification testing after standup?
2016-04-06T15:45:35 <sepidehshahi_> for sure danayo
2016-04-06T15:50:59 * clown joined the channel
2016-04-06T17:08:31 * michelled has quit
2016-04-06T17:29:51 * cindyli has quit
2016-04-06T18:04:50 * michelled joined the channel
2016-04-06T18:06:16 * cindyli joined the channel
2016-04-06T18:25:32 * alanharnum has quit
2016-04-06T18:27:23 * alanharnum joined the channel
2016-04-06T18:43:25 * colinclark has quit
2016-04-06T18:58:22 * colinclark joined the channel
2016-04-06T19:01:16 * colinclark has quit
2016-04-06T19:05:07 * cindyli has quit
2016-04-06T19:06:45 * Justin_o joined the channel
2016-04-06T19:09:14 * colinclark joined the channel
2016-04-06T19:10:51 * colinclark has quit
2016-04-06T19:16:19 * colinclark joined the channel
2016-04-06T19:27:56 * colinclark has quit
2016-04-06T19:47:07 * colinclark joined the channel
2016-04-06T20:03:00 * colinclark joined the channel
2016-04-06T20:26:51 * cindyli joined the channel
2016-04-06T20:30:29 * colinclark joined the channel
2016-04-06T20:38:26 * cindyli has quit
2016-04-06T20:51:18 * jhung has quit
2016-04-06T21:00:26 * simonjb has quit
2016-04-06T21:00:32 * clown has quit
2016-04-06T21:04:02 * sepidehshahi_ joined the channel
2016-04-06T21:04:46 * michelled has quit
2016-04-06T21:09:08 * sepidehshahi_ has left the channel
2016-04-06T22:04:49 * lliskovoi_ joined the channel
2016-04-06T22:04:55 * lliskovoi_ has quit
2016-04-06T22:10:20 * colinclark joined the channel
2016-04-06T22:58:46 * colinclark has quit
2016-04-06T23:00:06 * colinclark joined the channel
2016-04-06T23:10:41 * colinclark has quit
2016-04-06T23:12:11 * colinclark joined the channel
2016-04-06T23:25:29 * colinclark has quit
'

