b'2013-11-06T00:09:51 * colinclark has quit
2013-11-06T00:13:01 * mrvisser_ has quit
2013-11-06T00:13:37 * mrvisser_ joined the channel
2013-11-06T00:24:02 * michelled has quit
2013-11-06T00:36:05 * avtar has quit
2013-11-06T00:42:08 * sgithens has quit
2013-11-06T00:57:27 * sgithens joined the channel
2013-11-06T00:59:19 * colinclark joined the channel
2013-11-06T01:05:22 * colinclark has quit
2013-11-06T01:40:18 * yzen joined the channel
2013-11-06T02:31:00 * mrvisser_ has quit
2013-11-06T02:40:18 * sgithens has quit
2013-11-06T03:31:21 * sgithens joined the channel
2013-11-06T03:42:07 * mrvisser_ joined the channel
2013-11-06T03:47:26 * mrvisser_ has quit
2013-11-06T06:22:37 * kasparnet joined the channel
2013-11-06T06:26:47 * kasparnet has quit
2013-11-06T06:27:45 * kasparnet joined the channel
2013-11-06T06:46:13 * yzen has quit
2013-11-06T06:59:58 * kasparnet has quit
2013-11-06T08:39:29 * kasparnet joined the channel
2013-11-06T08:44:28 * kasparnet has quit
2013-11-06T11:49:47 * mrvisser_ joined the channel
2013-11-06T13:45:48 * kasparnet joined the channel
2013-11-06T13:50:24 * kasparnet has quit
2013-11-06T13:55:51 * kasparnet joined the channel
2013-11-06T13:55:58 * mrvisser_ has quit
2013-11-06T13:56:31 * mrvisser_ joined the channel
2013-11-06T13:57:22 * anastasiac joined the channel
2013-11-06T14:01:13 * mrvisser_ has quit
2013-11-06T14:07:36 * mrvisser_ joined the channel
2013-11-06T14:23:05 * colinclark joined the channel
2013-11-06T14:29:21 * anvk joined the channel
2013-11-06T14:33:57 * yzen joined the channel
2013-11-06T15:24:32 * sgithens has quit
2013-11-06T15:33:29 * colinclark has quit
2013-11-06T15:34:10 * colinclark joined the channel
2013-11-06T15:37:54 * sgithens joined the channel
2013-11-06T15:56:41 * cindyli joined the channel
2013-11-06T15:56:41 * cindyli has quit
2013-11-06T15:57:10 * cindyli joined the channel
2013-11-06T16:12:50 * kasparnet has quit
2013-11-06T16:41:52 * kasparnet joined the channel
2013-11-06T16:55:42 * sgithens has quit
2013-11-06T17:03:45 * michelled joined the channel
2013-11-06T17:11:00 * clown joined the channel
2013-11-06T17:11:00 * sgithens joined the channel
2013-11-06T17:44:21 * sgithens has quit
2013-11-06T17:55:42 * cindyli has quit
2013-11-06T18:22:52 * kasparnet has quit
2013-11-06T18:30:08 * kasparnet joined the channel
2013-11-06T18:36:19 * Justin_o has quit
2013-11-06T18:36:19 * nanook has quit
2013-11-06T18:36:35 * cindyli joined the channel
2013-11-06T19:03:33 * sgithens joined the channel
2013-11-06T19:15:53 * nanook joined the channel
2013-11-06T19:20:03 * Justin_o joined the channel
2013-11-06T19:26:52 * kasparne_ joined the channel
2013-11-06T19:27:30 * kasparnet has quit
2013-11-06T19:31:14 * yzen has quit
2013-11-06T19:40:34 * anastasiac_ joined the channel
2013-11-06T19:42:09 * anastasiac has quit
2013-11-06T19:42:10 * anastasiac_ is now known as anastasiac
2013-11-06T19:43:38 * avtar joined the channel
2013-11-06T20:03:24 * kasparnet joined the channel
2013-11-06T20:08:12 * mrvisser_ has quit
2013-11-06T20:08:44 * mrvisser_ joined the channel
2013-11-06T20:13:15 * mrvisser_ has quit
2013-11-06T20:17:24 * kasparne_ has quit
2013-11-06T20:20:18 * kasparnet has quit
2013-11-06T20:20:52 * mrvisser_ joined the channel
2013-11-06T20:24:16 * yzen joined the channel
2013-11-06T20:24:56 * colinclark has quit
2013-11-06T20:33:07 * cindyli has quit
2013-11-06T20:55:51 * colinclark joined the channel
2013-11-06T21:05:20 * anastasiac has quit
2013-11-06T21:07:39 * anastasiac joined the channel
2013-11-06T21:41:47 * michelled has quit
2013-11-06T21:51:19 * clown has left the channel
2013-11-06T21:59:23 * anvk has quit
2013-11-06T22:12:38 * anastasiac has quit
2013-11-06T22:13:50 * mrvisser_ has quit
2013-11-06T22:25:27 * yzen has quit
2013-11-06T22:41:51 * sgithens has quit
2013-11-06T23:24:56 * mrvisser_ joined the channel
2013-11-06T23:29:57 * mrvisser_ has quit
2013-11-06T23:32:30 * colinclark has quit
2013-11-06T23:49:51 * avtar has quit
'

