b"2013-12-13T00:18:10 * mrvisser has quit
2013-12-13T02:03:45 * mrvisser joined the channel
2013-12-13T02:09:07 * mrvisser has quit
2013-12-13T02:36:23 * avtar joined the channel
2013-12-13T02:36:24 * avtar has quit
2013-12-13T06:12:56 * sgithens joined the channel
2013-12-13T06:13:44 * colinclark joined the channel
2013-12-13T06:18:57 * colinclark has quit
2013-12-13T06:25:25 * sgithens has quit
2013-12-13T09:42:11 * kasparnet joined the channel
2013-12-13T10:31:50 * kasparnet has quit
2013-12-13T10:49:50 * kasparnet joined the channel
2013-12-13T12:16:12 * mrvisser joined the channel
2013-12-13T12:32:28 * mrvisser has quit
2013-12-13T12:32:44 * mrvisser joined the channel
2013-12-13T12:51:32 * kasparnet has quit
2013-12-13T12:58:01 * mrvisser has quit
2013-12-13T12:58:23 * mrvisser joined the channel
2013-12-13T13:25:51 * mrvisser_ joined the channel
2013-12-13T13:26:02 * mrvisser has quit
2013-12-13T13:30:24 * kasparnet joined the channel
2013-12-13T13:38:14 * mrvisser_ has quit
2013-12-13T13:38:48 * mrvisser joined the channel
2013-12-13T13:47:30 * mrvisser has quit
2013-12-13T13:55:47 * mrvisser joined the channel
2013-12-13T14:00:45 * cindyli joined the channel
2013-12-13T14:04:19 * jessm joined the channel
2013-12-13T14:15:29 * colinclark joined the channel
2013-12-13T15:07:30 * anvk joined the channel
2013-12-13T15:09:11 * clown joined the channel
2013-12-13T16:05:31 * anvk has quit
2013-12-13T16:06:49 * anvk joined the channel
2013-12-13T16:12:27 * kasparnet has quit
2013-12-13T16:26:48 * kasparnet joined the channel
2013-12-13T16:41:40 * kasparnet has quit
2013-12-13T16:45:16 * mrvisser has quit
2013-12-13T16:46:11 * colinclark has quit
2013-12-13T16:47:33 * colinclark joined the channel
2013-12-13T16:57:44 * mrvisser joined the channel
2013-12-13T16:58:56 * colinclark has quit
2013-12-13T17:03:11 * colinclark joined the channel
2013-12-13T17:08:37 * kasparnet joined the channel
2013-12-13T17:21:24 * kasparnet has quit
2013-12-13T17:36:56 * kasparnet joined the channel
2013-12-13T17:39:22 * mrvisser_ joined the channel
2013-12-13T17:40:00 * mrvisser has quit
2013-12-13T17:42:06 * sgithens joined the channel
2013-12-13T18:01:53 * mrvisser_ has quit
2013-12-13T18:02:17 * mrvisser joined the channel
2013-12-13T18:14:44 * anastasiac joined the channel
2013-12-13T18:22:40 <sgithens> Bosmon colinclark : good meeting
2013-12-13T18:22:49 <colinclark> it was indeed
2013-12-13T18:22:57 <colinclark> Did you make it home okay?
2013-12-13T18:23:12 <sgithens> I did, I even hauled all the hardware inside before going to bed
2013-12-13T18:23:36 <sgithens> just roasted beans in the garage, and now I'm going to make some pour over and review the notes
2013-12-13T18:24:10 <sgithens> I got back around midnight
2013-12-13T18:24:44 <colinclark> nice
2013-12-13T18:24:52 <colinclark> I had flight delays in both Madison and Chicago
2013-12-13T18:24:59 <sgithens> ouch
2013-12-13T18:25:11 <colinclark> which I think probably turned out just as well, since if the plane in Chicago wasn't delayed, I would have had to stay there
2013-12-13T18:25:16 <colinclark> It was about 2 am when I got home
2013-12-13T18:25:32 <sgithens> intense
2013-12-13T18:35:37 * the-t-in-rtf has quit
2013-12-13T18:36:33 * the-t-in-rtf joined the channel
2013-12-13T18:37:07 * the-t-in-rtf has quit
2013-12-13T18:46:25 * kasparnet has quit
2013-12-13T18:49:08 * kasparnet joined the channel
2013-12-13T18:52:51 * kasparnet has quit
2013-12-13T19:43:49 * mrvisser has quit
2013-12-13T19:43:57 * mrvisser joined the channel
2013-12-13T19:45:22 * michelled joined the channel
2013-12-13T20:08:02 * mrvisser has quit
2013-12-13T20:16:13 * mrvisser joined the channel
2013-12-13T20:51:06 * cindyli has quit
2013-12-13T20:55:01 * yzen joined the channel
2013-12-13T21:31:38 * anastasiac has quit
2013-12-13T21:53:13 * michelled has quit
2013-12-13T22:07:59 * clown has left the channel
2013-12-13T22:22:46 * jessm has quit
2013-12-13T22:28:51 * yzen has quit
2013-12-13T22:59:18 * mrvisser has quit
2013-12-13T23:07:36 * mrvisser joined the channel
2013-12-13T23:29:00 * colinclark has quit
2013-12-13T23:29:54 * colinclark joined the channel
2013-12-13T23:36:41 * colinclark has quit
2013-12-13T23:54:24 * mrvisser has quit
"

