b'2013-09-01T00:34:42 * mrvisser joined the channel
2013-09-01T00:39:18 * mrvisser has quit
2013-09-01T02:06:16 * mrvisser joined the channel
2013-09-01T02:11:20 * mrvisser has quit
2013-09-01T02:37:00 * mrvisser joined the channel
2013-09-01T02:41:56 * mrvisser has quit
2013-09-01T03:07:47 * mrvisser joined the channel
2013-09-01T03:12:13 * mrvisser has quit
2013-09-01T03:38:28 * mrvisser joined the channel
2013-09-01T03:43:03 * mrvisser has quit
2013-09-01T04:09:16 * mrvisser joined the channel
2013-09-01T04:13:28 * mrvisser has quit
2013-09-01T05:10:20 * mrvisser joined the channel
2013-09-01T05:14:56 * mrvisser has quit
2013-09-01T05:41:03 * mrvisser joined the channel
2013-09-01T05:45:41 * mrvisser has quit
2013-09-01T06:11:49 * mrvisser joined the channel
2013-09-01T06:16:29 * mrvisser has quit
2013-09-01T06:42:28 * mrvisser joined the channel
2013-09-01T06:50:33 * mrvisser has quit
2013-09-01T07:32:00 * kasparnet joined the channel
2013-09-01T07:39:32 * kasparnet has quit
2013-09-01T08:18:05 * mrvisser joined the channel
2013-09-01T08:22:10 * mrvisser has quit
2013-09-01T08:48:53 * mrvisser joined the channel
2013-09-01T08:53:57 * mrvisser has quit
2013-09-01T09:19:33 * mrvisser joined the channel
2013-09-01T09:24:32 * mrvisser has quit
2013-09-01T09:50:19 * mrvisser joined the channel
2013-09-01T09:55:14 * mrvisser has quit
2013-09-01T10:21:04 * mrvisser joined the channel
2013-09-01T10:25:21 * mrvisser has quit
2013-09-01T10:51:51 * mrvisser joined the channel
2013-09-01T10:56:04 * mrvisser has quit
2013-09-01T11:30:19 * mrvisser joined the channel
2013-09-01T11:35:16 * yzen joined the channel
2013-09-01T11:39:45 * yzen has quit
2013-09-01T11:51:39 * mrvisser has quit
2013-09-01T11:53:41 * kasparnet joined the channel
2013-09-01T11:58:04 * kasparnet has quit
2013-09-01T12:00:09 * mrvisser joined the channel
2013-09-01T12:04:56 * mrvisser_ joined the channel
2013-09-01T12:05:37 * mrvisser has quit
2013-09-01T12:11:09 * kasparnet joined the channel
2013-09-01T12:39:47 * mrvisser joined the channel
2013-09-01T12:39:49 * mrvisser_ has quit
2013-09-01T13:53:38 * mrvisser has quit
2013-09-01T14:38:04 * mrvisser joined the channel
2013-09-01T15:20:56 * mrvisser has quit
2013-09-01T16:31:27 * mrvisser joined the channel
2013-09-01T16:36:44 * mrvisser has quit
2013-09-01T18:00:59 * mrvisser joined the channel
2013-09-01T18:15:12 * kasparnet has quit
2013-09-01T18:15:46 * kasparnet joined the channel
2013-09-01T18:20:32 * kasparnet has quit
2013-09-01T18:44:12 * mrvisser has quit
2013-09-01T19:54:46 * mrvisser joined the channel
2013-09-01T19:59:32 * mrvisser has quit
'

