b'2018-06-14T23:22:27 * Caren_ has quit
'

b"2018-06-14T01:17:15 * danayo joined the channel
2018-06-14T03:31:27 * danayo has quit
2018-06-14T03:33:39 * danayo joined the channel
2018-06-14T03:40:35 * danayo has quit
2018-06-14T03:51:08 * mrtyler joined the channel
2018-06-14T04:02:37 * mrtyler_ joined the channel
2018-06-14T04:05:03 * mrtyler has quit
2018-06-14T12:14:22 * gtirloni joined the channel
2018-06-14T12:52:01 * alanharnum joined the channel
2018-06-14T12:54:24 * michelled joined the channel
2018-06-14T13:00:33 * cindyli joined the channel
2018-06-14T13:10:38 * Caren_ joined the channel
2018-06-14T13:13:58 * jhung joined the channel
2018-06-14T13:16:28 * sepidehshahi joined the channel
2018-06-14T13:16:48 * alanharnum has quit
2018-06-14T13:17:50 * alanharnum joined the channel
2018-06-14T13:26:27 * clown joined the channel
2018-06-14T13:35:05 * sepidehshahi joined the channel
2018-06-14T13:35:24 <sepidehshahi> Hi jhung, thanks I\xe2\x80\x99ll have a look
2018-06-14T13:41:23 <jhung> sepidehshahi: let me know if you have any questions. I'll be offline shortly to run an errand but should be back around 11p
2018-06-14T13:41:27 * neuralmilkhotel joined the channel
2018-06-14T13:41:27 <jhung> *11a I mean. :)
2018-06-14T13:53:24 * clown has quit
2018-06-14T14:00:16 * sepidehshahi joined the channel
2018-06-14T14:01:42 * jhung has quit
2018-06-14T14:03:02 * mrtyler joined the channel
2018-06-14T14:06:32 * lliskovoi joined the channel
2018-06-14T14:06:56 * clown joined the channel
2018-06-14T14:09:39 * cindyli joined the channel
2018-06-14T14:10:19 * sepidehshahi has quit
2018-06-14T14:15:23 * alanharnum joined the channel
2018-06-14T14:23:20 * jhung joined the channel
2018-06-14T14:23:58 * jhung joined the channel
2018-06-14T14:24:08 * jhung has quit
2018-06-14T14:45:09 * michelled has quit
2018-06-14T14:52:38 * danayo joined the channel
2018-06-14T14:54:19 * jhung joined the channel
2018-06-14T15:01:52 * Caren_ has quit
2018-06-14T15:13:21 * Caren_ joined the channel
2018-06-14T15:28:46 * alanharnum has quit
2018-06-14T15:32:19 * alanharnum joined the channel
2018-06-14T15:37:36 * michelled joined the channel
2018-06-14T15:51:35 * alanharnum has quit
2018-06-14T15:52:01 * alanharnum joined the channel
2018-06-14T15:54:05 * alanharnum has quit
2018-06-14T15:54:12 * alanharnum2 joined the channel
2018-06-14T15:56:35 * lliskovoi has quit
2018-06-14T15:58:41 * sepidehshahi joined the channel
2018-06-14T15:59:21 <sepidehshahi> Sorry jhung, I was in a meeting and missed your message. I\xe2\x80\x99ll read your comments and send you questions if any. thanks
2018-06-14T16:01:43 * alanharnum joined the channel
2018-06-14T16:02:28 <jhung> no prob sepidehshahi
2018-06-14T16:05:30 * alanharnum has quit
2018-06-14T16:05:56 * alanharnum joined the channel
2018-06-14T16:07:40 * danayo has quit
2018-06-14T16:08:51 * danayo joined the channel
2018-06-14T16:11:19 * alanharnum joined the channel
2018-06-14T16:12:04 * danayo has quit
2018-06-14T16:16:36 * sepidehshahi has quit
2018-06-14T16:17:28 * colinclark joined the channel
2018-06-14T16:21:11 * sepidehshahi joined the channel
2018-06-14T16:23:12 * lliskovoi joined the channel
2018-06-14T16:26:16 * alanharnum has quit
2018-06-14T16:29:04 * cindyli has quit
2018-06-14T16:34:12 * lliskovoi has quit
2018-06-14T16:36:39 * michelled joined the channel
2018-06-14T16:52:26 * cindyli joined the channel
2018-06-14T16:57:55 * alanharnum joined the channel
2018-06-14T17:03:53 * danayo joined the channel
2018-06-14T17:07:21 * alanharnum has quit
2018-06-14T17:10:00 * sepidehshahi joined the channel
2018-06-14T17:10:10 * simonjb joined the channel
2018-06-14T17:13:12 * colinclark_ joined the channel
2018-06-14T17:14:25 * colinclark has quit
2018-06-14T17:14:25 * colinclark_ is now known as colinclark
2018-06-14T17:15:32 * lliskovoi joined the channel
2018-06-14T17:37:22 * lliskovoi has quit
2018-06-14T17:45:50 * clown joined the channel
2018-06-14T17:52:14 * lliskovoi joined the channel
2018-06-14T17:54:36 * alanharnum joined the channel
2018-06-14T18:05:03 * colinclark joined the channel
2018-06-14T18:22:50 * sepidehshahi joined the channel
2018-06-14T18:29:45 <Caren_> lliskovoi: neuralmilkhotel do you have a few minutes to talk about heading levels for SNOW? I have a few questions.
2018-06-14T18:30:01 <neuralmilkhotel> sure Caren_
2018-06-14T18:30:03 <lliskovoi> sure Caren_
2018-06-14T18:32:20 <Caren_> awesome. Is skype ok? today I can\xe2\x80\x99t seem to log into vidyo :-(
2018-06-14T18:32:37 <neuralmilkhotel> Yep skype is ok
2018-06-14T18:33:10 <lliskovoi> works for me
2018-06-14T18:33:23 <lliskovoi> I'm lliskovoi on Skype
2018-06-14T18:33:33 <neuralmilkhotel> guerrewrong
2018-06-14T18:35:19 <michelled> jhung: can you push this when you get a chance? https://github.com/fluid-project/floeproject.org/pull/70
2018-06-14T18:36:15 <jhung> michelled: done.
2018-06-14T18:36:20 <michelled> thx!
2018-06-14T18:36:33 <jhung> The push to production should happen automatically michelled
2018-06-14T18:36:40 * alanharnum has quit
2018-06-14T18:36:41 <michelled> already done :)
2018-06-14T18:37:06 * alanharnum joined the channel
2018-06-14T18:40:40 * alanharnum has quit
2018-06-14T18:40:46 * alanharnum joined the channel
2018-06-14T18:44:17 * gtirloni joined the channel
2018-06-14T18:46:10 * colinclark has quit
2018-06-14T18:47:03 * gtirloni has quit
2018-06-14T18:51:19 * jessm joined the channel
2018-06-14T18:52:34 * gtirloni joined the channel
2018-06-14T18:58:59 * alanharnum has quit
2018-06-14T18:59:26 * alanharnum joined the channel
2018-06-14T18:59:33 * colinclark joined the channel
2018-06-14T19:00:43 * michelled has quit
2018-06-14T19:03:58 * alanharnum has quit
2018-06-14T19:05:28 * cindyli has quit
2018-06-14T19:09:33 * cindyli joined the channel
2018-06-14T19:24:00 * michelled joined the channel
2018-06-14T19:25:48 <danayo> sepidehshahi: I just uploaded a pdf to the wiki with some screenshots and a short article about quantified self / an app to capture and visulaize emotions - thought it was interesting and relevant to MyL3 https://wiki.fluidproject.org/display/fluid/%28Floe%29+Preference+Exploration+and+Self-Assessment?preview=/46203145/163446935/quantified%20self%20_%20canadian%20art.pdf
2018-06-14T19:29:51 * colinclark joined the channel
2018-06-14T19:32:07 * gtirloni joined the channel
2018-06-14T19:33:22 * gtirloni has quit
2018-06-14T19:33:22 <sepidehshahi> This is very interesting danayo and I really liked erdem\xe2\x80\x99s insight about using this app
2018-06-14T19:33:57 * gtirloni joined the channel
2018-06-14T19:36:00 <danayo> me too sepidehshahi
2018-06-14T19:36:49 * gtirloni has quit
2018-06-14T19:41:49 * simonjb joined the channel
2018-06-14T19:42:00 * gtirloni joined the channel
2018-06-14T20:00:58 * colinclark has quit
2018-06-14T20:01:11 * simonjb joined the channel
2018-06-14T20:02:25 * alanharnum joined the channel
2018-06-14T20:02:42 * mrtyler has quit
2018-06-14T20:03:01 * mrtyler joined the channel
2018-06-14T20:04:06 * colinclark joined the channel
2018-06-14T20:11:06 * michelled joined the channel
2018-06-14T20:29:06 * michelled has quit
2018-06-14T20:32:26 * lliskovoi has quit
2018-06-14T20:37:38 * jhung has quit
2018-06-14T20:37:39 * colinclark has quit
2018-06-14T20:40:09 * colinclark joined the channel
2018-06-14T20:47:51 * colinclark has quit
2018-06-14T20:56:42 * clown has quit
2018-06-14T20:56:46 * colinclark joined the channel
2018-06-14T21:04:29 * simonjb joined the channel
2018-06-14T21:06:47 * michelled joined the channel
2018-06-14T21:11:14 * simonjb has quit
2018-06-14T21:23:27 * simonjb joined the channel
2018-06-14T21:24:59 * alanharnum has quit
2018-06-14T21:27:35 * cindyli has quit
2018-06-14T21:30:17 * alanharnum joined the channel
2018-06-14T21:30:21 * alanharnum has quit
2018-06-14T21:35:59 * mrtyler has quit
2018-06-14T21:48:17 * simonjb has quit
2018-06-14T21:59:34 * danayo_ joined the channel
2018-06-14T22:16:03 * danayo_ joined the channel
2018-06-14T22:38:59 * danayo has quit
2018-06-14T22:38:59 * danayo_ is now known as danayo
"

