b"2018-02-08T02:22:23 * mrtyler has quit
2018-02-08T02:38:27 * mrtyler joined the channel
2018-02-08T03:13:10 * mrtyler has quit
2018-02-08T03:17:30 * mrtyler joined the channel
2018-02-08T05:26:15 * mrtyler has quit
2018-02-08T05:53:55 * mrtyler joined the channel
2018-02-08T11:39:22 * alanharnum joined the channel
2018-02-08T12:06:58 * gtirloni joined the channel
2018-02-08T12:07:18 * mrtyler has quit
2018-02-08T13:03:03 * grrrero joined the channel
2018-02-08T13:28:22 * Justin_o joined the channel
2018-02-08T13:41:23 * jhung joined the channel
2018-02-08T14:06:09 * sepidehshahi joined the channel
2018-02-08T14:17:22 * avtar joined the channel
2018-02-08T14:18:24 * simonjb joined the channel
2018-02-08T14:22:01 * clown joined the channel
2018-02-08T14:51:37 * colinclark joined the channel
2018-02-08T15:03:22 * michelled joined the channel
2018-02-08T15:07:40 * mrtyler joined the channel
2018-02-08T15:25:28 * danayo joined the channel
2018-02-08T16:02:28 * jhung has quit
2018-02-08T16:02:47 * jhung joined the channel
2018-02-08T16:02:54 * colinclark joined the channel
2018-02-08T16:07:29 <gmoss> fluid-everyone: looks like there are some accidents on the highway and I won't be in for standup. Yesterday we had the community meeting, and I worked with alanharnum and michelled to lay out what a block is in terms of the storytelling tool, then I began to implement the text block grade. Today I plan to continue to do so, and probably write some tests
2018-02-08T16:08:01 <michelled> gmoss: are you coming into the office or working at home?
2018-02-08T16:19:05 * gtirloni_ joined the channel
2018-02-08T16:19:09 * danayo has quit
2018-02-08T16:20:20 * danayo joined the channel
2018-02-08T16:24:50 * cindyli joined the channel
2018-02-08T16:46:58 * alanharn_ joined the channel
2018-02-08T16:49:50 * alanharnum has quit
2018-02-08T16:51:48 * sepidehshahi joined the channel
2018-02-08T16:53:49 <gmoss> michelled: office, just finding parking right now :)
2018-02-08T16:54:48 * alanharn_ has quit
2018-02-08T17:10:59 <danayo> gmoss: could you send link to SJRK partners meeting notes? can't find the google doc for some reason
2018-02-08T17:24:10 <danayo> sepidehshahi: do you have a few minutes to talk about the storytelling tool designs?
2018-02-08T17:24:35 <sepidehshahi> for sure danayo
2018-02-08T17:25:02 <danayo> great, I'm in my Vidyo room
2018-02-08T17:25:47 <danayo> actually sepidehshahi just need a minute!
2018-02-08T17:25:51 <danayo> sorry!
2018-02-08T17:25:59 <sepidehshahi> sure
2018-02-08T17:29:17 <danayo> ok sepidehshahi !
2018-02-08T17:29:26 <sepidehshahi> cool
2018-02-08T17:30:38 <gmoss> danayo: sure, sorry for the wait, parking is not easy to find in downtown Toronto haha. here's the link: https://docs.google.com/document/d/1gFISf_UySJZYWEigcTDWfJJ0LSdWXM2hDXwSMqdJBzs/edit
2018-02-08T17:37:46 <danayo> thanks gmoss
2018-02-08T18:14:12 * danayo has quit
2018-02-08T18:17:16 * michelled has quit
2018-02-08T18:17:28 * michelled joined the channel
2018-02-08T18:18:28 * sepidehshahi joined the channel
2018-02-08T19:08:24 * cindyli joined the channel
2018-02-08T19:10:07 * danayo joined the channel
2018-02-08T19:11:13 <danayo> hi sepidehshahi I am here now
2018-02-08T19:11:27 <sepidehshahi> sure danayo
2018-02-08T19:11:57 <danayo> my room again sepidehshahi?
2018-02-08T19:12:07 <sepidehshahi> Ill be there in a sec
2018-02-08T19:12:17 <danayo> ok no rush
2018-02-08T19:16:34 * colinclark has quit
2018-02-08T19:17:13 * colinclark joined the channel
2018-02-08T19:17:27 * colinclark has quit
2018-02-08T20:02:04 * alanharnum joined the channel
2018-02-08T20:08:35 * simonjb has quit
2018-02-08T20:20:39 * michelled joined the channel
2018-02-08T20:20:53 * michelled joined the channel
2018-02-08T20:37:09 * michelled joined the channel
2018-02-08T20:52:29 * danayo has quit
2018-02-08T21:16:53 * michelled1 joined the channel
2018-02-08T21:19:10 * michelled has quit
2018-02-08T21:27:23 * sepidehshahi has quit
2018-02-08T21:33:02 * simonjb joined the channel
2018-02-08T21:37:32 * gtirloni has quit
2018-02-08T21:43:16 * danayo joined the channel
2018-02-08T21:48:42 * jhung has quit
2018-02-08T21:49:55 * cindyli has quit
2018-02-08T22:04:35 * clown has quit
2018-02-08T22:26:28 * michelled joined the channel
2018-02-08T22:35:11 * mrtyler joined the channel
2018-02-08T22:35:32 * danayo has quit
2018-02-08T23:12:52 * grrrero has quit
2018-02-08T23:20:46 * michelled has quit
"

