b"2018-09-05T02:14:41 * danayo joined the channel
2018-09-05T02:43:48 * danayo has quit
2018-09-05T03:30:06 * sepidehshahi joined the channel
2018-09-05T03:47:31 * danayo joined the channel
2018-09-05T11:47:11 * michelled joined the channel
2018-09-05T12:29:14 * Justin_o joined the channel
2018-09-05T12:38:07 * alanharnum joined the channel
2018-09-05T12:53:47 * michelled has quit
2018-09-05T12:56:40 * jessm joined the channel
2018-09-05T12:59:01 * simonjb joined the channel
2018-09-05T13:08:08 * carenwatkins_ joined the channel
2018-09-05T13:08:28 * cindyli joined the channel
2018-09-05T13:09:19 * jhung joined the channel
2018-09-05T13:44:44 * cindyli joined the channel
2018-09-05T13:50:39 * michelled joined the channel
2018-09-05T13:51:15 * colinclark joined the channel
2018-09-05T14:22:16 * clown joined the channel
2018-09-05T14:27:10 * carenwatkins__ joined the channel
2018-09-05T14:30:57 * carenwatkins_ has quit
2018-09-05T14:30:57 * carenwatkins__ is now known as carenwatkins_
2018-09-05T14:57:08 * carenwatkins__ joined the channel
2018-09-05T14:57:33 * carenwatkins___ joined the channel
2018-09-05T14:59:22 <carenwatkins___> Hi jessm, alanharnum, gmoss. Are there other GSoC projects that could be articles on SNOW...Part 2?
2018-09-05T15:00:22 * carenwatkins_ has quit
2018-09-05T15:00:22 * carenwatkins___ is now known as carenwatkins_
2018-09-05T15:01:40 * carenwatkins__ has quit
2018-09-05T15:01:50 <gmoss> hi carenwatkins_! the other student who made an inclusive game wrote a series of blog posts, perhaps she'd be interested in condensing them in some way. jessm alanharnum what do you think?
2018-09-05T15:03:29 <gmoss> also I believe cindyli's student wrote a few posts
2018-09-05T15:11:23 <alanharnum> gmoss carenwatkins: Kunal's material might also be of interest: https://kunalmohta.wordpress.com/2018/08/11/gsoc18-final-report/
2018-09-05T15:31:54 * michelled has quit
2018-09-05T15:38:04 * jessm has quit
2018-09-05T15:59:59 * carenwatkins_ has quit
2018-09-05T16:06:26 * colinclark joined the channel
2018-09-05T16:14:04 * sepidehshahi joined the channel
2018-09-05T16:18:05 * sepidehshahi has quit
2018-09-05T16:35:36 * michelled joined the channel
2018-09-05T16:36:54 * colinclark joined the channel
2018-09-05T17:57:29 * colinclark joined the channel
2018-09-05T18:02:09 * colinclark has quit
2018-09-05T18:02:31 * michelled has quit
2018-09-05T18:15:45 * carenwatkins_ joined the channel
2018-09-05T18:20:10 * cindyli has quit
2018-09-05T18:25:50 * clown has quit
2018-09-05T18:28:28 * jhung1 joined the channel
2018-09-05T18:30:34 * michelled joined the channel
2018-09-05T18:32:44 * cindyli joined the channel
2018-09-05T18:40:31 * clown joined the channel
2018-09-05T19:53:43 * sepidehshahi joined the channel
2018-09-05T19:55:45 * sepidehshahi has quit
2018-09-05T20:22:42 * alanharn_ joined the channel
2018-09-05T20:25:42 * alanharnum has quit
2018-09-05T20:27:43 * cindyli joined the channel
2018-09-05T20:28:44 * jhung1 has quit
2018-09-05T20:45:44 * clown_mtg has quit
2018-09-05T20:49:38 * cindyli has quit
2018-09-05T21:38:53 * michelled has quit
2018-09-05T21:52:08 * carenwatkins_ has quit
2018-09-05T22:59:22 * colinclark joined the channel
2018-09-05T23:03:44 * colinclark joined the channel
"

