b'2017-02-25T02:45:35 * lliskovoi has quit
2017-02-25T02:56:22 * avtar has quit
2017-02-25T02:57:10 * avtar joined the channel
2017-02-25T04:24:46 * lliskovoi joined the channel
2017-02-25T05:14:42 * danayo joined the channel
2017-02-25T05:15:48 * danayo has quit
2017-02-25T05:16:45 * lliskovoi has quit
2017-02-25T05:17:09 * lliskovoi joined the channel
2017-02-25T06:13:59 * lliskovoi has quit
2017-02-25T07:24:47 * noveens has quit
2017-02-25T08:12:50 * alanharnum has quit
2017-02-25T08:13:16 * alanharnum joined the channel
2017-02-25T08:14:25 * avtar1 joined the channel
2017-02-25T08:16:32 * avtar has quit
2017-02-25T08:38:52 * noveens joined the channel
2017-02-25T12:04:47 * noveens has quit
2017-02-25T15:29:20 * noveens joined the channel
2017-02-25T16:55:32 * lliskovoi joined the channel
2017-02-25T18:41:40 * lliskovoi has quit
2017-02-25T20:29:44 * lliskovoi joined the channel
2017-02-25T21:59:52 * lliskovoi has quit
2017-02-25T22:47:32 * cindyli joined the channel
2017-02-25T22:47:59 * cindyli has left the channel
'

