b'2017-05-05T01:00:02 * danayo has quit
2017-05-05T01:32:23 * danayo joined the channel
2017-05-05T04:18:51 * mrtyler has quit
2017-05-05T08:05:08 * noveens has quit
2017-05-05T11:16:08 * Justin_o joined the channel
2017-05-05T11:47:33 * gtirloni joined the channel
2017-05-05T12:12:33 * cindyli joined the channel
2017-05-05T12:46:13 * colinclark joined the channel
2017-05-05T13:24:53 * michelled joined the channel
2017-05-05T13:40:38 * alanharnum joined the channel
2017-05-05T13:47:38 * clown joined the channel
2017-05-05T13:59:11 * mrtyler_ joined the channel
2017-05-05T14:00:13 * colinclark joined the channel
2017-05-05T14:27:31 * danayo joined the channel
2017-05-05T14:32:39 * Jess__ joined the channel
2017-05-05T14:44:29 * colinclark has quit
2017-05-05T15:40:42 * colinclark joined the channel
2017-05-05T15:41:51 * simonjb joined the channel
2017-05-05T16:17:11 * alanharnum has quit
2017-05-05T16:20:06 * alanharnum joined the channel
2017-05-05T16:20:30 * alanharnum has quit
2017-05-05T16:30:13 * noveens joined the channel
2017-05-05T16:33:06 * alanharnum joined the channel
2017-05-05T16:40:07 * colinclark has quit
2017-05-05T16:40:40 * colinclark joined the channel
2017-05-05T17:04:21 * colinclark joined the channel
2017-05-05T21:06:28 * clown has quit
2017-05-05T21:07:17 * alanharnum has quit
2017-05-05T21:11:24 * alanharnum joined the channel
2017-05-05T21:27:30 * colinclark has quit
2017-05-05T21:44:25 * alanharnum has quit
2017-05-05T23:46:53 * danayo has quit
'

