b"2015-08-04T12:25:56 * Justin_o joined the channel
2015-08-04T12:45:31 * cindyli joined the channel
2015-08-04T13:04:09 * gtirloni joined the channel
2015-08-04T13:05:30 * jessm joined the channel
2015-08-04T13:15:47 * anastasiac joined the channel
2015-08-04T13:21:19 * sepideh joined the channel
2015-08-04T13:37:56 * alanharnum joined the channel
2015-08-04T13:41:07 * sepideh joined the channel
2015-08-04T13:46:32 * simonjb joined the channel
2015-08-04T13:47:02 * sepideh joined the channel
2015-08-04T13:58:00 * maozillah joined the channel
2015-08-04T14:13:05 * murilocrivellari joined the channel
2015-08-04T14:16:18 <sepideh> jessm:  here is the link to the master doc: https://www.dropbox.com/s/iuaj5kny8euaz0n/D103.1-Foundational%20Design%20for%20Prosperity4All-edits-Final.docx?dl=0
2015-08-04T14:16:31 <jessm> great
2015-08-04T14:44:33 * colinclark joined the channel
2015-08-04T15:07:56 <colinclark> sepideh: Such practical feedback from Gianna today on your SP1 deliverable! It sounds like she's thinking along the same lines as us.
2015-08-04T15:27:52 <sepideh> yes! and hopefully some of Till\xe2\x80\x99s concerns have also been addressed through our currents edits and clarifications.
2015-08-04T15:49:39 * sepideh joined the channel
2015-08-04T16:41:08 * cindyli joined the channel
2015-08-04T16:44:32 * sepideh joined the channel
2015-08-04T17:07:27 * colinclark joined the channel
2015-08-04T18:54:02 * sepideh joined the channel
2015-08-04T20:24:59 * sepideh joined the channel
2015-08-04T21:01:58 * alanharnum joined the channel
"

