b'2015-11-30T02:20:03 * jhung joined the channel
2015-11-30T02:20:15 * jhung has left the channel
2015-11-30T03:08:36 * jhung joined the channel
2015-11-30T03:08:42 * jhung has left the channel
2015-11-30T06:54:26 * amatas joined the channel
2015-11-30T07:45:23 * amatas has quit
2015-11-30T08:18:53 * amatas joined the channel
2015-11-30T09:41:47 * gtirloni joined the channel
2015-11-30T13:28:39 * Justin_o joined the channel
2015-11-30T13:44:38 * gtirloni has quit
2015-11-30T14:03:25 * colinclark joined the channel
2015-11-30T14:06:22 * cindyli joined the channel
2015-11-30T14:09:04 * danayo joined the channel
2015-11-30T14:22:21 * michelled joined the channel
2015-11-30T14:23:38 * sepidehshahi joined the channel
2015-11-30T14:32:35 * simonjb joined the channel
2015-11-30T14:33:56 * sepidehshahi has quit
2015-11-30T14:34:04 * cindyli has quit
2015-11-30T14:34:54 * cindyli joined the channel
2015-11-30T14:36:21 * sepidehshahi joined the channel
2015-11-30T14:41:15 * alanharnum joined the channel
2015-11-30T15:13:39 * clown_ joined the channel
2015-11-30T15:18:54 * lliskovoi joined the channel
2015-11-30T15:33:19 * jhung joined the channel
2015-11-30T15:50:35 * colinclark has quit
2015-11-30T16:04:08 * alanharnum has quit
2015-11-30T16:04:34 * alanharnum joined the channel
2015-11-30T16:05:57 * sepidehshahi has quit
2015-11-30T16:09:12 * alanharnum has quit
2015-11-30T16:32:06 * cindyli has quit
2015-11-30T16:34:56 * colinclark joined the channel
2015-11-30T16:37:04 * anastasiac joined the channel
2015-11-30T16:51:18 * anastasiac has quit
2015-11-30T16:52:12 * anastasiac joined the channel
2015-11-30T16:52:40 * cindyli joined the channel
2015-11-30T16:54:20 * alanharnum joined the channel
2015-11-30T16:58:27 * sepidehshahi joined the channel
2015-11-30T17:00:23 * danayo has quit
2015-11-30T17:03:33 * colinclark has quit
2015-11-30T17:14:48 * clown_ has quit
2015-11-30T17:16:26 * clown joined the channel
2015-11-30T17:17:39 * anastasiac has quit
2015-11-30T17:44:56 * colinclark joined the channel
2015-11-30T18:01:46 * danayo joined the channel
2015-11-30T18:02:26 * alanharnum has quit
2015-11-30T18:04:08 * alanharnum joined the channel
2015-11-30T18:04:43 * sepidehshahi has quit
2015-11-30T18:08:56 * anastasiac joined the channel
2015-11-30T18:08:57 * anastasiac has quit
2015-11-30T18:09:49 * anastasiac joined the channel
2015-11-30T18:11:30 * colinclark has quit
2015-11-30T18:19:57 * cindyli has quit
2015-11-30T18:21:23 * cindyli joined the channel
2015-11-30T18:28:11 * cindyli has quit
2015-11-30T18:29:18 * gtirloni joined the channel
2015-11-30T18:46:12 * lliskovoi has quit
2015-11-30T18:58:29 * Bosmon has quit
2015-11-30T18:59:11 * Bosmon joined the channel
2015-11-30T19:08:37 * lliskovoi joined the channel
2015-11-30T19:25:22 * anastasiac has quit
2015-11-30T19:25:58 * gtirloni has quit
2015-11-30T19:26:31 * anastasiac joined the channel
2015-11-30T19:27:50 * cindyli joined the channel
2015-11-30T19:28:26 * gtirloni joined the channel
2015-11-30T19:28:49 * alanharnum has quit
2015-11-30T19:31:40 * sepidehshahi joined the channel
2015-11-30T19:44:08 * clown has quit
2015-11-30T19:58:27 * alanharnum joined the channel
2015-11-30T20:15:52 * alanharn_ joined the channel
2015-11-30T20:16:57 * clown joined the channel
2015-11-30T20:16:57 * alanharn_ has quit
2015-11-30T20:17:10 * alanharn_ joined the channel
2015-11-30T20:17:39 * alanharnum has quit
2015-11-30T20:18:23 * alanharn_ has quit
2015-11-30T20:18:37 * alanharnum joined the channel
2015-11-30T20:25:22 * alanharnum has quit
2015-11-30T20:26:44 * alanharn_ joined the channel
2015-11-30T20:27:10 * alanharn_ has quit
2015-11-30T20:27:37 * alanharn_ joined the channel
2015-11-30T20:28:31 * colinclark joined the channel
2015-11-30T20:32:49 * alanharnum joined the channel
2015-11-30T20:32:54 * alanharn_ has quit
2015-11-30T20:35:38 * alanharnum has quit
2015-11-30T20:35:48 * alanharnum joined the channel
2015-11-30T20:39:44 * alanharnum has quit
2015-11-30T20:39:56 * alanharnum joined the channel
2015-11-30T20:44:22 * alanharnum has quit
2015-11-30T21:19:28 * Bosmon has quit
2015-11-30T21:28:05 * Bosmon joined the channel
2015-11-30T21:29:03 * alanharnum joined the channel
2015-11-30T21:31:13 * alanharn_ joined the channel
2015-11-30T21:33:34 * alanharnum has quit
2015-11-30T21:35:03 * cindyli has quit
2015-11-30T21:45:11 * michelled has quit
2015-11-30T21:52:05 * alanharnum joined the channel
2015-11-30T21:52:10 * alanharnum has quit
2015-11-30T21:53:59 * alanharnum joined the channel
2015-11-30T21:54:05 * alanharnum has quit
2015-11-30T21:55:06 * alanharn_ has quit
2015-11-30T21:57:39 * alanharnum joined the channel
2015-11-30T21:59:16 * alanharnum has quit
2015-11-30T22:02:34 * sepidehshahi has quit
2015-11-30T22:13:32 * clown has quit
2015-11-30T22:26:07 * anastasiac has quit
2015-11-30T22:28:23 * simonjb has quit
2015-11-30T22:30:05 * jhung has quit
2015-11-30T22:43:15 * alanharnum joined the channel
2015-11-30T22:48:36 * alanharnum has quit
2015-11-30T22:50:06 * amatas has quit
2015-11-30T23:19:58 * michelled joined the channel
2015-11-30T23:29:15 * lliskovoi_ joined the channel
2015-11-30T23:32:56 * lliskovoi has quit
2015-11-30T23:36:16 * gtirloni has quit
2015-11-30T23:52:46 * Justin_o has quit
'

