b'2015-11-18T01:00:51 * colinclark joined the channel
2015-11-18T03:29:43 * colinclark joined the channel
2015-11-18T05:00:56 * danayo joined the channel
2015-11-18T11:44:28 * amatas joined the channel
2015-11-18T12:59:39 * cindyli joined the channel
2015-11-18T13:37:03 * michelled joined the channel
2015-11-18T13:47:46 * colinclark joined the channel
2015-11-18T14:08:14 * michelled joined the channel
2015-11-18T14:28:19 * sepidehshahi joined the channel
2015-11-18T14:47:39 * clown joined the channel
2015-11-18T14:51:22 * sepidehshahi joined the channel
2015-11-18T15:09:06 * jhung joined the channel
2015-11-18T15:12:33 * lliskovoi joined the channel
2015-11-18T15:13:12 * lliskovoi joined the channel
2015-11-18T15:24:42 * colinclark joined the channel
2015-11-18T15:25:31 * jhung joined the channel
2015-11-18T15:31:36 * michelled joined the channel
2015-11-18T15:41:39 * colinclark joined the channel
2015-11-18T16:01:23 * danayo joined the channel
2015-11-18T16:45:57 * jhung joined the channel
2015-11-18T17:01:06 * alanharnum joined the channel
2015-11-18T17:43:55 * sepidehshahi joined the channel
2015-11-18T17:52:55 * colinclark joined the channel
2015-11-18T17:55:13 * jhung joined the channel
2015-11-18T17:56:02 * jhung joined the channel
2015-11-18T18:02:08 * lliskovoi joined the channel
2015-11-18T18:09:57 * jhung joined the channel
2015-11-18T18:10:27 * sepidehshahi joined the channel
2015-11-18T18:11:22 * jhung joined the channel
2015-11-18T18:24:03 * colinclark joined the channel
2015-11-18T18:39:33 * colinclark joined the channel
2015-11-18T19:14:10 * sepidehshahi joined the channel
2015-11-18T19:26:49 * alanharnum joined the channel
2015-11-18T20:29:26 * alanharnum joined the channel
2015-11-18T20:41:31 * colinclark joined the channel
2015-11-18T21:03:33 * cindyli has quit
2015-11-18T21:15:48 * cindyli joined the channel
2015-11-18T21:18:56 * cindyli1 joined the channel
2015-11-18T22:08:57 * sepidehshahi joined the channel
2015-11-18T22:10:26 * colinclark has quit
2015-11-18T22:45:44 * lliskovoi_ joined the channel
'

