b'2015-09-14T05:12:21 * Justin_o has quit
2015-09-14T11:34:11 * gtirloni joined the channel
2015-09-14T12:06:03 * jhung joined the channel
2015-09-14T12:09:24 * Justin_o joined the channel
2015-09-14T12:53:16 * cindyli joined the channel
2015-09-14T12:58:42 * colinclark joined the channel
2015-09-14T13:16:37 * sepidehshahi joined the channel
2015-09-14T13:22:19 * sepidehshahi has quit
2015-09-14T13:22:42 * sepidehshahi joined the channel
2015-09-14T13:25:38 * jessm joined the channel
2015-09-14T13:26:28 * simonjb joined the channel
2015-09-14T13:32:18 * michelled joined the channel
2015-09-14T13:44:12 * alanharnum joined the channel
2015-09-14T14:04:53 * danayo joined the channel
2015-09-14T14:36:41 * clown joined the channel
2015-09-14T14:51:11 * alanharnum has quit
2015-09-14T14:58:32 * alanharnum joined the channel
2015-09-14T15:03:18 * michelled1 joined the channel
2015-09-14T15:03:46 * jhung has quit
2015-09-14T15:03:52 * jhung1 joined the channel
2015-09-14T15:04:33 * michelled has quit
2015-09-14T15:28:48 * cindyli has quit
2015-09-14T15:48:41 * alanharnum joined the channel
2015-09-14T15:49:30 * cindyli joined the channel
2015-09-14T15:50:22 * sepidehshahi joined the channel
2015-09-14T15:51:30 * jhung joined the channel
2015-09-14T16:29:16 * alanharnum joined the channel
2015-09-14T16:39:31 * michelled joined the channel
2015-09-14T16:42:11 * simonjb joined the channel
2015-09-14T16:58:03 * sepidehshahi joined the channel
2015-09-14T17:41:58 * alanharnum has quit
2015-09-14T17:45:32 * colinclark has quit
2015-09-14T17:45:47 * alanharnum joined the channel
2015-09-14T17:58:41 * alanharnum has quit
2015-09-14T18:05:27 * jhung joined the channel
2015-09-14T18:05:35 * alanharnum joined the channel
2015-09-14T18:12:31 * alanharnum has quit
2015-09-14T18:14:40 * alanharnum joined the channel
2015-09-14T18:14:59 * jhung joined the channel
2015-09-14T18:17:04 * alanharnum joined the channel
2015-09-14T18:29:39 * jhung joined the channel
2015-09-14T18:31:20 * jhung joined the channel
2015-09-14T18:36:19 * michelled joined the channel
2015-09-14T18:40:44 * jhung has quit
2015-09-14T18:52:43 * colinclark joined the channel
2015-09-14T19:29:17 * jhung joined the channel
2015-09-14T20:27:38 * cindyli has quit
2015-09-14T20:59:13 * clown has left the channel
2015-09-14T21:10:25 * alanharnum joined the channel
2015-09-14T21:22:22 * alanharnum joined the channel
2015-09-14T21:36:26 * alanharnum joined the channel
2015-09-14T21:39:48 * danayo has quit
2015-09-14T21:40:45 * danayo joined the channel
2015-09-14T21:43:34 * alanharnum has quit
2015-09-14T21:44:07 * jessm has quit
2015-09-14T21:44:21 * danayo has quit
2015-09-14T21:45:52 * jhung joined the channel
2015-09-14T21:46:47 * jhung has quit
2015-09-14T21:59:47 * gtirloni has quit
2015-09-14T22:08:52 * simonjb has quit
2015-09-14T22:11:53 * alanharnum joined the channel
2015-09-14T22:32:21 * Justin_o has quit
2015-09-14T23:52:01 * alanharnum joined the channel
'

