b'2017-12-15T00:28:39 * jhung joined the channel
2017-12-15T00:28:44 * jhung has quit
2017-12-15T00:34:43 * lliskovoi joined the channel
2017-12-15T00:38:03 * mrtyler joined the channel
2017-12-15T00:44:17 * lliskovoi has quit
2017-12-15T00:50:18 * alanharnum joined the channel
2017-12-15T01:33:49 * clown1 joined the channel
2017-12-15T03:12:12 * alanharnum joined the channel
2017-12-15T03:21:37 * lliskovoi joined the channel
2017-12-15T03:31:15 * lliskovoi has quit
2017-12-15T03:48:00 * alanharnum joined the channel
2017-12-15T04:21:44 * mrtyler has quit
2017-12-15T04:55:16 * alanharnum joined the channel
2017-12-15T05:00:22 * danayo joined the channel
2017-12-15T05:00:23 * danayo has quit
2017-12-15T05:00:24 * alanharnum has quit
2017-12-15T05:03:18 * Caren_ joined the channel
2017-12-15T05:04:19 * danayo joined the channel
2017-12-15T05:09:46 * Caren_ has quit
2017-12-15T05:21:27 * danayo has quit
2017-12-15T05:56:05 * alanharnum joined the channel
2017-12-15T06:01:19 * danayo joined the channel
2017-12-15T06:32:11 * mrtyler joined the channel
2017-12-15T06:36:28 * mrtyler has quit
2017-12-15T06:57:07 * alanharnum joined the channel
2017-12-15T07:57:36 * alanharnum joined the channel
2017-12-15T08:02:37 * alanharnum has quit
2017-12-15T08:58:30 * alanharnum joined the channel
2017-12-15T09:59:45 * alanharnum joined the channel
2017-12-15T10:17:47 * alanharnum joined the channel
2017-12-15T10:49:51 * gtirloni joined the channel
2017-12-15T12:04:54 * Justin_o joined the channel
2017-12-15T12:44:02 * grrrero joined the channel
2017-12-15T13:39:15 * cindyli joined the channel
2017-12-15T14:01:40 * michelled joined the channel
2017-12-15T14:09:33 * simonjb joined the channel
2017-12-15T14:15:29 * sepidehshahi joined the channel
2017-12-15T14:20:11 * jhung joined the channel
2017-12-15T14:39:16 * colinclark joined the channel
2017-12-15T14:41:16 <Justin_o> jhung: if there is time at the design crit next week, can we talk about the UIO+ icon that sepidehshahi is designing
2017-12-15T14:41:36 <jhung> Justin_o: sure. That works.
2017-12-15T14:41:42 <Justin_o> thanks
2017-12-15T14:41:47 <sepidehshahi> great! thanks jhung
2017-12-15T14:43:59 * alanharnum joined the channel
2017-12-15T14:49:53 * alanharn_ joined the channel
2017-12-15T14:56:40 * clown joined the channel
2017-12-15T14:57:57 * colinclark has quit
2017-12-15T15:02:33 * colinclark joined the channel
2017-12-15T15:07:06 * lliskovoi joined the channel
2017-12-15T15:08:31 * mrtyler joined the channel
2017-12-15T15:13:37 * colinclark has quit
2017-12-15T15:15:16 * colinclark joined the channel
2017-12-15T15:50:11 * lliskovoi has quit
2017-12-15T15:51:12 * alanharn_ joined the channel
2017-12-15T15:55:48 * alanharn_ has quit
2017-12-15T16:01:43 * lliskovoi joined the channel
2017-12-15T16:08:57 * simonjb has quit
2017-12-15T16:24:26 * lliskovoi has quit
2017-12-15T16:25:43 * lliskovoi joined the channel
2017-12-15T16:30:31 * simonjb joined the channel
2017-12-15T16:31:57 * alanharnum has quit
2017-12-15T16:32:23 * alanharnum joined the channel
2017-12-15T16:44:14 * lliskovoi has quit
2017-12-15T16:47:46 * alanharnum joined the channel
2017-12-15T16:49:23 <gmoss> since there\'s been a bit of interest in my "ugly christmas sweater", here\'s where I got it (they\'re on sale!) https://www.yellowbulldog.co.uk/collections/star-wars-christmas-jumpers
2017-12-15T16:51:13 * lliskovoi joined the channel
2017-12-15T16:51:43 * alanharn_ joined the channel
2017-12-15T16:53:35 * grrrero joined the channel
2017-12-15T16:57:04 * alanharnum joined the channel
2017-12-15T16:57:30 * Caren_ joined the channel
2017-12-15T17:01:11 * lliskovoi has quit
2017-12-15T17:01:33 * alanharnum has quit
2017-12-15T17:02:33 * lliskovoi joined the channel
2017-12-15T17:02:36 * alanharnum joined the channel
2017-12-15T17:13:07 * lliskovoi has quit
2017-12-15T17:46:31 * alanharnum has quit
2017-12-15T17:46:57 * alanharnum joined the channel
2017-12-15T17:50:37 * alanharnum joined the channel
2017-12-15T17:59:48 * Caren_ has quit
2017-12-15T18:00:56 * alanharnum has quit
2017-12-15T18:25:37 * Caren_ joined the channel
2017-12-15T18:53:14 * alanharnum joined the channel
2017-12-15T18:54:23 * alanharnum2 joined the channel
2017-12-15T19:03:27 * sepidehshahi has left the channel
2017-12-15T19:04:57 * sepidehshahi joined the channel
2017-12-15T19:06:22 * Caren_ has quit
2017-12-15T19:35:51 * lliskovoi joined the channel
2017-12-15T19:52:38 * alanharnum joined the channel
2017-12-15T19:54:07 * alanharn_ joined the channel
2017-12-15T19:56:59 * alanharnum has quit
2017-12-15T19:59:45 * mrtyler has quit
2017-12-15T20:02:49 * sepidehshahi has quit
2017-12-15T20:03:38 * alanharnum joined the channel
2017-12-15T20:54:51 * alanharn_ joined the channel
2017-12-15T21:00:18 * alanharn_ has quit
2017-12-15T21:04:19 * mrtyler joined the channel
2017-12-15T21:26:11 * jhung has quit
2017-12-15T21:29:39 * alanharnum joined the channel
2017-12-15T21:44:34 * simonjb has quit
2017-12-15T21:45:33 * danayo joined the channel
2017-12-15T21:46:29 * lliskovoi has quit
2017-12-15T21:47:19 * colinclark has quit
2017-12-15T21:53:22 * colinclark joined the channel
2017-12-15T21:53:22 * colinclark has quit
2017-12-15T21:56:10 * alanharn_ joined the channel
2017-12-15T22:01:12 * alanharn_ has quit
2017-12-15T22:03:38 * clown has quit
2017-12-15T22:22:21 * alanharnum joined the channel
2017-12-15T22:22:27 * alanharnum joined the channel
2017-12-15T22:31:16 * alanharnum has quit
2017-12-15T22:42:45 * danayo has quit
2017-12-15T22:56:52 * alanharnum joined the channel
2017-12-15T23:02:06 * alanharnum has quit
2017-12-15T23:17:00 * michelled has quit
2017-12-15T23:32:44 * michelled joined the channel
2017-12-15T23:57:34 * alanharnum joined the channel
'

