b"2017-12-21T00:05:58 * colinclark joined the channel
2017-12-21T00:50:28 * mrtyler joined the channel
2017-12-21T02:05:10 * gmoss_ joined the channel
2017-12-21T03:22:33 * mrtyler joined the channel
2017-12-21T04:26:09 * mrtyler has quit
2017-12-21T05:45:43 * mrtyler joined the channel
2017-12-21T06:17:20 * mrtyler_ joined the channel
2017-12-21T06:26:09 * mrtyler has quit
2017-12-21T09:07:54 * gtirloni joined the channel
2017-12-21T12:11:25 * Justin_o joined the channel
2017-12-21T13:28:55 * alanharnum joined the channel
2017-12-21T13:37:58 * grrrero joined the channel
2017-12-21T13:50:31 * jhung joined the channel
2017-12-21T14:06:59 * mrtyler joined the channel
2017-12-21T14:16:04 * sepidehshahi joined the channel
2017-12-21T14:18:14 * sepidehshahi has quit
2017-12-21T14:23:10 * sepidehshahi joined the channel
2017-12-21T14:26:39 * Caren joined the channel
2017-12-21T14:43:48 * Caren joined the channel
2017-12-21T14:46:32 * Caren has quit
2017-12-21T14:47:53 * lliskovoi joined the channel
2017-12-21T14:51:02 <jhung> ping alanharnum
2017-12-21T14:51:12 <alanharnum> pong hung
2017-12-21T14:51:22 <alanharnum> s/hung/jhung
2017-12-21T14:51:54 <jhung> alanharnum: got a sec to chat?
2017-12-21T14:52:15 <alanharnum> sure
2017-12-21T14:52:39 <jhung> Got a google question for you. Vidyo?
2017-12-21T14:52:42 <jhung> ^alanharnum
2017-12-21T14:53:53 * Caren joined the channel
2017-12-21T14:58:43 * Caren joined the channel
2017-12-21T15:02:28 * avtar joined the channel
2017-12-21T15:04:40 * Caren has quit
2017-12-21T15:11:21 * Caren joined the channel
2017-12-21T15:13:58 * Caren has quit
2017-12-21T15:34:21 * Caren joined the channel
2017-12-21T15:36:23 * alanharnum has quit
2017-12-21T15:41:30 * Jess_ joined the channel
2017-12-21T15:43:58 * Caren_ joined the channel
2017-12-21T15:44:31 * Jess__ joined the channel
2017-12-21T15:45:51 * jhung is now known as jhung_away
2017-12-21T15:46:17 * Jess_ has quit
2017-12-21T15:46:17 * Jess__ is now known as Jess_
2017-12-21T15:47:50 * Caren has quit
2017-12-21T15:50:51 * Jess__ joined the channel
2017-12-21T15:52:53 * Jess_ has quit
2017-12-21T15:52:53 * Jess__ is now known as Jess_
2017-12-21T15:52:58 * Jess_ has quit
2017-12-21T15:56:16 * colinclark joined the channel
2017-12-21T16:03:05 * michelled joined the channel
2017-12-21T16:20:30 * colinclark has quit
2017-12-21T16:22:12 * alanharnum joined the channel
2017-12-21T16:32:32 * alanharnum joined the channel
2017-12-21T16:36:27 * alanharnum has quit
2017-12-21T16:39:58 * sepidehshahi has quit
2017-12-21T16:47:05 * sepidehshahi joined the channel
2017-12-21T16:47:07 * alanharnum joined the channel
2017-12-21T16:47:24 * michelled joined the channel
2017-12-21T16:53:59 * colinclark joined the channel
2017-12-21T16:56:34 * lliskovoi has quit
2017-12-21T16:57:36 * lliskovoi joined the channel
2017-12-21T17:08:14 * lliskovoi has quit
2017-12-21T17:17:59 * lliskovoi joined the channel
2017-12-21T17:55:51 * alanharnum joined the channel
2017-12-21T18:22:53 * lliskovoi has quit
2017-12-21T18:24:54 * lliskovoi joined the channel
2017-12-21T18:36:07 <jhung> ping Justin_o
2017-12-21T18:36:15 <Justin_o> jhung: hello
2017-12-21T18:36:36 <jhung> Do you have time to help me with debugging some CSS?
2017-12-21T18:36:43 <Justin_o> sure
2017-12-21T18:36:52 <jhung> Vidyo okay Justin_o?
2017-12-21T18:36:56 <Justin_o> sure
2017-12-21T18:43:35 * alanharnum joined the channel
2017-12-21T18:56:32 * sepidehshahi joined the channel
2017-12-21T19:03:33 * alanharnum joined the channel
2017-12-21T19:09:58 * alanharnum joined the channel
2017-12-21T19:12:53 <sepidehshahi> Hi Justin_o do you need different sizes to be exported or just one size for each concept?
2017-12-21T19:13:19 <Justin_o> sepidehshahi: ah yes, actually i do.. let me get you set of ranges
2017-12-21T19:14:06 <sepidehshahi> great! thanks Justin_o
2017-12-21T19:14:52 <Justin_o> sepidehshahi: looks like we'll need 128x128, 48x48, 32x32, and 16x16
2017-12-21T19:14:57 <Justin_o> sepidehshahi: https://developer.chrome.com/apps/manifest/icons
2017-12-21T19:20:04 <sepidehshahi> sure, Justin_o
2017-12-21T19:24:49 * alanharnum joined the channel
2017-12-21T19:31:05 * alanharnum joined the channel
2017-12-21T19:47:40 * michelled joined the channel
2017-12-21T19:54:28 * lliskovoi has quit
2017-12-21T20:07:03 * Caren_ has quit
2017-12-21T20:13:28 * sepidehshahi joined the channel
2017-12-21T20:13:47 * michelled joined the channel
2017-12-21T20:14:12 * Caren_ joined the channel
2017-12-21T20:19:43 * alanharnum joined the channel
2017-12-21T20:29:43 <sepidehshahi> Justin_o: here is a link to the assets folder with the required sizes: https://files.inclusivedesign.ca/s/tn5phikLjQoQxDr
2017-12-21T20:32:00 <Justin_o> sepidehshahi: thanks :)
2017-12-21T20:32:07 <sepidehshahi> yw
2017-12-21T20:32:32 * lliskovoi joined the channel
2017-12-21T20:52:09 * alanharnum has quit
2017-12-21T20:52:35 * alanharnum joined the channel
2017-12-21T20:56:17 * alanharnum has quit
2017-12-21T20:56:23 * alanharnum joined the channel
2017-12-21T21:20:26 * lliskovoi has quit
2017-12-21T22:03:28 * sepidehshahi joined the channel
2017-12-21T22:05:51 * michelled has quit
2017-12-21T22:16:12 * alanharnum joined the channel
"

