b"2017-05-24T00:24:56 * Jess_ has quit
2017-05-24T00:34:28 * colinclark joined the channel
2017-05-24T00:48:07 * mrtyler has quit
2017-05-24T00:53:37 * mrtyler joined the channel
2017-05-24T01:24:41 * colinclark has quit
2017-05-24T06:37:07 * mrtyler has quit
2017-05-24T12:11:06 * gtirloni joined the channel
2017-05-24T12:11:15 * jhung joined the channel
2017-05-24T12:16:26 * Justin_o joined the channel
2017-05-24T13:06:56 * cindyli joined the channel
2017-05-24T13:31:54 * avtar joined the channel
2017-05-24T13:47:39 * simonjb joined the channel
2017-05-24T14:08:22 * Caren joined the channel
2017-05-24T14:10:04 * lliskovoi joined the channel
2017-05-24T14:29:49 * colinclark joined the channel
2017-05-24T14:30:13 <lliskovoi> Hey everyone, can anyone help me locate an svg file for the OCAD logo? the design guidelines are telling me to go to infodrive.ocad.ca but the link isn't working for me
2017-05-24T14:33:58 * danayo joined the channel
2017-05-24T14:46:29 * mrtyler joined the channel
2017-05-24T15:04:45 * Caren has quit
2017-05-24T15:06:06 * Caren joined the channel
2017-05-24T15:12:17 * avtar joined the channel
2017-05-24T15:13:14 <danayo> lliskovoi: did you get an answer about the OCAD logo?
2017-05-24T15:16:58 * avtar has quit
2017-05-24T15:20:31 <lliskovoi> yep, thanks danayo
2017-05-24T15:20:39 <danayo> great
2017-05-24T15:39:29 * Caren has quit
2017-05-24T15:45:07 <danayo> jhung: I'm excited about that inclusive website creation guide!
2017-05-24T15:45:39 <danayo> sounds like a great resource to have
2017-05-24T15:45:51 * Caren joined the channel
2017-05-24T15:48:36 <jhung> danayo: I'm happy you're excited! \x10:) You can see it here. It's not done or complete, so additions are welcome. https://wiki.fluidproject.org/display/fluid/Making+an+Inclusive+and+Accessible+Website
2017-05-24T15:49:13 <danayo> thanks jhung
2017-05-24T15:54:15 * avtar joined the channel
2017-05-24T15:54:15 * avtar has quit
2017-05-24T15:58:18 <jhung> Caren: when do you want to sync up?
2017-05-24T15:58:26 <jhung> I'm free until the community meeting.
2017-05-24T15:58:56 <Caren> how about 1:30, jhung
2017-05-24T15:59:06 <jhung> Sounds good Caren.
2017-05-24T15:59:47 <Caren> great, see you then, jhung :-)
2017-05-24T16:26:53 * avtar joined the channel
2017-05-24T16:28:37 * avtar1 joined the channel
2017-05-24T16:31:13 * avtar has quit
2017-05-24T16:31:46 * Caren has quit
2017-05-24T16:41:40 * lliskovoi has quit
2017-05-24T16:41:57 * Caren joined the channel
2017-05-24T16:42:00 * lliskovoi joined the channel
2017-05-24T16:54:25 * colinclark has quit
2017-05-24T17:10:46 * avtar1 has quit
2017-05-24T17:18:52 * avtar joined the channel
2017-05-24T17:21:01 * avtar has quit
2017-05-24T17:21:11 * lliskovoi has quit
2017-05-24T17:30:47 <Caren> jhung, shall I join your vidyo room?
2017-05-24T17:31:40 * cindyli1 joined the channel
2017-05-24T17:32:54 <jhung> Caren: sorry lost track of time. Just do a direct call
2017-05-24T17:34:02 * cindyli has quit
2017-05-24T17:36:42 * avtar joined the channel
2017-05-24T17:49:06 * lliskovoi joined the channel
2017-05-24T18:06:10 * avtar has quit
2017-05-24T18:23:06 * simonjb has quit
2017-05-24T18:25:33 * avtar joined the channel
2017-05-24T18:37:57 * simonjb joined the channel
2017-05-24T18:59:47 * avtar has quit
2017-05-24T19:01:46 * colinclark joined the channel
2017-05-24T19:05:48 * avtar joined the channel
2017-05-24T19:07:04 * avtar1 joined the channel
2017-05-24T19:08:43 * colinclark has quit
2017-05-24T19:10:18 * avtar has quit
2017-05-24T19:12:50 * colinclark joined the channel
2017-05-24T19:18:48 * colinclark has quit
2017-05-24T19:33:44 * lliskovoi joined the channel
2017-05-24T19:34:31 * simonjb has quit
2017-05-24T19:39:14 * simonjb joined the channel
2017-05-24T19:46:33 * colinclark joined the channel
2017-05-24T20:04:37 * jhung has quit
2017-05-24T20:37:01 * cindyli1 has quit
2017-05-24T21:05:02 * colinclark has quit
2017-05-24T21:11:01 * danayo has quit
2017-05-24T21:11:04 * simonjb has quit
2017-05-24T21:11:29 * lliskovoi joined the channel
2017-05-24T21:26:31 * lliskovoi joined the channel
2017-05-24T21:36:03 * avtar1 has quit
2017-05-24T21:36:31 * lliskovoi has quit
2017-05-24T21:36:45 * lliskovoi joined the channel
2017-05-24T21:40:35 * danayo joined the channel
2017-05-24T22:02:08 * lliskovoi_ joined the channel
2017-05-24T22:03:15 * lliskovoi_ joined the channel
2017-05-24T22:03:19 * lliskovoi_ has quit
2017-05-24T22:45:13 * danayo has quit
"

