b'2018-10-29T04:23:15 * jhernandez joined the channel
2018-10-29T04:23:15 * jhernandez has quit
2018-10-29T11:09:16 * Justin_o joined the channel
2018-10-29T11:15:53 * sgithens has quit
2018-10-29T11:15:59 * sgithens joined the channel
2018-10-29T12:03:03 * jhernandez joined the channel
2018-10-29T12:05:16 * jhernandez has quit
2018-10-29T12:05:34 * jhernandez joined the channel
2018-10-29T12:36:08 * cindyli joined the channel
2018-10-29T13:06:11 * jhernandez has quit
2018-10-29T13:21:06 * clown joined the channel
2018-10-29T13:25:46 * simonjb joined the channel
2018-10-29T13:45:14 * colinclark joined the channel
2018-10-29T13:56:41 * alanharnum joined the channel
2018-10-29T14:00:04 * Jess_ joined the channel
2018-10-29T14:06:29 * michelled joined the channel
2018-10-29T14:14:05 * jhernandez joined the channel
2018-10-29T14:42:05 * jhernandez has quit
2018-10-29T14:49:25 * Jess_ has quit
2018-10-29T14:58:46 * jhernandez joined the channel
2018-10-29T15:07:14 * cindyli joined the channel
2018-10-29T15:21:02 * michelled joined the channel
2018-10-29T15:25:36 * Jess_ joined the channel
2018-10-29T15:31:45 * alanharnum has quit
2018-10-29T15:46:19 * Jess_ has quit
2018-10-29T15:49:27 * Jess_ joined the channel
2018-10-29T15:49:59 * alanharnum joined the channel
2018-10-29T15:54:47 * alanharnum has quit
2018-10-29T16:05:56 * alanharnum2 joined the channel
2018-10-29T16:08:29 * jhernandez has quit
2018-10-29T16:10:52 * jhernandez joined the channel
2018-10-29T16:10:55 * jhernandez has quit
2018-10-29T16:11:12 * jhernandez joined the channel
2018-10-29T16:28:42 * colinclark has quit
2018-10-29T17:01:36 * colinclark joined the channel
2018-10-29T17:10:31 * cindyli joined the channel
2018-10-29T17:28:34 * alanharnum2 has quit
2018-10-29T18:00:26 * michelled joined the channel
2018-10-29T18:16:24 * alanharnum joined the channel
2018-10-29T19:11:44 * clown joined the channel
2018-10-29T19:37:44 * avtar joined the channel
2018-10-29T19:41:01 * cindyli has quit
2018-10-29T19:43:08 * cindyli joined the channel
2018-10-29T20:38:40 * cindyli has quit
2018-10-29T21:27:43 * alanharnum has quit
2018-10-29T21:32:13 * simonjb has quit
2018-10-29T21:33:06 * alanharnum joined the channel
2018-10-29T21:46:32 * jhernand_ joined the channel
2018-10-29T21:49:12 * jhernand_ has quit
'

