b"2018-07-23T03:48:52 * jhernandez has quit
2018-07-23T03:49:04 * jhernandez joined the channel
2018-07-23T09:20:11 * stepan[rtf] joined the channel
2018-07-23T09:52:09 * stepan[rtf] joined the channel
2018-07-23T11:02:03 * Justin_o joined the channel
2018-07-23T11:59:41 * alanharnum joined the channel
2018-07-23T12:30:12 * gtirloni joined the channel
2018-07-23T12:37:49 * stepan[rtf] has quit
2018-07-23T12:42:45 * stepan[rtf] joined the channel
2018-07-23T12:54:46 * alanharnum has quit
2018-07-23T12:56:05 * alanharnum joined the channel
2018-07-23T13:05:15 * cindyli joined the channel
2018-07-23T13:12:32 * stepan[rtf] joined the channel
2018-07-23T13:36:53 * stepan[rtf] has quit
2018-07-23T13:42:37 * stepan[rtf] joined the channel
2018-07-23T13:43:44 * stepan[rtf] has quit
2018-07-23T13:44:00 * stepan[rtf] joined the channel
2018-07-23T13:44:19 * simonjb joined the channel
2018-07-23T13:44:50 * alanharnum joined the channel
2018-07-23T13:45:01 * michelled joined the channel
2018-07-23T13:59:36 * gtirloni joined the channel
2018-07-23T14:07:42 * amatas joined the channel
2018-07-23T14:22:57 * clown joined the channel
2018-07-23T14:24:06 * colinclark joined the channel
2018-07-23T14:27:34 * avtar joined the channel
2018-07-23T14:45:10 * alanharnum has quit
2018-07-23T14:48:13 * mrtyler joined the channel
2018-07-23T14:59:59 * alanharnum joined the channel
2018-07-23T15:17:47 * the-t-in-rtf1 joined the channel
2018-07-23T15:19:20 * sgithens has quit
2018-07-23T15:19:42 * sgithens joined the channel
2018-07-23T15:19:54 * the-t-in-rtf has quit
2018-07-23T15:30:23 * stepan[rtf] has quit
2018-07-23T15:30:34 * stepan[rtf] joined the channel
2018-07-23T16:13:41 * michelled joined the channel
2018-07-23T16:14:01 * alanharnum joined the channel
2018-07-23T16:27:02 * alanharnum has quit
2018-07-23T16:27:28 * alanharnum joined the channel
2018-07-23T16:43:21 * avtar has quit
2018-07-23T17:01:41 * alanharnum joined the channel
2018-07-23T17:07:05 * alanharnum has quit
2018-07-23T17:09:00 * Bosmon2 joined the channel
2018-07-23T17:53:19 * michelled joined the channel
2018-07-23T17:53:22 * michelled has quit
2018-07-23T17:58:35 * michelled joined the channel
2018-07-23T17:58:48 * alanharnum joined the channel
2018-07-23T17:59:23 * alanharnum joined the channel
2018-07-23T18:01:52 * alanharnum1 joined the channel
2018-07-23T18:03:58 * alanharnum has quit
2018-07-23T18:09:45 * kasparnet joined the channel
2018-07-23T18:10:36 * simonjb has quit
2018-07-23T18:11:29 * michelled1 joined the channel
2018-07-23T18:12:31 <alanharnum1> IDRC people, if you're available we're meeting now in the collab room (remote is connected to fluid-standup) with JT and Angela (our program officer from Hewlett)
2018-07-23T18:13:33 * michelled has quit
2018-07-23T18:16:12 * simonjb joined the channel
2018-07-23T18:25:40 * alanharnum1 has quit
2018-07-23T18:29:09 * avtar joined the channel
2018-07-23T18:34:59 * alanharnum joined the channel
2018-07-23T18:37:36 * Bosmon2 has quit
2018-07-23T20:02:26 * amatas has quit
2018-07-23T20:04:35 * kasparnet has quit
2018-07-23T20:13:54 * stepan[rtf] has quit
2018-07-23T20:14:08 * alanharnum joined the channel
2018-07-23T20:16:18 * stepan[rtf] joined the channel
2018-07-23T20:18:35 * alanharnum has quit
2018-07-23T20:19:40 * simonjb has quit
2018-07-23T20:22:21 * simonjb joined the channel
2018-07-23T20:22:39 * simonjb has quit
2018-07-23T20:35:06 * stepan[rtf] joined the channel
2018-07-23T20:51:50 * michelled1 has quit
2018-07-23T21:23:47 * gtirloni has quit
2018-07-23T22:15:27 * stepan[rtf] has quit
2018-07-23T22:15:44 * alanharnum joined the channel
2018-07-23T22:17:05 * mrtyler has quit
2018-07-23T22:20:06 * alanharnum has quit
2018-07-23T22:33:21 * mrtyler joined the channel
2018-07-23T22:34:32 * stepan[rtf] joined the channel
"

