b'2018-09-10T06:47:21 * the-t-in-rtf has quit
2018-09-10T07:26:59 * amatas joined the channel
2018-09-10T08:35:38 * the-t-in-rtf joined the channel
2018-09-10T11:51:10 * cindyli joined the channel
2018-09-10T12:45:13 * alanharnum joined the channel
2018-09-10T13:00:49 * colinclark joined the channel
2018-09-10T13:21:10 * clown joined the channel
2018-09-10T13:52:43 * colinclark has quit
2018-09-10T13:54:29 * michelled joined the channel
2018-09-10T14:09:15 * colinclark joined the channel
2018-09-10T14:25:39 * Jess_ joined the channel
2018-09-10T14:53:51 * the-t-in-rtf has quit
2018-09-10T15:32:08 * the-t-in-rtf joined the channel
2018-09-10T15:32:12 * the-t-in-rtf has quit
2018-09-10T15:32:29 * the-t-in-rtf joined the channel
2018-09-10T15:54:48 * colinclark has quit
2018-09-10T15:55:08 * colinclark joined the channel
2018-09-10T16:14:04 * cindyli has quit
2018-09-10T16:22:09 * cindyli joined the channel
2018-09-10T16:44:05 * cindyli joined the channel
2018-09-10T16:46:57 * cindyli1 joined the channel
2018-09-10T16:46:57 * cindyli has quit
2018-09-10T16:49:33 * cindyli1 is now known as cindyli
2018-09-10T18:04:08 * cindyli joined the channel
2018-09-10T18:07:43 * cindyli has quit
2018-09-10T18:08:04 * cindyli joined the channel
2018-09-10T18:30:30 * cindyli has quit
2018-09-10T19:02:39 * cindyli joined the channel
2018-09-10T19:22:11 * Jess_ joined the channel
2018-09-10T19:46:32 * colinclark has quit
2018-09-10T19:57:46 * cindyli has quit
2018-09-10T19:59:14 * cindyli joined the channel
2018-09-10T20:31:30 * michelled has quit
2018-09-10T20:34:40 * Jess_ has quit
2018-09-10T21:03:12 * clown has quit
2018-09-10T21:06:52 * Justin_o has quit
2018-09-10T21:37:43 * amatas has quit
2018-09-10T21:53:30 * alanharnum has quit
2018-09-10T22:01:10 * michelled joined the channel
2018-09-10T22:12:06 * colinclark joined the channel
2018-09-10T22:25:37 * colinclark has quit
2018-09-10T22:25:59 * colinclark joined the channel
2018-09-10T22:30:11 * michelled has quit
2018-09-10T23:13:52 * colinclark has quit
2018-09-10T23:16:25 * colinclark joined the channel
2018-09-10T23:23:57 * colinclark has quit
'

