b'2018-08-21T00:32:47 * gtirloni has quit
2018-08-21T00:33:10 * gtirloni joined the channel
2018-08-21T08:38:40 * Bosmon2 joined the channel
2018-08-21T08:39:05 * Bosmon has quit
2018-08-21T11:19:17 * cindyli joined the channel
2018-08-21T11:28:44 * stegru has quit
2018-08-21T11:29:03 * stegru joined the channel
2018-08-21T11:55:16 * michelled joined the channel
2018-08-21T12:14:46 * gtirloni joined the channel
2018-08-21T12:34:55 * Justin_o joined the channel
2018-08-21T12:35:20 * the-t-in-rtf has quit
2018-08-21T12:41:02 * simonjb joined the channel
2018-08-21T12:43:15 * the-t-in-rtf joined the channel
2018-08-21T12:49:12 * cindyli has quit
2018-08-21T13:13:53 * cindyli joined the channel
2018-08-21T13:58:37 * alanharnum joined the channel
2018-08-21T14:37:07 * alanharnum joined the channel
2018-08-21T14:44:33 * alanharnum has quit
2018-08-21T15:12:22 * alanharnum joined the channel
2018-08-21T15:20:59 * alanharnum2 joined the channel
2018-08-21T15:23:11 * alanharnum2 has quit
2018-08-21T16:03:31 * alanharnum2 joined the channel
2018-08-21T16:31:31 * alanharnum joined the channel
2018-08-21T17:07:48 * avtar joined the channel
2018-08-21T17:11:39 * alanharnum has quit
2018-08-21T17:12:06 * alanharnum joined the channel
2018-08-21T17:16:55 * alanharnum2 joined the channel
2018-08-21T17:17:50 * alanharnum has quit
2018-08-21T18:15:46 * stegru has quit
2018-08-21T18:18:10 * stegru joined the channel
2018-08-21T18:39:09 * suranamudit[m] joined the channel
2018-08-21T18:58:04 * cindyli joined the channel
2018-08-21T19:08:36 * michelled has quit
2018-08-21T19:13:03 * cindyli has quit
2018-08-21T19:15:23 * alanharnum joined the channel
2018-08-21T19:23:14 * cindyli joined the channel
2018-08-21T19:37:29 * alanharnum has quit
2018-08-21T19:37:43 * alanharnum joined the channel
2018-08-21T19:45:52 * the-t-in-rtf1 joined the channel
2018-08-21T19:46:34 * jhernandez_ joined the channel
2018-08-21T19:48:26 * jhernandez has quit
2018-08-21T20:12:17 * sgithens_ joined the channel
2018-08-21T20:17:46 * cindyli has quit
2018-08-21T20:19:28 * sgithens has quit
2018-08-21T20:19:29 * sgithens_ is now known as sgithens
2018-08-21T20:26:33 * cindyli joined the channel
2018-08-21T20:26:33 * cindyli has quit
2018-08-21T20:43:47 * simonjb has quit
2018-08-21T21:56:24 * alanharnum has quit
2018-08-21T22:00:22 * alanharnum joined the channel
2018-08-21T22:06:23 * alanharnum has quit
2018-08-21T22:53:19 * Justin_o has quit
2018-08-21T23:35:35 * stegru has quit
2018-08-21T23:36:01 * stegru joined the channel
'

