2019-10-10T02:08:21  *** danayo_ <danayo_!~danayo@S0106f81d0f5cda43.vc.shawcable.net> has joined #fluid-design
2019-10-10T02:13:05  *** danayo_ <danayo_!~danayo@S0106f81d0f5cda43.vc.shawcable.net> has quit IRC (Client Quit)
2019-10-10T02:18:06  *** danayo_ <danayo_!~danayo@S0106f81d0f5cda43.vc.shawcable.net> has joined #fluid-design
2019-10-10T02:51:10  *** danayo_ <danayo_!~danayo@S0106f81d0f5cda43.vc.shawcable.net> has quit IRC (Ping timeout: 265 seconds)
2019-10-10T03:38:21  *** danayo_ <danayo_!~danayo@S0106f81d0f5cda43.vc.shawcable.net> has joined #fluid-design
2019-10-10T03:45:57  *** danayo_ <danayo_!~danayo@S0106f81d0f5cda43.vc.shawcable.net> has quit IRC (Quit: danayo_)
2019-10-10T06:23:00  *** alanharnum <alanharnum!uid363993@gateway/web/irccloud.com/x-jwynnrdykkwtfkrk> has quit IRC (Quit: Connection closed for inactivity)
2019-10-10T11:37:40  *** Bosmon2 <Bosmon2!~a@82-71-9-15.dsl.in-addr.zen.co.uk> has joined #fluid-design
2019-10-10T11:39:05  *** Bosmon <Bosmon!~a@82-71-9-15.dsl.in-addr.zen.co.uk> has quit IRC (Ping timeout: 246 seconds)
2019-10-10T12:18:30  *** Bosmon2 is now known as Bosmon
2019-10-10T12:24:36  *** cindyli <cindyli!~Adium@198.52.178.28> has joined #fluid-design
2019-10-10T13:03:10  *** danielcho <danielcho!~Adium@205.211.168.104> has joined #fluid-design
2019-10-10T13:11:23  *** simonjb <simonjb!~simonjb@198.178.118.18> has joined #fluid-design
2019-10-10T13:21:38  *** clown <clown!clown@nat/ocadu/x-zkmyzqcqkqosdcqs> has joined #fluid-design
2019-10-10T13:23:12  *** colinclark <colinclark!~colinclar@205.211.168.104> has joined #fluid-design
2019-10-10T13:24:02  *** colinclark <colinclark!~colinclar@205.211.168.104> has quit IRC (Client Quit)
2019-10-10T13:27:23  *** jhung <jhung!~jhung@CPE18e829ac96f5-CMa84e3f431590.cpe.net.cable.rogers.com> has joined #fluid-design
2019-10-10T13:31:49  *** clown <clown!clown@nat/ocadu/x-zkmyzqcqkqosdcqs> has quit IRC (Quit: Leaving.)
2019-10-10T13:34:30  *** jhung_2 <jhung_2!~jhung@CPE18e829ac96f5-CMa84e3f431590.cpe.net.cable.rogers.com> has joined #fluid-design
2019-10-10T13:36:56  *** jhung_3 <jhung_3!~jhung@CPE18e829ac96f5-CMa84e3f431590.cpe.net.cable.rogers.com> has joined #fluid-design
2019-10-10T13:38:11  *** jhung <jhung!~jhung@CPE18e829ac96f5-CMa84e3f431590.cpe.net.cable.rogers.com> has quit IRC (Ping timeout: 250 seconds)
2019-10-10T13:40:16  *** jhung_2 <jhung_2!~jhung@CPE18e829ac96f5-CMa84e3f431590.cpe.net.cable.rogers.com> has quit IRC (Ping timeout: 240 seconds)
2019-10-10T13:46:41  *** clown <clown!clown@nat/ocadu/x-hyyrfgrurrkpfthy> has joined #fluid-design
2019-10-10T13:46:48  *** jhung_3 is now known as jhung
2019-10-10T13:53:43  *** alanharnum <alanharnum!uid363993@gateway/web/irccloud.com/x-srwiqctcpgqtguml> has joined #fluid-design
2019-10-10T14:09:01  *** avtar <avtar!~avtar@ip-24-50-189-137.user.start.ca> has joined #fluid-design
2019-10-10T14:12:38  *** colinclark <colinclark!colinclark@nat/ocadu/x-fcecyragrexfksmx> has joined #fluid-design
2019-10-10T14:35:34  *** cherylhjli <cherylhjli!~Adium@142.120.70.10> has joined #fluid-design
2019-10-10T14:39:48  *** simonjb <simonjb!~simonjb@198.178.118.18> has quit IRC ()
2019-10-10T14:59:42  *** danayo_ <danayo_!~danayo@S0106f81d0f5cda43.vc.shawcable.net> has joined #fluid-design
2019-10-10T15:06:58  *** simonjb <simonjb!~simonjb@205.211.168.103> has joined #fluid-design
2019-10-10T15:17:37  *** cherylhjli <cherylhjli!~Adium@142.120.70.10> has quit IRC (Quit: Leaving.)
2019-10-10T15:29:11  *** michelled <michelled!~Adium@205.211.168.103> has joined #fluid-design
2019-10-10T15:43:56  *** avtar <avtar!~avtar@ip-24-50-189-137.user.start.ca> has quit IRC (Quit: Leaving.)
2019-10-10T15:45:46  *** avtar <avtar!~avtar@ip-24-50-189-137.user.start.ca> has joined #fluid-design
2019-10-10T15:47:37  <avtar> colinclark, danielcho, simonjb: are you available for a beverley planning call at 2:00 today?
2019-10-10T15:47:58  <simonjb> avtar: yes
2019-10-10T15:48:05  <danielcho> avtar: yep
2019-10-10T15:48:08  <colinclark> i’m not, unfortunately
2019-10-10T15:48:09  <colinclark> but go ahead
2019-10-10T15:49:16  *** danielcho <danielcho!~Adium@205.211.168.104> has quit IRC (Quit: Leaving.)
2019-10-10T15:50:57  <michelled> Justin_o: what time works for you?
2019-10-10T15:51:13  *** colinclark <colinclark!colinclark@nat/ocadu/x-fcecyragrexfksmx> has quit IRC (Quit: colinclark)
2019-10-10T15:55:38  <greatislander> co-op check in? danayo_ jhung michelled
2019-10-10T15:56:02  <michelled> yup! where?
2019-10-10T15:56:13  <greatislander> My vidyo room?
2019-10-10T16:09:33  *** michelled <michelled!~Adium@205.211.168.103> has quit IRC (Quit: Leaving.)
2019-10-10T16:21:50  *** jhung_2 <jhung_2!~jhung@CPE18e829ac96f5-CMa84e3f431590.cpe.net.cable.rogers.com> has joined #fluid-design
2019-10-10T16:24:20  *** jhung_3 <jhung_3!~jhung@CPE18e829ac96f5-CMa84e3f431590.cpe.net.cable.rogers.com> has joined #fluid-design
2019-10-10T16:25:14  *** jhung <jhung!~jhung@CPE18e829ac96f5-CMa84e3f431590.cpe.net.cable.rogers.com> has quit IRC (Ping timeout: 240 seconds)
2019-10-10T16:26:27  *** michelled <michelled!Adium@nat/ocadu/x-dfzxprtfjlvmqxmd> has joined #fluid-design
2019-10-10T16:27:57  *** jhung_2 <jhung_2!~jhung@CPE18e829ac96f5-CMa84e3f431590.cpe.net.cable.rogers.com> has quit IRC (Ping timeout: 240 seconds)
2019-10-10T16:43:56  *** danayo_ <danayo_!~danayo@S0106f81d0f5cda43.vc.shawcable.net> has quit IRC (Quit: danayo_)
2019-10-10T16:45:53  *** danayo_ <danayo_!~danayo@S0106f81d0f5cda43.vc.shawcable.net> has joined #fluid-design
2019-10-10T17:05:55  <michelled> avtar, simonjb: should we do our daily checkin?
2019-10-10T17:06:18  *** danielcho <danielcho!~Adium@205.211.168.104> has joined #fluid-design
2019-10-10T17:06:19  <simonjb> michelled: sure
2019-10-10T17:06:20  <avtar> sure
2019-10-10T17:06:26  <simonjb> are we all in the office?
2019-10-10T17:06:30  <avtar> not me
2019-10-10T17:06:30  <danielcho> yep
2019-10-10T17:06:40  <simonjb> I'll come over to the lab
2019-10-10T17:06:45  <michelled> ok
2019-10-10T17:06:52  <simonjb> ah, sorry avtar
2019-10-10T17:08:11  <avtar> should i join fluid_standup?
2019-10-10T17:08:13  *** michelled1 <michelled1!~Adium@205.211.168.103> has joined #fluid-design
2019-10-10T17:08:35  <michelled1> avtar: maybe you call me?
2019-10-10T17:08:40  <avtar> ok
2019-10-10T17:10:57  *** michelled <michelled!Adium@nat/ocadu/x-dfzxprtfjlvmqxmd> has quit IRC (Ping timeout: 240 seconds)
2019-10-10T17:24:39  *** danayo_ <danayo_!~danayo@S0106f81d0f5cda43.vc.shawcable.net> has quit IRC (Quit: danayo_)
2019-10-10T17:40:39  *** cherylhjli <cherylhjli!~Adium@toroon0949w-lp130-04-65-94-97-42.dsl.bell.ca> has joined #fluid-design
2019-10-10T17:45:34  *** avtar1 <avtar1!~avtar@ip-24-50-189-137.user.start.ca> has joined #fluid-design
2019-10-10T17:45:35  *** avtar <avtar!~avtar@ip-24-50-189-137.user.start.ca> has quit IRC (Read error: Connection reset by peer)
2019-10-10T17:48:45  *** cherylhjli1 <cherylhjli1!~Adium@toroon0949w-lp130-04-65-94-97-42.dsl.bell.ca> has joined #fluid-design
2019-10-10T17:48:45  *** cherylhjli <cherylhjli!~Adium@toroon0949w-lp130-04-65-94-97-42.dsl.bell.ca> has quit IRC (Read error: Connection reset by peer)
2019-10-10T17:48:50  *** danayo_ <danayo_!~danayo@S0106f81d0f5cda43.vc.shawcable.net> has joined #fluid-design
2019-10-10T17:50:45  <cherylhjli1> danayo_ greatislander jhung_3 - I'm online now, although my wifi isn't super great. Do you need me to attend the PCC check in?
2019-10-10T17:51:14  <jhung_3> cherylhjli1 michelled1 has it covered today.
2019-10-10T17:51:29  <cherylhjli1> great - thanks so much michelled1!
2019-10-10T17:51:34  <michelled1> np!
2019-10-10T18:09:48  *** danayo_ <danayo_!~danayo@S0106f81d0f5cda43.vc.shawcable.net> has quit IRC (Quit: danayo_)
2019-10-10T18:19:38  *** colinclark <colinclark!colinclark@nat/ocadu/x-quvvrxjdumrkhhfv> has joined #fluid-design
2019-10-10T18:23:10  *** cindyli <cindyli!~Adium@198.52.178.28> has quit IRC (Quit: Leaving.)
2019-10-10T18:44:19  *** cindyli <cindyli!~Adium@198.52.178.28> has joined #fluid-design
2019-10-10T18:44:44  *** danayo_ <danayo_!~danayo@S0106f81d0f5cda43.vc.shawcable.net> has joined #fluid-design
2019-10-10T18:54:29  *** danayo_ <danayo_!~danayo@S0106f81d0f5cda43.vc.shawcable.net> has quit IRC (Quit: danayo_)
2019-10-10T18:56:41  *** clown <clown!clown@nat/ocadu/x-hyyrfgrurrkpfthy> has quit IRC (Ping timeout: 250 seconds)
2019-10-10T18:58:56  *** clown <clown!clown@nat/ocadu/x-xwewwpkvvnaxsyjm> has joined #fluid-design
2019-10-10T18:59:48  *** cherylhjli1 <cherylhjli1!~Adium@toroon0949w-lp130-04-65-94-97-42.dsl.bell.ca> has quit IRC (Quit: Leaving.)
2019-10-10T19:00:44  *** cherylhjli <cherylhjli!~Adium@toroon0949w-lp130-04-65-94-97-42.dsl.bell.ca> has joined #fluid-design
2019-10-10T19:05:18  <michelled1> cherylhjli: are you going to be in the office tomorrow?
2019-10-10T19:05:27  <cherylhjli> michelled1 - I can be!
2019-10-10T19:05:39  <michelled1> colinclark was hoping you'd be here to meet Eric
2019-10-10T19:05:46  <michelled1> I doubt I'll make it down in time
2019-10-10T19:06:02  <michelled1> he thinks it will be 12 or 12;30
2019-10-10T19:07:28  *** colinclark <colinclark!colinclark@nat/ocadu/x-quvvrxjdumrkhhfv> has quit IRC (Ping timeout: 268 seconds)
2019-10-10T19:08:05  <cherylhjli> sounds good - I'll be there
2019-10-10T19:09:40  *** danayo_ <danayo_!~danayo@S0106f81d0f5cda43.vc.shawcable.net> has joined #fluid-design
2019-10-10T19:12:32  *** michelled1 <michelled1!~Adium@205.211.168.103> has quit IRC (Quit: Leaving.)
2019-10-10T19:13:52  *** danayo_ <danayo_!~danayo@S0106f81d0f5cda43.vc.shawcable.net> has quit IRC (Client Quit)
2019-10-10T19:24:18  *** michelled <michelled!~Adium@205.211.168.103> has joined #fluid-design
2019-10-10T19:49:43  *** cherylhjli <cherylhjli!~Adium@toroon0949w-lp130-04-65-94-97-42.dsl.bell.ca> has quit IRC (Quit: Leaving.)
2019-10-10T19:50:19  *** cherylhjli <cherylhjli!~Adium@toroon0949w-lp130-04-65-94-97-42.dsl.bell.ca> has joined #fluid-design
2019-10-10T19:57:34  <gmoss> Bosmon: In fixing a bug with IE11, I've implemented a variation on some of the review you left on your SJRK-255 PR. It would be great if you could take a look at it when you have a spare cycle or two. https://github.com/fluid-project/sjrk-story-telling/pull/46
2019-10-10T19:57:42  <gmoss> for reference, here's the feedback you left: https://github.com/fluid-project/sjrk-story-telling/pull/35#pullrequestreview-270696714
2019-10-10T19:58:27  <Bosmon> Thanks, gmoss, I'll take a look
2019-10-10T19:58:36  <Bosmon> It wasn't clear how the comment was related to the IE11 issue
2019-10-10T19:58:38  <gmoss> Thanks, Bosmon!
2019-10-10T19:58:47  <Bosmon> Which seemed to centre on the use of .includes() or so?
2019-10-10T19:59:07  <gmoss> Bosmon: that's correct, .includes isn't implemented by Trident, so IE can't use it
2019-10-10T19:59:25  <Bosmon> Oh yes
2019-10-10T19:59:27  <gmoss> your proposed fix circumvents the issue
2019-10-10T19:59:29  <Bosmon> I see it in there on line 186
2019-10-10T20:00:00  <Bosmon> A cheap fix would have just been to replace it with .indexOf() thing !== -1, but I'm glad to see the wider issue fixed :)
2019-10-10T20:00:26  <Bosmon> I think your fix looks good
2019-10-10T20:00:55  <gmoss> Bosmon: excellent :)
2019-10-10T20:01:03  <gmoss> thanks for taking a look!
2019-10-10T20:01:20  <Bosmon> Another option would have kept your existing logic structure and replaced the manual check with an call to fluid.queryIoCSelector()
2019-10-10T20:06:10  *** michelled <michelled!~Adium@205.211.168.103> has quit IRC (Quit: Leaving.)
2019-10-10T20:32:01  *** cindyli <cindyli!~Adium@198.52.178.28> has quit IRC (Quit: Leaving.)
2019-10-10T20:44:20  *** jhung_3 <jhung_3!~jhung@CPE18e829ac96f5-CMa84e3f431590.cpe.net.cable.rogers.com> has quit IRC (Quit: Leaving)
2019-10-10T20:59:56  *** simonjb <simonjb!~simonjb@205.211.168.103> has quit IRC ()
2019-10-10T21:00:08  *** danielcho <danielcho!~Adium@205.211.168.104> has left #fluid-design
2019-10-10T21:14:37  *** clown <clown!clown@nat/ocadu/x-xwewwpkvvnaxsyjm> has quit IRC (Quit: Leaving.)
2019-10-10T21:14:53  *** avtar1 <avtar1!~avtar@ip-24-50-189-137.user.start.ca> has quit IRC (Quit: Leaving.)
2019-10-10T21:29:16  *** michelled <michelled!~Adium@135-23-85-27.cpe.pppoe.ca> has joined #fluid-design
2019-10-10T22:00:50  *** cherylhjli <cherylhjli!~Adium@toroon0949w-lp130-04-65-94-97-42.dsl.bell.ca> has quit IRC (Quit: Leaving.)
2019-10-10T22:03:00  *** alanharnum <alanharnum!uid363993@gateway/web/irccloud.com/x-srwiqctcpgqtguml> has quit IRC (Quit: Connection closed for inactivity)
2019-10-10T23:31:30  *** michelled <michelled!~Adium@135-23-85-27.cpe.pppoe.ca> has quit IRC (Quit: Leaving.)
2019-10-10T23:46:05  *** colinclark <colinclark!~colinclar@192-0-158-138.cpe.teksavvy.com> has joined #fluid-design
2019-10-10T23:59:56  *** colinclark <colinclark!~colinclar@192-0-158-138.cpe.teksavvy.com> has quit IRC (Quit: colinclark)
