2020-04-24T04:06:42  *** Teddy___ <Teddy___!uid407930@gateway/web/irccloud.com/x-wjpyehcsmdhvkjoc> has quit IRC (Quit: Connection closed for inactivity)
2020-04-24T05:27:11  *** philip__ <philip__!~philip@142.120.64.92> has quit IRC (Remote host closed the connection)
2020-04-24T12:50:31  *** alanharnum <alanharnum!uid363993@gateway/web/irccloud.com/x-bnybiqdfhtbhbvgj> has joined #fluid-design
2020-04-24T13:25:28  *** cherylhjli <cherylhjli!~Adium@142.120.220.187> has joined #fluid-design
2020-04-24T13:29:07  *** cindyli <cindyli!~Adium@198.52.178.16> has joined #fluid-design
2020-04-24T13:30:00  *** danielcho <danielcho!~Adium@hmtnon1497w-lp130-04-76-67-175-151.dsl.bell.ca> has joined #fluid-design
2020-04-24T13:42:57  *** sepidehshahi <sepidehshahi!~sepidehsh@CPEe0553d68e035-CM64777d56f120.cpe.net.cable.rogers.com> has joined #fluid-design
2020-04-24T13:57:47  *** danayo <danayo!~danayo@S0106f81d0f5cda43.vc.shawcable.net> has joined #fluid-design
2020-04-24T14:08:41  *** colinclark <colinclark!~anonymous@CPEbc3e0737d1c3-CMbc3e0737d1c0.cpe.net.cable.rogers.com> has joined #fluid-design
2020-04-24T14:27:10  *** clown <clown!~clown@ckvlon1747w-140-01-65-94-143-173.dsl.bell.ca> has joined #fluid-design
2020-04-24T14:32:04  *** danayo <danayo!~danayo@S0106f81d0f5cda43.vc.shawcable.net> has quit IRC (Quit: danayo)
2020-04-24T15:09:51  *** philip__ <philip__!~philip@142.120.64.92> has joined #fluid-design
2020-04-24T15:21:31  *** sepidehshahi <sepidehshahi!~sepidehsh@CPEe0553d68e035-CM64777d56f120.cpe.net.cable.rogers.com> has quit IRC (Quit: sepidehshahi)
2020-04-24T15:22:01  *** sepidehshahi <sepidehshahi!~sepidehsh@CPEe0553d68e035-CM64777d56f120.cpe.net.cable.rogers.com> has joined #fluid-design
2020-04-24T15:22:31  *** sepidehshahi <sepidehshahi!~sepidehsh@CPEe0553d68e035-CM64777d56f120.cpe.net.cable.rogers.com> has quit IRC (Client Quit)
2020-04-24T15:26:12  *** sepidehshahi <sepidehshahi!~sepidehsh@CPEe0553d68e035-CM64777d56f120.cpe.net.cable.rogers.com> has joined #fluid-design
2020-04-24T15:30:24  *** Teddy___ <Teddy___!uid407930@gateway/web/irccloud.com/x-gsyelbweybjhfawa> has joined #fluid-design
2020-04-24T15:51:25  <cindyli> greatislander, Teddy___, from the standup, sounds we should meet to update each other?
2020-04-24T15:51:37  <greatislander> yes, let's have a quick meeting
2020-04-24T15:51:44  <greatislander> I'll go to the We Count room
2020-04-24T15:51:48  <cindyli> coming
2020-04-24T15:58:59  <greatislander> Teddy___?
2020-04-24T16:00:13  <Teddy___> sorry coming now
2020-04-24T16:27:13  *** danayo <danayo!~danayo@S0106f81d0f5cda43.vc.shawcable.net> has joined #fluid-design
2020-04-24T16:33:38  <gmoss> cindyli danayo: shall we meet for Storytelling check-in?
2020-04-24T16:33:59  *** danayo <danayo!~danayo@S0106f81d0f5cda43.vc.shawcable.net> has left #fluid-design
2020-04-24T16:37:53  *** colinclark <colinclark!~anonymous@CPEbc3e0737d1c3-CMbc3e0737d1c0.cpe.net.cable.rogers.com> has quit IRC (Quit: colinclark)
2020-04-24T16:41:15  *** colinclark <colinclark!~anonymous@CPEbc3e0737d1c3-CMbc3e0737d1c0.cpe.net.cable.rogers.com> has joined #fluid-design
2020-04-24T16:51:46  <cindyli> sorry, just saw your message, gmoss, let me know if you need me for check in
2020-04-24T16:53:22  <gmoss> cindyli: no worries! I'm available if you want to, but I don't think there's a dire need today. I'm going to try to wrap up SJRK-342 ASAP and then get back to SJRK-289.
2020-04-24T16:54:01  <cindyli> sounds great. thanks, gmoss
2020-04-24T17:01:11  *** sepidehshahi <sepidehshahi!~sepidehsh@CPEe0553d68e035-CM64777d56f120.cpe.net.cable.rogers.com> has quit IRC (Quit: sepidehshahi)
2020-04-24T17:32:39  *** cindyli <cindyli!~Adium@198.52.178.16> has quit IRC (Quit: Leaving.)
2020-04-24T17:42:44  *** cindyli <cindyli!~Adium@198.52.178.16> has joined #fluid-design
2020-04-24T18:34:55  *** colinclark <colinclark!~anonymous@CPEbc3e0737d1c3-CMbc3e0737d1c0.cpe.net.cable.rogers.com> has quit IRC (Quit: colinclark)
2020-04-24T18:48:08  *** cherylhjli <cherylhjli!~Adium@142.120.220.187> has quit IRC (Quit: Leaving.)
2020-04-24T19:22:27  *** colinclark <colinclark!~anonymous@CPEbc3e0737d1c3-CMbc3e0737d1c0.cpe.net.cable.rogers.com> has joined #fluid-design
2020-04-24T19:31:14  *** cherylhjli <cherylhjli!~Adium@142.120.220.187> has joined #fluid-design
2020-04-24T19:50:17  <erictheise> greatislander, didn’t get a calendar notice from you about meeting today so I’m going to assume Monday pre-iteration planning is still your preference and don my mask to go in search of provisions.
2020-04-24T19:59:51  <greatislander> sorry Eric, yes, let's do Monday.
2020-04-24T20:00:29  *** cherylhjli <cherylhjli!~Adium@142.120.220.187> has quit IRC (Quit: Leaving.)
2020-04-24T20:09:31  *** erictheise <erictheise!~erictheis@104-244-26-158.PUBLIC.monkeybrains.net> has quit IRC (Quit: erictheise)
2020-04-24T20:54:58  *** colinclark <colinclark!~anonymous@CPEbc3e0737d1c3-CMbc3e0737d1c0.cpe.net.cable.rogers.com> has quit IRC (Quit: colinclark)
2020-04-24T20:57:07  *** colinclark <colinclark!~anonymous@CPEbc3e0737d1c3-CMbc3e0737d1c0.cpe.net.cable.rogers.com> has joined #fluid-design
2020-04-24T21:15:30  *** danielcho <danielcho!~Adium@hmtnon1497w-lp130-04-76-67-175-151.dsl.bell.ca> has quit IRC (Quit: Leaving.)
2020-04-24T21:18:12  *** cindyli <cindyli!~Adium@198.52.178.16> has quit IRC (Quit: Leaving.)
2020-04-24T21:21:37  *** danayo <danayo!~danayo@S0106f81d0f5cda43.vc.shawcable.net> has joined #fluid-design
2020-04-24T21:44:44  *** clown <clown!~clown@ckvlon1747w-140-01-65-94-143-173.dsl.bell.ca> has left #fluid-design
2020-04-24T22:19:58  *** danayo <danayo!~danayo@S0106f81d0f5cda43.vc.shawcable.net> has quit IRC (Quit: danayo)
2020-04-24T22:24:07  *** danayo <danayo!~danayo@S0106f81d0f5cda43.vc.shawcable.net> has joined #fluid-design
2020-04-24T22:36:35  *** danayo <danayo!~danayo@S0106f81d0f5cda43.vc.shawcable.net> has quit IRC (Quit: danayo)
2020-04-24T22:36:52  *** colinclark <colinclark!~anonymous@CPEbc3e0737d1c3-CMbc3e0737d1c0.cpe.net.cable.rogers.com> has quit IRC (Quit: colinclark)
2020-04-24T22:37:11  *** danayo <danayo!~danayo@S0106f81d0f5cda43.vc.shawcable.net> has joined #fluid-design
2020-04-24T22:38:07  *** colinclark <colinclark!~anonymous@CPEbc3e0737d1c3-CMbc3e0737d1c0.cpe.net.cable.rogers.com> has joined #fluid-design
2020-04-24T22:39:33  *** colinclark <colinclark!~anonymous@CPEbc3e0737d1c3-CMbc3e0737d1c0.cpe.net.cable.rogers.com> has quit IRC (Client Quit)
2020-04-24T22:47:02  *** danayo <danayo!~danayo@S0106f81d0f5cda43.vc.shawcable.net> has quit IRC (Quit: danayo)
