2020-05-03T00:10:29  *** philip__ <philip__!~philip@lnsm3-torontoxn-142-116-56-88.internet.virginmobile.ca> has quit IRC (Remote host closed the connection)
2020-05-03T01:21:29  *** philip__ <philip__!~philip@lnsm3-torontoxn-142-116-56-88.internet.virginmobile.ca> has joined #fluid-design
2020-05-03T02:08:50  *** philip__ <philip__!~philip@lnsm3-torontoxn-142-116-56-88.internet.virginmobile.ca> has quit IRC (Remote host closed the connection)
2020-05-03T02:11:57  *** philip__ <philip__!~philip@lnsm3-torontoxn-142-116-56-88.internet.virginmobile.ca> has joined #fluid-design
2020-05-03T03:50:31  *** philip__ <philip__!~philip@lnsm3-torontoxn-142-116-56-88.internet.virginmobile.ca> has quit IRC (Remote host closed the connection)
2020-05-03T03:54:35  *** philip__ <philip__!~philip@lnsm3-torontoxn-142-116-56-88.internet.virginmobile.ca> has joined #fluid-design
2020-05-03T04:30:20  *** philip__ <philip__!~philip@lnsm3-torontoxn-142-116-56-88.internet.virginmobile.ca> has quit IRC (Remote host closed the connection)
2020-05-03T04:30:53  *** philip__ <philip__!~philip@lnsm3-torontoxn-142-116-56-88.internet.virginmobile.ca> has joined #fluid-design
2020-05-03T04:35:32  *** philip__ <philip__!~philip@lnsm3-torontoxn-142-116-56-88.internet.virginmobile.ca> has quit IRC (Ping timeout: 260 seconds)
2020-05-03T05:17:35  *** philip__ <philip__!~philip@lnsm3-torontoxn-142-116-56-88.internet.virginmobile.ca> has joined #fluid-design
2020-05-03T05:18:52  *** philip__ <philip__!~philip@lnsm3-torontoxn-142-116-56-88.internet.virginmobile.ca> has quit IRC (Remote host closed the connection)
2020-05-03T05:19:29  *** philip__ <philip__!~philip@lnsm3-torontoxn-142-116-56-88.internet.virginmobile.ca> has joined #fluid-design
2020-05-03T05:24:26  *** philip__ <philip__!~philip@lnsm3-torontoxn-142-116-56-88.internet.virginmobile.ca> has quit IRC (Ping timeout: 272 seconds)
2020-05-03T06:31:58  *** philip__ <philip__!~philip@lnsm3-torontoxn-142-116-56-88.internet.virginmobile.ca> has joined #fluid-design
2020-05-03T06:36:52  *** philip__ <philip__!~philip@lnsm3-torontoxn-142-116-56-88.internet.virginmobile.ca> has quit IRC (Ping timeout: 260 seconds)
2020-05-03T07:39:56  *** erictheise_ <erictheise_!~erictheis@104-244-26-158.PUBLIC.monkeybrains.net> has joined #fluid-design
2020-05-03T07:41:42  *** erictheise <erictheise!~erictheis@104-244-26-158.PUBLIC.monkeybrains.net> has quit IRC (Ping timeout: 260 seconds)
2020-05-03T07:41:42  *** erictheise_ is now known as erictheise
2020-05-03T08:49:35  *** erictheise <erictheise!~erictheis@104-244-26-158.PUBLIC.monkeybrains.net> has quit IRC (Read error: No route to host)
2020-05-03T09:12:19  *** erictheise <erictheise!~erictheis@104-244-26-158.PUBLIC.monkeybrains.net> has joined #fluid-design
2020-05-03T09:30:30  *** philip__ <philip__!~philip@lnsm3-torontoxn-142-116-56-88.internet.virginmobile.ca> has joined #fluid-design
2020-05-03T10:04:02  *** philip__ <philip__!~philip@lnsm3-torontoxn-142-116-56-88.internet.virginmobile.ca> has quit IRC (Ping timeout: 260 seconds)
2020-05-03T11:45:58  *** philip__ <philip__!~philip@lnsm3-torontoxn-142-116-56-88.internet.virginmobile.ca> has joined #fluid-design
2020-05-03T11:50:42  *** philip__ <philip__!~philip@lnsm3-torontoxn-142-116-56-88.internet.virginmobile.ca> has quit IRC (Ping timeout: 260 seconds)
2020-05-03T12:01:15  *** philip__ <philip__!~philip@209.171.88.107> has joined #fluid-design
2020-05-03T12:07:42  *** philip__ <philip__!~philip@209.171.88.107> has quit IRC (Ping timeout: 260 seconds)
2020-05-03T12:21:34  *** philip__ <philip__!~philip@209.171.88.217> has joined #fluid-design
2020-05-03T12:27:30  *** philip__ <philip__!~philip@209.171.88.217> has quit IRC (Ping timeout: 272 seconds)
2020-05-03T12:29:42  *** philip__ <philip__!~philip@142.118.77.87> has joined #fluid-design
2020-05-03T13:57:22  *** danayo <danayo!~danayo@S0106f81d0f5cda43.vc.shawcable.net> has joined #fluid-design
2020-05-03T14:32:16  *** danayo <danayo!~danayo@S0106f81d0f5cda43.vc.shawcable.net> has quit IRC (Quit: danayo)
2020-05-03T17:23:34  *** danayo <danayo!~danayo@S0106f81d0f5cda43.vc.shawcable.net> has joined #fluid-design
2020-05-03T19:03:27  *** danayo <danayo!~danayo@S0106f81d0f5cda43.vc.shawcable.net> has quit IRC (Quit: danayo)
2020-05-03T19:05:35  *** danayo <danayo!~danayo@S0106f81d0f5cda43.vc.shawcable.net> has joined #fluid-design
2020-05-03T19:44:11  *** danayo <danayo!~danayo@S0106f81d0f5cda43.vc.shawcable.net> has quit IRC (Quit: danayo)
2020-05-03T19:54:35  *** danayo <danayo!~danayo@S0106f81d0f5cda43.vc.shawcable.net> has joined #fluid-design
2020-05-03T20:26:54  *** erictheise <erictheise!~erictheis@104-244-26-158.PUBLIC.monkeybrains.net> has left #fluid-design
2020-05-03T21:05:03  *** danayo <danayo!~danayo@S0106f81d0f5cda43.vc.shawcable.net> has quit IRC (Quit: danayo)
2020-05-03T21:14:00  *** danayo <danayo!~danayo@S0106f81d0f5cda43.vc.shawcable.net> has joined #fluid-design
2020-05-03T21:15:18  *** danayo <danayo!~danayo@S0106f81d0f5cda43.vc.shawcable.net> has quit IRC (Client Quit)
2020-05-03T21:16:16  *** danayo <danayo!~danayo@S0106f81d0f5cda43.vc.shawcable.net> has joined #fluid-design
2020-05-03T21:54:37  *** erictheise <erictheise!~erictheis@104-244-26-158.PUBLIC.monkeybrains.net> has joined #fluid-design
2020-05-03T22:01:32  *** erictheise <erictheise!~erictheis@104-244-26-158.PUBLIC.monkeybrains.net> has quit IRC (Quit: erictheise)
2020-05-03T22:10:21  *** erictheise <erictheise!~erictheis@104-244-26-158.PUBLIC.monkeybrains.net> has joined #fluid-design
2020-05-03T22:10:43  *** erictheise <erictheise!~erictheis@104-244-26-158.PUBLIC.monkeybrains.net> has quit IRC (Client Quit)
2020-05-03T23:08:02  *** danayo <danayo!~danayo@S0106f81d0f5cda43.vc.shawcable.net> has quit IRC (Quit: danayo)
