2019-04-16T01:34:20  *** colinclark <colinclark!~colinclar@192-0-159-124.cpe.teksavvy.com> has joined #fluid-design
2019-04-16T01:42:41  *** colinclark <colinclark!~colinclar@192-0-159-124.cpe.teksavvy.com> has quit IRC (Ping timeout: 252 seconds)
2019-04-16T01:43:51  *** colinclark <colinclark!~colinclar@192-0-159-124.cpe.teksavvy.com> has joined #fluid-design
2019-04-16T01:51:22  *** colinclark <colinclark!~colinclar@192-0-159-124.cpe.teksavvy.com> has quit IRC (Quit: colinclark)
2019-04-16T03:28:33  *** danayo <danayo!~danayo@S0106f81d0f5cda43.vc.shawcable.net> has joined #fluid-design
2019-04-16T03:30:43  *** danayo <danayo!~danayo@S0106f81d0f5cda43.vc.shawcable.net> has quit IRC (Client Quit)
2019-04-16T03:31:13  *** danayo <danayo!~danayo@S0106f81d0f5cda43.vc.shawcable.net> has joined #fluid-design
2019-04-16T03:31:13  *** danayo <danayo!~danayo@S0106f81d0f5cda43.vc.shawcable.net> has quit IRC (Client Quit)
2019-04-16T11:51:22  *** suranamudit[m] <suranamudit[m]!suranamudi@gateway/shell/matrix.org/x-ahqlappoxqovuvxw> has joined #fluid-design
2019-04-16T12:00:46  *** greatislander <greatislander!~greatisla@24.138.74.254> has joined #fluid-design
2019-04-16T13:04:55  *** carenwatkins_ <carenwatkins_!~carenwatk@2607:fea8:13e0:ecf:9027:f8a3:ca0:59d> has joined #fluid-design
2019-04-16T13:07:04  *** avtar <avtar!~avtar@ip-24-50-171-248.user.start.ca> has joined #fluid-design
2019-04-16T13:25:17  *** jhung <jhung!~Adium@CPE54a0505a5e09-CMa84e3f431590.cpe.net.cable.rogers.com> has joined #fluid-design
2019-04-16T13:31:01  *** clown <clown!clown@nat/ocadu/x-fmckapiiauwhsqaz> has joined #fluid-design
2019-04-16T14:05:50  *** suranamudit[m] <suranamudit[m]!suranamudi@gateway/shell/matrix.org/x-ahqlappoxqovuvxw> has quit IRC (Remote host closed the connection)
2019-04-16T14:24:55  *** cherylhjli <cherylhjli!Adium@nat/ocadu/x-revfkvxkvertqwui> has joined #fluid-design
2019-04-16T14:34:27  *** suranamudit[m] <suranamudit[m]!suranamudi@gateway/shell/matrix.org/x-yandpwbvzwgwzlbz> has joined #fluid-design
2019-04-16T15:07:21  *** danayo <danayo!~danayo@S0106f81d0f5cda43.vc.shawcable.net> has joined #fluid-design
2019-04-16T15:07:27  *** danayo_ <danayo_!~danayo@S0106f81d0f5cda43.vc.shawcable.net> has joined #fluid-design
2019-04-16T15:22:49  <carenwatkins_> Good morning danayo danayo_ Wanted to share StoryTelling since we last chatted: https://files.inclusivedesign.ca/apps/files/?dir=/IDRC-Design/Projects/Social%20Justice%20Repair%20Kit/Story%20Telling/Learning%20to%20learn%20project/%E2%80%A2%20StoryTelling%20digital%20designs&fileid=58286#pdfviewer V.10
2019-04-16T15:23:24  <danayo_> V10 carenwatkins_ ? :)
2019-04-16T15:23:37  <danayo_> ah
2019-04-16T15:23:45  <danayo_> I missed that, sorry
2019-04-16T15:23:47  <danayo_> V10 it is
2019-04-16T15:23:51  <carenwatkins_> yes... :-)
2019-04-16T15:24:19  <carenwatkins_> I wonder if you might show me how to produce a direct link ! danayo_
2019-04-16T15:25:52  <carenwatkins_> danayo_: I also explored the Story Hub idea in V9B which may be worth keeping as an idea if and when the StoryTelling Project expands.
2019-04-16T15:26:04  <danayo_> ok carenwatkins_, sounds good
2019-04-16T15:26:17  <danayo_> and for sure I can show you how to produce a direct link
2019-04-16T15:26:25  <danayo_> there are two ways
2019-04-16T15:26:53  <carenwatkins_> Thank you danayo_ :-)
2019-04-16T15:27:16  <danayo_> do you have it set up to access owncloud through your finder carenwatkins_? or do you only use it in your browser?
2019-04-16T15:27:39  <carenwatkins_> in browser, danayo_
2019-04-16T15:27:44  <danayo_> ok
2019-04-16T15:33:46  *** lliskovoi <lliskovoi!lliskovoi@nat/ocadu/x-otmpdzvhcylqvrdc> has joined #fluid-design
2019-04-16T15:34:03  <lliskovoi> is there a planning meeting happening?
2019-04-16T15:34:10  <lliskovoi> asking for a friend :P
2019-04-16T15:37:05  <carenwatkins_> Hi lliskovoi we started in on an update format rather than planning :-)
2019-04-16T15:37:45  <lliskovoi> thanks carenwatkins_ sadly, can't join today myself :(
2019-04-16T15:38:02  <carenwatkins_> we miss you ... and your friend LOL
2019-04-16T15:38:12  <carenwatkins_> lliskovoi: ^
2019-04-16T15:39:15  <lliskovoi> awww I miss you all too! Fingers crossed maybe will be less bananas
2019-04-16T15:39:24  <lliskovoi> May*
2019-04-16T15:41:04  <carenwatkins_> :)
2019-04-16T15:47:49  <carenwatkins_> danayo_: I wonder if we might quickly Vidyo re: OwnCloud links if you have time now?
2019-04-16T15:52:57  *** greatislander <greatislander!~greatisla@24.138.74.254> has quit IRC (Quit: greatislander)
2019-04-16T15:54:07  *** lliskovoi_ <lliskovoi_!~lliskovoi@205.211.168.105> has joined #fluid-design
2019-04-16T15:57:39  *** jhung is now known as jhung_away
2019-04-16T15:58:07  *** lliskovoi <lliskovoi!lliskovoi@nat/ocadu/x-otmpdzvhcylqvrdc> has quit IRC (Ping timeout: 246 seconds)
2019-04-16T15:58:07  *** lliskovoi_ is now known as lliskovoi
2019-04-16T16:04:07  <danayo_> carenwatkins_: I have attempted to list all the steps, which is ridiculously long (6 steps!) and I'll email them to you now - I'm curious to see if they are clear enough to follow
2019-04-16T16:04:58  <carenwatkins_> Ok, great. I'll let you know danayo_ thanks!
2019-04-16T16:05:46  <danayo_> if you install the desktop client carenwatkins_, there is a much quicker way
2019-04-16T16:06:39  <danayo_> you can just right-click on the file and choose "share with Owncloud"
2019-04-16T16:09:28  <carenwatkins_> danayo_ The desktop client was causing problems with the space on my computers....I guess I could customize sync, I just haven't done that so everything was sitting on my computers. I can dig in to customizing sync which may be similar to DropBox custom sync...which I know well  :\
2019-04-16T16:11:40  <danayo_> for sure carenwatkins_
2019-04-16T16:14:52  <carenwatkins_> Instructions are great danayo_ everything worked up to clicking on "copy to clipboard" icon. When clicked nothing seems to be saved to past somewhere else.
2019-04-16T16:14:57  *** lliskovoi <lliskovoi!~lliskovoi@205.211.168.105> has quit IRC (Remote host closed the connection)
2019-04-16T16:15:06  *** lliskovoi <lliskovoi!lliskovoi@nat/ocadu/x-eqsbfutlvguwgoir> has joined #fluid-design
2019-04-16T16:16:29  <danayo_> there's no feedback carenwatkins_ :P did you try pasting?
2019-04-16T16:18:38  <carenwatkins_> yup, no feedback, but I assumed something would be saved to the clipboard yet "pasting" resulted in nothing...I'll try again and use the menu to paste rather than keyboard commands. Thanks danayo_ I don't need to bug you any more about this! Appreciate all the help.
2019-04-16T16:18:52  <danayo_> no worries carenwatkins_ !
2019-04-16T16:18:56  <danayo_> let me know if it still doesn't work
2019-04-16T16:25:30  *** lliskovoi <lliskovoi!lliskovoi@nat/ocadu/x-eqsbfutlvguwgoir> has quit IRC (Quit: lliskovoi)
2019-04-16T16:40:46  *** lliskovoi <lliskovoi!lliskovoi@nat/ocadu/x-irgzoeotfxyfbgsw> has joined #fluid-design
2019-04-16T16:50:24  <clown> lliskovoi:  I can type here again, but don't know what changed.  Thanks for making the inquiry.
2019-04-16T16:53:10  *** jhung_away is now known as jhung
2019-04-16T16:59:55  *** lliskovoi <lliskovoi!lliskovoi@nat/ocadu/x-irgzoeotfxyfbgsw> has quit IRC (Quit: lliskovoi)
2019-04-16T17:00:59  *** lliskovoi <lliskovoi!lliskovoi@nat/ocadu/x-rntvvsuhcdxwpmno> has joined #fluid-design
2019-04-16T17:08:48  *** cherylhjli <cherylhjli!Adium@nat/ocadu/x-revfkvxkvertqwui> has quit IRC (Quit: Leaving.)
2019-04-16T17:10:15  *** cherylhjli <cherylhjli!Adium@nat/ocadu/x-xcjrojyjoyxfuwca> has joined #fluid-design
2019-04-16T17:10:49  *** cherylhjli <cherylhjli!Adium@nat/ocadu/x-xcjrojyjoyxfuwca> has quit IRC (Client Quit)
2019-04-16T17:24:04  <danayo_> carenwatkins_: any luck with the owncloud links? also, I can chat if you like about storytelling site
2019-04-16T17:26:12  <carenwatkins_> No luck danayo_ AND yes pls let's chat storytelling. I'll open my room?
2019-04-16T17:27:20  <danayo_> ok
2019-04-16T17:32:36  *** jhung <jhung!~Adium@CPE54a0505a5e09-CMa84e3f431590.cpe.net.cable.rogers.com> has quit IRC (Quit: Leaving.)
2019-04-16T17:36:51  *** jhung <jhung!~Adium@CPE54a0505a5e09-CMa84e3f431590.cpe.net.cable.rogers.com> has joined #fluid-design
2019-04-16T17:41:48  *** greatislander <greatislander!~greatisla@24.138.74.254> has joined #fluid-design
2019-04-16T17:48:14  *** cherylhjli <cherylhjli!Adium@nat/ocadu/x-wrocyldthprqhnsz> has joined #fluid-design
2019-04-16T17:48:25  *** cherylhjli <cherylhjli!Adium@nat/ocadu/x-wrocyldthprqhnsz> has quit IRC (Client Quit)
2019-04-16T17:48:26  <jhung> fluid-everyone: The design crit will be starting in just over 10 minutes. Today we will be talking about sign to text / audio.
2019-04-16T17:49:15  <jhung> If you are in the office, make your way to the Collaboration Room and meet our presenter, Ade (pronounced A-dee).
2019-04-16T17:50:49  *** clown <clown!clown@nat/ocadu/x-fmckapiiauwhsqaz> has quit IRC (Quit: Leaving.)
2019-04-16T17:53:14  *** clown <clown!~clown@205.211.168.101> has joined #fluid-design
2019-04-16T18:04:26  *** cherylhjli <cherylhjli!~Adium@205.211.168.101> has joined #fluid-design
2019-04-16T18:04:58  <gmoss> fluid-everyone: the design crit is starting now
2019-04-16T18:08:58  *** cherylhjli <cherylhjli!~Adium@205.211.168.101> has quit IRC (Client Quit)
2019-04-16T18:16:55  *** cherylhjli <cherylhjli!~Adium@205.211.168.101> has joined #fluid-design
2019-04-16T18:34:35  *** avtar <avtar!~avtar@ip-24-50-171-248.user.start.ca> has quit IRC (Quit: Leaving.)
2019-04-16T18:40:41  *** cherylhjli <cherylhjli!~Adium@205.211.168.101> has quit IRC (Quit: Leaving.)
2019-04-16T18:46:58  *** danayo_ <danayo_!~danayo@S0106f81d0f5cda43.vc.shawcable.net> has quit IRC (Quit: danayo_)
2019-04-16T19:06:35  *** cherylhjli <cherylhjli!~Adium@205.211.168.101> has joined #fluid-design
2019-04-16T19:06:37  *** cherylhjli <cherylhjli!~Adium@205.211.168.101> has quit IRC (Client Quit)
2019-04-16T19:07:18  *** clown <clown!~clown@205.211.168.101> has quit IRC (Quit: Leaving.)
2019-04-16T19:08:15  *** danayo_ <danayo_!~danayo@S0106f81d0f5cda43.vc.shawcable.net> has joined #fluid-design
2019-04-16T19:14:49  *** avtar <avtar!~avtar@ip-24-50-171-248.user.start.ca> has joined #fluid-design
2019-04-16T19:20:17  *** cherylhjli <cherylhjli!~Adium@205.211.168.101> has joined #fluid-design
2019-04-16T19:20:26  *** danayo <danayo!~danayo@S0106f81d0f5cda43.vc.shawcable.net> has quit IRC (Quit: danayo)
2019-04-16T19:20:27  *** danayo_ is now known as danayo
2019-04-16T19:21:26  <carenwatkins_> Lovely campaign/logo design: https://design.peteforamerica.com/ AND a smart toolkit--check out the names of the colours in the colour palette: https://design.peteforamerica.com/logos
2019-04-16T19:22:18  *** cherylhjli <cherylhjli!~Adium@205.211.168.101> has quit IRC (Client Quit)
2019-04-16T19:22:40  *** cherylhjli <cherylhjli!~Adium@205.211.168.101> has joined #fluid-design
2019-04-16T19:29:44  *** clown <clown!clown@nat/ocadu/x-ygmooydqrbllszpw> has joined #fluid-design
2019-04-16T19:30:42  <carenwatkins_> hi gmoss I wonder if we could meet tomorrow, possibly in the afternoon, about StoryTelling?
2019-04-16T19:31:27  <gmoss>  hi carenwatkins_ , tomorrow afternoon works best for me. we don't have a community meeting this week, is 2:30 good for you?
2019-04-16T19:31:37  <gmoss> I'm busy in the morning
2019-04-16T19:32:23  <carenwatkins_> 2:30 should work gmoss I'll ping you around that time. thanks
2019-04-16T19:32:40  <gmoss> carenwatkins_: great :)
2019-04-16T19:32:54  <gmoss> jhung: I mean to send a couple of links to Ade, and I think lliskovoi had some things that she mentioned that would be good to forward to him. It also sounded like you had some things to send along. how should we coordinate this in a way that doesn't destroy his inbox?
2019-04-16T19:33:35  <jhung> gmoss: I already sent him the list I compiled during the Crit. Maybe you can send me the links so I don't send duplicates?
2019-04-16T19:34:21  <gmoss> jhung: sure :)
2019-04-16T19:35:50  <jhung> Awesome thanks gmoss
2019-04-16T19:39:07  *** danayo_ <danayo_!~danayo@S0106f81d0f5cda43.vc.shawcable.net> has joined #fluid-design
2019-04-16T19:40:30  <lliskovoi> gmoss: I don't have a ton, but I can put a few links together, jhung I'll send them to you shortly
2019-04-16T19:40:45  <jhung> Thanks!
2019-04-16T20:47:19  *** clown <clown!clown@nat/ocadu/x-ygmooydqrbllszpw> has quit IRC (Ping timeout: 268 seconds)
2019-04-16T20:48:39  *** lliskovoi_ <lliskovoi_!~lliskovoi@205.211.168.105> has joined #fluid-design
2019-04-16T20:48:53  *** lliskovoi_ <lliskovoi_!~lliskovoi@205.211.168.105> has quit IRC (Client Quit)
2019-04-16T20:52:52  *** lliskovoi <lliskovoi!lliskovoi@nat/ocadu/x-rntvvsuhcdxwpmno> has quit IRC (Ping timeout: 268 seconds)
2019-04-16T21:00:58  *** clown <clown!clown@nat/ocadu/x-msxzsibhzaiuozln> has joined #fluid-design
2019-04-16T21:01:29  *** carenwatkins_ <carenwatkins_!~carenwatk@2607:fea8:13e0:ecf:9027:f8a3:ca0:59d> has quit IRC (Quit: carenwatkins_)
2019-04-16T21:02:50  *** clown <clown!clown@nat/ocadu/x-msxzsibhzaiuozln> has quit IRC (Client Quit)
2019-04-16T21:15:19  *** jhung <jhung!~Adium@CPE54a0505a5e09-CMa84e3f431590.cpe.net.cable.rogers.com> has quit IRC (Quit: Leaving.)
2019-04-16T21:22:20  *** carenwatkins_ <carenwatkins_!~carenwatk@2607:fea8:13e0:ecf:9027:f8a3:ca0:59d> has joined #fluid-design
2019-04-16T21:28:39  <carenwatkins_> danayo: danayo_ I'm signing off for the day but wanted to you to have the link to the latest layout. https://files.inclusivedesign.ca/s/T0TIZeZA0AjzyDg
2019-04-16T21:29:42  <danayo> thanks carenwatkins_ !
2019-04-16T21:30:08  <carenwatkins_> YW danayo
2019-04-16T21:33:33  *** carenwatkins_ <carenwatkins_!~carenwatk@2607:fea8:13e0:ecf:9027:f8a3:ca0:59d> has quit IRC (Quit: carenwatkins_)
2019-04-16T21:49:50  *** cherylhjli <cherylhjli!~Adium@205.211.168.101> has left #fluid-design
2019-04-16T21:51:46  *** danayo <danayo!~danayo@S0106f81d0f5cda43.vc.shawcable.net> has quit IRC (Quit: danayo)
2019-04-16T21:51:46  *** danayo_ is now known as danayo
2019-04-16T21:51:47  *** danayo <danayo!~danayo@S0106f81d0f5cda43.vc.shawcable.net> has quit IRC (Quit: danayo)
2019-04-16T22:09:08  *** avtar <avtar!~avtar@ip-24-50-171-248.user.start.ca> has quit IRC (Quit: Leaving.)
2019-04-16T22:41:11  *** colinclark <colinclark!~colinclar@192-0-159-124.cpe.teksavvy.com> has joined #fluid-design
2019-04-16T22:50:52  *** colinclark <colinclark!~colinclar@192-0-159-124.cpe.teksavvy.com> has quit IRC (Quit: colinclark)
