2018-12-06T00:46:29  *** colinclark <colinclark!colinclark@nat/ocadu/x-artvegsnzoiwaofq> has quit IRC (Ping timeout: 268 seconds)
2018-12-06T00:49:49  *** lliskovoi <lliskovoi!~lliskovoi@205.211.168.101> has joined #fluid-design
2018-12-06T01:14:45  *** Justin_o <Justin_o!uid14648@gateway/web/irccloud.com/x-gyufpzsmxyixsxch> has quit IRC (Quit: Connection closed for inactivity)
2018-12-06T01:27:17  *** colinclark <colinclark!~colinclar@135-23-98-140.cpe.pppoe.ca> has joined #fluid-design
2018-12-06T01:29:41  *** colinclark <colinclark!~colinclar@135-23-98-140.cpe.pppoe.ca> has quit IRC (Client Quit)
2018-12-06T01:53:32  *** danayo <danayo!~danayo@S01069050ca694f23.vc.shawcable.net> has joined #fluid-design
2018-12-06T02:00:12  *** lliskovoi <lliskovoi!~lliskovoi@205.211.168.101> has quit IRC (Quit: lliskovoi)
2018-12-06T03:24:43  *** danayo <danayo!~danayo@S01069050ca694f23.vc.shawcable.net> has quit IRC (Quit: danayo)
2018-12-06T03:47:01  *** carenwatkins_ <carenwatkins_!~carenwatk@2607:fea8:13df:f92c:ac04:6e8:ac06:a541> has joined #fluid-design
2018-12-06T03:48:23  *** carenwatkins_ <carenwatkins_!~carenwatk@2607:fea8:13df:f92c:ac04:6e8:ac06:a541> has quit IRC (Client Quit)
2018-12-06T11:18:05  *** danayo <danayo!~danayo@S01069050ca694f23.vc.shawcable.net> has joined #fluid-design
2018-12-06T12:12:00  *** Justin_o <Justin_o!uid14648@gateway/web/irccloud.com/x-nwfjqufnwwhfhzwz> has joined #fluid-design
2018-12-06T13:16:07  *** alanharnum <alanharnum!~alanharnu@2607:fea8:12a0:b9b:b5c7:1251:9c22:82be> has joined #fluid-design
2018-12-06T13:19:26  *** lliskovoi <lliskovoi!~lliskovoi@CPE84948cd08c93-CM84948cd08c90.cpe.net.cable.rogers.com> has joined #fluid-design
2018-12-06T13:33:11  *** jhung <jhung!~Adium@dhcp-108-168-100-210.cable.user.start.ca> has joined #fluid-design
2018-12-06T13:43:03  *** cindyli <cindyli!~Adium@198.52.177.167> has joined #fluid-design
2018-12-06T14:13:46  *** alanharn_ <alanharn_!~alanharnu@2607:fea8:12a0:b9b:20cd:4f5e:f16e:8756> has joined #fluid-design
2018-12-06T14:16:34  *** alanharnum <alanharnum!~alanharnu@2607:fea8:12a0:b9b:b5c7:1251:9c22:82be> has quit IRC (Ping timeout: 250 seconds)
2018-12-06T14:24:55  *** avtar <avtar!~avtar@ip-24-50-177-162.user.start.ca> has joined #fluid-design
2018-12-06T14:37:06  *** simonjb <simonjb!~simonjb@198.178.118.18> has joined #fluid-design
2018-12-06T14:43:24  *** clown <clown!clown@nat/ocadu/x-hgxnqozzvvkxmzvi> has joined #fluid-design
2018-12-06T14:48:16  *** colinclark <colinclark!~colinclar@135-23-98-140.cpe.pppoe.ca> has joined #fluid-design
2018-12-06T15:04:04  *** sepidehshahi <sepidehshahi!sepidehsha@nat/ocadu/x-llbnxkaazjufrznx> has joined #fluid-design
2018-12-06T15:30:20  *** alanharn_ <alanharn_!~alanharnu@2607:fea8:12a0:b9b:20cd:4f5e:f16e:8756> has quit IRC ()
2018-12-06T15:46:41  *** simonjb <simonjb!~simonjb@198.178.118.18> has quit IRC ()
2018-12-06T15:59:28  *** michelled <michelled!~Adium@CPE0c473df21833-CM0c473df21830.cpe.net.cable.rogers.com> has joined #fluid-design
2018-12-06T16:05:16  *** danayo_ <danayo_!~danayo@S01069050ca694f23.vc.shawcable.net> has joined #fluid-design
2018-12-06T16:07:21  <jhung> clown and lliskovoi - I was wondering if either of you had any thoughts about the MathJax issue I sent you earlier in the week?
2018-12-06T16:08:25  <lliskovoi> jhung: it's on my list! Would Tuesday be too late? I'm a bit swamped util end of Monday
2018-12-06T16:08:40  <lliskovoi> but if you need it sooner, I'll do my best to squeeze it in
2018-12-06T16:09:49  <jhung> lliskovoi: that should be fine. I can give them an interim reply.
2018-12-06T16:12:12  <clown> jhung, *hanging head in shame* completely slipped my mind.
2018-12-06T16:12:44  <clown> I may be able to spare cycles for it tomorrow.  thanks for reminding me.
2018-12-06T16:13:37  <jhung> thanks clown.
2018-12-06T16:17:40  *** simonjb <simonjb!simonjb@nat/ocadu/x-gdxtlboxkucvvqhg> has joined #fluid-design
2018-12-06T16:18:26  *** alanharnum <alanharnum!alanharnum@nat/ocadu/x-fhkhlzgrkpdsjssq> has joined #fluid-design
2018-12-06T16:31:46  *** alanharnum <alanharnum!alanharnum@nat/ocadu/x-fhkhlzgrkpdsjssq> has quit IRC (Remote host closed the connection)
2018-12-06T16:32:14  *** alanharnum <alanharnum!alanharnum@nat/ocadu/x-leizfodkokozrmqs> has joined #fluid-design
2018-12-06T16:51:14  *** alanharnum <alanharnum!alanharnum@nat/ocadu/x-leizfodkokozrmqs> has quit IRC (Remote host closed the connection)
2018-12-06T16:51:25  *** alanharnum2 <alanharnum2!alanharnum@nat/ocadu/x-qpgmszqasopzsqlz> has joined #fluid-design
2018-12-06T16:54:52  *** lliskovoi <lliskovoi!~lliskovoi@CPE84948cd08c93-CM84948cd08c90.cpe.net.cable.rogers.com> has quit IRC (Quit: lliskovoi)
2018-12-06T16:56:20  *** jhung is now known as jhung_away
2018-12-06T17:11:38  *** alanharnum2 <alanharnum2!alanharnum@nat/ocadu/x-qpgmszqasopzsqlz> has quit IRC ()
2018-12-06T17:24:56  *** colinclark <colinclark!~colinclar@135-23-98-140.cpe.pppoe.ca> has quit IRC (Quit: colinclark)
2018-12-06T17:37:19  *** danayo_ <danayo_!~danayo@S01069050ca694f23.vc.shawcable.net> has quit IRC (Quit: danayo_)
2018-12-06T17:47:50  *** avtar <avtar!~avtar@ip-24-50-177-162.user.start.ca> has quit IRC (Quit: Leaving.)
2018-12-06T17:54:27  *** danayo_ <danayo_!~danayo@S01069050ca694f23.vc.shawcable.net> has joined #fluid-design
2018-12-06T18:15:43  *** lliskovoi <lliskovoi!~lliskovoi@CPE84948cd08c93-CM84948cd08c90.cpe.net.cable.rogers.com> has joined #fluid-design
2018-12-06T18:18:47  *** colinclark <colinclark!~colinclar@205.211.168.103> has joined #fluid-design
2018-12-06T18:29:48  *** avtar <avtar!~avtar@CPE703acbb3f064-CMbc4dfb4acf70.cpe.net.cable.rogers.com> has joined #fluid-design
2018-12-06T19:07:36  *** cindyli <cindyli!~Adium@198.52.177.167> has quit IRC (Quit: Leaving.)
2018-12-06T19:16:36  *** jhung_away <jhung_away!~Adium@dhcp-108-168-100-210.cable.user.start.ca> has quit IRC (Quit: Leaving.)
2018-12-06T19:18:00  *** jhung <jhung!~Adium@dhcp-108-168-100-210.cable.user.start.ca> has joined #fluid-design
2018-12-06T20:25:38  *** lliskovoi <lliskovoi!~lliskovoi@CPE84948cd08c93-CM84948cd08c90.cpe.net.cable.rogers.com> has quit IRC (Quit: lliskovoi)
2018-12-06T20:30:24  *** lliskovoi <lliskovoi!~lliskovoi@CPE84948cd08c93-CM84948cd08c90.cpe.net.cable.rogers.com> has joined #fluid-design
2018-12-06T20:46:16  *** lliskovoi <lliskovoi!~lliskovoi@CPE84948cd08c93-CM84948cd08c90.cpe.net.cable.rogers.com> has quit IRC (Quit: lliskovoi)
2018-12-06T21:17:19  *** jhung <jhung!~Adium@dhcp-108-168-100-210.cable.user.start.ca> has quit IRC (Quit: Leaving.)
2018-12-06T21:37:35  <michelled> colinclark, danayo: do you think we can push our check in until next week?
2018-12-06T21:48:06  <danayo_> that’s ok with me michelled.
2018-12-06T21:48:37  <danayo_> colinclark if you do have a bit of time now I’d love to run by you what we just talked with Fran and others
2018-12-06T21:49:22  <danayo_> what we just talked about with Fran and others, that is
2018-12-06T21:53:11  *** sepidehshahi <sepidehshahi!sepidehsha@nat/ocadu/x-llbnxkaazjufrznx> has quit IRC (Quit: sepidehshahi)
2018-12-06T22:04:09  *** clown <clown!clown@nat/ocadu/x-hgxnqozzvvkxmzvi> has quit IRC (Quit: Leaving.)
2018-12-06T22:12:05  *** colinclark <colinclark!~colinclar@205.211.168.103> has quit IRC (Quit: colinclark)
2018-12-06T22:22:12  *** danayo_ <danayo_!~danayo@S01069050ca694f23.vc.shawcable.net> has quit IRC (Quit: danayo_)
2018-12-06T22:27:56  *** simonjb <simonjb!simonjb@nat/ocadu/x-gdxtlboxkucvvqhg> has quit IRC (Quit: Leaving)
2018-12-06T22:33:52  *** michelled <michelled!~Adium@CPE0c473df21833-CM0c473df21830.cpe.net.cable.rogers.com> has quit IRC (Quit: Leaving.)
2018-12-06T22:41:47  *** Justin_o <Justin_o!uid14648@gateway/web/irccloud.com/x-nwfjqufnwwhfhzwz> has quit IRC (Quit: Connection closed for inactivity)
2018-12-06T23:16:28  *** Justin_o <Justin_o!uid14648@gateway/web/irccloud.com/x-nzivplpznvvooqvm> has joined #fluid-design
2018-12-06T23:28:56  *** avtar <avtar!~avtar@CPE703acbb3f064-CMbc4dfb4acf70.cpe.net.cable.rogers.com> has quit IRC (Quit: Leaving.)
