2020-01-31T00:20:28  *** jhung <jhung!~jhung@CPE0c473dc371c3-CM0c473dc371c0.cpe.net.fido.ca> has joined #fluid-design
2020-01-31T00:32:48  *** jhung <jhung!~jhung@CPE0c473dc371c3-CM0c473dc371c0.cpe.net.fido.ca> has quit IRC (Ping timeout: 268 seconds)
2020-01-31T01:00:13  *** avtar <avtar!~avtar@205.211.168.101> has quit IRC (Quit: Quit)
2020-01-31T02:01:57  *** danayo <danayo!~danayo@S0106f81d0f5cda43.vc.shawcable.net> has joined #fluid-design
2020-01-31T02:51:02  *** Justin_o <Justin_o!uid14648@gateway/web/irccloud.com/x-xbaxudapvcgrsdgw> has quit IRC (Quit: Connection closed for inactivity)
2020-01-31T03:10:18  *** danayo <danayo!~danayo@S0106f81d0f5cda43.vc.shawcable.net> has quit IRC (Quit: danayo)
2020-01-31T03:33:36  *** jhung <jhung!~jhung@CPE0c473dc371c3-CM0c473dc371c0.cpe.net.fido.ca> has joined #fluid-design
2020-01-31T03:34:04  *** jhung <jhung!~jhung@CPE0c473dc371c3-CM0c473dc371c0.cpe.net.fido.ca> has quit IRC (Client Quit)
2020-01-31T05:12:57  *** danayo <danayo!~danayo@S0106f81d0f5cda43.vc.shawcable.net> has joined #fluid-design
2020-01-31T05:23:36  *** danayo <danayo!~danayo@S0106f81d0f5cda43.vc.shawcable.net> has quit IRC (Quit: danayo)
2020-01-31T10:35:00  *** Teddy__ <Teddy__!uid407930@gateway/web/irccloud.com/x-pleykckssnkqtiny> has quit IRC (Quit: Connection closed for inactivity)
2020-01-31T12:09:03  *** Justin_o <Justin_o!uid14648@gateway/web/irccloud.com/x-qnkzrnbteifvjnod> has joined #fluid-design
2020-01-31T13:31:38  *** michelled <michelled!~Adium@135-23-104-71.cpe.pppoe.ca> has joined #fluid-design
2020-01-31T13:36:46  *** jhung <jhung!~jhung@CPE0c473dc371c3-CM0c473dc371c0.cpe.net.fido.ca> has joined #fluid-design
2020-01-31T13:44:15  *** cindyli <cindyli!~Adium@198.52.178.16> has joined #fluid-design
2020-01-31T14:00:04  *** danielcho <danielcho!~Adium@hmtnon1497w-130-02-65-95-64-90.dsl.bell.ca> has joined #fluid-design
2020-01-31T14:03:49  *** erictheise <erictheise!~erictheis@104-244-26-158.PUBLIC.monkeybrains.net> has quit IRC (Ping timeout: 272 seconds)
2020-01-31T14:05:56  *** erictheise <erictheise!~erictheis@104-244-26-158.PUBLIC.monkeybrains.net> has joined #fluid-design
2020-01-31T14:09:14  *** clown <clown!~clown@ckvlon1747w-lp140-03-67-71-39-76.dsl.bell.ca> has joined #fluid-design
2020-01-31T14:44:01  *** alanharnum <alanharnum!uid363993@gateway/web/irccloud.com/x-ypmcwnuuvhswczur> has joined #fluid-design
2020-01-31T14:59:30  *** Bosmon2 <Bosmon2!~a@82-71-9-15.dsl.in-addr.zen.co.uk> has joined #fluid-design
2020-01-31T15:00:01  *** Bosmon <Bosmon!~a@82-71-9-15.dsl.in-addr.zen.co.uk> has quit IRC (Ping timeout: 268 seconds)
2020-01-31T15:00:11  *** colinclark <colinclark!~colinclar@CPE0011329d5706-CMbc3e0737d1c0.cpe.net.cable.rogers.com> has joined #fluid-design
2020-01-31T15:06:46  *** Bosmon2 <Bosmon2!~a@82-71-9-15.dsl.in-addr.zen.co.uk> has quit IRC (Ping timeout: 265 seconds)
2020-01-31T15:07:37  *** Bosmon <Bosmon!~a@82-71-9-15.dsl.in-addr.zen.co.uk> has joined #fluid-design
2020-01-31T15:14:45  *** cherylhjli <cherylhjli!~Adium@lnsm3-torontoxn-142-116-177-193.internet.virginmobile.ca> has joined #fluid-design
2020-01-31T15:23:28  *** cherylhjli <cherylhjli!~Adium@lnsm3-torontoxn-142-116-177-193.internet.virginmobile.ca> has quit IRC (Quit: Leaving.)
2020-01-31T15:25:21  *** cherylhjli <cherylhjli!~Adium@lnsm3-torontoxn-142-116-177-193.internet.virginmobile.ca> has joined #fluid-design
2020-01-31T16:32:23  *** Teddy__ <Teddy__!uid407930@gateway/web/irccloud.com/x-rciajdetnznlzutf> has joined #fluid-design
2020-01-31T16:49:07  <greatislander> cherylhjli jhung I'm heading into the co-op room
2020-01-31T16:49:43  <jhung> ok
2020-01-31T16:50:18  <cherylhjli> ok
2020-01-31T17:28:01  *** michelled <michelled!~Adium@135-23-104-71.cpe.pppoe.ca> has quit IRC (Quit: Leaving.)
2020-01-31T17:36:47  *** michelled <michelled!~Adium@135-23-104-71.cpe.pppoe.ca> has joined #fluid-design
2020-01-31T17:37:09  *** michelled <michelled!~Adium@135-23-104-71.cpe.pppoe.ca> has quit IRC (Client Quit)
2020-01-31T17:54:31  *** avtar <avtar!~avtar@ip-45-3-7-114.user.start.ca> has joined #fluid-design
2020-01-31T18:07:25  *** michelled <michelled!~Adium@135-23-104-71.cpe.pppoe.ca> has joined #fluid-design
2020-01-31T18:48:22  *** Justin_o <Justin_o!uid14648@gateway/web/irccloud.com/x-qnkzrnbteifvjnod> has quit IRC (Quit: Connection closed for inactivity)
2020-01-31T18:55:28  <greatislander> cherylhjli: jhung and I were just experimenting with creating a focus state pattern in CSS that we can use across Pinecone. This is an abstract version: https://codepen.io/greatislander/pen/VwYJVvK
2020-01-31T18:55:49  <greatislander> The fun part is it is only 75 lines of code to create the variations for primary/secondary on light and dark backgrounds :)
2020-01-31T18:58:30  <cherylhjli> lookin good!!
2020-01-31T19:11:30  *** danayo <danayo!~danayo@S0106f81d0f5cda43.vc.shawcable.net> has joined #fluid-design
2020-01-31T19:16:31  <jhung> greatislander I'm going to send a copy of that to Justin_o as well as this is something we should consider implementing for contrast themes for UIO.
2020-01-31T19:30:34  *** danayo <danayo!~danayo@S0106f81d0f5cda43.vc.shawcable.net> has quit IRC (Quit: danayo)
2020-01-31T19:30:49  <michelled> avtar: do you want to push this? or should I? https://github.com/codelearncreate/c2lc-website/pull/23
2020-01-31T19:32:47  *** cindyli <cindyli!~Adium@198.52.178.16> has quit IRC (Quit: Leaving.)
2020-01-31T19:33:06  *** simonjb <simonjb!~simonjb@198.178.118.18> has joined #fluid-design
2020-01-31T19:34:28  <avtar> michelled: i did
2020-01-31T19:34:30  <avtar> thanks
2020-01-31T19:34:33  <michelled> thx!
2020-01-31T19:35:44  <michelled> avtar: we should probably fix the jank on the codelearncreate page
2020-01-31T19:37:11  <avtar> where do you see that?
2020-01-31T19:37:25  <avtar> *where/when
2020-01-31T19:38:30  <michelled> clicking between home and blog
2020-01-31T19:38:53  <michelled> in FF
2020-01-31T19:39:13  <avtar> oh yeah
2020-01-31T19:39:15  <avtar> hmm
2020-01-31T19:39:33  <michelled> it does it in chrome too but more subtley
2020-01-31T19:41:16  <avtar> yeah i was just trying it in chrome
2020-01-31T19:48:40  *** cindyli <cindyli!~Adium@198.52.178.16> has joined #fluid-design
2020-01-31T19:50:46  <simonjb> greatislander, michelled: does it still work to chat in 10 mins?
2020-01-31T19:51:00  <michelled> I think I'll skip, but thanks for asking me
2020-01-31T19:59:50  <greatislander> I'm available!
2020-01-31T20:29:59  *** cherylhjli <cherylhjli!~Adium@lnsm3-torontoxn-142-116-177-193.internet.virginmobile.ca> has quit IRC (Quit: Leaving.)
2020-01-31T20:33:44  *** danielcho <danielcho!~Adium@hmtnon1497w-130-02-65-95-64-90.dsl.bell.ca> has quit IRC (Quit: Leaving.)
2020-01-31T20:40:57  *** cherylhjli <cherylhjli!~Adium@lnsm3-torontoxn-142-116-177-193.internet.virginmobile.ca> has joined #fluid-design
2020-01-31T21:01:17  *** colinclark <colinclark!~colinclar@CPE0011329d5706-CMbc3e0737d1c0.cpe.net.cable.rogers.com> has quit IRC (Quit: colinclark)
2020-01-31T21:02:20  *** cindyli <cindyli!~Adium@198.52.178.16> has quit IRC (Quit: Leaving.)
2020-01-31T21:03:02  *** cindyli <cindyli!~Adium@198.52.178.16> has joined #fluid-design
2020-01-31T21:08:56  *** jhung <jhung!~jhung@CPE0c473dc371c3-CM0c473dc371c0.cpe.net.fido.ca> has quit IRC (Quit: Leaving)
2020-01-31T21:12:40  *** danielcho <danielcho!~Adium@hmtnon1497w-130-02-65-95-64-90.dsl.bell.ca> has joined #fluid-design
2020-01-31T21:24:15  *** michelled <michelled!~Adium@135-23-104-71.cpe.pppoe.ca> has quit IRC (Quit: Leaving.)
2020-01-31T21:34:59  *** simonjb <simonjb!~simonjb@198.178.118.18> has quit IRC (Remote host closed the connection)
2020-01-31T21:40:27  <greatislander> Hi Teddy__, are you available in a little bit to go over your PRs?
2020-01-31T21:50:33  *** cindyli <cindyli!~Adium@198.52.178.16> has quit IRC (Quit: Leaving.)
2020-01-31T21:50:59  *** michelled <michelled!~Adium@135-23-104-71.cpe.pppoe.ca> has joined #fluid-design
2020-01-31T21:51:27  *** michelled <michelled!~Adium@135-23-104-71.cpe.pppoe.ca> has quit IRC (Client Quit)
2020-01-31T21:57:31  *** avtar <avtar!~avtar@ip-45-3-7-114.user.start.ca> has quit IRC (Remote host closed the connection)
2020-01-31T22:17:54  *** cherylhjli <cherylhjli!~Adium@lnsm3-torontoxn-142-116-177-193.internet.virginmobile.ca> has quit IRC (Quit: Leaving.)
2020-01-31T22:43:01  *** danielcho <danielcho!~Adium@hmtnon1497w-130-02-65-95-64-90.dsl.bell.ca> has quit IRC (Quit: Leaving.)
2020-01-31T23:00:56  <Teddy__> Hey greatislander, just came back from lunch
2020-01-31T23:01:01  <Teddy__> I am available now
2020-01-31T23:01:06  <greatislander> Hey I'm just heading off for the day. Talk Monday!
2020-01-31T23:01:15  <Teddy__> Okay sounds good
2020-01-31T23:01:21  <Teddy__> talk then
2020-01-31T23:18:13  *** clown <clown!~clown@ckvlon1747w-lp140-03-67-71-39-76.dsl.bell.ca> has quit IRC (Quit: Leaving.)
