2020-01-06T13:19:21  *** jhung <jhung!~jhung@CPE0c473dc371c3-CM0c473dc371c0.cpe.net.fido.ca> has joined #fluid-design
2020-01-06T13:20:33  *** jhung <jhung!~jhung@CPE0c473dc371c3-CM0c473dc371c0.cpe.net.fido.ca> has quit IRC (Client Quit)
2020-01-06T13:21:01  *** jhung <jhung!~jhung@CPE0c473dc371c3-CM0c473dc371c0.cpe.net.fido.ca> has joined #fluid-design
2020-01-06T13:47:04  *** cindyli <cindyli!~Adium@198.52.178.16> has joined #fluid-design
2020-01-06T13:51:40  *** clown <clown!~clown@ckvlon1747w-lp130-04-70-27-179-95.dsl.bell.ca> has joined #fluid-design
2020-01-06T14:00:29  *** danielcho <danielcho!~Adium@205.211.168.104> has joined #fluid-design
2020-01-06T14:15:37  *** jhung is now known as jhung_away
2020-01-06T14:29:32  *** jhung_away is now known as jhung
2020-01-06T14:31:43  *** sepidehshahi <sepidehshahi!~sepidehsh@CPEe0553d68e035-CM64777d56f120.cpe.net.cable.rogers.com> has joined #fluid-design
2020-01-06T14:32:19  *** simonjb <simonjb!~simonjb@198.178.118.18> has joined #fluid-design
2020-01-06T14:32:55  *** alanharnum <alanharnum!uid363993@gateway/web/irccloud.com/x-qfphlkttamondjlb> has joined #fluid-design
2020-01-06T15:18:46  *** michelled <michelled!Adium@nat/ocadu/x-fuongacyboherdab> has joined #fluid-design
2020-01-06T15:19:51  <simonjb> hey michelled, would you be available for a C2LC check-in today? it looks like there's a coop planning meeting at 1pm
2020-01-06T15:21:07  *** cherylhjli <cherylhjli!Adium@nat/ocadu/x-hlwnbdrdslruxcmr> has joined #fluid-design
2020-01-06T15:28:05  <michelled> hi simonjb, yes, there's a coop planning meeting but I'm sure we can find time for a c2lc check in
2020-01-06T15:29:58  <simonjb> michelled: awesome. sepidehshahi, are you available today to check-in regarding C2LC? there are some design discussions I'd like to start regarding version 0.2
2020-01-06T15:30:01  <simonjb> danielcho ^
2020-01-06T15:30:34  <sepidehshahi> Hi simonjb, sure I’m available today
2020-01-06T15:30:58  *** cherylhjli <cherylhjli!Adium@nat/ocadu/x-hlwnbdrdslruxcmr> has left #fluid-design
2020-01-06T15:31:16  <simonjb> danielcho, michelled, sepidehshahi: what time is good for everyone? 2pm after the co-op planning?
2020-01-06T15:31:27  <michelled> works for me
2020-01-06T15:31:33  <danielcho> that sounds good
2020-01-06T15:31:39  <sepidehshahi> sure
2020-01-06T15:31:51  <simonjb> great, thanks all!
2020-01-06T15:31:57  <danielcho> thanks :)
2020-01-06T15:45:16  *** cherylhjli <cherylhjli!Adium@nat/ocadu/x-gxjjhaarwicxaesb> has joined #fluid-design
2020-01-06T15:50:38  *** simonjb <simonjb!~simonjb@198.178.118.18> has quit IRC ()
2020-01-06T15:54:43  *** colinclark <colinclark!colinclark@nat/ocadu/x-xsfabccnoeuszabe> has joined #fluid-design
2020-01-06T15:58:55  *** colinclark <colinclark!colinclark@nat/ocadu/x-xsfabccnoeuszabe> has quit IRC (Client Quit)
2020-01-06T16:00:38  *** colinclark <colinclark!colinclark@nat/ocadu/x-ppbwiedsnajonvpt> has joined #fluid-design
2020-01-06T16:02:51  *** danayo <danayo!~danayo@S0106f81d0f5cda43.vc.shawcable.net> has joined #fluid-design
2020-01-06T16:08:39  *** michelled <michelled!Adium@nat/ocadu/x-fuongacyboherdab> has quit IRC (Quit: Leaving.)
2020-01-06T16:12:57  *** michelled <michelled!~Adium@205.211.168.102> has joined #fluid-design
2020-01-06T16:22:09  *** lliskovoi__ <lliskovoi__!uid367571@gateway/web/irccloud.com/x-fzingwksnqibzyyo> has joined #fluid-design
2020-01-06T16:29:32  *** simonjb <simonjb!~simonjb@205.211.168.103> has joined #fluid-design
2020-01-06T16:55:05  <greatislander> cherylhjli danayo jhung michelled are we doing a quick check in or just holding off until iteration planning?
2020-01-06T16:55:55  <danayo> I’m happy to wait til iteration planning
2020-01-06T16:56:47  <michelled> let's wait
2020-01-06T16:57:07  <cherylhjli> waiting sounds good
2020-01-06T16:57:14  <greatislander> cool :)
2020-01-06T16:57:46  *** michelled <michelled!~Adium@205.211.168.102> has quit IRC (Quit: Leaving.)
2020-01-06T16:57:48  *** Teddy_ <Teddy_!uid407930@gateway/web/irccloud.com/x-fgabeeqaszewohco> has joined #fluid-design
2020-01-06T16:59:37  <jhung> Sounds good.
2020-01-06T17:01:55  <sepidehshahi> hi danayo, I think you had created a google doc with notes from our last BiT meeting. I’m not able to find it. Could you please share a link? thanks
2020-01-06T17:11:45  *** danayo <danayo!~danayo@S0106f81d0f5cda43.vc.shawcable.net> has quit IRC (Quit: danayo)
2020-01-06T17:26:09  *** danayo <danayo!~danayo@S0106f81d0f5cda43.vc.shawcable.net> has joined #fluid-design
2020-01-06T17:26:56  *** colinclark_ <colinclark_!~colinclar@205.211.168.101> has joined #fluid-design
2020-01-06T17:26:57  *** colinclark <colinclark!colinclark@nat/ocadu/x-ppbwiedsnajonvpt> has quit IRC (Read error: Connection reset by peer)
2020-01-06T17:26:57  *** colinclark_ is now known as colinclark
2020-01-06T17:26:59  *** michelled <michelled!~Adium@205.211.168.102> has joined #fluid-design
2020-01-06T17:28:06  <danayo> sepidehshahi: sure let me take a look
2020-01-06T17:28:58  <sepidehshahi> thanks danayo
2020-01-06T17:29:03  <danayo> sepidehshahi: https://docs.google.com/document/d/1QmSUHax019-YbXjUEWd01m_yZFCWZrhi0sD1t_R4V-U/edit?usp=sharing
2020-01-06T17:29:23  <sepidehshahi> great! thanks danayo
2020-01-06T17:29:28  <danayo> np
2020-01-06T17:40:06  <danayo> sepidehshahi: I moved the notes to the BiT folder, into a new foler called Meeting notes
2020-01-06T17:40:40  <sepidehshahi> thanks
2020-01-06T17:49:28  *** sepidehshahi <sepidehshahi!~sepidehsh@CPEe0553d68e035-CM64777d56f120.cpe.net.cable.rogers.com> has quit IRC (Quit: sepidehshahi)
2020-01-06T17:50:13  <cherylhjli> fluid-everyone: is that tabasco sauce in the fridge anyone's?
2020-01-06T17:51:04  *** danayo <danayo!~danayo@S0106f81d0f5cda43.vc.shawcable.net> has quit IRC (Quit: danayo)
2020-01-06T17:52:14  <clown> not mine, cherylhjli
2020-01-06T17:52:27  *** danayo <danayo!~danayo@S0106f81d0f5cda43.vc.shawcable.net> has joined #fluid-design
2020-01-06T18:36:44  *** sepidehshahi <sepidehshahi!~sepidehsh@CPEe0553d68e035-CM64777d56f120.cpe.net.cable.rogers.com> has joined #fluid-design
2020-01-06T18:39:58  <jhung> greatislander let me know if you want help with writing that Pinecone integration documentation. I can also help edit / review.
2020-01-06T18:40:33  <greatislander> jhung that would be great. I can do a first draft and then pass over to you to try it out and provide feedback.
2020-01-06T18:40:51  <jhung> greatislander that works for me.
2020-01-06T18:49:19  <greatislander> jhung speaking of review, if you have a chance to look at this any time today or tomorrow that would be great. https://github.com/platform-coop-toolkit/pinecone/pull/109
2020-01-06T18:55:16  *** danayo <danayo!~danayo@S0106f81d0f5cda43.vc.shawcable.net> has quit IRC (Quit: danayo)
2020-01-06T19:04:45  <simonjb> colinclark and michelled, are you joining us for C2LC?
2020-01-06T19:04:51  <colinclark> yup
2020-01-06T19:05:00  <simonjb> awesome
2020-01-06T19:06:28  <jhung> greatislander will do.
2020-01-06T19:24:39  *** danayo <danayo!~danayo@S0106f81d0f5cda43.vc.shawcable.net> has joined #fluid-design
2020-01-06T19:59:20  *** cherylhjli <cherylhjli!Adium@nat/ocadu/x-gxjjhaarwicxaesb> has quit IRC (Quit: Leaving.)
2020-01-06T20:03:37  *** cherylhjli <cherylhjli!Adium@nat/ocadu/x-eovxuezxmrgndkdo> has joined #fluid-design
2020-01-06T20:19:22  *** clown1 <clown1!~clown@ckvlon1747w-lp130-04-70-27-179-95.dsl.bell.ca> has joined #fluid-design
2020-01-06T20:19:56  <simonjb> michelled, sepidehshahi: this is the query for 0.2 NeedsDesign: https://issues.fluidproject.org/issues/?jql=parent%20%3D%20C2LC-106%20AND%20labels%20%3D%20NeedsDesign
2020-01-06T20:21:15  <sepidehshahi> thanks simonjb
2020-01-06T20:21:25  <simonjb> I added a link to the query to the 0.2 issue description https://issues.fluidproject.org/browse/C2LC-106
2020-01-06T20:21:59  *** clown <clown!~clown@ckvlon1747w-lp130-04-70-27-179-95.dsl.bell.ca> has quit IRC (Ping timeout: 265 seconds)
2020-01-06T20:27:15  *** clown1 is now known as clown
2020-01-06T20:27:31  *** sepidehshahi <sepidehshahi!~sepidehsh@CPEe0553d68e035-CM64777d56f120.cpe.net.cable.rogers.com> has quit IRC (Quit: sepidehshahi)
2020-01-06T20:27:44  *** clown is now known as Guest15679
2020-01-06T20:29:55  *** Guest15679 is now known as clown_
2020-01-06T20:30:39  <greatislander> michelled Teddy_ where are we meeting?
2020-01-06T20:31:48  <Teddy_> This one seems free
2020-01-06T20:31:50  <Teddy_> https://ocadu.zoom.us/j/727986784
2020-01-06T20:32:52  <michelled> colinclark: are you joining us?
2020-01-06T20:33:03  <colinclark> oh yes
2020-01-06T20:33:04  <colinclark> thanks
2020-01-06T20:33:16  <michelled> lliskovoi__: are you joining us?
2020-01-06T20:33:23  <michelled> sorry, you're there!
2020-01-06T21:18:39  *** jhung <jhung!~jhung@CPE0c473dc371c3-CM0c473dc371c0.cpe.net.fido.ca> has quit IRC (Quit: Leaving)
2020-01-06T21:31:45  *** cindyli <cindyli!~Adium@198.52.178.16> has quit IRC (Quit: Leaving.)
2020-01-06T22:00:17  *** danielcho <danielcho!~Adium@205.211.168.104> has left #fluid-design
2020-01-06T22:17:21  *** michelled <michelled!~Adium@205.211.168.102> has quit IRC (Quit: Leaving.)
2020-01-06T22:18:58  *** colinclark <colinclark!~colinclar@205.211.168.101> has quit IRC (Quit: colinclark)
2020-01-06T22:20:58  *** danayo <danayo!~danayo@S0106f81d0f5cda43.vc.shawcable.net> has quit IRC (Quit: danayo)
2020-01-06T22:28:09  *** simonjb <simonjb!~simonjb@205.211.168.103> has quit IRC ()
2020-01-06T22:28:47  *** danayo <danayo!~danayo@S0106f81d0f5cda43.vc.shawcable.net> has joined #fluid-design
2020-01-06T22:29:34  *** danayo <danayo!~danayo@S0106f81d0f5cda43.vc.shawcable.net> has quit IRC (Client Quit)
2020-01-06T22:35:09  *** cherylhjli <cherylhjli!Adium@nat/ocadu/x-eovxuezxmrgndkdo> has left #fluid-design
2020-01-06T22:36:07  *** clown_ <clown_!~clown@ckvlon1747w-lp130-04-70-27-179-95.dsl.bell.ca> has left #fluid-design
2020-01-06T22:40:20  *** danayo <danayo!~danayo@S0106f81d0f5cda43.vc.shawcable.net> has joined #fluid-design
2020-01-06T23:00:18  *** danayo <danayo!~danayo@S0106f81d0f5cda43.vc.shawcable.net> has quit IRC (Quit: danayo)
