2019-11-28T00:13:27  *** michelled <michelled!~Adium@135-23-85-27.cpe.pppoe.ca> has joined #fluid-design
2019-11-28T00:13:44  *** michelled <michelled!~Adium@135-23-85-27.cpe.pppoe.ca> has quit IRC (Client Quit)
2019-11-28T01:01:43  *** alanharnum <alanharnum!uid363993@gateway/web/irccloud.com/x-vxnuasenomlhduho> has quit IRC (Quit: Connection closed for inactivity)
2019-11-28T01:36:45  *** lliskovoi_ <lliskovoi_!uid367571@gateway/web/irccloud.com/x-nvnngltdqiblruks> has quit IRC (Quit: Connection closed for inactivity)
2019-11-28T02:52:50  *** michelled <michelled!~Adium@135-23-85-27.cpe.pppoe.ca> has joined #fluid-design
2019-11-28T03:03:17  *** colinclark <colinclark!~colinclar@192-0-158-138.cpe.teksavvy.com> has joined #fluid-design
2019-11-28T03:03:21  *** colinclark <colinclark!~colinclar@192-0-158-138.cpe.teksavvy.com> has quit IRC (Client Quit)
2019-11-28T03:04:32  *** colinclark <colinclark!~colinclar@192-0-158-138.cpe.teksavvy.com> has joined #fluid-design
2019-11-28T03:06:35  *** colinclark <colinclark!~colinclar@192-0-158-138.cpe.teksavvy.com> has quit IRC (Client Quit)
2019-11-28T03:18:36  *** michelled <michelled!~Adium@135-23-85-27.cpe.pppoe.ca> has quit IRC (Quit: Leaving.)
2019-11-28T13:13:23  *** jhung <jhung!~jhung@CPE18e829ac96f5-CMa84e3f431590.cpe.net.cable.rogers.com> has joined #fluid-design
2019-11-28T13:15:54  *** alanharnum <alanharnum!uid363993@gateway/web/irccloud.com/x-jmtzjqqzkwlyopiv> has joined #fluid-design
2019-11-28T13:25:51  *** michelled <michelled!~Adium@135-23-85-27.cpe.pppoe.ca> has joined #fluid-design
2019-11-28T13:26:03  *** michelled <michelled!~Adium@135-23-85-27.cpe.pppoe.ca> has quit IRC (Client Quit)
2019-11-28T13:41:24  *** cindyli <cindyli!~Adium@198.52.178.16> has joined #fluid-design
2019-11-28T13:56:18  *** danielcho <danielcho!~Adium@hmtnon1497w-130-02-65-95-64-90.dsl.bell.ca> has joined #fluid-design
2019-11-28T14:04:50  *** Bosmon <Bosmon!~a@82-71-9-15.dsl.in-addr.zen.co.uk> has quit IRC (Ping timeout: 265 seconds)
2019-11-28T14:07:58  *** Bosmon <Bosmon!~a@82-71-9-15.dsl.in-addr.zen.co.uk> has joined #fluid-design
2019-11-28T14:34:55  *** sepidehshahi <sepidehshahi!~sepidehsh@CPEe0553d68e035-CM64777d56f120.cpe.net.cable.rogers.com> has joined #fluid-design
2019-11-28T14:36:02  *** avtar <avtar!~avtar@ip-24-50-165-3.user.start.ca> has joined #fluid-design
2019-11-28T14:43:18  *** cherylhjli <cherylhjli!~Adium@vlnsm2-toronto63-142-116-82-223.internet.virginmobile.ca> has joined #fluid-design
2019-11-28T14:58:02  *** clown <clown!clown@nat/ocadu/x-nirqwvrizqdxhlnq> has joined #fluid-design
2019-11-28T15:25:57  *** simonjb <simonjb!~simonjb@205.211.168.103> has joined #fluid-design
2019-11-28T15:49:34  *** danayo_ <danayo_!~danayo@S0106f81d0f5cda43.vc.shawcable.net> has joined #fluid-design
2019-11-28T15:54:05  *** danayo_ <danayo_!~danayo@S0106f81d0f5cda43.vc.shawcable.net> has quit IRC (Client Quit)
2019-11-28T16:08:19  *** danayo_ <danayo_!~danayo@S01061cabc0accd23.vc.shawcable.net> has joined #fluid-design
2019-11-28T16:17:01  *** michelled <michelled!~Adium@205.211.168.104> has joined #fluid-design
2019-11-28T16:23:35  *** michelled <michelled!~Adium@205.211.168.104> has quit IRC (Quit: Leaving.)
2019-11-28T16:27:41  *** michelled <michelled!~Adium@205.211.168.104> has joined #fluid-design
2019-11-28T16:58:39  *** lliskovoi_ <lliskovoi_!uid367571@gateway/web/irccloud.com/x-gudojqfnaoxdpooc> has joined #fluid-design
2019-11-28T17:00:36  <jhung> lliskovoi_ you wanted to set up a crit for next week?
2019-11-28T17:01:31  <lliskovoi_> @jhung yes! Any chance we make it 2:15 or 2:30 though? I'm teaching a webinar until 2 so it might be tight. If not maybe Sepi can start the intro and then I'll join as soon as I can
2019-11-28T17:02:16  <jhung> We can make it 2:30 to 3:30p lliskovoi_
2019-11-28T17:02:29  <lliskovoi_> that would be awesome, thank you!
2019-11-28T17:03:10  <jhung> No prob. I'll put it on the wiki page. Can you send me an email with a short description of the topic lliskovoi_ ?
2019-11-28T17:05:31  <lliskovoi_> for sure, I'll do that by the end of today
2019-11-28T17:10:03  <jhung> thanks lliskovoi_
2019-11-28T17:10:58  <michelled> simonjb, danielcho: can we meet at our regular 1:00 time?
2019-11-28T17:11:21  <danielcho> michelled: sure
2019-11-28T17:11:21  <simonjb> michelled: good for me
2019-11-28T17:11:28  <michelled> great!
2019-11-28T17:12:38  *** michelled <michelled!~Adium@205.211.168.104> has quit IRC (Quit: Leaving.)
2019-11-28T17:13:39  *** clown <clown!clown@nat/ocadu/x-nirqwvrizqdxhlnq> has quit IRC (Ping timeout: 250 seconds)
2019-11-28T17:16:39  <danayo_> cherylhjli, greatislander, jhung: just finished a meeting, did I miss our PC checkin, or do you want to checkin now?
2019-11-28T17:17:22  <greatislander> cherylhjli and I just touched base about a question she had
2019-11-28T17:17:28  <greatislander> happy to do a proper check-in though
2019-11-28T17:17:37  <jhung> sure. Sounds good.
2019-11-28T17:18:10  <cherylhjli> yep sounds good!
2019-11-28T17:18:13  <danayo_> ok
2019-11-28T17:34:55  *** michelled <michelled!~Adium@205.211.168.104> has joined #fluid-design
2019-11-28T17:36:56  *** colinclark <colinclark!~colinclar@205.211.168.101> has joined #fluid-design
2019-11-28T17:41:00  *** clown <clown!clown@nat/ocadu/x-wpvvtydodvgbxbey> has joined #fluid-design
2019-11-28T17:55:06  *** danayo_ <danayo_!~danayo@S01061cabc0accd23.vc.shawcable.net> has quit IRC (Quit: danayo_)
2019-11-28T17:55:32  *** danayo_ <danayo_!~danayo@S01061cabc0accd23.vc.shawcable.net> has joined #fluid-design
2019-11-28T18:00:56  *** danayo_ <danayo_!~danayo@S01061cabc0accd23.vc.shawcable.net> has quit IRC (Quit: danayo_)
2019-11-28T18:02:35  <michelled> danielcho: we are in zoom
2019-11-28T18:02:43  <danielcho> On my way :)
2019-11-28T18:11:31  <michelled> sepidehshahi: we are just meeting about the designs right now - if you feel like it, you can join us
2019-11-28T18:12:12  <sepidehshahi> sure michelled
2019-11-28T18:12:18  <sepidehshahi> where are you meeting?
2019-11-28T18:12:33  <michelled> https://ocadu.zoom.us/j/988876997
2019-11-28T18:13:14  *** clown <clown!clown@nat/ocadu/x-wpvvtydodvgbxbey> has quit IRC (Ping timeout: 276 seconds)
2019-11-28T18:23:03  *** jhung <jhung!~jhung@CPE18e829ac96f5-CMa84e3f431590.cpe.net.cable.rogers.com> has quit IRC (Quit: Leaving)
2019-11-28T18:51:26  *** clown <clown!clown@nat/ocadu/x-ywfgbtrwvhznhofp> has joined #fluid-design
2019-11-28T19:11:32  *** cindyli <cindyli!~Adium@198.52.178.16> has quit IRC (Quit: Leaving.)
2019-11-28T19:11:54  *** cherylhjli <cherylhjli!~Adium@vlnsm2-toronto63-142-116-82-223.internet.virginmobile.ca> has quit IRC (Quit: Leaving.)
2019-11-28T19:17:10  *** cherylhjli <cherylhjli!~Adium@vlnsm2-toronto63-142-116-82-223.internet.virginmobile.ca> has joined #fluid-design
2019-11-28T19:17:47  *** danayo_ <danayo_!~danayo@S0106f81d0f5cda43.vc.shawcable.net> has joined #fluid-design
2019-11-28T19:24:18  *** cindyli <cindyli!~Adium@198.52.178.16> has joined #fluid-design
2019-11-28T19:25:56  *** sepidehshahi <sepidehshahi!~sepidehsh@CPEe0553d68e035-CM64777d56f120.cpe.net.cable.rogers.com> has quit IRC (Quit: sepidehshahi)
2019-11-28T19:43:13  *** simonjb <simonjb!~simonjb@205.211.168.103> has quit IRC (Ping timeout: 245 seconds)
2019-11-28T20:10:52  *** sepidehshahi <sepidehshahi!~sepidehsh@CPEe0553d68e035-CM64777d56f120.cpe.net.cable.rogers.com> has joined #fluid-design
2019-11-28T20:28:42  <danayo_> sepidehshahi: I’m looking for the latest storytelling tool designs. I’m in the owncloud folder Learning to learn project/StoryTelling digital designs and I see a number of versions there, but can’t seem to find one that looks like the current version of the tool https://staging-stories.floeproject.org/storyEdit.html
2019-11-28T20:29:01  <danayo_> do you know where I might find it?
2019-11-28T20:29:20  <danayo_> or are all the latest designs in that folder?
2019-11-28T20:32:44  <sepidehshahi> danayo_: give me a sec I’ll find a link
2019-11-28T20:34:15  <danayo_> thanks sepidehshahi
2019-11-28T20:35:28  <sepidehshahi> danayo_: all the designs both for the tool and the current website are in the OwnCloud Design Projects > Story Telling >  Learning to learn project
2019-11-28T20:38:21  <danayo_> ok thanks sepidehshahi
2019-11-28T20:39:27  <sepidehshahi> np
2019-11-28T20:44:34  *** michelled <michelled!~Adium@205.211.168.104> has quit IRC (Quit: Leaving.)
2019-11-28T20:52:05  *** simonjb <simonjb!~simonjb@205.211.168.103> has joined #fluid-design
2019-11-28T20:56:17  *** michelled <michelled!Adium@nat/ocadu/x-klwxqoglklkopjwx> has joined #fluid-design
2019-11-28T21:05:46  *** sepidehshahi <sepidehshahi!~sepidehsh@CPEe0553d68e035-CM64777d56f120.cpe.net.cable.rogers.com> has quit IRC (Quit: sepidehshahi)
2019-11-28T21:10:04  *** danayo_ <danayo_!~danayo@S0106f81d0f5cda43.vc.shawcable.net> has quit IRC (Quit: danayo_)
2019-11-28T21:24:39  <simonjb> danielcho, michelled: I've created a branch for 0.1 development at: https://github.com/codelearncreate/c2lc-coding-environment/tree/dev-0.1
2019-11-28T21:25:15  <danielcho> simonjb: thanks!
2019-11-28T21:25:42  <simonjb> let's make pull requests for 0.1 tasks against this branch
2019-11-28T21:26:03  <danielcho> sounds good 👍
2019-11-28T21:29:08  *** danayo_ <danayo_!~danayo@S0106f81d0f5cda43.vc.shawcable.net> has joined #fluid-design
2019-11-28T21:36:39  *** cindyli <cindyli!~Adium@198.52.178.16> has quit IRC (Quit: Leaving.)
2019-11-28T21:57:47  *** colinclark <colinclark!~colinclar@205.211.168.101> has quit IRC (Quit: colinclark)
2019-11-28T21:59:11  <greatislander> michelled as soon as I went into the living room she lay down
2019-11-28T21:59:36  <greatislander> https://usercontent.irccloud-cdn.com/file/TvAjhPi5/aisha.jpg.JPG
2019-11-28T22:10:03  *** clown <clown!clown@nat/ocadu/x-ywfgbtrwvhznhofp> has quit IRC (Quit: Leaving.)
2019-11-28T22:10:06  <michelled> very good dog!
2019-11-28T22:10:55  *** cherylhjli <cherylhjli!~Adium@vlnsm2-toronto63-142-116-82-223.internet.virginmobile.ca> has quit IRC (Quit: Leaving.)
2019-11-28T22:11:42  *** michelled <michelled!Adium@nat/ocadu/x-klwxqoglklkopjwx> has quit IRC (Quit: Leaving.)
2019-11-28T22:27:00  *** avtar <avtar!~avtar@ip-24-50-165-3.user.start.ca> has quit IRC (Quit: Quit)
2019-11-28T22:29:54  *** simonjb <simonjb!~simonjb@205.211.168.103> has quit IRC ()
2019-11-28T22:43:05  *** danayo_ <danayo_!~danayo@S0106f81d0f5cda43.vc.shawcable.net> has quit IRC (Quit: danayo_)
2019-11-28T23:06:51  *** danielcho <danielcho!~Adium@hmtnon1497w-130-02-65-95-64-90.dsl.bell.ca> has left #fluid-design
2019-11-28T23:07:06  *** lliskovoi_ <lliskovoi_!uid367571@gateway/web/irccloud.com/x-gudojqfnaoxdpooc> has quit IRC (Quit: Connection closed for inactivity)
2019-11-28T23:55:04  *** colinclark <colinclark!~colinclar@192-0-158-138.cpe.teksavvy.com> has joined #fluid-design
2019-11-28T23:55:04  *** colinclark <colinclark!~colinclar@192-0-158-138.cpe.teksavvy.com> has quit IRC (Client Quit)
