b'2018-07-28T05:16:14 * mrtyler has quit
2018-07-28T08:03:44 * dandimitrov joined the channel
2018-07-28T08:28:59 * dandimitrov has quit
2018-07-28T09:01:42 * kasparnet joined the channel
2018-07-28T09:34:35 * kasparnet has quit
2018-07-28T12:26:58 * gtirloni has quit
2018-07-28T12:27:20 * gtirloni joined the channel
2018-07-28T12:36:53 * gtirloni has quit
2018-07-28T13:37:49 * dandimitrov joined the channel
2018-07-28T13:58:15 * dandimitrov has quit
2018-07-28T15:12:34 * stegru joined the channel
2018-07-28T16:33:17 * mrtyler joined the channel
2018-07-28T17:07:10 * dandimitrov joined the channel
2018-07-28T17:11:59 * dandimitrov has quit
2018-07-28T17:20:02 * dandimitrov joined the channel
2018-07-28T17:26:12 * dandimitrov has quit
2018-07-28T18:02:37 * dandimitrov joined the channel
2018-07-28T18:24:34 * dandimitrov has quit
2018-07-28T18:47:51 * dandimitrov joined the channel
2018-07-28T19:06:02 * dandimitrov has quit
2018-07-28T19:13:48 * dandimitrov joined the channel
2018-07-28T19:13:54 * dandimitrov has quit
'

