b'2018-06-16T01:03:03 * jhernandez joined the channel
2018-06-16T01:04:35 * jhernandez has quit
2018-06-16T01:04:47 * jhernandez joined the channel
2018-06-16T01:08:33 * jhernandez has quit
2018-06-16T03:30:35 * Bosmon7 joined the channel
2018-06-16T05:28:34 * Bosmon7 has quit
2018-06-16T06:21:32 * mrtyler joined the channel
2018-06-16T08:10:10 * mrtyler joined the channel
2018-06-16T10:01:44 * mrtyler joined the channel
2018-06-16T11:02:53 * the-t-in-rtf joined the channel
2018-06-16T11:40:13 * jhernandez joined the channel
2018-06-16T11:40:50 * jhernandez has quit
2018-06-16T11:41:02 * jhernandez joined the channel
2018-06-16T11:47:54 * jhernandez has quit
2018-06-16T12:41:05 * kunal joined the channel
2018-06-16T13:16:51 * Bosmon7 joined the channel
2018-06-16T15:07:05 * Bosmon7 has quit
2018-06-16T16:12:51 * jeevan_ joined the channel
2018-06-16T16:42:08 * colinclark joined the channel
2018-06-16T17:58:39 * colinclark joined the channel
2018-06-16T18:12:03 * mrtyler joined the channel
2018-06-16T18:20:54 * mrtyler has quit
2018-06-16T18:31:16 * Bosmon7 joined the channel
2018-06-16T18:36:50 * Bosmon7 has quit
2018-06-16T19:50:56 * mrtyler joined the channel
2018-06-16T21:31:14 * mrtyler joined the channel
2018-06-16T22:55:57 * jhernandez joined the channel
2018-06-16T22:56:00 * jhernandez has quit
2018-06-16T23:01:23 * danayo joined the channel
2018-06-16T23:19:59 * mrtyler joined the channel
2018-06-16T23:38:22 * danayo has left the channel
'

