b'2016-06-02T00:24:49 * alanharnum joined the channel
2016-06-02T01:11:06 * colinclark joined the channel
2016-06-02T01:28:41 * kasparnet joined the channel
2016-06-02T01:34:01 * kasparnet has quit
2016-06-02T02:12:11 * colinclark has quit
2016-06-02T02:17:19 * colinclark joined the channel
2016-06-02T02:25:24 * colinclark has quit
2016-06-02T02:46:07 * colinclark joined the channel
2016-06-02T03:08:12 * colinclark has quit
2016-06-02T03:31:19 * kasparnet joined the channel
2016-06-02T03:36:07 * kasparnet has quit
2016-06-02T04:07:37 * the-t-in-rtf joined the channel
2016-06-02T04:29:55 * kasparnet joined the channel
2016-06-02T04:30:29 * kasparnet has quit
2016-06-02T04:51:37 * the-t-in-rtf has quit
2016-06-02T05:01:11 * the-t-in-rtf joined the channel
2016-06-02T05:12:05 * the-t-in-rtf has quit
2016-06-02T08:51:45 * amatas joined the channel
2016-06-02T11:28:32 * gtirloni joined the channel
2016-06-02T12:17:42 * kasparnet joined the channel
2016-06-02T12:22:34 * Justin_o joined the channel
2016-06-02T12:45:47 * kasparnet has quit
2016-06-02T12:58:59 * jessm joined the channel
2016-06-02T13:01:10 * cindyli joined the channel
2016-06-02T13:38:06 * michelled joined the channel
2016-06-02T13:40:37 * kasparnet joined the channel
2016-06-02T13:58:31 * alanharnum joined the channel
2016-06-02T14:00:40 * simonjb joined the channel
2016-06-02T14:05:12 * clown joined the channel
2016-06-02T14:19:11 * gtirloni joined the channel
2016-06-02T14:31:53 * gtirloni joined the channel
2016-06-02T15:15:35 * michelled joined the channel
2016-06-02T15:47:56 * alanharnum joined the channel
2016-06-02T15:49:25 * kasparnet has quit
2016-06-02T15:58:18 * kasparnet joined the channel
2016-06-02T16:36:27 * clown joined the channel
2016-06-02T16:52:52 * alanharnum has quit
2016-06-02T16:59:21 * alanharnum joined the channel
2016-06-02T17:52:46 * colinclark joined the channel
2016-06-02T18:00:31 * alanharnum has quit
2016-06-02T18:03:05 * alanharn_ joined the channel
2016-06-02T18:04:05 * alanharn_ is now known as alanharnum
2016-06-02T18:06:51 * michelled1 joined the channel
2016-06-02T18:11:55 * alanharnum joined the channel
2016-06-02T18:23:42 * gtirloni joined the channel
2016-06-02T18:23:50 * clown joined the channel
2016-06-02T18:30:03 * alanharn_ joined the channel
2016-06-02T18:30:24 * alanharn_ has quit
2016-06-02T19:34:32 * michelled1 has quit
2016-06-02T19:35:51 * alanharnum joined the channel
2016-06-02T19:39:24 * michelled1 joined the channel
2016-06-02T20:16:04 * alanharnum joined the channel
2016-06-02T20:28:47 * colinclark has quit
2016-06-02T20:34:37 * kasparnet has quit
2016-06-02T20:52:08 * cindyli has quit
2016-06-02T21:21:21 * michelled1 has quit
2016-06-02T21:29:32 * gtirloni has quit
2016-06-02T21:35:25 * alanharnum has quit
2016-06-02T22:29:54 * Justin_o has quit
2016-06-02T22:36:19 * amatas has quit
2016-06-02T23:35:50 * alanharnum joined the channel
'

