b'2016-10-03T02:53:46 * Bosmon2 joined the channel
2016-10-03T07:37:58 * the-t-in-rtf joined the channel
2016-10-03T07:46:36 * stegru joined the channel
2016-10-03T11:18:52 * amatas joined the channel
2016-10-03T11:59:21 * alanharnum joined the channel
2016-10-03T12:25:01 * the-t-in-rtf joined the channel
2016-10-03T12:27:44 * Justin_o joined the channel
2016-10-03T12:28:22 * gtirloni joined the channel
2016-10-03T12:38:53 * cindyli joined the channel
2016-10-03T12:45:52 * alanharnum has quit
2016-10-03T12:56:32 * colinclark joined the channel
2016-10-03T12:59:43 * simonjb joined the channel
2016-10-03T13:34:32 * alanharnum joined the channel
2016-10-03T13:53:19 * colinclark has quit
2016-10-03T13:56:44 * the-t-in-rtf has quit
2016-10-03T14:11:08 * simonjb has quit
2016-10-03T14:17:33 * michelled joined the channel
2016-10-03T14:43:35 * colinclark joined the channel
2016-10-03T14:50:57 * simonjb joined the channel
2016-10-03T15:43:57 * michelled1 joined the channel
2016-10-03T15:44:41 * colinclark_ joined the channel
2016-10-03T15:46:42 * michelled has quit
2016-10-03T15:48:28 * colinclark_ is now known as colinclark
2016-10-03T15:55:20 * alanharnum has quit
2016-10-03T16:16:08 * clown joined the channel
2016-10-03T16:21:20 * cindyli has quit
2016-10-03T16:25:24 * alanharnum joined the channel
2016-10-03T16:38:51 * michelled1 has quit
2016-10-03T16:40:18 * cindyli joined the channel
2016-10-03T16:49:26 * Jess_ joined the channel
2016-10-03T16:51:17 * alanharnum has quit
2016-10-03T16:55:28 * alanharn_ joined the channel
2016-10-03T16:59:56 * michelled joined the channel
2016-10-03T17:01:46 * the-t-in-rtf joined the channel
2016-10-03T17:04:15 * simonjb has quit
2016-10-03T17:04:23 * alanharn_ has quit
2016-10-03T17:05:42 * colinclark has quit
2016-10-03T17:06:32 * michelled has quit
2016-10-03T17:07:34 * simonjb joined the channel
2016-10-03T17:08:15 * colinclark joined the channel
2016-10-03T17:11:47 * colinclark has quit
2016-10-03T17:13:53 * colinclark joined the channel
2016-10-03T17:18:59 * colinclark has quit
2016-10-03T17:23:56 * colinclark joined the channel
2016-10-03T17:30:36 * cindyli has quit
2016-10-03T17:49:17 * colinclark has quit
2016-10-03T17:50:29 * simonjb has quit
2016-10-03T17:52:10 * cindyli joined the channel
2016-10-03T17:52:54 * colinclark joined the channel
2016-10-03T17:53:11 * michelled joined the channel
2016-10-03T17:55:45 * alanharnum joined the channel
2016-10-03T17:58:24 * simonjb joined the channel
2016-10-03T18:07:40 * alanharnum has quit
2016-10-03T18:09:09 * gtirloni has quit
2016-10-03T18:13:35 * gtirloni joined the channel
2016-10-03T18:13:52 * colinclark has quit
2016-10-03T18:14:36 * colinclark joined the channel
2016-10-03T18:15:37 * gtirloni joined the channel
2016-10-03T18:23:43 * stegru has quit
2016-10-03T18:25:14 * alanharnum joined the channel
2016-10-03T19:02:33 * colinclark has quit
2016-10-03T19:08:59 * colinclark joined the channel
2016-10-03T19:29:49 * alanharnum has quit
2016-10-03T19:35:51 * alanharnum joined the channel
2016-10-03T20:05:49 * alanharnum has quit
2016-10-03T20:09:21 * alanharnum joined the channel
2016-10-03T20:38:15 * cindyli has quit
2016-10-03T20:43:08 * alanharnum has quit
2016-10-03T20:47:31 * alanharnum joined the channel
2016-10-03T20:49:59 * michelled has quit
2016-10-03T20:57:43 * alanharnum has quit
2016-10-03T21:01:51 * simonjb has quit
2016-10-03T21:06:56 * clown has quit
2016-10-03T21:31:53 * amatas has quit
2016-10-03T21:57:27 * Jess_ has quit
2016-10-03T22:15:55 * colinclark has quit
'

