b'2016-12-11T00:02:48 * alanharn_ joined the channel
2016-12-11T00:07:54 * alanharn_ has quit
2016-12-11T01:05:55 * alanharn_ joined the channel
2016-12-11T01:10:11 * alanharn_ has quit
2016-12-11T02:07:54 * alanharn_ joined the channel
2016-12-11T02:12:30 * alanharn_ has quit
2016-12-11T03:09:56 * alanharn_ joined the channel
2016-12-11T03:15:08 * alanharn_ has quit
2016-12-11T03:41:52 * David123_ joined the channel
2016-12-11T04:13:07 * alanharn_ joined the channel
2016-12-11T04:17:33 * alanharn_ has quit
2016-12-11T05:15:24 * alanharn_ joined the channel
2016-12-11T05:21:43 * alanharn_ has quit
2016-12-11T06:19:23 * alanharn_ joined the channel
2016-12-11T06:23:37 * alanharn_ has quit
2016-12-11T07:21:21 * alanharn_ joined the channel
2016-12-11T09:24:27 * alanharn_ joined the channel
2016-12-11T09:30:32 * alanharn_ has quit
2016-12-11T10:28:26 * alanharn_ joined the channel
2016-12-11T10:33:01 * alanharn_ has quit
2016-12-11T11:30:16 * alanharn_ joined the channel
2016-12-11T11:35:36 * alanharn_ has quit
2016-12-11T12:33:21 * alanharn_ joined the channel
2016-12-11T12:37:57 * alanharn_ has quit
2016-12-11T13:20:56 * the-t-in-rtf has quit
2016-12-11T13:21:52 * the-t-in-rtf joined the channel
2016-12-11T13:21:57 * the-t-in-rtf has quit
2016-12-11T13:35:03 * alanharn_ joined the channel
2016-12-11T13:42:18 * the-t-in-rtf joined the channel
2016-12-11T13:52:20 * the-t-in-rtf has quit
2016-12-11T14:25:28 * the-t-in-rtf joined the channel
2016-12-11T14:35:37 * the-t-in-rtf has quit
2016-12-11T14:37:03 * alanharn_ joined the channel
2016-12-11T14:42:11 * alanharn_ has quit
2016-12-11T15:04:30 * the-t-in-rtf joined the channel
2016-12-11T15:20:55 * the-t-in-rtf has quit
2016-12-11T15:36:19 * the-t-in-rtf joined the channel
2016-12-11T15:40:14 * alanharn_ joined the channel
2016-12-11T15:44:20 * alanharn_ has quit
2016-12-11T15:47:38 * alanharnum has quit
2016-12-11T15:49:25 * alanharnum joined the channel
2016-12-11T16:13:19 * alanharnum joined the channel
2016-12-11T17:42:31 * alanharn_ joined the channel
2016-12-11T17:48:58 * alanharn_ has quit
2016-12-11T18:46:18 * alanharn_ joined the channel
2016-12-11T18:51:02 * alanharn_ has quit
2016-12-11T19:48:20 * alanharn_ joined the channel
2016-12-11T20:05:23 * alanharnum has quit
2016-12-11T20:36:57 * alanharnum joined the channel
2016-12-11T20:50:20 * alanharn_ joined the channel
2016-12-11T20:52:19 * gtirloni joined the channel
2016-12-11T20:55:50 * alanharn_ has quit
2016-12-11T21:44:27 * gtirloni has quit
2016-12-11T21:53:28 * alanharn_ joined the channel
2016-12-11T21:57:57 * alanharn_ has quit
2016-12-11T22:55:49 * alanharn_ joined the channel
2016-12-11T23:00:13 * alanharn_ has quit
2016-12-11T23:16:22 * Bosmon5 joined the channel
2016-12-11T23:48:53 * Bosmon5 has quit
2016-12-11T23:54:24 * Bosmon5 joined the channel
2016-12-11T23:57:17 * alanharn_ joined the channel
'

