b'2016-06-21T06:00:42 * wannabeCitizen has quit
2016-06-21T06:03:52 * wannabeCitizen joined the channel
2016-06-21T06:29:18 * wannabeCitizen has quit
2016-06-21T07:14:40 * amatas joined the channel
2016-06-21T12:12:06 * Justin_o joined the channel
2016-06-21T12:28:43 * cindyli joined the channel
2016-06-21T13:01:39 * gtirloni joined the channel
2016-06-21T13:19:32 * jessm joined the channel
2016-06-21T13:35:30 * alanharnum joined the channel
2016-06-21T13:47:10 * clown joined the channel
2016-06-21T13:48:42 * michelled joined the channel
2016-06-21T14:03:44 * amatas joined the channel
2016-06-21T14:04:36 * michelled1 joined the channel
2016-06-21T14:06:57 * the-t-in-rtf joined the channel
2016-06-21T14:14:22 * simonjb joined the channel
2016-06-21T15:06:41 * colinclark joined the channel
2016-06-21T15:07:20 * alanharn_ joined the channel
2016-06-21T15:33:01 * alanharn_ has quit
2016-06-21T15:52:20 * alanharn_ joined the channel
2016-06-21T15:52:37 * clown joined the channel
2016-06-21T15:56:38 * michelled joined the channel
2016-06-21T16:10:09 * alanharn_ is now known as alanharnum
2016-06-21T16:22:17 * michelled joined the channel
2016-06-21T16:35:17 * simonjb joined the channel
2016-06-21T16:44:19 * michelled joined the channel
2016-06-21T16:46:07 * colinclark joined the channel
2016-06-21T16:56:51 * gtirloni_ joined the channel
2016-06-21T16:59:51 * gtirloni has quit
2016-06-21T17:14:18 * gtirloni_ is now known as gtirloni
2016-06-21T17:22:54 * simonjb joined the channel
2016-06-21T17:38:17 * colinclark joined the channel
2016-06-21T17:43:34 * michelled joined the channel
2016-06-21T17:44:02 * gtirloni has quit
2016-06-21T17:52:12 * the-t-in-rtf has quit
2016-06-21T18:03:23 * the-t-in-rtf joined the channel
2016-06-21T18:20:39 * clown joined the channel
2016-06-21T18:31:12 * michelled joined the channel
2016-06-21T18:36:36 * alanharnum has quit
2016-06-21T19:16:55 * michelled joined the channel
2016-06-21T19:19:31 * alanharnum joined the channel
2016-06-21T20:56:51 * michelled has quit
2016-06-21T22:19:24 * wannabeCitizen joined the channel
2016-06-21T23:19:13 * alanharnum joined the channel
'

