b'2016-07-09T00:48:02 * gabrielmancini joined the channel
2016-07-09T00:51:25 * Jess_ joined the channel
2016-07-09T00:52:40 * gabrielmancini has quit
2016-07-09T01:01:01 * gabrielmancini joined the channel
2016-07-09T01:05:18 * gabrielmancini has quit
2016-07-09T01:13:50 * gabrielmancini joined the channel
2016-07-09T01:18:22 * gabrielmancini has quit
2016-07-09T01:37:03 * gabrielmancini joined the channel
2016-07-09T01:41:04 * gabrielmancini has quit
2016-07-09T02:10:44 * gabrielmancini joined the channel
2016-07-09T02:15:27 * gabrielmancini has quit
2016-07-09T02:32:07 * gabrielmancini joined the channel
2016-07-09T02:36:11 * gabrielmancini has quit
2016-07-09T03:04:16 * gabrielmancini joined the channel
2016-07-09T03:08:37 * gabrielmancini has quit
2016-07-09T03:16:10 * gabrielmancini joined the channel
2016-07-09T03:20:11 * gabrielmancini has quit
2016-07-09T03:22:21 * gabrielmancini joined the channel
2016-07-09T03:26:42 * gabrielmancini has quit
2016-07-09T03:34:12 * gabrielmancini joined the channel
2016-07-09T03:38:28 * gabrielmancini has quit
2016-07-09T03:55:48 * gabrielmancini joined the channel
2016-07-09T04:00:01 * gabrielmancini has quit
2016-07-09T05:00:43 * gabrielmancini joined the channel
2016-07-09T05:05:02 * gabrielmancini has quit
2016-07-09T06:02:15 * gabrielmancini joined the channel
2016-07-09T06:06:33 * gabrielmancini has quit
2016-07-09T07:03:55 * gabrielmancini joined the channel
2016-07-09T07:08:02 * gabrielmancini has quit
2016-07-09T08:08:33 * gabrielmancini joined the channel
2016-07-09T08:13:02 * gabrielmancini has quit
2016-07-09T08:37:06 * gabrielmancini joined the channel
2016-07-09T08:41:11 * gabrielmancini has quit
2016-07-09T11:33:27 * amatas joined the channel
2016-07-09T17:27:14 * colinclark joined the channel
2016-07-09T18:37:44 * colinclark joined the channel
2016-07-09T19:23:06 * michelled joined the channel
2016-07-09T20:19:46 * michelled joined the channel
2016-07-09T20:35:03 * colinclark joined the channel
2016-07-09T20:40:41 * colinclark joined the channel
2016-07-09T20:47:27 * colinclark joined the channel
2016-07-09T20:55:32 * michelled has quit
2016-07-09T20:56:19 * colinclark joined the channel
2016-07-09T21:07:10 * colinclark joined the channel
2016-07-09T21:22:52 * colinclark joined the channel
2016-07-09T21:26:59 * colinclark has quit
2016-07-09T21:27:05 * colinclark_ joined the channel
2016-07-09T21:29:54 * colinclark_ has quit
2016-07-09T22:06:37 * colinclark joined the channel
'

