b'2016-02-16T07:59:42 * the-t-in-rtf joined the channel
2016-02-16T09:21:47 * gtirloni joined the channel
2016-02-16T10:10:04 * Bosmon joined the channel
2016-02-16T10:25:48 * the-t-in-rtf has quit
2016-02-16T10:52:54 * the-t-in-rtf joined the channel
2016-02-16T11:27:12 * the-t-in-rtf has quit
2016-02-16T11:35:01 * the-t-in-rtf joined the channel
2016-02-16T11:35:50 * the-t-in-rtf has quit
2016-02-16T11:46:57 * the-t-in-rtf joined the channel
2016-02-16T12:33:10 * michelled joined the channel
2016-02-16T12:52:14 * the-t-in-rtf has quit
2016-02-16T12:54:11 * the-t-in-rtf joined the channel
2016-02-16T13:09:08 * the-t-in-rtf has quit
2016-02-16T13:15:25 * gtirloni joined the channel
2016-02-16T13:28:51 * gtirloni_ joined the channel
2016-02-16T13:41:13 * Justin_o joined the channel
2016-02-16T14:10:31 * cindyli joined the channel
2016-02-16T14:15:22 * michelled joined the channel
2016-02-16T14:19:10 * colinclark joined the channel
2016-02-16T14:59:23 * the-t-in-rtf joined the channel
2016-02-16T16:01:34 * simonjb joined the channel
2016-02-16T17:28:18 * clown joined the channel
2016-02-16T18:01:34 * colinclark joined the channel
2016-02-16T18:51:00 * simonjb joined the channel
2016-02-16T19:43:41 * clown joined the channel
2016-02-16T19:44:05 * clown is now known as Guest32015
2016-02-16T20:00:35 * colinclark has quit
2016-02-16T20:21:01 * michelled joined the channel
2016-02-16T20:38:43 * simonjb has quit
2016-02-16T21:09:05 * clown joined the channel
2016-02-16T21:20:54 * clown joined the channel
2016-02-16T21:34:43 * clown joined the channel
2016-02-16T21:38:03 * cindyli has quit
2016-02-16T22:00:20 * clown has quit
2016-02-16T22:35:07 * the-t-in-rtf has quit
'

