b'2017-01-10T20:27:51 * alanharnum has quit
2017-01-10T20:29:26 * michelled1 joined the channel
2017-01-10T20:29:31 * avtar1 joined the channel
2017-01-10T20:30:05 * michelled has quit
2017-01-10T20:30:05 * avtar has quit
2017-01-10T20:30:11 * the-t-in-rtf1 joined the channel
2017-01-10T20:30:38 * the-t-in-rtf has quit
2017-01-10T20:38:28 * jhernandez joined the channel
2017-01-10T20:38:38 * colinclark has quit
2017-01-10T20:42:05 * colinclark joined the channel
2017-01-10T20:56:39 * avtar1 has quit
2017-01-10T20:59:30 * jhung has quit
2017-01-10T21:02:19 * yzen is now known as yzen_
2017-01-10T21:05:24 * stegru joined the channel
2017-01-10T21:05:31 * cindyli has quit
2017-01-10T21:05:33 * michelled1 has quit
2017-01-10T21:05:51 * colinclark has quit
2017-01-10T21:06:52 * jhung joined the channel
2017-01-10T21:07:02 * jhung has quit
2017-01-10T21:07:48 * yzen_ is now known as yzen
2017-01-10T21:17:04 * alanharnum joined the channel
2017-01-10T21:17:13 * lliskovoi joined the channel
2017-01-10T21:17:22 * lliskovoi has quit
2017-01-10T21:18:07 * lliskovoi joined the channel
2017-01-10T21:18:55 * michelled joined the channel
2017-01-10T21:20:41 * michelled has quit
2017-01-10T21:22:00 * colinclark joined the channel
2017-01-10T21:24:10 * michelled joined the channel
2017-01-10T21:24:32 * jhung joined the channel
2017-01-10T21:35:40 * alanharnum joined the channel
2017-01-10T21:36:55 * colinclark has quit
2017-01-10T21:39:30 * colinclark joined the channel
2017-01-10T21:39:33 * colinclark has quit
2017-01-10T21:44:35 * avtar joined the channel
2017-01-10T21:45:44 * alanharnum has quit
2017-01-10T21:46:53 * alanharnum joined the channel
2017-01-10T21:58:44 * clown_mtg is now known as clwon
2017-01-10T22:03:58 * alanharnum has quit
2017-01-10T22:04:18 * jhung has quit
2017-01-10T22:04:25 * jhung joined the channel
2017-01-10T22:04:29 * clwon has quit
2017-01-10T22:06:42 * danayo has quit
2017-01-10T22:07:40 * yzen is now known as yzen_
2017-01-10T22:07:42 * yzen_ is now known as yzen
2017-01-10T22:07:51 * yzen is now known as yzen_
2017-01-10T22:08:35 * jhung has quit
2017-01-10T22:12:05 * yzen_ has quit
2017-01-10T22:13:32 * michelled joined the channel
2017-01-10T22:23:28 * michelled has quit
2017-01-10T22:35:19 * the-t-in-rtf joined the channel
2017-01-10T22:37:05 * the-t-in-rtf1 joined the channel
2017-01-10T22:37:05 * the-t-in-rtf has quit
2017-01-10T22:40:35 * the-t-in-rtf1 has quit
2017-01-10T22:40:44 * the-t-in-rtf joined the channel
2017-01-10T22:44:51 * jhernandez has quit
2017-01-10T22:45:51 * jhernandez joined the channel
2017-01-10T22:49:02 * the-t-in-rtf1 joined the channel
2017-01-10T22:49:02 * the-t-in-rtf has quit
2017-01-10T22:50:29 * danayo joined the channel
2017-01-10T22:58:32 * amatas has quit
2017-01-10T23:04:22 * alanharnum joined the channel
2017-01-10T23:11:35 * alanharnum has quit
2017-01-10T23:17:09 * the-t-in-rtf1 has quit
2017-01-10T23:21:27 * ewbjr has quit
2017-01-10T23:22:40 * ewbjr joined the channel
2017-01-10T23:51:20 * avtar has quit
2017-01-10T23:57:54 * Justin_o has quit
'

b"2017-01-10T00:08:37 * michelled joined the channel
2017-01-10T00:36:49 * kavya has quit
2017-01-10T00:37:46 * lliskovoi joined the channel
2017-01-10T00:47:43 * sgithens has quit
2017-01-10T01:43:12 * stegru has quit
2017-01-10T01:53:29 * tylermr joined the channel
2017-01-10T01:54:01 <tylermr> mrtyler:
2017-01-10T01:57:03 <tylermr> troscoe
2017-01-10T01:57:14 * tylermr has quit
2017-01-10T04:00:39 * sgithens joined the channel
2017-01-10T04:14:22 * yzen_ is now known as yzen
2017-01-10T05:27:22 * mrtyler joined the channel
2017-01-10T06:11:14 * LMNTRIX joined the channel
2017-01-10T06:32:21 * yzen is now known as yzen_
2017-01-10T06:36:31 * yzen_ has quit
2017-01-10T07:19:14 * amatas joined the channel
2017-01-10T08:40:47 * LMNTRIX joined the channel
2017-01-10T08:40:47 * LMNTRIX has quit
2017-01-10T08:41:05 * LMNTRIX joined the channel
2017-01-10T08:55:50 * stegru joined the channel
2017-01-10T09:37:17 * jhernandez has quit
2017-01-10T09:41:17 * -- BotBot disconnected, possible missing messages --
2017-01-10T09:43:22 * [o__o] joined the channel
2017-01-10T09:59:05 * stegru has quit
2017-01-10T10:14:46 * LMNTRIX has quit
2017-01-10T10:26:31 * the-t-in-rtf joined the channel
2017-01-10T10:35:44 * the-t-in-rtf has quit
2017-01-10T10:36:47 * the-t-in-rtf joined the channel
2017-01-10T10:37:01 * stegru joined the channel
2017-01-10T11:12:52 * sirdancealot has quit
2017-01-10T11:25:49 * sirdancealot joined the channel
2017-01-10T11:31:43 * the-t-in-rtf has quit
2017-01-10T11:47:41 * sirdancealot has quit
2017-01-10T12:04:56 * sirdancealot joined the channel
2017-01-10T12:13:36 * the-t-in-rtf joined the channel
2017-01-10T12:33:48 * stegru has quit
2017-01-10T12:41:06 * gtirloni joined the channel
2017-01-10T12:53:35 * sirdancealot has quit
2017-01-10T13:06:13 * alanharnum joined the channel
2017-01-10T13:06:29 * sirdancealot joined the channel
2017-01-10T13:23:55 * jessm joined the channel
2017-01-10T13:25:19 * sgithens has quit
2017-01-10T13:29:52 * Justin_o joined the channel
2017-01-10T13:33:27 * stegru joined the channel
2017-01-10T13:50:41 * alanharnum has quit
2017-01-10T13:53:12 * jhung joined the channel
2017-01-10T13:58:28 * the-t-in-rtf has quit
2017-01-10T14:14:35 * cindyli joined the channel
2017-01-10T14:19:12 * jhung has quit
2017-01-10T14:27:53 * cindyli has quit
2017-01-10T14:33:27 * LMNTRIX joined the channel
2017-01-10T14:35:15 * yzen joined the channel
2017-01-10T14:36:58 * jhung joined the channel
2017-01-10T14:37:05 * alanharnum joined the channel
2017-01-10T14:40:24 * alanharnum has quit
2017-01-10T14:52:51 * LMNTRIX has quit
2017-01-10T14:53:38 * clown joined the channel
2017-01-10T14:53:43 * clown is now known as clown_mtg
2017-01-10T14:53:50 * cindyli joined the channel
2017-01-10T14:56:16 * michelled joined the channel
2017-01-10T15:00:53 * yzen_ joined the channel
2017-01-10T15:01:52 * yzen has quit
2017-01-10T15:03:31 * danayo joined the channel
2017-01-10T15:07:11 * lliskovoi joined the channel
2017-01-10T15:08:04 <danayo> jhung, Justin_o, michelled could someone add me to meeting or let me know how to join?
2017-01-10T15:09:41 <michelled> Gio, you are on 4 giant screent!
2017-01-10T15:09:50 <michelled> it's amazing - we are surrounded by Gio
2017-01-10T15:12:07 * colinclark joined the channel
2017-01-10T15:34:06 * sirdancealot has quit
2017-01-10T15:40:52 * alanharnum joined the channel
2017-01-10T15:46:10 * avtar joined the channel
2017-01-10T15:46:15 * mrtyler joined the channel
2017-01-10T15:59:35 * stegru has quit
2017-01-10T16:03:12 * alanharnum has quit
2017-01-10T16:16:06 * stegru joined the channel
2017-01-10T16:27:15 * kavya joined the channel
2017-01-10T16:34:45 * LMNTRIX joined the channel
2017-01-10T16:39:08 * the-t-in-rtf joined the channel
2017-01-10T16:43:32 * lliskovoi has quit
2017-01-10T16:50:31 * lliskovoi joined the channel
2017-01-10T16:50:31 * lliskovoi has quit
2017-01-10T16:54:16 * LMNTRIX has quit
2017-01-10T16:57:22 * yzen joined the channel
2017-01-10T17:00:42 * alanharnum joined the channel
2017-01-10T17:00:44 * yzen_ has quit
2017-01-10T17:01:10 * LMNTRIX joined the channel
2017-01-10T17:03:20 * avtar has quit
2017-01-10T17:06:14 * LMNTRIX has quit
2017-01-10T17:07:16 * alanharnum has quit
2017-01-10T17:07:28 * LMNTRIX joined the channel
2017-01-10T17:13:26 * LMNTRIX has quit
2017-01-10T17:15:40 * lliskovoi joined the channel
2017-01-10T17:21:36 * cindyli has quit
2017-01-10T17:23:34 * jhung joined the channel
2017-01-10T17:28:25 * jhung has quit
2017-01-10T17:29:42 * cindyli joined the channel
2017-01-10T17:31:20 * colinclark has quit
2017-01-10T17:31:25 * michelled has quit
2017-01-10T17:51:12 * avtar joined the channel
2017-01-10T17:51:21 * michelled joined the channel
2017-01-10T17:51:46 * lliskovoi has quit
2017-01-10T17:52:52 * colinclark joined the channel
2017-01-10T17:54:04 * sgithens joined the channel
2017-01-10T17:55:55 * stegru has quit
2017-01-10T17:57:07 * yzen is now known as yzen_
2017-01-10T18:04:52 * alanharnum joined the channel
2017-01-10T18:09:40 * lliskovoi joined the channel
2017-01-10T18:13:45 * yzen_ is now known as yzen
2017-01-10T18:16:33 * jhung joined the channel
2017-01-10T18:19:29 * the-t-in-rtf has quit
2017-01-10T18:19:50 * the-t-in-rtf joined the channel
2017-01-10T18:20:52 * yzen is now known as yzen_
2017-01-10T18:23:52 * jhung has quit
2017-01-10T18:25:12 * yzen_ has quit
2017-01-10T18:26:46 * michelled has quit
2017-01-10T18:26:51 * lliskovoi has quit
2017-01-10T18:28:49 * colinclark has quit
2017-01-10T18:30:19 * colinclark joined the channel
2017-01-10T18:31:13 * clown_mtg has quit
2017-01-10T18:35:22 * colinclark has quit
2017-01-10T18:46:44 * sirdancealot joined the channel
2017-01-10T18:48:45 * cindyli has quit
2017-01-10T19:00:41 * yzen joined the channel
2017-01-10T19:02:31 * the-t-in-rtf has quit
2017-01-10T19:06:52 * alanharnum joined the channel
2017-01-10T19:12:02 * michelled joined the channel
2017-01-10T19:15:05 * cindyli joined the channel
2017-01-10T19:17:13 * clown joined the channel
2017-01-10T19:19:11 * lliskovoi joined the channel
2017-01-10T19:21:13 * colinclark joined the channel
2017-01-10T19:22:19 * avtar joined the channel
2017-01-10T19:22:34 * jhung joined the channel
2017-01-10T19:25:05 * alanharnum has quit
2017-01-10T19:29:14 * clown has quit
2017-01-10T19:36:09 * clown joined the channel
2017-01-10T19:36:37 * colinclark has quit
2017-01-10T19:36:55 * clown1 joined the channel
2017-01-10T19:38:21 * colinclark joined the channel
2017-01-10T19:39:22 * the-t-in-rtf joined the channel
2017-01-10T19:40:35 * clown has quit
2017-01-10T19:45:16 * clown1 has quit
2017-01-10T19:57:32 * clown joined the channel
2017-01-10T19:57:34 * clown is now known as clown_mtg
2017-01-10T20:14:05 * the-t-in-rtf has quit
2017-01-10T20:14:10 * jhung has quit
2017-01-10T20:14:22 * the-t-in-rtf joined the channel
2017-01-10T20:15:02 * gtirloni has quit
2017-01-10T20:20:13 * jhung joined the channel
2017-01-10T20:22:37 * alanharnum joined the channel
2017-01-10T20:26:10 * alanharn_ joined the channel
"

