b'2014-02-03T00:26:41 * -- BotBot disconnected, possible missing messages --
2014-02-03T00:27:46 * -- BotBot disconnected, possible missing messages --
2014-02-03T00:31:42 * -- BotBot disconnected, possible missing messages --
2014-02-03T00:32:26 * -- BotBot disconnected, possible missing messages --
2014-02-03T00:33:14 * -- BotBot disconnected, possible missing messages --
2014-02-03T00:33:56 * -- BotBot disconnected, possible missing messages --
2014-02-03T00:37:46 * -- BotBot disconnected, possible missing messages --
2014-02-03T00:38:54 * [o__o] has quit
2014-02-03T00:38:54 * -- BotBot disconnected, possible missing messages --
2014-02-03T00:38:56 * -- BotBot disconnected, possible missing messages --
2014-02-03T00:42:35 * -- BotBot disconnected, possible missing messages --
2014-02-03T00:45:34 * -- BotBot disconnected, possible missing messages --
2014-02-03T00:46:26 * -- BotBot disconnected, possible missing messages --
2014-02-03T00:47:05 * -- BotBot disconnected, possible missing messages --
2014-02-03T00:48:54 * -- BotBot disconnected, possible missing messages --
2014-02-03T00:52:05 * -- BotBot disconnected, possible missing messages --
2014-02-03T00:56:26 * -- BotBot disconnected, possible missing messages --
2014-02-03T01:05:55 * -- BotBot disconnected, possible missing messages --
2014-02-03T01:06:27 * -- BotBot disconnected, possible missing messages --
2014-02-03T01:15:55 * -- BotBot disconnected, possible missing messages --
2014-02-03T01:16:12 * -- BotBot disconnected, possible missing messages --
2014-02-03T01:21:05 * -- BotBot disconnected, possible missing messages --
2014-02-03T01:26:12 * -- BotBot disconnected, possible missing messages --
2014-02-03T01:26:14 * -- BotBot disconnected, possible missing messages --
2014-02-03T01:27:33 * -- BotBot disconnected, possible missing messages --
2014-02-03T01:27:49 * -- BotBot disconnected, possible missing messages --
2014-02-03T01:33:26 * -- BotBot disconnected, possible missing messages --
2014-02-03T01:36:14 * -- BotBot disconnected, possible missing messages --
2014-02-03T01:37:33 * -- BotBot disconnected, possible missing messages --
2014-02-03T01:38:23 * -- BotBot disconnected, possible missing messages --
2014-02-03T01:43:23 * -- BotBot disconnected, possible missing messages --
2014-02-03T17:09:58 * Guest21219 joined the channel
2014-02-03T17:11:22 * clown has quit
2014-02-03T17:17:17 * colinclark has quit
2014-02-03T17:22:39 * anvk joined the channel
2014-02-03T17:23:19 * kasparnet has quit
2014-02-03T17:23:43 * clown joined the channel
2014-02-03T17:25:53 * kasparnet joined the channel
2014-02-03T17:26:02 <kasparnet> Justin_o_: hi justin
2014-02-03T17:30:46 <Justin_o_> kasparnet: hello
2014-02-03T17:32:15 <kasparnet> hi Justin_o_
2014-02-03T17:32:31 <kasparnet> I was wondering if you could try out doing transitions in JIRAs not being logged in
2014-02-03T17:32:42 <kasparnet> I thought I had fixed it until I saw your mail
2014-02-03T17:32:53 <kasparnet> and now I fixed it some more :)
2014-02-03T17:33:09 <kasparnet> so wanted to check if it seems to be properly locked down for you as well
2014-02-03T17:33:30 <Justin_o_> kasparnet: ah okay.. i\'ll take a look
2014-02-03T17:34:21 <Justin_o_> kasparnet: looks good now
2014-02-03T17:34:21 <kasparnet> thanks Justin_o_!!
2014-02-03T17:34:27 <kasparnet> cool
2014-02-03T17:34:56 <kasparnet> thanks
2014-02-03T17:35:12 <Justin_o_> np.. hope it isn\'t too much work to get things all cleaned up
2014-02-03T17:49:24 * -- BotBot disconnected, possible missing messages --
2014-02-03T17:50:10 * -- BotBot disconnected, possible missing messages --
2014-02-03T17:50:46 * -- BotBot disconnected, possible missing messages --
2014-02-03T17:51:26 * -- BotBot disconnected, possible missing messages --
2014-02-03T17:52:26 * -- BotBot disconnected, possible missing messages --
2014-02-03T17:53:11 * -- BotBot disconnected, possible missing messages --
2014-02-03T17:54:02 * -- BotBot disconnected, possible missing messages --
2014-02-03T17:54:27 * -- BotBot disconnected, possible missing messages --
2014-02-03T17:54:36 * -- BotBot disconnected, possible missing messages --
2014-02-03T17:55:11 * -- BotBot disconnected, possible missing messages --
2014-02-03T17:55:14 * -- BotBot disconnected, possible missing messages --
2014-02-03T17:55:47 * -- BotBot disconnected, possible missing messages --
2014-02-03T17:56:10 * -- BotBot disconnected, possible missing messages --
2014-02-03T17:56:27 * -- BotBot disconnected, possible missing messages --
2014-02-03T17:56:50 * -- BotBot disconnected, possible missing messages --
2014-02-03T17:57:23 * -- BotBot disconnected, possible missing messages --
2014-02-03T17:57:26 * -- BotBot disconnected, possible missing messages --
2014-02-03T17:58:12 * -- BotBot disconnected, possible missing messages --
2014-02-03T17:58:24 * -- BotBot disconnected, possible missing messages --
2014-02-03T17:59:02 * -- BotBot disconnected, possible missing messages --
2014-02-03T17:59:03 * -- BotBot disconnected, possible missing messages --
2014-02-03T17:59:36 * -- BotBot disconnected, possible missing messages --
2014-02-03T18:00:10 * -- BotBot disconnected, possible missing messages --
2014-02-03T18:00:15 * -- BotBot disconnected, possible missing messages --
2014-02-03T18:00:46 * -- BotBot disconnected, possible missing messages --
2014-02-03T18:01:11 * -- BotBot disconnected, possible missing messages --
2014-02-03T18:01:26 * -- BotBot disconnected, possible missing messages --
2014-02-03T18:01:51 * -- BotBot disconnected, possible missing messages --
2014-02-03T18:02:24 * -- BotBot disconnected, possible missing messages --
2014-02-03T18:02:26 * -- BotBot disconnected, possible missing messages --
2014-02-03T18:03:11 * -- BotBot disconnected, possible missing messages --
2014-02-03T18:03:25 * -- BotBot disconnected, possible missing messages --
2014-02-03T18:04:02 * -- BotBot disconnected, possible missing messages --
2014-02-03T18:04:36 * -- BotBot disconnected, possible missing messages --
2014-02-03T18:05:14 * -- BotBot disconnected, possible missing messages --
2014-02-03T18:06:10 * -- BotBot disconnected, possible missing messages --
2014-02-03T18:06:50 * -- BotBot disconnected, possible missing messages --
2014-02-03T18:07:23 * -- BotBot disconnected, possible missing messages --
2014-02-03T18:08:24 * -- BotBot disconnected, possible missing messages --
2014-02-03T18:09:02 * -- BotBot disconnected, possible missing messages --
2014-02-03T21:23:28 * [o__o] joined the channel
2014-02-03T21:24:56 <cindyli> Bosmon: into FLUID-5185? why not 3674?
2014-02-03T21:25:12 <Bosmon> cindyli - sorry yes, that\'s what I meant :)
2014-02-03T21:25:35 * jhung has quit
2014-02-03T21:26:15 <cindyli> ok. thanks, Bosmon. are you going to revive the direct sharing, or I should change code to use relay for direct sharing?
2014-02-03T21:26:38 <Bosmon> cindyli - you can continue to use direct sharing with the old grades by putting any "applier" definition in the "members" section
2014-02-03T21:26:54 <Bosmon> "When you have time" you should try to move over to relay
2014-02-03T21:27:10 <Bosmon> The idea behind the FLUID-3674 is not to force a pace on anyone : P
2014-02-03T21:27:14 <cindyli> cool. thanks, Bosmon. "model" can stay as a regular option?
2014-02-03T21:27:18 <Bosmon> cindyli - yes
2014-02-03T21:27:32 <cindyli> great. thanks, Bosmon, trying...
2014-02-03T21:32:25 <cindyli> works like a charm! thanks, Bosmon
2014-02-03T21:32:50 <Bosmon> cheers - good luck, cindyli : )
2014-02-03T21:34:22 * cindyli has quit
2014-02-03T21:48:25 * jhung joined the channel
2014-02-03T22:00:42 * anvk has quit
2014-02-03T22:02:47 * clown has left the channel
2014-02-03T22:04:15 * sgithens has quit
2014-02-03T22:05:12 * jhung has quit
2014-02-03T22:16:07 * yzen has quit
2014-02-03T23:09:21 * jhung joined the channel
2014-02-03T23:10:20 * jhung has quit
2014-02-03T23:15:05 * michelled has quit
2014-02-03T23:24:23 * danaayotte has quit
2014-02-03T23:39:43 * Bosmon has quit
2014-02-03T23:43:08 * avtar has quit
2014-02-03T23:45:21 * Bosmon joined the channel
'

