b'2014-04-19T01:14:48 * jhung joined the channel
2014-04-19T01:33:49 * SonicX joined the channel
2014-04-19T01:47:34 * jhernandez has quit
2014-04-19T01:49:04 * jhernandez joined the channel
2014-04-19T01:57:39 * jhung has quit
2014-04-19T02:02:39 * jhernandez has quit
2014-04-19T02:56:58 * jhernandez joined the channel
2014-04-19T04:17:59 * jhernandez has quit
2014-04-19T06:53:47 * SonicX has quit
2014-04-19T07:13:08 * Bosmon2 joined the channel
2014-04-19T07:13:09 * Bosmon has quit
2014-04-19T08:41:08 * kasparnet joined the channel
2014-04-19T09:28:32 * kasparnet has quit
2014-04-19T10:40:04 * jash4 joined the channel
2014-04-19T12:05:43 * the-t-in-rtf1 joined the channel
2014-04-19T12:14:52 * the-t-in-rtf has quit
2014-04-19T15:39:33 * jash4 has quit
2014-04-19T15:52:37 * jash4 joined the channel
2014-04-19T17:05:21 * SonicX joined the channel
2014-04-19T17:41:57 * jhernandez joined the channel
2014-04-19T18:10:17 * jash4 has quit
2014-04-19T18:22:37 * jash4 joined the channel
2014-04-19T18:47:52 * kasparnet joined the channel
2014-04-19T18:49:03 * jash4 has quit
2014-04-19T18:50:23 * jash4 joined the channel
2014-04-19T18:58:23 * kasparnet has quit
2014-04-19T20:49:05 * jash4 has quit
2014-04-19T21:56:12 * jhernandez has quit
2014-04-19T23:28:59 * jhernandez joined the channel
'

