b'2014-07-19T02:24:26 * the-t-in-rtf has quit
2014-07-19T02:54:45 * yzen has quit
2014-07-19T02:55:05 * yzen joined the channel
2014-07-19T02:59:54 * yzen has quit
2014-07-19T11:29:59 * slim_ joined the channel
2014-07-19T11:41:20 * slim_ has quit
2014-07-19T16:54:06 * slim_ joined the channel
2014-07-19T17:07:25 * yzen joined the channel
2014-07-19T17:45:31 * slim_ has quit
2014-07-19T18:08:22 * the-t-in-rtf joined the channel
2014-07-19T18:17:47 * the-t-in-rtf has quit
2014-07-19T18:22:17 * yzen has quit
2014-07-19T19:17:43 * yzen joined the channel
2014-07-19T19:32:22 * yzen has quit
2014-07-19T19:43:58 * yzen joined the channel
2014-07-19T20:06:38 * yzen has quit
2014-07-19T21:56:20 * yzen joined the channel
2014-07-19T22:00:52 * yzen has quit
2014-07-19T22:39:33 * the-t-in-rtf joined the channel
'

