b"2014-09-22T11:52:39 * jhernandez joined the channel
2014-09-22T12:07:02 * jhung joined the channel
2014-09-22T12:22:06 * Justin_o joined the channel
2014-09-22T12:42:35 * anvk joined the channel
2014-09-22T12:42:45 * cindyli joined the channel
2014-09-22T12:56:49 * michelled joined the channel
2014-09-22T12:59:10 * jessm joined the channel
2014-09-22T12:59:15 * heidiv joined the channel
2014-09-22T13:09:44 * danaayotte joined the channel
2014-09-22T13:36:49 * yzen joined the channel
2014-09-22T14:10:00 * simonjb joined the channel
2014-09-22T14:23:50 * anastasiac joined the channel
2014-09-22T14:35:04 <Justin_o> sgithens__: i was just going to setup the rfid reader on windows machine we have in the office but saw this jira http://issues.gpii.net/browse/GPII-715
2014-09-22T14:35:40 <Justin_o> do you know much about it?
2014-09-22T14:37:30 * danaayotte has quit
2014-09-22T14:46:53 * michelled has quit
2014-09-22T14:49:26 * Bosmon7 joined the channel
2014-09-22T14:52:50 * michelled joined the channel
2014-09-22T14:54:44 <michelled> anastasiac, cindyli, Justin_o, jhung: shall we have a floe planning meeting?
2014-09-22T14:54:52 <Justin_o> michelled: okay
2014-09-22T14:55:01 <cindyli> sure
2014-09-22T14:55:47 <jhung> michelled: sure
2014-09-22T14:58:32 * anastasiac has quit
2014-09-22T15:01:50 * jhung1 joined the channel
2014-09-22T15:04:28 * jhung has quit
2014-09-22T15:16:28 * yzen has quit
2014-09-22T15:21:19 * yzen joined the channel
2014-09-22T15:21:20 * cindyli has quit
2014-09-22T15:27:30 * michelled has quit
2014-09-22T15:32:56 * michelled joined the channel
2014-09-22T15:42:01 * jhernandez has quit
2014-09-22T16:23:16 * michelled has quit
2014-09-22T16:24:14 * cindyli joined the channel
2014-09-22T16:24:55 * jhung1 is now known as jhung_away
2014-09-22T16:45:58 * clown joined the channel
2014-09-22T16:46:04 * clown is now known as clown_mtg
2014-09-22T16:51:56 * danaayotte__ joined the channel
2014-09-22T17:20:08 * anastasiac joined the channel
2014-09-22T17:25:43 <anastasiac> Justin_o, when you have a minute: I\xe2\x80\x99ve added one (hopefully) last pull request for FLUID-5379: https://github.com/fluid-project/infusion-docs/pull/32
2014-09-22T17:32:09 * Bosmon7 has quit
2014-09-22T17:35:38 <anastasiac> Jusin_o, I\xe2\x80\x99ve also responded to your latest review of my other two pull requests
2014-09-22T17:42:57 <Justin_o> anastasiac: thanks, i'll take a look at those
2014-09-22T17:56:46 * Bosmon7 joined the channel
2014-09-22T18:23:38 <Justin_o> anastasiac: i've merged all of your infusion-docs pull requests. can FLUID-5379 be closed now?
2014-09-22T18:24:02 <anastasiac> Yay! thanks, Justin_o. Yes, I think 5379 can be closed now.
2014-09-22T18:24:11 <Justin_o> anastasiac: thanks
2014-09-22T18:25:45 <Justin_o> i've closed it
2014-09-22T18:36:35 * clown_mtg has quit
2014-09-22T18:51:37 * clown joined the channel
2014-09-22T18:54:51 * Bosmon7 has quit
2014-09-22T18:56:07 * cindyli has quit
2014-09-22T19:37:16 * cindyli joined the channel
2014-09-22T19:57:25 * michelled joined the channel
2014-09-22T19:57:47 * heidiv has quit
2014-09-22T20:34:26 * cindyli has quit
2014-09-22T20:43:48 * jhung_away has quit
2014-09-22T20:51:26 * anvk has quit
2014-09-22T20:53:35 * jhernandez joined the channel
2014-09-22T21:03:21 * clown has quit
2014-09-22T21:10:29 * yzen has quit
2014-09-22T21:30:58 * anastasiac has quit
2014-09-22T21:42:36 * danaayotte__ has quit
2014-09-22T21:42:47 * danaayotte__ joined the channel
2014-09-22T21:44:12 * danaayotte__ has quit
2014-09-22T21:46:03 * simonjb has quit
2014-09-22T21:46:09 * Justin_o has quit
2014-09-22T21:52:50 * michelled has quit
2014-09-22T22:01:56 * Bosmon7 joined the channel
2014-09-22T22:14:18 * Bosmon7 has quit
2014-09-22T22:34:55 * yzen joined the channel
2014-09-22T22:39:14 * jessm has quit
2014-09-22T22:51:19 * yzen has quit
2014-09-22T23:07:38 * jhung joined the channel
2014-09-22T23:16:07 * michelled joined the channel
2014-09-22T23:16:34 * michelled has quit
2014-09-22T23:53:48 * jhernandez has quit
"

