b'2014-12-24T02:31:30 * yzen joined the channel
2014-12-24T05:01:02 * yzen joined the channel
2014-12-24T13:07:05 * yzen joined the channel
2014-12-24T13:35:41 * kasparnet joined the channel
2014-12-24T14:09:46 * the-t-in-rtf joined the channel
2014-12-24T14:57:04 * kasparnet has quit
2014-12-24T15:06:29 * jhernandez has quit
2014-12-24T15:48:25 * jhernandez joined the channel
2014-12-24T15:57:00 * yzen joined the channel
2014-12-24T16:11:03 * yzen is now known as yzen_
2014-12-24T17:00:37 * yzen joined the channel
2014-12-24T17:08:17 * yzen joined the channel
2014-12-24T17:16:13 * yzen is now known as yzen_
2014-12-24T17:20:23 * yzen_ has quit
2014-12-24T17:31:17 * yzen joined the channel
2014-12-24T18:44:32 * kasparnet joined the channel
2014-12-24T18:57:46 * kasparnet has quit
2014-12-24T18:58:32 * kasparnet joined the channel
2014-12-24T19:14:51 * colinclark joined the channel
2014-12-24T19:48:29 * kasparnet has quit
2014-12-24T20:30:05 * kasparnet joined the channel
2014-12-24T20:30:37 * kasparnet has quit
2014-12-24T20:58:55 * yzen joined the channel
2014-12-24T21:54:20 * colinclark has quit
'

