b'2016-04-06T01:24:22 * michelled joined the channel
2016-04-06T01:53:38 * kasparnet joined the channel
2016-04-06T01:59:51 * kasparnet has quit
2016-04-06T02:33:46 * colinclark joined the channel
2016-04-06T03:07:41 * colinclark has quit
2016-04-06T03:21:29 * colinclark joined the channel
2016-04-06T03:21:29 * colinclark has quit
2016-04-06T03:56:02 * kasparnet joined the channel
2016-04-06T04:00:57 * kasparnet has quit
2016-04-06T06:54:52 * the-t-in-rtf joined the channel
2016-04-06T06:56:25 * the-t-in-rtf has quit
2016-04-06T06:58:46 * the-t-in-rtf joined the channel
2016-04-06T07:19:05 * the-t-in-rtf has quit
2016-04-06T07:21:07 * the-t-in-rtf joined the channel
2016-04-06T08:06:39 * kasparnet joined the channel
2016-04-06T10:14:37 * the-t-in-rtf has quit
2016-04-06T11:43:53 * jessm joined the channel
2016-04-06T12:07:40 * Justin_o joined the channel
2016-04-06T12:23:01 * the-t-in-rtf joined the channel
2016-04-06T12:41:54 * michelled joined the channel
2016-04-06T12:57:45 * cindyli joined the channel
2016-04-06T13:02:59 * alanharnum joined the channel
2016-04-06T13:15:11 * colinclark joined the channel
2016-04-06T13:18:54 * gtirloni joined the channel
2016-04-06T13:50:33 * colinclark joined the channel
2016-04-06T14:23:02 * michelled joined the channel
2016-04-06T14:33:52 * colinclark joined the channel
2016-04-06T15:07:19 * the-t-in-rtf has quit
2016-04-06T15:08:46 * simonjb joined the channel
2016-04-06T15:26:36 * jessm joined the channel
2016-04-06T15:27:20 * the-t-in-rtf joined the channel
2016-04-06T15:51:04 * clown joined the channel
2016-04-06T17:05:00 * clown is now known as clown_mtg
2016-04-06T17:23:19 * the-t-in-rtf has quit
2016-04-06T17:37:58 * Justin_o has quit
2016-04-06T18:04:50 * michelled joined the channel
2016-04-06T18:06:16 * cindyli joined the channel
2016-04-06T18:07:05 * clown_mtg is now known as clown
2016-04-06T18:25:42 * the-t-in-rtf joined the channel
2016-04-06T18:27:23 * alanharnum joined the channel
2016-04-06T18:37:44 * the-t-in-rtf has quit
2016-04-06T18:38:12 * the-t-in-rtf joined the channel
2016-04-06T18:39:27 * the-t-in-rtf has quit
2016-04-06T18:40:09 * the-t-in-rtf joined the channel
2016-04-06T18:58:22 * colinclark joined the channel
2016-04-06T19:06:46 * Justin_o joined the channel
2016-04-06T19:09:14 * colinclark joined the channel
2016-04-06T19:16:19 * colinclark joined the channel
2016-04-06T19:47:08 * colinclark joined the channel
2016-04-06T19:53:48 * colinclark has quit
2016-04-06T20:03:01 * colinclark joined the channel
2016-04-06T20:10:54 * the-t-in-rtf has quit
2016-04-06T20:25:45 * colinclark has quit
2016-04-06T20:26:51 * cindyli joined the channel
2016-04-06T20:30:29 * colinclark joined the channel
2016-04-06T21:07:49 * alanharnum has quit
2016-04-06T21:27:57 * Justin_o has quit
2016-04-06T21:45:37 * jessm has quit
2016-04-06T22:08:34 * colinclark has quit
2016-04-06T22:10:20 * colinclark joined the channel
2016-04-06T22:51:59 * kasparnet has quit
2016-04-06T23:00:06 * colinclark joined the channel
2016-04-06T23:12:11 * colinclark joined the channel
'

