b'2017-05-06T00:17:24 * michelled joined the channel
2017-05-06T00:34:46 * michelled has quit
2017-05-06T00:36:07 * michelled joined the channel
2017-05-06T03:00:05 * michelled has quit
2017-05-06T06:18:29 * Bosmon7 joined the channel
2017-05-06T06:23:19 * Bosmon7 has quit
2017-05-06T07:18:35 * javjarfer joined the channel
2017-05-06T07:28:36 * amatas joined the channel
2017-05-06T08:46:55 * amatas has quit
2017-05-06T09:26:24 * Bosmon7 joined the channel
2017-05-06T11:00:49 * noveens joined the channel
2017-05-06T11:46:32 * Bosmon7 has quit
2017-05-06T11:53:07 * michelled joined the channel
2017-05-06T11:57:13 * michelled has quit
2017-05-06T11:59:57 * javjarfer has quit
2017-05-06T16:48:05 * the-t-in-rtf1 joined the channel
2017-05-06T16:51:38 * the-t-in-rtf has quit
2017-05-06T17:29:13 * Bosmon7 joined the channel
2017-05-06T17:40:47 * Bosmon7 has quit
2017-05-06T18:12:18 * the-t-in-rtf joined the channel
2017-05-06T18:15:58 * the-t-in-rtf1 has quit
2017-05-06T18:16:06 * the-t-in-rtf1 joined the channel
2017-05-06T18:17:10 * the-t-in-rtf has quit
2017-05-06T18:19:28 * the-t-in-rtf joined the channel
2017-05-06T18:22:28 * the-t-in-rtf1 has quit
2017-05-06T20:10:59 * Bosmon7 joined the channel
2017-05-06T20:15:52 * Bosmon7 has quit
2017-05-06T20:26:02 * amatas joined the channel
2017-05-06T22:15:08 * amatas has quit
'

