b'2015-11-19T02:38:55 * colinclark joined the channel
2015-11-19T02:55:51 * colinclark has quit
2015-11-19T03:48:57 * colinclark joined the channel
2015-11-19T04:10:10 * colinclark has quit
2015-11-19T04:11:33 * colinclark joined the channel
2015-11-19T04:54:38 * colinclark has quit
2015-11-19T04:56:58 * colinclark joined the channel
2015-11-19T04:56:59 * colinclark has quit
2015-11-19T08:21:25 * the-t-in-rtf joined the channel
2015-11-19T12:50:25 * cindyli joined the channel
2015-11-19T13:01:03 * the-t-in-rtf has left the channel
2015-11-19T14:07:54 * michelled joined the channel
2015-11-19T15:39:44 * michelled has quit
2015-11-19T16:08:31 * clown joined the channel
2015-11-19T16:20:41 * michelled joined the channel
2015-11-19T16:37:23 * michelled has quit
2015-11-19T16:53:12 * clown joined the channel
2015-11-19T17:37:22 * michelled joined the channel
2015-11-19T17:42:55 * michelled has quit
2015-11-19T18:43:34 * michelled joined the channel
2015-11-19T18:43:37 * michelled has quit
2015-11-19T19:14:39 * clown has quit
2015-11-19T19:30:09 * michelled joined the channel
2015-11-19T19:33:00 * clown joined the channel
2015-11-19T20:31:48 * clown joined the channel
2015-11-19T21:03:38 * michelled joined the channel
2015-11-19T22:58:05 * michelled has quit
2015-11-19T23:18:49 * michelled joined the channel
2015-11-19T23:19:13 * michelled has quit
'

