b'2016-09-21T00:11:13 * Justin_o has quit
2016-09-21T06:38:39 * the-t-in-rtf has quit
2016-09-21T06:38:45 * kasparnet joined the channel
2016-09-21T07:16:36 * the-t-in-rtf joined the channel
2016-09-21T07:36:21 * amatas joined the channel
2016-09-21T07:58:34 * stegru joined the channel
2016-09-21T09:48:05 * kasparnet has quit
2016-09-21T10:19:10 * kasparnet joined the channel
2016-09-21T10:35:57 * kasparnet has quit
2016-09-21T10:42:34 * kasparnet joined the channel
2016-09-21T11:15:58 * kasparne_ joined the channel
2016-09-21T11:19:05 * kasparnet has quit
2016-09-21T12:04:57 * gtirloni_ joined the channel
2016-09-21T12:05:02 * the-t-in-rtf has quit
2016-09-21T12:31:18 * Justin_o joined the channel
2016-09-21T12:37:03 * the-t-in-rtf joined the channel
2016-09-21T12:44:35 * gtirloni joined the channel
2016-09-21T12:48:58 * cindyli joined the channel
2016-09-21T12:51:46 * alanharnum joined the channel
2016-09-21T13:08:27 * simonjb joined the channel
2016-09-21T13:12:50 * michelled joined the channel
2016-09-21T13:13:58 * kasparnet joined the channel
2016-09-21T13:17:53 * kasparne_ has quit
2016-09-21T13:46:33 * simonjb joined the channel
2016-09-21T13:47:05 * colinclark joined the channel
2016-09-21T13:56:22 * clown joined the channel
2016-09-21T14:45:35 * simonjb joined the channel
2016-09-21T14:51:37 * jessm joined the channel
2016-09-21T15:16:25 * kasparnet has quit
2016-09-21T15:27:50 * kasparnet joined the channel
2016-09-21T15:51:36 * alanharnum joined the channel
2016-09-21T16:00:54 * alanharnum joined the channel
2016-09-21T17:00:50 * the-t-in-rtf has quit
2016-09-21T17:32:52 * alanharnum joined the channel
2016-09-21T17:58:35 * alanharnum has quit
2016-09-21T18:00:13 * alanharn_ joined the channel
2016-09-21T18:10:23 * stegru has quit
2016-09-21T18:24:30 * clown has quit
2016-09-21T18:25:00 * clown joined the channel
2016-09-21T18:26:04 * kasparnet has quit
2016-09-21T18:35:51 * cindyli1 joined the channel
2016-09-21T18:37:03 * simonjb has quit
2016-09-21T18:38:41 * cindyli has quit
2016-09-21T18:39:24 * simonjb joined the channel
2016-09-21T18:39:29 * michelled joined the channel
2016-09-21T18:41:40 * colinclark joined the channel
2016-09-21T18:48:55 * cindyli1 is now known as cindyli
2016-09-21T18:59:15 * simonjb has quit
2016-09-21T19:03:14 * stegru joined the channel
2016-09-21T19:06:38 * simonjb joined the channel
2016-09-21T19:17:10 * simonjb joined the channel
2016-09-21T19:57:57 * michelled joined the channel
2016-09-21T19:58:07 * alanharnum joined the channel
2016-09-21T20:07:41 * stegru has quit
2016-09-21T20:08:08 * stegru joined the channel
2016-09-21T20:26:32 * kasparnet joined the channel
2016-09-21T20:31:56 * kasparnet has quit
2016-09-21T20:43:24 * clown joined the channel
2016-09-21T20:46:41 * gtirloni has quit
2016-09-21T20:48:45 * colinclark joined the channel
2016-09-21T21:02:11 * jessm has quit
2016-09-21T21:03:20 * alanharnum has quit
2016-09-21T21:06:56 * alanharnum joined the channel
2016-09-21T21:17:15 * clown has quit
2016-09-21T21:20:36 * colinclark has quit
2016-09-21T21:22:26 * colinclark joined the channel
2016-09-21T21:47:34 * amatas has quit
2016-09-21T22:08:43 * colinclark has quit
2016-09-21T22:13:06 * stegru has quit
2016-09-21T22:17:53 * colinclark joined the channel
2016-09-21T22:28:53 * kasparnet joined the channel
2016-09-21T22:33:47 * kasparnet has quit
2016-09-21T23:09:13 * kasparnet joined the channel
2016-09-21T23:11:27 * alanharnum joined the channel
2016-09-21T23:12:41 * michelled joined the channel
2016-09-21T23:13:02 * michelled has quit
2016-09-21T23:22:30 * kasparnet has quit
2016-09-21T23:22:38 * kasparnet joined the channel
2016-09-21T23:26:27 * kasparne_ joined the channel
2016-09-21T23:26:27 * kasparnet has quit
2016-09-21T23:35:42 * kasparne_ has quit
'

