b'2018-07-31T01:48:35 * colinclark joined the channel
2018-07-31T02:18:46 * colinclark has quit
2018-07-31T02:25:40 * colinclark joined the channel
2018-07-31T02:51:34 * michelled joined the channel
2018-07-31T02:52:58 * colinclark joined the channel
2018-07-31T03:37:16 * colinclark has quit
2018-07-31T05:38:55 * mrtyler has quit
2018-07-31T08:32:48 * gtirloni_ joined the channel
2018-07-31T08:34:27 * gtirloni has quit
2018-07-31T10:23:29 * alf joined the channel
2018-07-31T10:24:58 * alf has quit
2018-07-31T10:27:54 * alf joined the channel
2018-07-31T10:28:27 * alf has quit
2018-07-31T10:28:45 * alf joined the channel
2018-07-31T11:07:40 * alf has quit
2018-07-31T11:08:53 * alf joined the channel
2018-07-31T12:02:47 * michelled joined the channel
2018-07-31T12:15:44 * alanharnum joined the channel
2018-07-31T12:28:34 * cindyli joined the channel
2018-07-31T13:07:47 * alanharnum has quit
2018-07-31T13:11:43 * Justin_o joined the channel
2018-07-31T13:34:10 * colinclark joined the channel
2018-07-31T13:38:04 * avtar joined the channel
2018-07-31T13:45:00 * cindyli has quit
2018-07-31T13:54:19 * clown joined the channel
2018-07-31T13:59:43 * gtirloni_ joined the channel
2018-07-31T14:03:51 * cindyli joined the channel
2018-07-31T14:06:05 * michelled joined the channel
2018-07-31T14:47:28 * clown joined the channel
2018-07-31T14:53:29 * alanharnum joined the channel
2018-07-31T14:58:17 * clown1 joined the channel
2018-07-31T15:02:51 * clown joined the channel
2018-07-31T15:06:19 * Bosmon joined the channel
2018-07-31T15:32:58 * mrtyler joined the channel
2018-07-31T15:40:03 * alanharnum joined the channel
2018-07-31T15:42:53 * klown has quit
2018-07-31T15:43:11 * avtar has quit
2018-07-31T15:45:41 * michelled has quit
2018-07-31T15:47:18 * klown joined the channel
2018-07-31T15:53:39 * alanharnum joined the channel
2018-07-31T16:01:26 * michelled joined the channel
2018-07-31T17:35:47 * cindyli has quit
2018-07-31T18:02:34 * avtar joined the channel
2018-07-31T18:05:31 * alanharnum joined the channel
2018-07-31T18:13:16 * alanharnum joined the channel
2018-07-31T18:22:27 * alanharnum has quit
2018-07-31T18:24:06 * colinclark has quit
2018-07-31T18:26:29 * cindyli joined the channel
2018-07-31T19:00:44 * alanharnum joined the channel
2018-07-31T19:02:16 * alf has quit
2018-07-31T19:02:27 * colinclark joined the channel
2018-07-31T20:17:05 * mrtyler has quit
2018-07-31T20:17:29 * michelled has quit
2018-07-31T20:26:44 * colinclark joined the channel
2018-07-31T21:05:12 * klown has quit
2018-07-31T21:08:29 * alanharnum joined the channel
2018-07-31T21:19:20 * alanharnum joined the channel
2018-07-31T22:08:56 * mrtyler joined the channel
2018-07-31T23:01:14 * colinclark has quit
2018-07-31T23:02:35 * avtar has quit
'

