b'2017-10-27T00:12:57 * mrtyler has quit
2017-10-27T01:17:54 * mrtyler joined the channel
2017-10-27T01:58:17 * mrtyler has quit
2017-10-27T06:27:01 * public__ joined the channel
2017-10-27T06:33:22 * public__ has quit
2017-10-27T07:51:34 * the-t-in-rtf joined the channel
2017-10-27T07:51:42 * mrtyler joined the channel
2017-10-27T08:12:55 * javjarfer joined the channel
2017-10-27T09:01:25 * stegru joined the channel
2017-10-27T09:39:02 * public__ joined the channel
2017-10-27T09:45:57 * public__ has quit
2017-10-27T10:40:09 * public__ joined the channel
2017-10-27T10:46:35 * public__ has quit
2017-10-27T10:58:46 * Justin_o joined the channel
2017-10-27T11:37:05 * public__ joined the channel
2017-10-27T11:42:57 * public__ has quit
2017-10-27T12:05:29 * grrrero joined the channel
2017-10-27T12:13:18 * public__ joined the channel
2017-10-27T12:15:57 * the-t-in-rtf joined the channel
2017-10-27T12:23:27 * public__ has quit
2017-10-27T12:29:48 * jhernandez has quit
2017-10-27T12:39:32 * public__ joined the channel
2017-10-27T12:42:48 * cindyli joined the channel
2017-10-27T12:45:58 * public__ has quit
2017-10-27T12:49:03 * michelled joined the channel
2017-10-27T12:51:33 * public__ joined the channel
2017-10-27T12:57:41 * public__ has quit
2017-10-27T13:09:45 * public__ joined the channel
2017-10-27T13:16:05 * public__ has quit
2017-10-27T13:16:30 * public__ joined the channel
2017-10-27T13:16:50 * the-t-in-rtf joined the channel
2017-10-27T13:21:06 * simonjb joined the channel
2017-10-27T13:22:35 * public__ has quit
2017-10-27T13:29:47 * public__ joined the channel
2017-10-27T13:30:27 * the-t-in-rtf joined the channel
2017-10-27T13:35:24 * kasparnet_ joined the channel
2017-10-27T13:38:28 * public__ has quit
2017-10-27T13:38:51 * kasparnet joined the channel
2017-10-27T13:40:56 * public__ joined the channel
2017-10-27T13:41:21 * kasparnet_ has quit
2017-10-27T13:44:32 * kasparnet has quit
2017-10-27T13:46:54 * public__ has quit
2017-10-27T13:49:47 * colinclark joined the channel
2017-10-27T14:00:37 * mrtyler joined the channel
2017-10-27T14:29:54 * public__ joined the channel
2017-10-27T14:45:51 * javjarfer_ joined the channel
2017-10-27T14:48:53 * javjarfer has quit
2017-10-27T15:36:56 * mrtyler joined the channel
2017-10-27T15:52:49 * michelled joined the channel
2017-10-27T16:36:11 * colinclark joined the channel
2017-10-27T16:53:19 * stegru has quit
2017-10-27T17:04:29 * the-t-in-rtf joined the channel
2017-10-27T17:19:38 * mrtyler joined the channel
2017-10-27T17:46:39 * the-t-in-rtf joined the channel
2017-10-27T18:32:17 * public__ has quit
2017-10-27T18:38:07 * javjarfer_ has quit
2017-10-27T18:38:30 * javjarfer_ joined the channel
2017-10-27T18:42:41 * public__ joined the channel
2017-10-27T19:15:31 * the-t-in-rtf joined the channel
2017-10-27T19:50:59 * javjarfer_ has quit
2017-10-27T19:57:57 * stegru joined the channel
2017-10-27T20:50:41 * stegru has quit
'

