b'2016-11-28T00:06:21 * alanharnum joined the channel
2016-11-28T00:11:37 * alanharnum has quit
2016-11-28T01:09:41 * alanharnum joined the channel
2016-11-28T01:14:08 * alanharnum has quit
2016-11-28T02:11:37 * alanharnum joined the channel
2016-11-28T02:16:13 * alanharnum has quit
2016-11-28T03:13:43 * alanharnum joined the channel
2016-11-28T03:17:57 * alanharnum has quit
2016-11-28T04:15:46 * alanharnum joined the channel
2016-11-28T04:20:02 * alanharnum has quit
2016-11-28T05:17:20 * alanharnum joined the channel
2016-11-28T05:21:57 * alanharnum has quit
2016-11-28T06:19:24 * alanharnum joined the channel
2016-11-28T06:24:37 * alanharnum has quit
2016-11-28T06:47:49 * kasparne_ joined the channel
2016-11-28T07:18:59 * kasparne_ has quit
2016-11-28T07:22:41 * alanharnum joined the channel
2016-11-28T07:27:18 * alanharnum has quit
2016-11-28T07:33:45 * kasparnet joined the channel
2016-11-28T07:37:15 * the-t-in-rtf1 has quit
2016-11-28T08:10:00 * the-t-in-rtf joined the channel
2016-11-28T08:10:09 * kasparnet has quit
2016-11-28T08:24:34 * alanharnum joined the channel
2016-11-28T08:28:57 * alanharnum has quit
2016-11-28T08:51:48 * stegru joined the channel
2016-11-28T08:59:23 * kasparnet joined the channel
2016-11-28T09:26:38 * alanharnum joined the channel
2016-11-28T09:27:36 * gtirloni joined the channel
2016-11-28T09:31:17 * alanharnum has quit
2016-11-28T09:48:34 * gtirloni has quit
2016-11-28T09:48:50 * gtirloni joined the channel
2016-11-28T10:28:18 * alanharnum joined the channel
2016-11-28T10:33:33 * alanharnum has quit
2016-11-28T11:31:36 * alanharnum joined the channel
2016-11-28T11:35:46 * alanharnum has quit
2016-11-28T11:37:48 * kasparnet has quit
2016-11-28T11:38:11 * kasparnet joined the channel
2016-11-28T12:27:07 * the-t-in-rtf has quit
2016-11-28T12:33:16 * alanharnum joined the channel
2016-11-28T12:38:06 * alanharnum has quit
2016-11-28T12:43:13 * amatas joined the channel
2016-11-28T12:49:16 * alanharnum joined the channel
2016-11-28T13:00:27 * the-t-in-rtf joined the channel
2016-11-28T13:26:28 * kasparnet has quit
2016-11-28T13:34:32 * Justin_o joined the channel
2016-11-28T13:35:11 * alanharn_ joined the channel
2016-11-28T13:40:35 * alanharn_ has quit
2016-11-28T13:41:06 * kasparnet joined the channel
2016-11-28T13:41:40 * kasparne_ joined the channel
2016-11-28T13:45:41 * kasparnet has quit
2016-11-28T13:46:06 * kasparne_ has quit
2016-11-28T13:48:58 * simonjb joined the channel
2016-11-28T13:50:02 * kasparne_ joined the channel
2016-11-28T13:56:19 * cindyli joined the channel
2016-11-28T14:02:31 * Bosmon joined the channel
2016-11-28T14:10:49 * colinclark joined the channel
2016-11-28T14:27:20 * colinclark has quit
2016-11-28T14:30:02 * michelled joined the channel
2016-11-28T14:37:39 * avtar joined the channel
2016-11-28T14:38:13 * alanharn_ joined the channel
2016-11-28T14:38:25 * jessm joined the channel
2016-11-28T14:43:24 * alanharn_ has quit
2016-11-28T14:49:36 * gtirloni has quit
2016-11-28T14:53:19 * gtirloni joined the channel
2016-11-28T15:01:39 * gtirloni has quit
2016-11-28T15:04:05 * clown joined the channel
2016-11-28T15:09:48 * gtirloni joined the channel
2016-11-28T15:11:39 <gtirloni> alanharnum amatas avtar gloob: we had an inteview today that was just rescheduled.. so there is no conflict with the "gpii infrastructure meeting".. sorry for the short notice. do you want to meet?
2016-11-28T15:13:59 <avtar> gtirloni: i can meet
2016-11-28T15:14:08 <amatas> gtirloni, i can meet as well
2016-11-28T15:14:24 <avtar> do you mind if we start at 10:30?
2016-11-28T15:14:32 <gtirloni> 10:30 is fine for me
2016-11-28T15:15:03 <gtirloni> i\'ll leave my room unlocked
2016-11-28T15:17:02 <amatas> let me check because I think I have a call with Sandra
2016-11-28T15:17:33 <amatas> ups nevermind, seems that Sandra has cancelled some meetings today
2016-11-28T15:22:00 <amatas> oh, I was wrong, Sandra has cancelled the meetings of Dec 26. I have the call at 10:30, but it doesn\'t take much time i think I can join to the ops meeting later
2016-11-28T15:23:52 * alanharnum has quit
2016-11-28T15:24:20 <gtirloni> maybe we can find some time either tomorrow or wednesday
2016-11-28T15:24:39 <amatas> tomorrow at the same time works for me
2016-11-28T15:27:45 <gtirloni> does same time on wednesday work for you? tomorrow there\'s the fluid crits meeting
2016-11-28T15:38:47 * simonjb has quit
2016-11-28T15:39:12 <avtar> gtirloni: wednesday works as well
2016-11-28T15:41:20 * alanharnum joined the channel
2016-11-28T15:46:29 * alanharnum has quit
2016-11-28T15:49:19 <amatas> gtirloni, wednesday at the same time works for me as well
2016-11-28T15:57:42 <gtirloni> ok thanks
2016-11-28T16:01:56 * jessm joined the channel
2016-11-28T16:02:03 * Bosmon joined the channel
2016-11-28T16:03:07 * simonjb joined the channel
2016-11-28T16:07:20 * alanharnum joined the channel
2016-11-28T16:09:57 * the-t-in-rtf has quit
2016-11-28T16:30:56 * alanharnum has quit
2016-11-28T16:33:42 * the-t-in-rtf joined the channel
2016-11-28T16:50:44 * alanharnum joined the channel
2016-11-28T17:53:04 * the-t-in-rtf has quit
2016-11-28T17:58:03 * michelled1 joined the channel
2016-11-28T17:59:49 * michelled has quit
2016-11-28T18:00:32 * David123_ joined the channel
2016-11-28T18:01:05 * simonjb has quit
2016-11-28T18:01:10 * kasparne_ has quit
2016-11-28T18:03:29 * simonjb joined the channel
2016-11-28T18:04:19 * the-t-in-rtf joined the channel
2016-11-28T18:15:41 * kasparnet joined the channel
2016-11-28T18:19:47 * kasparnet has quit
2016-11-28T18:26:17 * cindyli has quit
2016-11-28T18:31:58 * alanharnum joined the channel
2016-11-28T18:38:45 * alanharnum has quit
2016-11-28T18:39:37 * michelled1 has quit
2016-11-28T18:40:19 * cindyli joined the channel
2016-11-28T18:41:27 * simonjb has quit
2016-11-28T18:48:59 * simonjb joined the channel
2016-11-28T18:51:27 * alanharnum joined the channel
2016-11-28T19:00:09 * alanharnum has quit
2016-11-28T19:00:23 * michelled joined the channel
2016-11-28T19:00:50 * kasparnet joined the channel
2016-11-28T19:01:55 * kasparne_ joined the channel
2016-11-28T19:04:24 * stegru has quit
2016-11-28T19:05:09 * kasparnet has quit
2016-11-28T19:30:41 * alanharnum joined the channel
2016-11-28T20:17:36 * alanharnum has quit
2016-11-28T20:18:53 * alanharnum joined the channel
2016-11-28T20:18:53 * alanharnum has quit
2016-11-28T20:18:59 * alanharnum joined the channel
2016-11-28T21:24:32 * alanharnum has quit
2016-11-28T21:29:03 * cindyli has quit
2016-11-28T21:29:09 * alanharnum joined the channel
2016-11-28T21:38:21 * kasparne_ has quit
2016-11-28T21:41:33 * stegru joined the channel
2016-11-28T21:47:01 * alanharnum has quit
2016-11-28T21:50:36 * jessm has quit
2016-11-28T21:51:14 * alanharnum joined the channel
2016-11-28T21:55:46 * kasparnet joined the channel
2016-11-28T22:06:50 * kasparnet has quit
2016-11-28T22:07:07 * gtirloni has quit
2016-11-28T22:09:35 * amatas has quit
2016-11-28T22:18:53 * avtar has quit
2016-11-28T22:34:34 * alanharnum has quit
2016-11-28T22:35:10 * alanharnum joined the channel
2016-11-28T22:38:43 * alanharnum has quit
2016-11-28T22:56:05 * stegru has quit
2016-11-28T23:39:23 * alanharnum joined the channel
2016-11-28T23:40:14 * Justin_o has quit
'

