b'2017-04-01T06:12:11 * alanharnum joined the channel
2017-04-01T06:48:35 * the-t-in-rtf joined the channel
2017-04-01T08:13:43 * alanharnum joined the channel
2017-04-01T08:21:15 * kasparnet joined the channel
2017-04-01T08:22:43 * kasparne_ joined the channel
2017-04-01T08:24:03 * kasparne_ has quit
2017-04-01T08:24:40 * kasparne_ joined the channel
2017-04-01T08:25:52 * kasparnet has quit
2017-04-01T08:29:11 * kasparne_ has quit
2017-04-01T08:29:52 * kasparnet joined the channel
2017-04-01T08:56:43 * kasparnet has quit
2017-04-01T08:57:15 * kasparnet joined the channel
2017-04-01T09:02:05 * kasparnet has quit
2017-04-01T09:14:38 * alanharnum joined the channel
2017-04-01T09:16:52 * aashay joined the channel
2017-04-01T09:59:57 * javjarfer joined the channel
2017-04-01T10:13:39 * kasparne_ joined the channel
2017-04-01T10:17:55 * kasparne_ has quit
2017-04-01T10:18:29 * kasparnet joined the channel
2017-04-01T10:23:05 * kasparnet has quit
2017-04-01T10:35:37 * alanharnum joined the channel
2017-04-01T11:37:21 * alanharnum joined the channel
2017-04-01T13:21:50 * jhernandez has quit
2017-04-01T13:38:22 * alanharnum joined the channel
2017-04-01T14:31:08 * the-t-in-rtf joined the channel
2017-04-01T18:04:29 * the-t-in-rtf joined the channel
2017-04-01T18:48:03 * javjarfer has quit
2017-04-01T18:54:32 * kasparne_ joined the channel
2017-04-01T19:20:51 * kasparne_ has quit
2017-04-01T19:25:04 * kasparne_ joined the channel
2017-04-01T20:23:04 * stegru joined the channel
2017-04-01T20:37:24 * the-t-in-rtf joined the channel
2017-04-01T22:38:37 * kasparne_ has quit
2017-04-01T23:28:25 * stegru has quit
'

