b'2014-04-15T00:25:13 * colinclark has quit
2014-04-15T07:05:35 * kasparnet joined the channel
2014-04-15T07:52:21 * kasper joined the channel
2014-04-15T08:29:54 * kasper has quit
2014-04-15T08:30:20 * kasper joined the channel
2014-04-15T08:31:18 * kasper has quit
2014-04-15T08:31:20 * kasper__ joined the channel
2014-04-15T09:22:59 * the-t-in-rtf joined the channel
2014-04-15T09:29:19 * the-t-in-rtf has quit
2014-04-15T12:52:54 * anvk joined the channel
2014-04-15T12:54:00 * cindyli joined the channel
2014-04-15T13:01:03 * michelled joined the channel
2014-04-15T13:51:35 * colinclark joined the channel
2014-04-15T14:11:32 * anastasiac joined the channel
2014-04-15T15:01:50 * the-t-in-rtf joined the channel
2014-04-15T15:20:11 * michelled has quit
2014-04-15T15:27:28 * michelled joined the channel
2014-04-15T15:30:45 * -- BotBot disconnected, possible missing messages --
2014-04-15T15:32:32 * [o__o] joined the channel
2014-04-15T15:45:38 * jessm joined the channel
2014-04-15T15:48:05 * clown joined the channel
2014-04-15T15:48:46 * [o__o] has left the channel
2014-04-15T15:52:04 * [o__o] joined the channel
2014-04-15T16:05:32 * the-t-in-rtf has quit
2014-04-15T17:01:53 * michelled joined the channel
2014-04-15T17:46:09 * colinclark has quit
2014-04-15T18:30:53 * clown has quit
2014-04-15T18:38:12 * clown joined the channel
2014-04-15T18:38:18 * clown is now known as clown_mtg
2014-04-15T18:38:21 * clown_mtg has left the channel
2014-04-15T18:38:48 * clown_mtg joined the channel
2014-04-15T18:42:56 * colinclark joined the channel
2014-04-15T19:01:47 * clown_mtg has quit
2014-04-15T19:05:03 * clown joined the channel
2014-04-15T19:58:44 * michelled_ joined the channel
2014-04-15T20:01:08 * michelled has quit
2014-04-15T20:01:08 * michelled_ is now known as michelled
2014-04-15T20:23:10 * michelled has quit
2014-04-15T20:28:37 * michelled joined the channel
2014-04-15T20:30:09 * cindyli has quit
2014-04-15T20:48:13 * anvk has quit
2014-04-15T21:01:31 * clown has left the channel
2014-04-15T21:12:19 * michelled has quit
2014-04-15T21:12:50 * colinclark has quit
2014-04-15T21:51:01 * anastasiac has quit
2014-04-15T22:25:12 * kasparnet has quit
2014-04-15T22:26:01 * kasparnet joined the channel
2014-04-15T22:44:29 * jessm has quit
2014-04-15T23:16:36 * kasparnet has quit
'

