b'2018-02-27T04:14:01 * grrrero has quit
2018-02-27T04:14:40 * Justin_o has quit
2018-02-27T08:42:26 * amatas joined the channel
2018-02-27T08:42:28 * amatas has quit
2018-02-27T08:43:21 * amatas joined the channel
2018-02-27T08:45:46 * amatas has left the channel
2018-02-27T08:51:20 * amatas joined the channel
2018-02-27T08:52:31 * amatas has quit
2018-02-27T08:53:00 * amatas joined the channel
2018-02-27T08:54:06 * amatas has quit
2018-02-27T08:54:33 * amatas joined the channel
2018-02-27T09:27:22 * stegru joined the channel
2018-02-27T09:53:19 * stegru has quit
2018-02-27T09:54:10 * stegru joined the channel
2018-02-27T10:04:08 * kasparnet joined the channel
2018-02-27T10:36:04 * kasparnet has quit
2018-02-27T11:09:06 * jhernandez has left the channel
2018-02-27T12:02:33 * gtirloni joined the channel
2018-02-27T12:11:09 * jhernandez joined the channel
2018-02-27T12:12:28 * kasparnet joined the channel
2018-02-27T12:15:28 * kasparnet_ joined the channel
2018-02-27T12:15:29 * kasparnet_ has quit
2018-02-27T12:32:42 * kasparnet has quit
2018-02-27T13:15:08 * kasparnet joined the channel
2018-02-27T13:20:05 * kasparnet has quit
2018-02-27T13:20:40 * kasparnet joined the channel
2018-02-27T13:20:41 * Justin_o joined the channel
2018-02-27T14:09:58 * grrrero joined the channel
2018-02-27T14:10:22 * jessm joined the channel
2018-02-27T14:16:53 * cindyli joined the channel
2018-02-27T14:17:43 * clown joined the channel
2018-02-27T14:30:40 * clown has quit
2018-02-27T14:49:25 * michelled joined the channel
2018-02-27T14:51:27 * simonjb joined the channel
2018-02-27T14:53:30 * clown joined the channel
2018-02-27T14:55:10 * alanharnum joined the channel
2018-02-27T14:58:00 * avtar joined the channel
2018-02-27T15:06:47 * michelled has quit
2018-02-27T15:09:26 * michelled joined the channel
2018-02-27T15:39:20 * gtirloni_ joined the channel
2018-02-27T15:40:53 * gtirloni has quit
2018-02-27T15:44:17 * alanharnum joined the channel
2018-02-27T15:45:16 * gtirloni_ has quit
2018-02-27T15:47:06 * gtirloni_ joined the channel
2018-02-27T15:58:35 * kasparnet has quit
2018-02-27T16:26:55 * alanharnum has quit
2018-02-27T16:27:22 * alanharnum joined the channel
2018-02-27T16:31:27 * alanharnum has quit
2018-02-27T17:14:36 * alanharnum joined the channel
2018-02-27T17:25:36 * gtirloni_ has quit
2018-02-27T17:25:55 * gtirloni joined the channel
2018-02-27T17:39:24 * alanharnum has quit
2018-02-27T17:46:21 * simonjb has quit
2018-02-27T17:50:58 * alanharnum joined the channel
2018-02-27T17:55:20 * kasparnet joined the channel
2018-02-27T18:06:47 * clown joined the channel
2018-02-27T18:07:07 * jessm has quit
2018-02-27T18:12:48 * amatas_ joined the channel
2018-02-27T18:32:22 * amatas_ has quit
2018-02-27T18:33:55 * amatas_ joined the channel
2018-02-27T18:39:45 <gtirloni> CSS keylogger - https://github.com/maxchehab/CSS-Keylogging/blob/master/css-keylogger-extension/keylogger.css
2018-02-27T18:46:05 * amatas_ has quit
2018-02-27T18:57:04 * gtirloni has quit
2018-02-27T18:57:13 * gtirloni joined the channel
2018-02-27T18:57:28 * cindyli has quit
2018-02-27T18:57:35 * gtirloni is now known as Guest96955
2018-02-27T18:58:12 * Guest96955 is now known as gtirloni
2018-02-27T18:58:19 * gtirloni has quit
2018-02-27T18:58:19 * gtirloni joined the channel
2018-02-27T18:58:19 * gtirloni joined the channel
2018-02-27T19:01:20 * clown has quit
2018-02-27T19:03:34 * jessm joined the channel
2018-02-27T19:03:51 * cindyli joined the channel
2018-02-27T19:09:12 * alanharnum has quit
2018-02-27T19:30:30 * alanharnum joined the channel
2018-02-27T19:36:04 * cindyli has quit
2018-02-27T19:45:13 * stegru has quit
2018-02-27T19:50:05 * stegru joined the channel
2018-02-27T19:58:26 * clown joined the channel
2018-02-27T19:58:48 * clown is now known as Guest68081
2018-02-27T19:59:13 * Guest68081 has quit
2018-02-27T20:01:51 * clown_ joined the channel
2018-02-27T20:02:18 * cindyli joined the channel
2018-02-27T20:09:11 * ayushin78 joined the channel
2018-02-27T20:14:09 * simonjb joined the channel
2018-02-27T20:17:34 * ayushin78 has quit
2018-02-27T20:33:49 * michelled has quit
2018-02-27T20:51:56 * alanharnum has quit
2018-02-27T21:02:11 * michelled joined the channel
2018-02-27T21:03:14 * alanharnum joined the channel
2018-02-27T21:24:12 * alanharnum has quit
2018-02-27T21:24:26 * cindyli has quit
2018-02-27T21:24:39 * alanharnum joined the channel
2018-02-27T21:28:57 * alanharnum has quit
2018-02-27T21:31:03 * alanharnum joined the channel
2018-02-27T21:57:49 * simonjb has quit
2018-02-27T21:58:40 * clown_ is now known as clown
2018-02-27T22:04:04 * clown has quit
2018-02-27T22:14:50 * amatas has quit
2018-02-27T22:56:54 * alanharnum has quit
2018-02-27T23:03:37 * Justin_o has quit
2018-02-27T23:05:12 * stegru has quit
2018-02-27T23:20:05 * kasparnet has quit
2018-02-27T23:23:26 * avtar has quit
2018-02-27T23:44:15 * kasparnet joined the channel
2018-02-27T23:54:59 * kasparnet has quit
'

