b"2017-01-10T00:08:37 * michelled joined the channel
2017-01-10T01:43:12 * stegru has quit
2017-01-10T05:27:22 * mrtyler joined the channel
2017-01-10T07:19:14 * amatas joined the channel
2017-01-10T08:55:50 * stegru joined the channel
2017-01-10T09:41:17 * -- BotBot disconnected, possible missing messages --
2017-01-10T09:43:22 * [o__o] joined the channel
2017-01-10T09:59:05 * stegru has quit
2017-01-10T10:26:31 * the-t-in-rtf joined the channel
2017-01-10T10:35:44 * the-t-in-rtf has quit
2017-01-10T10:36:47 * the-t-in-rtf joined the channel
2017-01-10T10:37:01 * stegru joined the channel
2017-01-10T11:31:43 * the-t-in-rtf has quit
2017-01-10T12:13:36 * the-t-in-rtf joined the channel
2017-01-10T12:33:48 * stegru has quit
2017-01-10T12:41:07 * gtirloni joined the channel
2017-01-10T13:06:13 * alanharnum joined the channel
2017-01-10T13:23:55 * jessm joined the channel
2017-01-10T13:29:52 * Justin_o joined the channel
2017-01-10T13:33:27 * stegru joined the channel
2017-01-10T13:50:41 * alanharnum has quit
2017-01-10T13:58:28 * the-t-in-rtf has quit
2017-01-10T14:14:35 * cindyli joined the channel
2017-01-10T14:27:53 * cindyli has quit
2017-01-10T14:37:05 * alanharnum joined the channel
2017-01-10T14:40:24 * alanharnum has quit
2017-01-10T14:53:38 * clown joined the channel
2017-01-10T14:53:43 * clown is now known as clown_mtg
2017-01-10T14:53:50 * cindyli joined the channel
2017-01-10T14:56:16 * michelled joined the channel
2017-01-10T15:12:07 * colinclark joined the channel
2017-01-10T15:31:36 <amatas> Hey colinclark, sorry I didn't answer your question yesterday about Linux/Win environments. The actual implementation doesn't allow run the test in multiples VMs at the same time using only one configuration file. But I have to think how to implement the testing in several OSs in the same file. For example, run the gpii-windows' tests in win7/8/8.1/10. So I guess that is a feature that we will have in a near future.
2017-01-10T15:40:52 * alanharnum joined the channel
2017-01-10T15:46:10 * avtar joined the channel
2017-01-10T15:46:15 * mrtyler joined the channel
2017-01-10T15:59:35 * stegru has quit
2017-01-10T16:03:12 * alanharnum has quit
2017-01-10T16:16:06 * stegru joined the channel
2017-01-10T16:39:08 * the-t-in-rtf joined the channel
2017-01-10T17:00:42 * alanharnum joined the channel
2017-01-10T17:03:20 * avtar has quit
2017-01-10T17:07:16 * alanharnum has quit
2017-01-10T17:21:36 * cindyli has quit
2017-01-10T17:29:42 * cindyli joined the channel
2017-01-10T17:31:20 * colinclark has quit
2017-01-10T17:31:25 * michelled has quit
2017-01-10T17:51:12 * avtar joined the channel
2017-01-10T17:51:21 * michelled joined the channel
2017-01-10T17:52:52 * colinclark joined the channel
2017-01-10T17:55:55 * stegru has quit
2017-01-10T18:04:52 * alanharnum joined the channel
2017-01-10T18:19:29 * the-t-in-rtf has quit
2017-01-10T18:19:50 * the-t-in-rtf joined the channel
2017-01-10T18:26:46 * michelled has quit
2017-01-10T18:28:49 * colinclark has quit
2017-01-10T18:30:19 * colinclark joined the channel
2017-01-10T18:31:13 * clown_mtg has quit
2017-01-10T18:35:22 * colinclark has quit
2017-01-10T18:48:45 * cindyli has quit
2017-01-10T19:02:31 * the-t-in-rtf has quit
2017-01-10T19:06:52 * alanharnum joined the channel
2017-01-10T19:12:02 * michelled joined the channel
2017-01-10T19:15:05 * cindyli joined the channel
2017-01-10T19:17:13 * clown joined the channel
2017-01-10T19:21:13 * colinclark joined the channel
2017-01-10T19:22:19 * avtar joined the channel
2017-01-10T19:25:05 * alanharnum has quit
2017-01-10T19:29:14 * clown has quit
2017-01-10T19:36:09 * clown joined the channel
2017-01-10T19:36:37 * colinclark has quit
2017-01-10T19:36:55 * clown1 joined the channel
2017-01-10T19:38:21 * colinclark joined the channel
2017-01-10T19:39:22 * the-t-in-rtf joined the channel
2017-01-10T19:40:35 * clown has quit
2017-01-10T19:45:16 * clown1 has quit
2017-01-10T19:57:32 * clown joined the channel
2017-01-10T19:57:34 * clown is now known as clown_mtg
2017-01-10T20:14:05 * the-t-in-rtf has quit
2017-01-10T20:14:22 * the-t-in-rtf joined the channel
2017-01-10T20:15:02 * gtirloni has quit
2017-01-10T20:22:37 * alanharnum joined the channel
2017-01-10T20:26:10 * alanharn_ joined the channel
2017-01-10T20:27:51 * alanharnum has quit
2017-01-10T20:29:26 * michelled1 joined the channel
2017-01-10T20:29:31 * avtar1 joined the channel
2017-01-10T20:30:05 * michelled has quit
2017-01-10T20:30:05 * avtar has quit
2017-01-10T20:30:11 * the-t-in-rtf1 joined the channel
2017-01-10T20:30:38 * the-t-in-rtf has quit
2017-01-10T20:38:38 * colinclark has quit
2017-01-10T20:42:05 * colinclark joined the channel
2017-01-10T20:56:39 * avtar1 has quit
2017-01-10T21:05:24 * stegru joined the channel
2017-01-10T21:05:31 * cindyli has quit
2017-01-10T21:05:33 * michelled1 has quit
2017-01-10T21:05:51 * colinclark has quit
2017-01-10T21:17:04 * alanharnum joined the channel
2017-01-10T21:18:55 * michelled joined the channel
2017-01-10T21:20:41 * michelled has quit
2017-01-10T21:22:00 * colinclark joined the channel
2017-01-10T21:24:10 * michelled joined the channel
2017-01-10T21:35:40 * alanharnum joined the channel
2017-01-10T21:36:55 * colinclark has quit
2017-01-10T21:39:30 * colinclark joined the channel
2017-01-10T21:39:33 * colinclark has quit
2017-01-10T21:44:35 * avtar joined the channel
2017-01-10T21:45:44 * alanharnum has quit
2017-01-10T21:46:53 * alanharnum joined the channel
2017-01-10T21:58:44 * clown_mtg is now known as clwon
2017-01-10T22:03:58 * alanharnum has quit
2017-01-10T22:04:29 * clwon has quit
2017-01-10T22:13:32 * michelled joined the channel
2017-01-10T22:23:28 * michelled has quit
2017-01-10T22:35:19 * the-t-in-rtf joined the channel
2017-01-10T22:37:05 * the-t-in-rtf1 joined the channel
2017-01-10T22:37:05 * the-t-in-rtf has quit
2017-01-10T22:40:35 * the-t-in-rtf1 has quit
2017-01-10T22:40:44 * the-t-in-rtf joined the channel
2017-01-10T22:49:02 * the-t-in-rtf1 joined the channel
2017-01-10T22:49:02 * the-t-in-rtf has quit
2017-01-10T22:58:32 * amatas has quit
2017-01-10T23:04:22 * alanharnum joined the channel
2017-01-10T23:11:35 * alanharnum has quit
2017-01-10T23:17:09 * the-t-in-rtf1 has quit
2017-01-10T23:21:27 * ewbjr has quit
2017-01-10T23:22:40 * ewbjr joined the channel
2017-01-10T23:51:20 * avtar has quit
2017-01-10T23:57:54 * Justin_o has quit
"

