b'2017-12-07T00:03:57 * javjarfer[m] joined the channel
2017-12-07T00:15:38 * mrtyler joined the channel
2017-12-07T00:18:28 * gloob joined the channel
2017-12-07T01:50:21 * mrtyler has quit
2017-12-07T01:50:53 * mrtyler joined the channel
2017-12-07T02:19:59 * colinclark joined the channel
2017-12-07T03:11:27 * mrtyler has quit
2017-12-07T03:26:40 * mrtyler joined the channel
2017-12-07T05:05:51 * mrtyler has quit
2017-12-07T05:23:30 * mrtyler joined the channel
2017-12-07T06:05:56 * mrtyler has quit
2017-12-07T07:07:14 * kasparnet joined the channel
2017-12-07T07:19:05 * the-t-in-rtf joined the channel
2017-12-07T07:20:54 * kasparnet_ joined the channel
2017-12-07T07:20:54 * kasparnet has quit
2017-12-07T07:34:23 * the-t-in-rtf has quit
2017-12-07T08:20:23 * the-t-in-rtf joined the channel
2017-12-07T08:46:34 * stegru joined the channel
2017-12-07T09:10:21 * the-t-in-rtf joined the channel
2017-12-07T11:40:14 * gtirloni joined the channel
2017-12-07T11:57:23 * amatas joined the channel
2017-12-07T12:15:59 * kasparnet_ has quit
2017-12-07T12:34:50 * alanharnum joined the channel
2017-12-07T12:41:05 * alanharnum has quit
2017-12-07T12:56:23 * gtirloni_ joined the channel
2017-12-07T12:59:05 * gtirloni has quit
2017-12-07T12:59:45 * the-t-in-rtf has quit
2017-12-07T13:26:01 * Justin_o joined the channel
2017-12-07T13:47:32 * grrrero joined the channel
2017-12-07T13:53:17 * colinclark joined the channel
2017-12-07T13:54:07 * alanharnum joined the channel
2017-12-07T13:59:50 * gtirloni_ is now known as gtirloni
2017-12-07T14:04:40 * kasparnet_ joined the channel
2017-12-07T14:05:45 * clown joined the channel
2017-12-07T14:15:23 * jessm joined the channel
2017-12-07T14:48:26 * stegru has quit
2017-12-07T14:48:27 * ussjoin_ has quit
2017-12-07T14:48:28 * jhernandez has quit
2017-12-07T14:48:28 * gtirloni has quit
2017-12-07T14:48:34 * clown has quit
2017-12-07T14:52:05 * javjarfer[m] has quit
2017-12-07T14:52:13 * colinclark joined the channel
2017-12-07T14:52:13 * stegru joined the channel
2017-12-07T14:52:13 * ussjoin_ joined the channel
2017-12-07T14:52:29 * gloob has quit
2017-12-07T14:54:35 * kasparnet_ joined the channel
2017-12-07T14:54:35 * ewbjr joined the channel
2017-12-07T14:54:35 * jessm joined the channel
2017-12-07T14:54:35 * clown joined the channel
2017-12-07T14:54:35 * grrrero joined the channel
2017-12-07T14:54:35 * gtirloni joined the channel
2017-12-07T14:54:35 * amatas joined the channel
2017-12-07T14:54:35 * jhernandez joined the channel
2017-12-07T14:54:35 * Bosmon joined the channel
2017-12-07T14:54:35 * gmoss joined the channel
2017-12-07T15:17:32 * clown has quit
2017-12-07T15:18:19 * mrtyler joined the channel
2017-12-07T15:20:38 * michelled joined the channel
2017-12-07T15:30:22 * kasparnet_ has quit
2017-12-07T15:31:51 * kasparnet_ joined the channel
2017-12-07T15:34:26 * gloob joined the channel
2017-12-07T15:51:18 * javjarfer[m] joined the channel
2017-12-07T15:52:00 * the-t-in-rtf joined the channel
2017-12-07T16:14:46 * the-t-in-rtf has quit
2017-12-07T16:25:46 * the-t-in-rtf joined the channel
2017-12-07T16:39:41 * gloob has quit
2017-12-07T16:39:47 * javjarfer[m] has quit
2017-12-07T16:41:17 * the-t-in-rtf has quit
2017-12-07T17:00:58 * clown joined the channel
2017-12-07T17:38:38 * jessm_ joined the channel
2017-12-07T17:39:25 * clown joined the channel
2017-12-07T17:44:55 * the-t-in-rtf joined the channel
2017-12-07T17:53:34 * javjarfer[m] joined the channel
2017-12-07T18:03:19 * michelled joined the channel
2017-12-07T18:05:09 * javjarfer[m] has quit
2017-12-07T18:06:26 * clown_afk joined the channel
2017-12-07T18:16:12 * avtar joined the channel
2017-12-07T18:36:41 * javjarfer[m] joined the channel
2017-12-07T18:51:09 * gloob joined the channel
2017-12-07T19:00:51 * michelled has quit
2017-12-07T19:13:11 * gtirloni joined the channel
2017-12-07T19:14:46 * the-t-in-rtf has quit
2017-12-07T19:23:16 * michelled joined the channel
2017-12-07T19:33:29 * javjarfer[m] has quit
2017-12-07T19:33:45 * gloob has quit
2017-12-07T19:43:46 * stegru has quit
2017-12-07T19:46:31 * gtirloni joined the channel
2017-12-07T20:12:39 * stegru joined the channel
2017-12-07T20:37:31 * mrtyler has quit
2017-12-07T20:45:54 * mrtyler joined the channel
2017-12-07T20:53:31 * colinclark has quit
2017-12-07T20:58:52 * colinclark joined the channel
2017-12-07T21:25:18 * colinclark joined the channel
2017-12-07T21:47:25 * amatas_ joined the channel
2017-12-07T21:54:46 * amatas_ has quit
2017-12-07T21:55:59 * amatas_ joined the channel
2017-12-07T22:06:10 * clown has quit
2017-12-07T22:24:40 * Justin_o has quit
2017-12-07T22:25:24 * gtirloni has quit
2017-12-07T22:27:06 * jessm has quit
2017-12-07T23:01:03 * stegru has quit
2017-12-07T23:12:43 * amatas_ has quit
2017-12-07T23:24:51 * avtar has quit
2017-12-07T23:42:05 * kasparnet_ has quit
2017-12-07T23:58:25 * kasparnet_ joined the channel
'

