b'2017-07-03T07:04:26 * the-t-in-rtf1 has quit
2017-07-03T07:47:35 * amatas joined the channel
2017-07-03T08:07:43 * amatas has quit
2017-07-03T08:16:40 * the-t-in-rtf joined the channel
2017-07-03T09:42:38 * kasparnet joined the channel
2017-07-03T09:45:43 * kasparnet has quit
2017-07-03T09:46:38 * kasparnet joined the channel
2017-07-03T09:50:19 * kasparne_ joined the channel
2017-07-03T09:54:09 * kasparnet has quit
2017-07-03T10:57:15 * kasparne_ has quit
2017-07-03T10:59:02 * kasparnet joined the channel
2017-07-03T11:04:03 * kasparnet has quit
2017-07-03T11:04:59 * kasparne_ joined the channel
2017-07-03T11:21:31 * gtirloni joined the channel
2017-07-03T11:43:59 * amatas joined the channel
2017-07-03T12:02:43 * the-t-in-rtf joined the channel
2017-07-03T12:23:04 * stegru joined the channel
2017-07-03T12:25:33 * Justin_o joined the channel
2017-07-03T13:31:27 * Jess_ joined the channel
2017-07-03T14:31:06 * kasparne_ has quit
2017-07-03T15:08:46 * the-t-in-rtf has quit
2017-07-03T15:21:55 * mrtyler joined the channel
2017-07-03T17:33:48 * the-t-in-rtf joined the channel
2017-07-03T18:07:16 * kasparne_ joined the channel
2017-07-03T18:14:25 * gtirloni_ joined the channel
2017-07-03T18:34:28 * amatas has quit
2017-07-03T18:52:19 * amatas joined the channel
2017-07-03T19:12:10 * kasparne_ has quit
2017-07-03T21:02:48 * gtirloni has quit
2017-07-03T21:51:44 * Jess_ joined the channel
2017-07-03T21:51:44 * Jess_ has quit
2017-07-03T22:04:17 * stegru has quit
2017-07-03T22:11:46 * amatas has quit
'

