b'2015-03-31T07:28:54 * the-t-in-rtf joined the channel
2015-03-31T09:41:25 * slim_jim joined the channel
2015-03-31T11:07:54 * Justin_o joined the channel
2015-03-31T12:02:49 * slim_jim has quit
2015-03-31T12:23:30 * slim_jim joined the channel
2015-03-31T12:44:04 * anastasiac joined the channel
2015-03-31T12:50:44 * cindyli joined the channel
2015-03-31T13:12:23 * simonjb joined the channel
2015-03-31T13:25:04 * Jess__ joined the channel
2015-03-31T13:25:13 * michelled joined the channel
2015-03-31T13:39:06 * colinclark joined the channel
2015-03-31T13:54:27 * slim_jim has quit
2015-03-31T13:56:48 * clown joined the channel
2015-03-31T14:53:14 * slim_jim joined the channel
2015-03-31T15:40:35 * cindyli has quit
2015-03-31T15:43:47 * michelled has quit
2015-03-31T15:45:07 * colinclark has quit
2015-03-31T15:47:17 * cindyli joined the channel
2015-03-31T15:48:13 * the-t-in-rtf has quit
2015-03-31T16:43:13 * colinclark joined the channel
2015-03-31T16:58:08 * michelled joined the channel
2015-03-31T17:08:54 * colinclark has quit
2015-03-31T17:20:17 * slim_jim has quit
2015-03-31T17:30:03 * slim_jim joined the channel
2015-03-31T17:48:21 * slim_jim has quit
2015-03-31T17:53:03 * colinclark joined the channel
2015-03-31T17:53:03 * colinclark has quit
2015-03-31T18:32:23 * cindyli1 joined the channel
2015-03-31T18:32:28 * clown has quit
2015-03-31T18:35:39 * cindyli has quit
2015-03-31T18:42:42 * clown joined the channel
2015-03-31T18:42:59 * clown is now known as clown_mtg
2015-03-31T18:53:10 * the-t-in-rtf joined the channel
2015-03-31T19:34:20 * the-t-in-rtf has quit
2015-03-31T20:26:10 * clown_mtg has quit
2015-03-31T20:41:58 * cindyli1 has quit
2015-03-31T20:43:48 * anastasiac has quit
2015-03-31T20:44:56 * the-t-in-rtf joined the channel
2015-03-31T20:56:32 * Justin_o has quit
2015-03-31T21:00:17 * the-t-in-rtf has quit
2015-03-31T21:02:02 * michelled has quit
2015-03-31T21:02:28 * michelled joined the channel
2015-03-31T21:04:08 * michelled has quit
2015-03-31T21:04:35 * michelled joined the channel
2015-03-31T21:06:10 * michelled has quit
2015-03-31T21:06:37 * michelled joined the channel
2015-03-31T21:07:53 * michelled has quit
2015-03-31T21:08:20 * michelled joined the channel
2015-03-31T21:10:00 * michelled has quit
2015-03-31T21:10:27 * michelled joined the channel
2015-03-31T21:11:43 * michelled has quit
2015-03-31T21:12:10 * michelled joined the channel
2015-03-31T21:13:41 * michelled has quit
2015-03-31T21:14:10 * michelled joined the channel
2015-03-31T21:15:24 * michelled has quit
2015-03-31T21:15:51 * michelled joined the channel
2015-03-31T21:17:08 * michelled has quit
2015-03-31T21:17:34 * michelled joined the channel
2015-03-31T21:18:51 * michelled has quit
2015-03-31T21:19:18 * michelled joined the channel
2015-03-31T21:20:34 * michelled has quit
2015-03-31T21:21:01 * michelled joined the channel
2015-03-31T21:22:33 * michelled has quit
2015-03-31T21:23:02 * michelled joined the channel
2015-03-31T21:24:40 * michelled has quit
2015-03-31T21:25:08 * michelled joined the channel
2015-03-31T21:26:47 * michelled has quit
2015-03-31T21:27:14 * michelled joined the channel
2015-03-31T21:28:31 * michelled has quit
2015-03-31T21:28:57 * michelled joined the channel
2015-03-31T21:30:14 * michelled has quit
2015-03-31T21:30:41 * michelled joined the channel
2015-03-31T21:31:57 * michelled has quit
2015-03-31T21:32:24 * michelled joined the channel
2015-03-31T21:33:41 * michelled has quit
2015-03-31T21:34:11 * michelled joined the channel
2015-03-31T22:09:38 * simonjb has quit
2015-03-31T22:45:00 * michelled has quit
2015-03-31T22:45:27 * michelled joined the channel
2015-03-31T22:47:00 * michelled has quit
2015-03-31T22:47:26 * michelled joined the channel
2015-03-31T22:48:43 * michelled has quit
2015-03-31T22:49:09 * michelled joined the channel
2015-03-31T22:50:26 * michelled has quit
2015-03-31T22:50:53 * michelled joined the channel
2015-03-31T22:52:25 * michelled has quit
2015-03-31T22:52:51 * michelled joined the channel
2015-03-31T22:55:00 * michelled has quit
2015-03-31T22:55:26 * michelled joined the channel
2015-03-31T22:56:58 * michelled has quit
2015-03-31T22:57:25 * michelled joined the channel
2015-03-31T22:58:56 * michelled has quit
2015-03-31T22:59:23 * michelled joined the channel
2015-03-31T23:00:39 * michelled has quit
2015-03-31T23:01:05 * michelled joined the channel
2015-03-31T23:02:22 * michelled has quit
2015-03-31T23:02:49 * michelled joined the channel
2015-03-31T23:04:05 * michelled has quit
2015-03-31T23:04:31 * michelled joined the channel
2015-03-31T23:06:01 * michelled has quit
2015-03-31T23:06:28 * michelled joined the channel
2015-03-31T23:08:00 * michelled has quit
2015-03-31T23:08:26 * michelled joined the channel
2015-03-31T23:09:57 * michelled has quit
2015-03-31T23:10:23 * michelled joined the channel
2015-03-31T23:11:40 * michelled has quit
2015-03-31T23:12:06 * michelled joined the channel
2015-03-31T23:13:23 * michelled has quit
2015-03-31T23:13:50 * michelled joined the channel
2015-03-31T23:15:06 * michelled has quit
2015-03-31T23:15:36 * michelled joined the channel
2015-03-31T23:16:28 * Jess__ has quit
2015-03-31T23:17:29 * michelled has quit
2015-03-31T23:17:55 * michelled joined the channel
2015-03-31T23:19:12 * michelled has quit
2015-03-31T23:19:38 * michelled joined the channel
2015-03-31T23:21:10 * michelled has quit
2015-03-31T23:21:36 * michelled joined the channel
2015-03-31T23:26:05 * michelled has quit
'

