b'2018-05-15T00:16:22 * Justin_o has quit
2018-05-15T00:48:32 * avtar has quit
2018-05-15T02:12:06 * colinclark joined the channel
2018-05-15T02:15:25 * colinclark joined the channel
2018-05-15T02:19:21 * colinclark has quit
2018-05-15T06:39:14 * kasparnet_ joined the channel
2018-05-15T08:02:48 * kasparnet_ has quit
2018-05-15T08:24:12 * kasparnet_ joined the channel
2018-05-15T08:46:17 * the-t-in-rtf joined the channel
2018-05-15T09:02:27 * stegru joined the channel
2018-05-15T11:56:05 * stegru has quit
2018-05-15T12:17:20 * Justin_o joined the channel
2018-05-15T12:18:19 * gtirloni joined the channel
2018-05-15T12:39:03 * stegru joined the channel
2018-05-15T12:50:27 * kasparnet_ has quit
2018-05-15T12:53:22 * cindyli joined the channel
2018-05-15T13:34:29 * neuralmilkhotel joined the channel
2018-05-15T13:39:11 * kasparnet_ joined the channel
2018-05-15T13:43:28 * colinclark joined the channel
2018-05-15T13:48:26 * simonjb joined the channel
2018-05-15T13:48:28 * alanharnum joined the channel
2018-05-15T13:49:50 * avtar joined the channel
2018-05-15T13:51:14 * michelled joined the channel
2018-05-15T13:58:27 * mrtyler joined the channel
2018-05-15T13:58:49 * alanharnum joined the channel
2018-05-15T14:04:42 * clown joined the channel
2018-05-15T14:39:35 * alanharnum joined the channel
2018-05-15T15:08:17 * kasparnet_ has quit
2018-05-15T15:08:55 * kasparnet joined the channel
2018-05-15T15:10:52 * kasparnet has quit
2018-05-15T15:11:26 * kasparnet joined the channel
2018-05-15T15:30:39 * colinclark has quit
2018-05-15T15:43:36 * alanharnum joined the channel
2018-05-15T16:14:34 * colinclark joined the channel
2018-05-15T16:17:06 * simonjb joined the channel
2018-05-15T16:26:08 * clown joined the channel
2018-05-15T16:38:54 * clown joined the channel
2018-05-15T16:41:00 * michelled joined the channel
2018-05-15T16:41:57 * kasparnet has quit
2018-05-15T16:52:31 * alanharnum joined the channel
2018-05-15T17:04:42 * gtirloni_ joined the channel
2018-05-15T18:07:28 * alanharnum has quit
2018-05-15T18:07:54 * alanharnum joined the channel
2018-05-15T18:12:31 * alanharnum has quit
2018-05-15T18:42:50 * alanharnum joined the channel
2018-05-15T18:52:52 * alanharnum joined the channel
2018-05-15T19:35:59 * gtirloni_ joined the channel
2018-05-15T19:45:33 * alanharnum joined the channel
2018-05-15T19:51:07 * alanharnum joined the channel
2018-05-15T20:24:21 * gtirloni has quit
2018-05-15T20:26:48 * cindyli has quit
2018-05-15T20:29:47 * alanharnum has quit
2018-05-15T20:30:14 * alanharnum joined the channel
2018-05-15T20:34:23 * alanharnum2 joined the channel
2018-05-15T20:50:28 * kasparnet joined the channel
2018-05-15T20:52:42 * kasparnet has quit
2018-05-15T20:52:58 * kasparnet joined the channel
2018-05-15T21:11:33 * kasparnet has quit
2018-05-15T22:27:09 * stegru has quit
2018-05-15T22:36:52 * stegru joined the channel
2018-05-15T22:56:26 * michelled joined the channel
'

