b'2017-06-23T00:30:34 * alanharnum joined the channel
2017-06-23T01:11:38 * cindyli joined the channel
2017-06-23T01:33:46 * alanharnum joined the channel
2017-06-23T02:36:54 * alanharnum joined the channel
2017-06-23T03:40:16 * alanharnum joined the channel
2017-06-23T03:46:37 * alanharnum has quit
2017-06-23T04:44:22 * alanharnum joined the channel
2017-06-23T04:49:29 * alanharnum has quit
2017-06-23T05:47:49 * alanharnum joined the channel
2017-06-23T05:54:17 * alanharnum has quit
2017-06-23T06:44:30 * the-t-in-rtf joined the channel
2017-06-23T06:52:10 * alanharnum joined the channel
2017-06-23T06:57:52 * alanharnum has quit
2017-06-23T07:55:16 * alanharnum joined the channel
2017-06-23T07:56:04 * amatas joined the channel
2017-06-23T08:01:53 * alanharnum has quit
2017-06-23T08:09:14 * stegru joined the channel
2017-06-23T08:59:15 * alanharnum joined the channel
2017-06-23T10:02:43 * alanharnum joined the channel
2017-06-23T11:07:02 * alanharnum joined the channel
2017-06-23T11:24:35 * the-t-in-rtf1 joined the channel
2017-06-23T11:28:07 * gtirloni joined the channel
2017-06-23T12:08:58 * alanharnum joined the channel
2017-06-23T12:15:26 * alanharnum has quit
2017-06-23T12:19:01 * gtirloni joined the channel
2017-06-23T12:28:13 * michelled joined the channel
2017-06-23T12:33:09 * cindyli joined the channel
2017-06-23T12:46:23 * gtirloni has quit
2017-06-23T12:47:38 * Jess__ joined the channel
2017-06-23T12:51:16 * kasparnet joined the channel
2017-06-23T13:00:26 * gtirloni joined the channel
2017-06-23T13:13:25 * alanharnum joined the channel
2017-06-23T13:17:44 * alanharnum has quit
2017-06-23T13:27:22 * simonjb joined the channel
2017-06-23T13:29:35 * clown joined the channel
2017-06-23T13:45:36 * alanharnum joined the channel
2017-06-23T13:48:28 * gtirloni has quit
2017-06-23T13:48:47 * michelled has quit
2017-06-23T13:55:13 * gtirloni joined the channel
2017-06-23T14:01:42 * colinclark joined the channel
2017-06-23T14:34:26 * gtirloni has quit
2017-06-23T14:41:08 * michelled joined the channel
2017-06-23T14:45:38 * gtirloni joined the channel
2017-06-23T14:46:55 * colinclark has quit
2017-06-23T14:53:56 * cindyli1 joined the channel
2017-06-23T14:54:43 * cindyli has quit
2017-06-23T14:56:54 * simonjb has quit
2017-06-23T15:02:33 * colinclark joined the channel
2017-06-23T15:45:06 * alanharnum has quit
2017-06-23T15:45:09 * simonjb joined the channel
2017-06-23T15:50:40 * cindyli1 is now known as cindyli
2017-06-23T15:54:18 * alanharnum joined the channel
2017-06-23T16:00:18 * mrtyler joined the channel
2017-06-23T16:03:23 * cindyli has quit
2017-06-23T16:13:13 * alanharnum has quit
2017-06-23T16:13:40 * alanharnum joined the channel
2017-06-23T16:17:12 * colinclark joined the channel
2017-06-23T16:18:08 * alanharnum has quit
2017-06-23T16:22:28 * michelled has quit
2017-06-23T16:22:38 * colinclark has quit
2017-06-23T16:49:36 * mrtyler has quit
2017-06-23T16:50:58 * colinclark joined the channel
2017-06-23T17:13:50 * michelled joined the channel
2017-06-23T17:14:58 * alanharnum joined the channel
2017-06-23T17:17:09 * alanharnum has quit
2017-06-23T17:17:15 * alanharnum joined the channel
2017-06-23T17:27:01 * alanharnum has quit
2017-06-23T17:27:28 * alanharnum joined the channel
2017-06-23T17:31:12 * alanharnum has quit
2017-06-23T17:31:18 * alanharnum joined the channel
2017-06-23T17:53:11 * alanharnum has quit
2017-06-23T18:00:27 * alanharnum joined the channel
2017-06-23T18:08:48 * kasparnet has quit
2017-06-23T18:12:59 * gtirloni_ joined the channel
2017-06-23T18:17:00 * gtirloni has quit
2017-06-23T18:19:28 * stegru has quit
2017-06-23T19:17:52 * stegru joined the channel
2017-06-23T19:25:53 * alanharnum has quit
2017-06-23T19:36:01 * alanharnum joined the channel
2017-06-23T19:39:09 * alanharnum has quit
2017-06-23T19:45:21 * alanharnum joined the channel
2017-06-23T19:52:06 * the-t-in-rtf joined the channel
2017-06-23T19:52:06 * the-t-in-rtf1 has quit
2017-06-23T20:48:55 * alanharnum has quit
2017-06-23T20:59:57 * clown has quit
2017-06-23T21:01:33 * alanharnum joined the channel
2017-06-23T21:14:36 * alanharnum has quit
2017-06-23T21:15:02 * alanharnum joined the channel
2017-06-23T21:17:45 * alanharnum has quit
2017-06-23T21:17:51 * alanharn_ joined the channel
2017-06-23T21:26:02 * colinclark has quit
2017-06-23T21:30:58 * amatas has quit
2017-06-23T21:32:16 * alanharn_ has quit
2017-06-23T21:37:12 * simonjb has quit
2017-06-23T21:37:15 * michelled has quit
2017-06-23T21:37:26 * michelled joined the channel
2017-06-23T21:38:07 * michelled has quit
2017-06-23T22:02:10 * Jess__ has quit
2017-06-23T22:03:50 * kasparnet joined the channel
2017-06-23T22:04:38 * gtirloni_ has quit
2017-06-23T22:26:09 * colinclark joined the channel
2017-06-23T22:26:12 * colinclark has quit
2017-06-23T23:50:27 * stegru has quit
'

