b'2014-08-29T07:15:59 * kasparnet joined the channel
2014-08-29T09:17:15 * the-t-in-rtf has quit
2014-08-29T09:27:31 * the-t-in-rtf joined the channel
2014-08-29T09:28:05 * kasparnet has quit
2014-08-29T09:28:32 * kasparnet joined the channel
2014-08-29T09:32:33 * kasparnet has quit
2014-08-29T09:41:20 * kasparnet joined the channel
2014-08-29T09:55:27 * sgithens_ joined the channel
2014-08-29T09:58:06 * sgithens has quit
2014-08-29T09:58:07 * sgithens_ is now known as sgithens
2014-08-29T10:14:08 * -- BotBot disconnected, possible missing messages --
2014-08-29T10:14:08 * -- BotBot disconnected, possible missing messages --
2014-08-29T10:16:18 * [o__o] joined the channel
2014-08-29T10:42:55 * kasparnet has quit
2014-08-29T11:11:40 * Justin_o joined the channel
2014-08-29T11:16:24 * kasparnet joined the channel
2014-08-29T11:19:43 * Bosmon2 joined the channel
2014-08-29T11:22:21 * Bosmon has quit
2014-08-29T11:25:29 * kasparne_ joined the channel
2014-08-29T11:28:41 * kasparnet has quit
2014-08-29T12:15:16 * cindyli joined the channel
2014-08-29T12:45:25 * kasparne_ has quit
2014-08-29T12:48:41 * kasparnet joined the channel
2014-08-29T13:37:51 * simonjb joined the channel
2014-08-29T13:40:12 * anastasiac joined the channel
2014-08-29T13:45:37 * clown joined the channel
2014-08-29T13:45:39 * michelled joined the channel
2014-08-29T14:41:44 * clown1 joined the channel
2014-08-29T14:42:53 * clown has quit
2014-08-29T14:43:04 * clown1 is now known as clown
2014-08-29T14:52:23 * Bosmon2 is now known as Bosmon
2014-08-29T14:58:56 * cindyli has quit
2014-08-29T15:03:17 * cindyli joined the channel
2014-08-29T15:13:52 * kasparnet has quit
2014-08-29T15:28:51 * kasparnet joined the channel
2014-08-29T15:28:52 * kasparnet has quit
2014-08-29T15:56:41 * kasparnet joined the channel
2014-08-29T16:21:55 * cindyli1 joined the channel
2014-08-29T16:21:55 * cindyli has quit
2014-08-29T16:22:29 * kasparnet has quit
2014-08-29T17:35:56 * anastasiac has quit
2014-08-29T19:22:39 * cindyli1 has quit
2014-08-29T19:22:55 * kasparnet joined the channel
2014-08-29T19:27:25 * kasparnet has quit
2014-08-29T19:59:13 * michelled has quit
2014-08-29T20:18:29 * cindyli joined the channel
2014-08-29T20:28:51 * simonjb has quit
2014-08-29T20:46:02 * clown has left the channel
2014-08-29T21:16:05 * cindyli has quit
2014-08-29T21:16:13 * cindyli joined the channel
2014-08-29T21:21:57 * cindyli1 joined the channel
2014-08-29T21:21:58 * cindyli has quit
2014-08-29T21:43:26 * the-t-in-rtf1 joined the channel
2014-08-29T21:52:54 * the-t-in-rtf has quit
2014-08-29T22:06:03 * Justin_o has quit
2014-08-29T22:27:18 * cindyli joined the channel
2014-08-29T22:27:18 * cindyli1 has quit
2014-08-29T23:04:21 * cindyli has quit
'

