b'2014-09-05T01:41:28 * colinclark joined the channel
2014-09-05T03:18:55 * colinclark has quit
2014-09-05T06:10:12 * kasparnet joined the channel
2014-09-05T07:36:20 <the-t-in-rtf1> Can I pass an array of methods when setting up a listener?
2014-09-05T07:37:00 <the-t-in-rtf1> In other words, if I want the same function to handle click and keypress, can I do something like\xe2\x80\xa6  method: ["keypress","click"]
2014-09-05T08:23:12 * Bosmon has quit
2014-09-05T08:27:26 * Bosmon joined the channel
2014-09-05T12:01:57 * Bosmon has quit
2014-09-05T12:27:07 * cindyli joined the channel
2014-09-05T12:29:55 * Justin_o joined the channel
2014-09-05T12:46:49 * anastasiac joined the channel
2014-09-05T13:00:08 * kasparnet has quit
2014-09-05T13:00:49 * kasparne_ joined the channel
2014-09-05T13:05:22 * kasparne_ has quit
2014-09-05T13:10:34 * Bosmon joined the channel
2014-09-05T13:16:14 * simonjb joined the channel
2014-09-05T14:02:35 * clown joined the channel
2014-09-05T14:02:39 * clown has quit
2014-09-05T14:02:39 * clown joined the channel
2014-09-05T14:03:33 * cindyli has quit
2014-09-05T14:03:33 * anastasiac has quit
2014-09-05T15:04:10 * cindyli joined the channel
2014-09-05T15:05:47 * anastasiac joined the channel
2014-09-05T16:18:08 * anastasiac has quit
2014-09-05T19:29:46 * colinclark joined the channel
2014-09-05T20:06:08 * cindyli has quit
2014-09-05T20:55:36 * clown has quit
2014-09-05T21:27:52 * colinclark has quit
2014-09-05T21:36:05 * Justin_o has quit
2014-09-05T21:38:54 * colinclark joined the channel
2014-09-05T22:34:51 * simonjb has quit
2014-09-05T23:19:36 * colinclark has quit
'

