b'2017-05-27T06:55:25 * amatas joined the channel
2017-05-27T08:09:01 * amatas has quit
2017-05-27T10:38:32 * kasparnet joined the channel
2017-05-27T10:56:30 * kasparnet has quit
2017-05-27T15:08:33 * the-t-in-rtf joined the channel
2017-05-27T15:38:54 * Bosmon7 joined the channel
2017-05-27T16:56:16 * Bosmon7 has quit
2017-05-27T17:36:57 * amatas joined the channel
2017-05-27T17:38:19 * simonjb joined the channel
2017-05-27T17:39:34 * amatas has quit
2017-05-27T17:40:36 * amatas joined the channel
2017-05-27T18:45:33 * Bosmon7 joined the channel
2017-05-27T20:05:51 * kasparnet joined the channel
2017-05-27T20:08:50 * kasparne_ joined the channel
2017-05-27T20:11:57 * kasparnet has quit
2017-05-27T21:18:08 * kasparne_ has quit
2017-05-27T21:22:01 * kasparnet joined the channel
2017-05-27T21:36:24 * kasparnet has quit
2017-05-27T21:46:54 * kasparnet joined the channel
2017-05-27T21:48:00 * kasparne_ joined the channel
2017-05-27T21:51:33 * kasparnet has quit
2017-05-27T22:21:41 * kasparne_ has quit
2017-05-27T23:13:26 * amatas has quit
2017-05-27T23:49:20 * Bosmon7 has quit
'

