b'2016-03-28T12:06:01 * gtirloni joined the channel
2016-03-28T12:18:27 * jessm joined the channel
2016-03-28T12:25:38 * cindyli joined the channel
2016-03-28T13:55:20 * clown joined the channel
2016-03-28T14:00:17 * alanharnum joined the channel
2016-03-28T14:09:23 * michelled joined the channel
2016-03-28T14:15:27 * simonjb joined the channel
2016-03-28T14:23:34 * colinclark joined the channel
2016-03-28T14:57:22 * michelled1 joined the channel
2016-03-28T14:59:57 * michelled has quit
2016-03-28T16:37:18 * Jess_ joined the channel
2016-03-28T16:42:15 * Jess_ has quit
2016-03-28T16:51:19 * colinclark has quit
2016-03-28T16:51:53 * michelled1 has quit
2016-03-28T17:27:24 * Jess_ joined the channel
2016-03-28T17:52:17 * michelled joined the channel
2016-03-28T17:59:25 * cindyli has quit
2016-03-28T18:03:23 * cindyli joined the channel
2016-03-28T18:10:47 * colinclark joined the channel
2016-03-28T19:12:43 * Jess_ has quit
2016-03-28T19:22:35 * alanharnum has quit
2016-03-28T19:40:34 * Jess_ joined the channel
2016-03-28T19:48:31 * alanharnum joined the channel
2016-03-28T20:01:39 * cindyli has quit
2016-03-28T20:25:08 * Jess_ has quit
2016-03-28T20:47:25 * michelled has quit
2016-03-28T21:02:44 * clown has left the channel
2016-03-28T21:32:15 * gtirloni has quit
2016-03-28T21:43:44 * alanharnum has quit
2016-03-28T22:24:08 * simonjb has quit
2016-03-28T23:04:59 * colinclark has quit
2016-03-28T23:44:09 * alanharnum joined the channel
2016-03-28T23:48:51 * alanharnum has quit
'

