b'2015-04-16T00:26:33 * Jess__ joined the channel
2015-04-16T00:31:12 * Jess__ has quit
2015-04-16T06:30:26 * the-t-in-rtf has quit
2015-04-16T06:55:35 * the-t-in-rtf joined the channel
2015-04-16T07:34:33 * the-t-in-rtf has quit
2015-04-16T07:36:55 * the-t-in-rtf joined the channel
2015-04-16T08:00:22 * kasparnet joined the channel
2015-04-16T08:13:04 * the-t-in-rtf1 joined the channel
2015-04-16T08:13:04 * the-t-in-rtf has quit
2015-04-16T08:19:37 * the-t-in-rtf1 has quit
2015-04-16T08:19:47 * the-t-in-rtf joined the channel
2015-04-16T08:25:07 * the-t-in-rtf has quit
2015-04-16T08:25:44 * the-t-in-rtf joined the channel
2015-04-16T08:31:38 * the-t-in-rtf has quit
2015-04-16T08:31:39 * the-t-in-rtf1 joined the channel
2015-04-16T08:44:40 * kasparnet has quit
2015-04-16T08:49:56 * the-t-in-rtf joined the channel
2015-04-16T08:49:56 * the-t-in-rtf1 has quit
2015-04-16T09:15:13 * kasparnet joined the channel
2015-04-16T09:30:37 * kasparnet has quit
2015-04-16T09:40:49 * kasparnet joined the channel
2015-04-16T10:25:25 * kasparnet has quit
2015-04-16T10:31:07 * kasparnet joined the channel
2015-04-16T11:20:36 * kasparnet has quit
2015-04-16T12:01:47 * kasparnet joined the channel
2015-04-16T12:21:10 * Justin_o joined the channel
2015-04-16T12:22:56 * jessm joined the channel
2015-04-16T12:28:03 * anastasiac joined the channel
2015-04-16T12:37:11 * kasparnet has quit
2015-04-16T12:47:35 * cindyli joined the channel
2015-04-16T12:54:09 * michelled joined the channel
2015-04-16T13:04:27 * kasparnet joined the channel
2015-04-16T13:05:43 * slim_jim joined the channel
2015-04-16T13:15:50 * simonjb joined the channel
2015-04-16T13:31:34 * kasparnet has quit
2015-04-16T13:33:56 * the-t-in-rtf has quit
2015-04-16T13:38:51 * the-t-in-rtf joined the channel
2015-04-16T13:43:29 * clown joined the channel
2015-04-16T13:44:30 * the-t-in-rtf has quit
2015-04-16T13:45:55 * the-t-in-rtf joined the channel
2015-04-16T13:53:40 * michelled has quit
2015-04-16T13:55:46 * the-t-in-rtf has quit
2015-04-16T13:59:07 * kasparnet joined the channel
2015-04-16T13:59:33 * clown is now known as clown_mtg
2015-04-16T14:04:01 * the-t-in-rtf joined the channel
2015-04-16T14:09:12 * colinclark joined the channel
2015-04-16T15:04:53 * michelled joined the channel
2015-04-16T15:08:44 * clown_mtg is now known as clown
2015-04-16T15:31:43 * the-t-in-rtf has quit
2015-04-16T15:36:51 * colinclark has quit
2015-04-16T16:14:13 * kasparnet has quit
2015-04-16T16:16:20 * colinclark joined the channel
2015-04-16T16:35:22 * slim_jim has quit
2015-04-16T18:27:16 * cindyli has quit
2015-04-16T18:33:19 * the-t-in-rtf joined the channel
2015-04-16T18:36:13 * cindyli joined the channel
2015-04-16T18:37:07 * michelled has quit
2015-04-16T18:38:30 * michelled joined the channel
2015-04-16T18:46:49 * michelled has quit
2015-04-16T18:54:03 * slim_jim joined the channel
2015-04-16T19:14:57 * michelled joined the channel
2015-04-16T19:15:50 * anastasiac_ joined the channel
2015-04-16T19:16:56 * anastasiac has quit
2015-04-16T19:16:56 * anastasiac_ is now known as anastasiac
2015-04-16T19:23:22 * michelled has quit
2015-04-16T19:30:11 * slim_jim has quit
2015-04-16T19:41:56 * michelled joined the channel
2015-04-16T19:42:03 * michelled has quit
2015-04-16T19:44:04 * michelled joined the channel
2015-04-16T20:14:13 * anastasiac has quit
2015-04-16T20:15:59 * anastasiac joined the channel
2015-04-16T20:29:33 * cindyli has quit
2015-04-16T20:42:34 * clown has left the channel
2015-04-16T20:46:34 * colinclark has quit
2015-04-16T21:21:49 * simonjb has quit
2015-04-16T21:28:22 * jessm has quit
2015-04-16T21:30:52 * anastasiac has quit
2015-04-16T21:34:41 * michelled has quit
2015-04-16T21:46:39 * Justin_o has quit
2015-04-16T22:20:40 * colinclark joined the channel
2015-04-16T22:25:53 * colinclark has quit
'

