b'2017-05-18T00:51:20 * colinclark joined the channel
2017-05-18T00:57:22 * colinclark joined the channel
2017-05-18T00:57:22 * colinclark has quit
2017-05-18T05:38:30 * kasparnet joined the channel
2017-05-18T05:38:48 * kasparnet has quit
2017-05-18T05:40:49 * kasparnet joined the channel
2017-05-18T06:15:17 * the-t-in-rtf joined the channel
2017-05-18T09:53:07 * stegru joined the channel
2017-05-18T11:21:47 * amatas joined the channel
2017-05-18T11:24:31 * Bosmon7 joined the channel
2017-05-18T11:36:15 * Bosmon7 has quit
2017-05-18T11:43:59 * gtirloni joined the channel
2017-05-18T12:08:23 * Bosmon7 joined the channel
2017-05-18T12:22:10 * Jess_ joined the channel
2017-05-18T12:42:03 * cindyli joined the channel
2017-05-18T13:55:27 * clown joined the channel
2017-05-18T13:58:11 * simonjb joined the channel
2017-05-18T14:23:32 * Bosmon7 has quit
2017-05-18T14:23:51 * Bosmon7 joined the channel
2017-05-18T14:30:50 * michelled joined the channel
2017-05-18T14:35:45 * simonjb has quit
2017-05-18T15:11:29 * mrtyler joined the channel
2017-05-18T15:13:59 * the-t-in-rtf joined the channel
2017-05-18T15:36:58 * jhernandez has quit
2017-05-18T16:19:04 * michelled has quit
2017-05-18T16:19:05 * colinclark joined the channel
2017-05-18T16:22:21 * michelled joined the channel
2017-05-18T16:31:45 * Jess_ joined the channel
2017-05-18T17:04:27 * colinclark joined the channel
2017-05-18T17:06:06 * Jess_ has quit
2017-05-18T17:15:16 * stegru has quit
2017-05-18T17:18:45 * Jess_ joined the channel
2017-05-18T17:46:18 * colinclark has quit
2017-05-18T17:50:04 * colinclark joined the channel
2017-05-18T18:19:07 * kasparnet has quit
2017-05-18T18:36:52 * kasparnet joined the channel
2017-05-18T19:02:06 * kasparnet has quit
2017-05-18T19:03:01 * amatas has quit
2017-05-18T19:05:37 * amatas joined the channel
2017-05-18T19:10:01 * stegru joined the channel
2017-05-18T19:10:36 * michelled has quit
2017-05-18T19:13:17 * colinclark has quit
2017-05-18T19:18:21 * colinclark joined the channel
2017-05-18T19:18:44 * michelled joined the channel
2017-05-18T20:03:13 * kasparnet joined the channel
2017-05-18T20:05:04 * kasparne_ joined the channel
2017-05-18T20:08:23 * kasparnet has quit
2017-05-18T20:16:03 * amatas has quit
2017-05-18T20:16:20 * amatas joined the channel
2017-05-18T20:31:16 * amatas has quit
2017-05-18T20:46:36 * michelled has quit
2017-05-18T20:51:40 * michelled joined the channel
2017-05-18T20:52:52 * colinclark joined the channel
2017-05-18T21:18:06 * jhernandez joined the channel
2017-05-18T21:18:39 * jhernandez has quit
2017-05-18T21:23:15 * michelled has quit
2017-05-18T22:06:22 * Bosmon7 has quit
2017-05-18T22:12:17 * the-t-in-rtf has quit
2017-05-18T22:54:34 * jhernandez joined the channel
2017-05-18T23:07:43 * colinclark joined the channel
2017-05-18T23:07:53 * kasparne_ has quit
2017-05-18T23:12:02 * colinclark joined the channel
2017-05-18T23:14:48 * colinclark joined the channel
2017-05-18T23:19:15 * stegru has quit
'

