b'2017-12-03T00:01:52 * stegru has quit
2017-12-03T09:06:02 * the-t-in-rtf has quit
2017-12-03T09:27:15 * the-t-in-rtf joined the channel
2017-12-03T09:47:18 * the-t-in-rtf has quit
2017-12-03T10:32:45 * the-t-in-rtf joined the channel
2017-12-03T11:04:30 * the-t-in-rtf joined the channel
2017-12-03T11:11:54 * amatas joined the channel
2017-12-03T12:23:29 * stegru joined the channel
2017-12-03T12:37:24 * kasparnet_ joined the channel
2017-12-03T15:26:38 * amatas has quit
2017-12-03T16:17:47 * kasparnet_ has quit
2017-12-03T17:10:35 * stegru has quit
2017-12-03T17:17:20 * stegru joined the channel
2017-12-03T17:22:07 * kasparnet_ joined the channel
2017-12-03T20:13:46 * amatas joined the channel
2017-12-03T20:16:16 * kasper joined the channel
2017-12-03T20:18:57 * kasparnet_ has quit
2017-12-03T20:25:09 * kasparnet_ joined the channel
2017-12-03T20:27:45 * kasper has quit
2017-12-03T21:06:11 * stegru has quit
2017-12-03T21:59:58 * amatas has quit
2017-12-03T22:05:22 * kasparnet_ has quit
'

