b'2016-06-01T02:18:38 * kasparnet joined the channel
2016-06-01T02:24:57 * kasparnet has quit
2016-06-01T03:38:07 * kasparnet joined the channel
2016-06-01T03:39:05 * colinclark joined the channel
2016-06-01T03:44:28 * colinclark has quit
2016-06-01T04:02:29 * kasparnet has quit
2016-06-01T04:32:34 * colinclark joined the channel
2016-06-01T06:04:13 * kasparnet joined the channel
2016-06-01T06:50:27 * kasparnet has quit
2016-06-01T06:52:49 * kasparnet joined the channel
2016-06-01T07:03:41 * kasparnet has quit
2016-06-01T07:05:49 * the-t-in-rtf joined the channel
2016-06-01T07:07:06 * the-t-in-rtf has quit
2016-06-01T07:07:59 * the-t-in-rtf joined the channel
2016-06-01T07:49:55 * the-t-in-rtf has quit
2016-06-01T07:51:48 * the-t-in-rtf joined the channel
2016-06-01T10:42:21 * the-t-in-rtf has quit
2016-06-01T11:05:48 * the-t-in-rtf joined the channel
2016-06-01T11:16:46 * gtirloni joined the channel
2016-06-01T12:14:00 * Justin_o joined the channel
2016-06-01T13:13:45 * cindyli joined the channel
2016-06-01T13:13:56 * michelled joined the channel
2016-06-01T13:44:09 * michelled has quit
2016-06-01T13:44:19 * simonjb joined the channel
2016-06-01T13:45:24 * clown joined the channel
2016-06-01T13:49:56 * alanharnum joined the channel
2016-06-01T13:50:06 * colinclark joined the channel
2016-06-01T14:12:16 * michelled joined the channel
2016-06-01T14:24:20 * gtirloni has quit
2016-06-01T14:24:52 * colinclark joined the channel
2016-06-01T14:26:11 * gtirloni joined the channel
2016-06-01T14:39:00 * clown has quit
2016-06-01T14:39:53 * clown joined the channel
2016-06-01T14:40:43 * the-t-in-rtf1 joined the channel
2016-06-01T14:42:06 * the-t-in-rtf has quit
2016-06-01T15:32:26 * the-t-in-rtf1 has quit
2016-06-01T15:51:01 * the-t-in-rtf joined the channel
2016-06-01T16:08:05 * kasparnet joined the channel
2016-06-01T16:24:47 * alanharnum joined the channel
2016-06-01T16:27:59 * jessm joined the channel
2016-06-01T16:34:52 * kasparnet has quit
2016-06-01T16:39:29 * alanharnum joined the channel
2016-06-01T16:40:03 * kasparnet joined the channel
2016-06-01T16:41:15 * kasparnet has quit
2016-06-01T16:41:52 * alanharnum joined the channel
2016-06-01T16:46:45 * alanharnum has quit
2016-06-01T16:56:27 * clown joined the channel
2016-06-01T17:02:14 * the-t-in-rtf has quit
2016-06-01T17:06:54 * kasparnet joined the channel
2016-06-01T17:12:15 * kasparnet has quit
2016-06-01T17:36:56 * alanharnum joined the channel
2016-06-01T17:52:36 * clown joined the channel
2016-06-01T17:54:27 * clown has quit
2016-06-01T18:02:07 * clown joined the channel
2016-06-01T18:07:51 * cindyli joined the channel
2016-06-01T18:12:36 * colinclark has quit
2016-06-01T18:33:07 * cindyli1 joined the channel
2016-06-01T18:39:15 * simonjb joined the channel
2016-06-01T18:44:47 * kasparnet joined the channel
2016-06-01T18:47:17 * the-t-in-rtf joined the channel
2016-06-01T18:55:59 * cindyli joined the channel
2016-06-01T19:09:40 * the-t-in-rtf has quit
2016-06-01T19:36:59 * cindyli joined the channel
2016-06-01T19:42:11 * cindyli1 joined the channel
2016-06-01T19:49:19 * alanharnum joined the channel
2016-06-01T19:49:43 * simonjb joined the channel
2016-06-01T19:51:40 * colinclark joined the channel
2016-06-01T20:04:04 * clown joined the channel
2016-06-01T20:19:26 * cindyli1 is now known as cindyli
2016-06-01T20:19:37 * the-t-in-rtf joined the channel
2016-06-01T20:28:52 * kasparnet has quit
2016-06-01T20:32:58 * the-t-in-rtf has quit
2016-06-01T20:35:16 * clown joined the channel
2016-06-01T20:43:44 * cindyli has quit
2016-06-01T21:09:06 * gtirloni joined the channel
2016-06-01T21:26:53 * kasparnet joined the channel
2016-06-01T21:49:54 * michelled has quit
2016-06-01T21:51:37 * gtirloni has quit
2016-06-01T21:56:54 * gtirloni joined the channel
2016-06-01T21:57:06 * gtirloni has quit
2016-06-01T21:57:06 * gtirloni joined the channel
2016-06-01T22:24:23 * alanharnum has quit
2016-06-01T22:26:20 * kasparnet has quit
2016-06-01T22:48:20 * gtirloni has quit
2016-06-01T23:09:53 * Justin_o has quit
2016-06-01T23:27:08 * kasparnet joined the channel
2016-06-01T23:31:29 * kasparnet has quit
'

