b'2014-02-28T01:02:24 * kasparnet joined the channel
2014-02-28T01:03:44 * kasparnet has quit
2014-02-28T01:07:59 * kasparne_ has quit
2014-02-28T01:20:47 * colinclark has quit
2014-02-28T02:31:50 * the-t-in-rtf1 joined the channel
2014-02-28T02:37:08 * the-t-in-rtf has quit
2014-02-28T03:14:02 * michelled joined the channel
2014-02-28T03:16:31 * michelled has quit
2014-02-28T04:13:18 * colinclark joined the channel
2014-02-28T04:24:57 * colinclark has quit
2014-02-28T05:06:27 * Bosmon has quit
2014-02-28T05:09:32 * Bosmon2 joined the channel
2014-02-28T05:10:08 * Bosmon joined the channel
2014-02-28T05:15:31 * Bosmon2 has quit
2014-02-28T05:28:01 * Bosmon has quit
2014-02-28T05:28:07 * Bosmon2 joined the channel
2014-02-28T05:48:42 * Bosmon2 has quit
2014-02-28T05:49:01 * Bosmon joined the channel
2014-02-28T05:49:10 * kasparnet joined the channel
2014-02-28T06:04:59 * Bosmon has quit
2014-02-28T06:05:16 * kasparnet has quit
2014-02-28T06:05:25 * Bosmon2 joined the channel
2014-02-28T06:15:28 * Niharika joined the channel
2014-02-28T07:32:39 * kasparnet joined the channel
2014-02-28T09:03:31 * kasparnet has quit
2014-02-28T09:04:10 * kasparnet joined the channel
2014-02-28T09:11:41 * the-t-in-rtf1 has quit
2014-02-28T09:12:05 * the-t-in-rtf joined the channel
2014-02-28T09:18:52 * the-t-in-rtf has quit
2014-02-28T10:09:08 * Niharika has left the channel
2014-02-28T12:52:43 * Niharika joined the channel
2014-02-28T13:25:02 * cindyli joined the channel
2014-02-28T13:27:57 * michelled joined the channel
2014-02-28T13:38:22 * michelled has quit
2014-02-28T14:02:01 * anvk joined the channel
2014-02-28T14:04:33 * kasparnet has quit
2014-02-28T14:09:38 * Jess_ joined the channel
2014-02-28T14:20:58 * colinclark joined the channel
2014-02-28T14:35:17 * the-t-in-rtf joined the channel
2014-02-28T14:59:24 * michelled joined the channel
2014-02-28T15:06:04 * clown joined the channel
2014-02-28T15:07:23 * anastasiac joined the channel
2014-02-28T15:19:11 * simonjb joined the channel
2014-02-28T15:23:27 * kasparnet joined the channel
2014-02-28T15:38:43 * kasparnet has quit
2014-02-28T15:51:42 * kasparnet joined the channel
2014-02-28T16:06:12 * kasparnet has quit
2014-02-28T16:08:26 * kasparnet joined the channel
2014-02-28T16:14:47 * kasparnet has quit
2014-02-28T16:23:29 * Jess_ has quit
2014-02-28T16:40:50 * michelled has quit
2014-02-28T16:43:07 * michelled joined the channel
2014-02-28T16:59:37 * simonjb has quit
2014-02-28T17:02:13 * simonjb joined the channel
2014-02-28T17:14:22 * kasparnet joined the channel
2014-02-28T17:22:18 * kasparnet has quit
2014-02-28T17:23:20 * Niharika has left the channel
2014-02-28T17:41:54 * -- BotBot disconnected, possible missing messages --
2014-02-28T17:45:20 * -- BotBot disconnected, possible missing messages --
2014-02-28T17:46:13 * -- BotBot disconnected, possible missing messages --
2014-02-28T17:46:32 * -- BotBot disconnected, possible missing messages --
2014-02-28T17:47:45 * -- BotBot disconnected, possible missing messages --
2014-02-28T17:49:54 * -- BotBot disconnected, possible missing messages --
2014-02-28T17:50:13 * -- BotBot disconnected, possible missing messages --
2014-02-28T17:55:13 * -- BotBot disconnected, possible missing messages --
2014-02-28T17:56:31 * -- BotBot disconnected, possible missing messages --
2014-02-28T17:57:43 * -- BotBot disconnected, possible missing messages --
2014-02-28T17:59:28 * -- BotBot disconnected, possible missing messages --
2014-02-28T17:59:54 * -- BotBot disconnected, possible missing messages --
2014-02-28T17:59:58 * -- BotBot disconnected, possible missing messages --
2014-02-28T17:59:58 * -- BotBot disconnected, possible missing messages --
2014-02-28T18:35:46 * -- BotBot disconnected, possible missing messages --
2014-02-28T18:41:44 * [o__o] joined the channel
2014-02-28T19:25:53 * michelled has quit
2014-02-28T19:54:33 * michelled joined the channel
2014-02-28T20:07:00 * jessm joined the channel
2014-02-28T20:16:39 * colinclark joined the channel
2014-02-28T20:30:53 * cindyli1 has quit
2014-02-28T20:37:22 * cindyli joined the channel
2014-02-28T21:08:36 * -- BotBot disconnected, possible missing messages --
2014-02-28T21:10:24 * [o__o] joined the channel
2014-02-28T21:10:24 * NOTICE: [freenode-info] channel trolls and no channel staff around to help? please check with freenode support: http://freenode.net/faq.shtml#gettinghelp
2014-02-28T21:23:48 * jessm has quit
2014-02-28T21:30:19 * anvk has quit
2014-02-28T21:32:56 * jessm joined the channel
2014-02-28T21:33:34 * cindyli has quit
2014-02-28T21:38:50 * jessm has quit
2014-02-28T21:53:18 * anastasiac_ joined the channel
2014-02-28T21:53:19 * anastasiac_ has quit
2014-02-28T21:53:19 * anastasiac_ joined the channel
2014-02-28T21:53:41 * anastasiac has quit
2014-02-28T21:53:41 * anastasiac_ is now known as anastasiac
2014-02-28T21:57:17 * anastasiac_ joined the channel
2014-02-28T21:57:54 * colinclark_ joined the channel
2014-02-28T22:00:13 * simonjb has quit
2014-02-28T22:08:33 * anastasiac has quit
2014-02-28T22:08:34 * colinclark has quit
2014-02-28T22:08:34 * michelled has quit
2014-02-28T22:08:34 * the-t-in-rtf has quit
2014-02-28T22:08:41 * colinclark_ is now known as colinclark
2014-02-28T22:08:41 * anastasiac_ is now known as anastasiac
2014-02-28T22:10:10 * clown has quit
2014-02-28T22:11:23 * the-t-in-rtf joined the channel
2014-02-28T22:21:45 * anastasiac has quit
2014-02-28T22:41:28 * the-t-in-rtf1 joined the channel
2014-02-28T22:46:17 * the-t-in-rtf has quit
'

