b"2014-08-22T10:29:10 * Bosmon7 joined the channel
2014-08-22T11:43:26 * Bosmon7 has quit
2014-08-22T12:48:30 * cindyli joined the channel
2014-08-22T13:02:22 * Jess_ joined the channel
2014-08-22T13:04:23 * Jess_ has quit
2014-08-22T13:06:28 * Jess_ joined the channel
2014-08-22T14:10:28 * clown joined the channel
2014-08-22T14:19:30 * michelled joined the channel
2014-08-22T14:21:01 * anastasiac joined the channel
2014-08-22T14:52:07 * simonjb joined the channel
2014-08-22T16:12:05 * michelled has quit
2014-08-22T16:23:08 * Jess_ has quit
2014-08-22T16:30:28 * michelled joined the channel
2014-08-22T17:25:32 * the-t-in-rtf has quit
2014-08-22T17:35:26 * the-t-in-rtf joined the channel
2014-08-22T17:52:39 <Bosmon> Ok
2014-08-22T18:10:05 <michelled> Bosmon: at our Monday meeting, we said that simonjb, you and I would look at https://github.com/fluid-project/kettle/pull/13 together. Is it ready for us to look at?
2014-08-22T18:11:00 <Bosmon> michelled - not 13 but https://github.com/fluid-project/kettle/pull/14
2014-08-22T18:14:39 <simonjb> Bosmon: michelled has merged in your pull request for jqunit https://github.com/fluid-project/node-jqUnit/commit/28cf3ca20e59fd48a75511bd47ce7bd550de9972 -- we'll also need to update https://github.com/GPII/universal/blob/master/package.json -- what's the process for that?
2014-08-22T18:16:01 <Bosmon> simonjb - well, we need a comitter to do it
2014-08-22T18:16:15 <Bosmon> Perhaps sgithens could do it at some point
2014-08-22T18:16:34 <simonjb> cool
2014-08-22T18:38:20 <michelled> Bosmon: perhaps simonjb could make the pull request and you or sgithens could push it?
2014-08-22T18:38:52 <Bosmon> Well, I suppose - but in theory I am still the proposer
2014-08-22T18:38:58 <Bosmon> I guess it is difficult from a community point of view
2014-08-22T18:39:26 <Bosmon> But at least in this case I think it is relatively clear that someone other than me needs to verify it
2014-08-22T19:08:00 * anastasiac has quit
2014-08-22T19:16:27 * anastasiac joined the channel
2014-08-22T20:02:53 * anastasiac has quit
2014-08-22T20:18:48 * michelled has quit
2014-08-22T20:19:44 * michelled joined the channel
2014-08-22T20:40:54 * cindyli has quit
2014-08-22T20:50:10 * michelled has quit
2014-08-22T21:06:56 * clown has quit
2014-08-22T21:22:15 * simonjb has quit
"

