b'2016-05-04T07:01:18 * kasparnet joined the channel
2016-05-04T07:22:35 * the-t-in-rtf joined the channel
2016-05-04T08:01:57 * alanharnum joined the channel
2016-05-04T08:25:06 * kasparnet has quit
2016-05-04T08:25:23 * kasparnet joined the channel
2016-05-04T11:05:52 * gtirloni joined the channel
2016-05-04T12:13:52 * michelled joined the channel
2016-05-04T12:27:38 * alanharnum joined the channel
2016-05-04T12:47:10 * alanharnum joined the channel
2016-05-04T12:59:35 * cindyli joined the channel
2016-05-04T13:39:53 * kasparnet has quit
2016-05-04T13:45:15 * kasparnet joined the channel
2016-05-04T13:52:39 * michelled joined the channel
2016-05-04T14:23:29 * simonjb joined the channel
2016-05-04T14:28:46 * the-t-in-rtf has quit
2016-05-04T14:29:18 * the-t-in-rtf joined the channel
2016-05-04T14:49:02 * the-t-in-rtf has quit
2016-05-04T14:49:47 * the-t-in-rtf joined the channel
2016-05-04T14:49:47 * the-t-in-rtf has quit
2016-05-04T14:52:33 * clown joined the channel
2016-05-04T15:05:13 * the-t-in-rtf joined the channel
2016-05-04T15:15:21 * the-t-in-rtf has quit
2016-05-04T15:43:29 * the-t-in-rtf joined the channel
2016-05-04T16:00:42 * gtirloni_ joined the channel
2016-05-04T16:02:44 * gtirloni has quit
2016-05-04T16:39:47 * kasparnet has quit
2016-05-04T16:59:19 * clown is now known as clown_mtg
2016-05-04T17:22:07 * alanharnum has quit
2016-05-04T17:24:58 * Jess_ joined the channel
2016-05-04T17:25:28 * the-t-in-rtf has quit
2016-05-04T17:31:08 * michelled joined the channel
2016-05-04T17:46:18 * cindyli joined the channel
2016-05-04T17:52:31 * Bosmon has quit
2016-05-04T17:56:34 * Bosmon joined the channel
2016-05-04T17:58:56 * alanharnum joined the channel
2016-05-04T17:58:56 * alanharnum has quit
2016-05-04T17:59:03 * alanharn_ joined the channel
2016-05-04T18:15:47 * the-t-in-rtf joined the channel
2016-05-04T18:20:30 * Bosmon joined the channel
2016-05-04T18:29:59 * clown joined the channel
2016-05-04T18:32:01 * the-t-in-rtf has quit
2016-05-04T18:41:24 * michelled joined the channel
2016-05-04T18:41:24 * michelled has quit
2016-05-04T18:41:30 * michelled1 joined the channel
2016-05-04T18:46:11 * the-t-in-rtf joined the channel
2016-05-04T18:47:25 * the-t-in-rtf has quit
2016-05-04T18:49:34 * the-t-in-rtf joined the channel
2016-05-04T19:16:06 * cindyli joined the channel
2016-05-04T20:12:44 * alanharn_ joined the channel
2016-05-04T20:12:59 * michelled joined the channel
2016-05-04T20:14:38 * Bosmon joined the channel
2016-05-04T20:14:52 * alanharnum joined the channel
2016-05-04T20:15:15 * Bosmon2 joined the channel
2016-05-04T20:18:37 * michelled joined the channel
2016-05-04T20:19:08 * clown joined the channel
2016-05-04T20:20:55 * alanharnum has quit
2016-05-04T20:36:53 * cindyli has quit
2016-05-04T21:08:35 * the-t-in-rtf has quit
2016-05-04T21:10:15 * simonjb has quit
2016-05-04T21:12:41 * michelled has quit
2016-05-04T21:41:43 * Jess_ has quit
2016-05-04T23:30:41 * alanharnum joined the channel
'

