b'2016-06-24T00:15:08 * colinclark has quit
2016-06-24T00:27:36 * alanharnum has quit
2016-06-24T01:02:30 * wannabeCitizen has quit
2016-06-24T05:42:58 * wannabeCitizen joined the channel
2016-06-24T06:44:13 * wannabeCitizen has quit
2016-06-24T07:29:41 * the-t-in-rtf joined the channel
2016-06-24T07:59:28 * the-t-in-rtf has quit
2016-06-24T08:07:42 * the-t-in-rtf joined the channel
2016-06-24T08:22:12 * the-t-in-rtf has quit
2016-06-24T08:38:20 * the-t-in-rtf joined the channel
2016-06-24T08:57:55 * the-t-in-rtf has quit
2016-06-24T09:30:19 * the-t-in-rtf joined the channel
2016-06-24T09:31:36 * the-t-in-rtf has quit
2016-06-24T09:32:27 * the-t-in-rtf joined the channel
2016-06-24T09:35:23 * the-t-in-rtf has quit
2016-06-24T09:36:28 * the-t-in-rtf joined the channel
2016-06-24T10:09:37 * the-t-in-rtf has quit
2016-06-24T10:11:44 * the-t-in-rtf joined the channel
2016-06-24T10:17:18 * the-t-in-rtf has quit
2016-06-24T11:05:48 * Justin_o joined the channel
2016-06-24T12:17:00 * cindyli joined the channel
2016-06-24T13:00:03 * michelled joined the channel
2016-06-24T13:00:38 * gtirloni joined the channel
2016-06-24T13:03:18 * michelled has quit
2016-06-24T13:03:18 * michelled1 joined the channel
2016-06-24T13:06:20 * simonjb joined the channel
2016-06-24T13:22:12 * colinclark joined the channel
2016-06-24T13:38:23 * alanharnum joined the channel
2016-06-24T13:56:45 * Jess_ joined the channel
2016-06-24T14:25:22 * clown joined the channel
2016-06-24T14:31:39 * wannabeCitizen joined the channel
2016-06-24T14:56:37 * simonjb has quit
2016-06-24T15:30:54 * michelled1 has quit
2016-06-24T15:39:48 * wannabeCitizen has quit
2016-06-24T15:47:01 * gtirloni has quit
2016-06-24T15:50:06 * alanharnum joined the channel
2016-06-24T15:54:16 * alanharnum has quit
2016-06-24T16:00:36 * alanharnum joined the channel
2016-06-24T16:05:25 * the-t-in-rtf joined the channel
2016-06-24T16:07:00 * wannabeCitizen joined the channel
2016-06-24T16:22:33 * wannabeCitizen has quit
2016-06-24T16:27:13 * michelled joined the channel
2016-06-24T16:31:37 * wannabeCitizen joined the channel
2016-06-24T16:58:07 * alanharnum has quit
2016-06-24T17:09:22 * alanharnum joined the channel
2016-06-24T17:47:04 * gtirloni joined the channel
2016-06-24T18:06:22 * gtirloni_ joined the channel
2016-06-24T18:07:32 * gtirloni__ joined the channel
2016-06-24T18:09:51 * gtirloni has quit
2016-06-24T18:10:11 * Justin_o has quit
2016-06-24T18:11:35 * gtirloni_ has quit
2016-06-24T18:14:16 * gtirloni_ joined the channel
2016-06-24T18:14:39 * wannabeCitizen has quit
2016-06-24T18:17:39 * gtirloni__ has quit
2016-06-24T18:24:13 * wannabeCitizen joined the channel
2016-06-24T19:27:40 * colinclark has quit
2016-06-24T19:32:10 * colinclark joined the channel
2016-06-24T19:54:44 * the-t-in-rtf has quit
2016-06-24T19:54:51 * colinclark has quit
2016-06-24T19:55:12 * colinclark joined the channel
2016-06-24T19:55:15 * alanharnum has quit
2016-06-24T20:00:03 * colinclark has quit
2016-06-24T20:00:38 * colinclark joined the channel
2016-06-24T20:02:18 * alanharnum joined the channel
2016-06-24T20:12:06 * wannabeCitizen has quit
2016-06-24T20:12:18 * wannabeCitizen_ joined the channel
2016-06-24T20:24:37 * alanharnum has quit
2016-06-24T20:25:03 * alanharnum joined the channel
2016-06-24T20:29:56 * alanharnum has quit
2016-06-24T20:36:56 * gtirloni__ joined the channel
2016-06-24T20:39:35 * cindyli has quit
2016-06-24T20:45:36 * cindyli joined the channel
2016-06-24T20:45:58 * alanharnum joined the channel
2016-06-24T21:03:45 * Jess_ has quit
2016-06-24T21:06:09 * clown has quit
2016-06-24T21:35:54 * gtirloni__ has quit
2016-06-24T21:53:45 * colinclark has quit
2016-06-24T22:06:34 * alanharnum has quit
2016-06-24T22:20:41 * michelled has quit
2016-06-24T22:35:39 * Jess_ joined the channel
2016-06-24T23:36:33 * wannabeCitizen joined the channel
2016-06-24T23:39:10 * wannabeCitizen_ has quit
2016-06-24T23:41:42 * wannabeCitizen has quit
2016-06-24T23:43:58 * wannabeCitizen joined the channel
'

