b'2013-09-27T00:00:44 * jessm joined the channel
2013-09-27T00:03:17 * jessm has quit
2013-09-27T01:14:31 * colinclark has quit
2013-09-27T01:26:14 * colinclark joined the channel
2013-09-27T01:26:14 * colinclark has quit
2013-09-27T12:13:48 * mrvisser joined the channel
2013-09-27T12:47:01 * anvk joined the channel
2013-09-27T12:55:48 * cindyli joined the channel
2013-09-27T13:16:40 * anastasiac joined the channel
2013-09-27T13:18:12 * jessm joined the channel
2013-09-27T13:37:29 * colinclark joined the channel
2013-09-27T13:43:31 * sgithens has quit
2013-09-27T13:45:45 * michelled joined the channel
2013-09-27T13:50:16 * colinclark has quit
2013-09-27T14:00:03 * colinclark joined the channel
2013-09-27T14:29:50 * clown joined the channel
2013-09-27T14:37:20 * sgithens joined the channel
2013-09-27T14:42:25 * sgithens has quit
2013-09-27T14:55:45 * sgithens joined the channel
2013-09-27T15:14:19 * colinclark has quit
2013-09-27T15:31:31 * mrvisser has quit
2013-09-27T15:57:02 * avtar joined the channel
2013-09-27T15:57:02 * mrvisser joined the channel
2013-09-27T16:26:31 * sgithens has quit
2013-09-27T16:40:31 * michelled_ joined the channel
2013-09-27T16:41:49 * michelled has quit
2013-09-27T16:41:49 * michelled_ is now known as michelled
2013-09-27T17:03:56 * mrvisser has quit
2013-09-27T17:09:02 * mrvisser_ joined the channel
2013-09-27T17:11:01 * sgithens joined the channel
2013-09-27T18:29:28 * mrvisser_ has quit
2013-09-27T18:36:48 * avtar has quit
2013-09-27T18:36:49 * michelled has quit
2013-09-27T18:54:14 * avtar joined the channel
2013-09-27T18:58:43 * avtar has quit
2013-09-27T19:03:58 * mrvisser joined the channel
2013-09-27T19:08:03 * sgithens has quit
2013-09-27T19:32:28 * michelled joined the channel
2013-09-27T19:56:09 * mrvisser has quit
2013-09-27T20:15:48 * mrvisser joined the channel
2013-09-27T20:26:19 * jessm has quit
2013-09-27T20:33:49 * anvk has quit
2013-09-27T20:40:46 * cindyli has quit
2013-09-27T21:02:39 * clown has left the channel
2013-09-27T21:10:02 * anastasiac has quit
2013-09-27T22:09:04 * mrvisser has quit
2013-09-27T22:35:09 * avtar joined the channel
2013-09-27T22:54:16 * michelled has quit
2013-09-27T23:17:07 * michelled joined the channel
2013-09-27T23:23:01 * michelled has quit
2013-09-27T23:29:00 * avtar has quit
'

