b'2015-02-10T00:02:30 * sgithens______ joined the channel
2015-02-10T00:06:14 * colinclark has quit
2015-02-10T00:40:04 * colinclark joined the channel
2015-02-10T00:47:06 * colinclark has quit
2015-02-10T00:58:22 * kasparnet has quit
2015-02-10T05:38:35 * kasparnet joined the channel
2015-02-10T05:43:01 * kasparnet has quit
2015-02-10T07:22:33 * kasparnet joined the channel
2015-02-10T07:45:59 * the-t-in-rtf has quit
2015-02-10T07:47:49 * the-t-in-rtf joined the channel
2015-02-10T07:47:54 * the-t-in-rtf has quit
2015-02-10T07:48:58 * the-t-in-rtf joined the channel
2015-02-10T07:50:30 * kasparnet has quit
2015-02-10T08:17:39 * the-t-in-rtf has quit
2015-02-10T08:41:43 * the-t-in-rtf joined the channel
2015-02-10T08:50:45 * kasparnet joined the channel
2015-02-10T09:03:57 * kasparnet has quit
2015-02-10T09:55:49 * kasparnet joined the channel
2015-02-10T11:06:52 * kasparnet has quit
2015-02-10T11:22:45 * kasparnet joined the channel
2015-02-10T11:26:54 * kasparnet has quit
2015-02-10T12:48:42 * kasparnet joined the channel
2015-02-10T12:53:45 * kasparnet has quit
2015-02-10T12:58:41 * michelled joined the channel
2015-02-10T13:48:14 * michelled has quit
2015-02-10T13:48:47 * cindyli joined the channel
2015-02-10T13:50:10 * michelled joined the channel
2015-02-10T13:51:07 * Justin_o joined the channel
2015-02-10T14:52:41 * jessm joined the channel
2015-02-10T14:56:13 * clown joined the channel
2015-02-10T15:26:59 * the-t-in-rtf has quit
2015-02-10T15:37:17 * anastasiac joined the channel
2015-02-10T15:44:24 * the-t-in-rtf joined the channel
2015-02-10T16:08:37 * anastasiac has quit
2015-02-10T16:58:19 * colinclark joined the channel
2015-02-10T17:02:47 * anastasiac joined the channel
2015-02-10T17:29:26 * colinclark has quit
2015-02-10T18:29:53 * michelled has quit
2015-02-10T19:14:56 * michelled joined the channel
2015-02-10T19:32:02 * clown has quit
2015-02-10T19:34:37 * the-t-in-rtf has quit
2015-02-10T19:35:52 * the-t-in-rtf joined the channel
2015-02-10T19:36:17 * the-t-in-rtf has quit
2015-02-10T19:45:13 * clown joined the channel
2015-02-10T19:45:27 * clown is now known as clown_mtg
2015-02-10T20:32:24 * michelled has quit
2015-02-10T20:50:56 * michelled joined the channel
2015-02-10T21:06:17 * michelled has quit
2015-02-10T21:11:06 * michelled joined the channel
2015-02-10T21:11:37 * michelled has quit
2015-02-10T21:11:56 * clown_mtg has quit
2015-02-10T21:27:51 * clown joined the channel
2015-02-10T21:33:15 * cindyli has quit
2015-02-10T21:37:23 * michelled joined the channel
2015-02-10T21:47:00 * jessm has quit
2015-02-10T22:03:19 * clown has quit
2015-02-10T22:31:32 * anastasiac has quit
2015-02-10T22:56:16 * Justin_o has quit
'

