b'2016-11-22T00:24:59 * Jess_ joined the channel
2016-11-22T00:24:59 * Jess_ has quit
2016-11-22T03:30:34 * colinclark joined the channel
2016-11-22T03:45:11 * colinclark has quit
2016-11-22T06:16:35 * alanharn_ joined the channel
2016-11-22T06:19:10 * alanharnum has quit
2016-11-22T08:48:09 * stegru joined the channel
2016-11-22T09:06:21 * the-t-in-rtf joined the channel
2016-11-22T09:53:11 * amatas joined the channel
2016-11-22T11:12:06 * gtirloni joined the channel
2016-11-22T11:17:57 * kasparnet joined the channel
2016-11-22T12:00:37 * stegru has quit
2016-11-22T12:39:31 * gtirloni has quit
2016-11-22T12:39:48 * gtirloni joined the channel
2016-11-22T12:54:11 * kasparnet has quit
2016-11-22T13:20:32 * stegru joined the channel
2016-11-22T13:27:02 * cindyli joined the channel
2016-11-22T13:33:08 * Justin_o joined the channel
2016-11-22T13:40:15 * the-t-in-rtf has quit
2016-11-22T13:46:24 * kasparnet joined the channel
2016-11-22T13:47:11 * kasparne_ joined the channel
2016-11-22T13:49:57 * Jess_ joined the channel
2016-11-22T13:51:01 * kasparnet has quit
2016-11-22T13:56:50 * the-t-in-rtf joined the channel
2016-11-22T13:59:56 * gtirloni_ joined the channel
2016-11-22T14:21:41 * colinclark joined the channel
2016-11-22T14:29:18 * the-t-in-rtf has quit
2016-11-22T14:29:37 * the-t-in-rtf joined the channel
2016-11-22T14:57:05 * colinclark has quit
2016-11-22T14:57:53 * colinclark joined the channel
2016-11-22T15:06:35 * Bosmon joined the channel
2016-11-22T15:11:32 * michelled joined the channel
2016-11-22T15:14:54 * the-t-in-rtf has quit
2016-11-22T15:17:53 * clown joined the channel
2016-11-22T15:19:30 * avtar joined the channel
2016-11-22T15:33:40 * kasparne_ has quit
2016-11-22T15:52:47 * the-t-in-rtf joined the channel
2016-11-22T16:33:02 * clown has quit
2016-11-22T16:36:07 * avtar has quit
2016-11-22T16:40:04 * colinclark has quit
2016-11-22T17:03:49 * clown joined the channel
2016-11-22T17:24:24 * the-t-in-rtf has quit
2016-11-22T17:24:27 * the-t-in-rtf1 joined the channel
2016-11-22T17:35:29 * clown has quit
2016-11-22T17:36:06 * clown joined the channel
2016-11-22T18:17:33 * David123_ joined the channel
2016-11-22T18:58:24 * colinclark joined the channel
2016-11-22T19:02:19 * the-t-in-rtf1 has quit
2016-11-22T19:12:00 * gtirloni_ has quit
2016-11-22T19:33:03 * avtar joined the channel
2016-11-22T19:33:08 * the-t-in-rtf joined the channel
2016-11-22T20:59:23 * the-t-in-rtf has quit
2016-11-22T21:31:35 * cindyli has quit
2016-11-22T21:40:32 * gtirloni has quit
2016-11-22T21:46:12 * gtirloni joined the channel
2016-11-22T21:47:40 * michelled has quit
2016-11-22T22:03:52 * clown has quit
2016-11-22T22:04:58 * clown joined the channel
2016-11-22T22:05:10 * clown has quit
2016-11-22T22:10:21 * amatas has quit
2016-11-22T22:55:32 * Jess_ has quit
2016-11-22T23:02:18 * gtirloni has quit
2016-11-22T23:06:03 * David123_ has quit
2016-11-22T23:42:57 * stegru has quit
'

