b'2017-03-21T00:41:30 * stegru has quit
2017-03-21T01:51:34 * colinclark joined the channel
2017-03-21T03:31:48 * colinclark joined the channel
2017-03-21T03:31:48 * colinclark has quit
2017-03-21T06:47:17 * amatas joined the channel
2017-03-21T08:50:59 * the-t-in-rtf joined the channel
2017-03-21T10:13:05 * stegru joined the channel
2017-03-21T10:37:40 * amatas joined the channel
2017-03-21T10:42:38 * gtirloni joined the channel
2017-03-21T10:54:03 * kasparnet joined the channel
2017-03-21T11:51:57 * kasparnet has quit
2017-03-21T12:15:19 * kasparnet joined the channel
2017-03-21T12:21:16 * Justin_o joined the channel
2017-03-21T12:44:01 * kasparnet has quit
2017-03-21T13:06:52 * Jess_ joined the channel
2017-03-21T13:11:13 * kasparnet joined the channel
2017-03-21T13:12:24 * cindyli joined the channel
2017-03-21T13:26:31 * colinclark joined the channel
2017-03-21T13:52:53 * michelled joined the channel
2017-03-21T13:57:49 * avtar joined the channel
2017-03-21T13:57:50 * colinclark joined the channel
2017-03-21T13:59:57 * the-t-in-rtf has quit
2017-03-21T14:03:26 * michelled joined the channel
2017-03-21T14:04:06 * clown joined the channel
2017-03-21T14:06:37 * simonjb joined the channel
2017-03-21T14:09:47 * cindyli1 joined the channel
2017-03-21T14:14:27 * the-t-in-rtf joined the channel
2017-03-21T15:00:02 * mrtyler joined the channel
2017-03-21T15:02:03 * alanharnum joined the channel
2017-03-21T15:07:22 * alanharnum has quit
2017-03-21T15:18:54 * michelled has quit
2017-03-21T15:27:30 * michelled joined the channel
2017-03-21T15:27:58 * alanharnum joined the channel
2017-03-21T15:33:35 * clown1 joined the channel
2017-03-21T15:37:20 * simonjb joined the channel
2017-03-21T15:46:41 * the-t-in-rtf joined the channel
2017-03-21T15:48:31 * the-t-in-rtf1 joined the channel
2017-03-21T15:48:31 * the-t-in-rtf has quit
2017-03-21T15:51:21 * alanharnum joined the channel
2017-03-21T15:57:34 * kasparnet has quit
2017-03-21T16:06:05 * clown_afk joined the channel
2017-03-21T16:19:40 * the-t-in-rtf joined the channel
2017-03-21T16:22:28 * the-t-in-rtf joined the channel
2017-03-21T16:33:37 * the-t-in-rtf joined the channel
2017-03-21T16:35:26 * kasparnet joined the channel
2017-03-21T16:35:46 * the-t-in-rtf joined the channel
2017-03-21T16:37:44 * michelled joined the channel
2017-03-21T16:39:09 * avtar joined the channel
2017-03-21T16:40:00 * kasparnet has quit
2017-03-21T16:42:21 * the-t-in-rtf joined the channel
2017-03-21T16:49:02 * the-t-in-rtf1 joined the channel
2017-03-21T16:54:16 * colinclark joined the channel
2017-03-21T16:59:07 * the-t-in-rtf joined the channel
2017-03-21T17:00:47 * the-t-in-rtf1 joined the channel
2017-03-21T17:04:42 * simonjb joined the channel
2017-03-21T17:09:46 * alanharnum joined the channel
2017-03-21T17:13:10 * avtar1 joined the channel
2017-03-21T17:17:32 * cindyli1 is now known as cindyli
2017-03-21T17:20:58 * grass joined the channel
2017-03-21T17:39:35 * avtar joined the channel
2017-03-21T17:43:33 * colinclark joined the channel
2017-03-21T17:53:11 * kathy joined the channel
2017-03-21T17:58:28 * michelled joined the channel
2017-03-21T17:59:15 * simonjb has quit
2017-03-21T18:12:19 * alanharnum joined the channel
2017-03-21T18:12:32 * avtar joined the channel
2017-03-21T18:14:09 * colinclark joined the channel
2017-03-21T18:16:08 * stegru has quit
2017-03-21T18:27:54 * clown_afk joined the channel
2017-03-21T18:31:12 * simonjb joined the channel
2017-03-21T18:35:51 * alanharnum joined the channel
2017-03-21T18:58:49 * stegru joined the channel
2017-03-21T19:05:53 * avtar joined the channel
2017-03-21T19:05:57 * michelled joined the channel
2017-03-21T19:29:53 * avtar joined the channel
2017-03-21T19:30:22 * the-t-in-rtf joined the channel
2017-03-21T19:34:10 * the-t-in-rtf1 joined the channel
2017-03-21T20:15:10 * the-t-in-rtf joined the channel
2017-03-21T20:22:34 * clown joined the channel
2017-03-21T20:44:44 * Jess_ joined the channel
2017-03-21T21:20:32 * alanharnum has quit
2017-03-21T21:21:10 * alanharnum joined the channel
2017-03-21T22:09:24 * michelled joined the channel
2017-03-21T22:31:57 * stegru has quit
'

