b'2016-06-27T07:27:39 * the-t-in-rtf joined the channel
2016-06-27T07:41:04 * amatas joined the channel
2016-06-27T10:47:52 * the-t-in-rtf has quit
2016-06-27T11:18:33 * the-t-in-rtf joined the channel
2016-06-27T11:24:52 * gtirloni joined the channel
2016-06-27T11:43:19 * gtirloni_ joined the channel
2016-06-27T11:47:10 * gtirloni has quit
2016-06-27T12:09:25 * gtirloni_ has quit
2016-06-27T12:18:40 * gtirloni joined the channel
2016-06-27T13:02:30 * cindyli joined the channel
2016-06-27T13:02:50 * cindyli has quit
2016-06-27T13:03:08 * cindyli joined the channel
2016-06-27T13:26:38 * simonjb joined the channel
2016-06-27T13:27:31 * simonjb has quit
2016-06-27T13:30:50 * colinclark joined the channel
2016-06-27T13:36:04 * Bosmon2 is now known as Bosmon
2016-06-27T13:41:02 * michelled joined the channel
2016-06-27T13:46:49 * colinclark_ joined the channel
2016-06-27T13:47:00 * colinclark has quit
2016-06-27T13:47:00 * colinclark_ is now known as colinclark
2016-06-27T13:51:57 * clown joined the channel
2016-06-27T13:56:57 * jessm joined the channel
2016-06-27T14:04:35 * clown has quit
2016-06-27T14:12:03 * clown joined the channel
2016-06-27T14:52:02 * michelled joined the channel
2016-06-27T15:16:25 * colinclark has quit
2016-06-27T15:16:46 * colinclark joined the channel
2016-06-27T15:22:29 * gtirloni_ joined the channel
2016-06-27T15:25:43 * gtirloni has quit
2016-06-27T15:26:22 * colinclark has quit
2016-06-27T15:26:39 * colinclark joined the channel
2016-06-27T15:32:44 * the-t-in-rtf has quit
2016-06-27T15:38:06 * michelled has quit
2016-06-27T15:43:44 * cindyli joined the channel
2016-06-27T15:44:38 * michelled joined the channel
2016-06-27T15:45:20 * gtirloni_ joined the channel
2016-06-27T15:46:36 * michelled has quit
2016-06-27T15:47:58 * michelled joined the channel
2016-06-27T16:18:20 * gtirloni_ is now known as gtirloni
2016-06-27T16:23:08 * cindyli joined the channel
2016-06-27T16:56:25 * colinclark has quit
2016-06-27T17:08:08 * gtirloni joined the channel
2016-06-27T17:11:46 * gtirloni_ joined the channel
2016-06-27T17:14:44 * gtirloni has quit
2016-06-27T17:38:42 * colinclark joined the channel
2016-06-27T17:53:49 * the-t-in-rtf joined the channel
2016-06-27T18:07:09 * the-t-in-rtf has quit
2016-06-27T19:04:16 * colinclark_ joined the channel
2016-06-27T19:05:17 * colinclark has quit
2016-06-27T19:05:17 * colinclark_ is now known as colinclark
2016-06-27T19:08:31 * colinclark has quit
2016-06-27T19:11:49 * colinclark joined the channel
2016-06-27T19:28:09 * cindyli has quit
2016-06-27T19:30:49 * clown has quit
2016-06-27T19:32:52 * cindyli joined the channel
2016-06-27T19:44:24 * clown joined the channel
2016-06-27T20:35:44 * gtirloni_ has quit
2016-06-27T20:36:35 * cindyli has quit
2016-06-27T20:40:58 * michelled has quit
2016-06-27T20:45:25 * gtirloni joined the channel
2016-06-27T21:31:46 * jessm has quit
'

