b'2015-05-21T03:10:34 * kasparnet has quit
2015-05-21T04:39:15 * kasparnet joined the channel
2015-05-21T04:49:52 * kasparnet has quit
2015-05-21T07:43:56 * kasparnet joined the channel
2015-05-21T08:05:33 * kasparnet has quit
2015-05-21T08:33:34 * kasparnet joined the channel
2015-05-21T11:31:40 * kasparnet has quit
2015-05-21T12:12:36 * kasparnet joined the channel
2015-05-21T12:21:13 * the-t-in-rtf1 has quit
2015-05-21T12:23:45 * Justin_o joined the channel
2015-05-21T12:45:47 * cindyli joined the channel
2015-05-21T12:52:12 * the-t-in-rtf joined the channel
2015-05-21T12:53:16 * anastasiac joined the channel
2015-05-21T13:04:56 * the-t-in-rtf has quit
2015-05-21T13:15:16 * the-t-in-rtf joined the channel
2015-05-21T13:18:31 * simonjb joined the channel
2015-05-21T13:19:32 * Jess__ joined the channel
2015-05-21T13:20:44 * michelled joined the channel
2015-05-21T13:43:54 * colinclark joined the channel
2015-05-21T14:11:47 * cindyli1 joined the channel
2015-05-21T14:13:53 * cindyli has quit
2015-05-21T14:36:48 * michelled has quit
2015-05-21T15:34:29 * colinclark has quit
2015-05-21T16:35:54 * cindyli1 has quit
2015-05-21T16:47:52 * cindyli joined the channel
2015-05-21T17:20:10 * anastasiac joined the channel
2015-05-21T17:40:16 * anastasiac_ joined the channel
2015-05-21T17:43:15 * anastasiac has quit
2015-05-21T18:21:39 * clown joined the channel
2015-05-21T18:53:40 * cindyli joined the channel
2015-05-21T18:54:08 * michelled joined the channel
2015-05-21T19:34:59 * Jess__ has quit
2015-05-21T19:41:22 * Jess__ joined the channel
2015-05-21T19:47:51 * Jess__ has quit
2015-05-21T20:03:45 * colinclark joined the channel
2015-05-21T20:16:51 * Jess__ joined the channel
2015-05-21T20:18:51 * kasparnet has quit
2015-05-21T20:19:25 * kasparnet joined the channel
2015-05-21T20:31:48 * simonjb has quit
2015-05-21T20:36:37 * cindyli has quit
2015-05-21T20:53:23 * anastasiac has quit
2015-05-21T20:58:15 * clown has left the channel
2015-05-21T21:54:08 * michelled has quit
2015-05-21T21:54:15 * michelled joined the channel
2015-05-21T21:54:25 * michelled has quit
2015-05-21T23:54:46 * colinclark has quit
2015-05-21T23:55:28 * colinclark joined the channel
'

