b'2016-04-01T00:48:57 * kasparnet joined the channel
2016-04-01T00:53:17 * kasparnet has quit
2016-04-01T01:49:27 * kasparnet joined the channel
2016-04-01T01:54:04 * kasparnet has quit
2016-04-01T02:50:18 * kasparnet joined the channel
2016-04-01T02:55:02 * kasparnet has quit
2016-04-01T03:51:12 * kasparnet joined the channel
2016-04-01T03:55:37 * kasparnet has quit
2016-04-01T04:51:45 * kasparnet joined the channel
2016-04-01T04:56:03 * kasparnet has quit
2016-04-01T05:52:42 * kasparnet joined the channel
2016-04-01T05:57:03 * kasparnet has quit
2016-04-01T06:53:26 * kasparnet joined the channel
2016-04-01T06:57:31 * kasparnet has quit
2016-04-01T07:53:58 * kasparnet joined the channel
2016-04-01T07:58:27 * kasparnet has quit
2016-04-01T07:59:20 * kasparnet joined the channel
2016-04-01T07:59:54 * kasparne_ joined the channel
2016-04-01T08:00:35 * kasparne_ has quit
2016-04-01T08:01:09 * kasparne_ joined the channel
2016-04-01T08:03:38 * kasparnet has quit
2016-04-01T08:31:21 * kasparne_ has quit
2016-04-01T08:32:16 * the-t-in-rtf joined the channel
2016-04-01T09:59:09 * the-t-in-rtf has quit
2016-04-01T12:06:00 * Justin_o joined the channel
2016-04-01T12:22:46 * gtirloni joined the channel
2016-04-01T12:41:49 * the-t-in-rtf joined the channel
2016-04-01T12:44:32 * cindyli joined the channel
2016-04-01T13:05:55 * michelled joined the channel
2016-04-01T13:09:31 * jessm joined the channel
2016-04-01T13:41:25 * colinclark joined the channel
2016-04-01T13:42:22 * alanharnum joined the channel
2016-04-01T14:30:39 * the-t-in-rtf has quit
2016-04-01T14:40:20 * simonjb joined the channel
2016-04-01T14:48:09 * simonjb joined the channel
2016-04-01T15:48:25 * alanharnum joined the channel
2016-04-01T16:03:32 * alanharnum joined the channel
2016-04-01T16:14:42 * the-t-in-rtf joined the channel
2016-04-01T16:25:40 * michelled joined the channel
2016-04-01T16:37:39 * colinclark joined the channel
2016-04-01T16:46:16 * alanharnum joined the channel
2016-04-01T16:47:06 * the-t-in-rtf has quit
2016-04-01T17:12:15 * alanharnum joined the channel
2016-04-01T17:17:24 * colinclark joined the channel
2016-04-01T17:36:02 * the-t-in-rtf joined the channel
2016-04-01T17:50:00 * kasparnet joined the channel
2016-04-01T17:58:23 * the-t-in-rtf has quit
2016-04-01T18:04:30 * colinclark joined the channel
2016-04-01T18:42:07 * the-t-in-rtf joined the channel
2016-04-01T20:03:52 * cindyli joined the channel
2016-04-01T20:09:47 * clown joined the channel
2016-04-01T20:24:24 * the-t-in-rtf has quit
2016-04-01T20:35:51 * kasparnet has quit
2016-04-01T20:37:56 * cindyli has quit
2016-04-01T20:48:03 * kasparnet joined the channel
2016-04-01T21:30:04 * alanharnum joined the channel
2016-04-01T21:31:47 * alanharnum joined the channel
2016-04-01T21:31:49 * Bosmon2 joined the channel
2016-04-01T22:03:58 * kasparnet has quit
2016-04-01T22:26:44 * kasparnet joined the channel
2016-04-01T22:31:38 * kasparnet has quit
2016-04-01T23:32:35 * alanharnum joined the channel
'

