b'2017-06-16T00:44:51 * Jess__ has quit
2017-06-16T01:17:09 * Jess__ joined the channel
2017-06-16T01:49:37 * Jess__ has quit
2017-06-16T04:29:41 * mrtyler has quit
2017-06-16T06:33:02 * Bosmon has quit
2017-06-16T06:36:45 * Bosmon joined the channel
2017-06-16T06:43:33 * Bosmon has quit
2017-06-16T06:47:18 * Bosmon joined the channel
2017-06-16T08:33:57 * stegru joined the channel
2017-06-16T09:24:10 * the-t-in-rtf joined the channel
2017-06-16T11:23:31 * Justin_o joined the channel
2017-06-16T12:23:47 * michelled joined the channel
2017-06-16T12:38:43 * the-t-in-rtf1 joined the channel
2017-06-16T12:42:03 * Jess__ joined the channel
2017-06-16T12:47:41 * cindyli joined the channel
2017-06-16T12:49:55 * the-t-in-rtf joined the channel
2017-06-16T12:54:12 * alanharnum joined the channel
2017-06-16T14:00:03 * colinclark joined the channel
2017-06-16T14:01:10 * clown joined the channel
2017-06-16T14:02:04 * colinclark joined the channel
2017-06-16T14:35:26 * the-t-in-rtf has quit
2017-06-16T14:45:39 * mrtyler joined the channel
2017-06-16T15:06:03 * colinclark joined the channel
2017-06-16T15:09:21 * the-t-in-rtf joined the channel
2017-06-16T15:24:47 * gtirloni joined the channel
2017-06-16T15:44:24 * stegru has quit
2017-06-16T15:50:39 * colinclark has quit
2017-06-16T15:52:06 * colinclark joined the channel
2017-06-16T16:09:49 * Jess__ joined the channel
2017-06-16T16:49:18 * cindyli joined the channel
2017-06-16T16:52:59 * the-t-in-rtf has quit
2017-06-16T16:53:11 * the-t-in-rtf joined the channel
2017-06-16T17:11:13 * michelled joined the channel
2017-06-16T17:12:09 * gtirloni_ joined the channel
2017-06-16T17:15:52 * gtirloni has quit
2017-06-16T17:32:59 * the-t-in-rtf has quit
2017-06-16T17:39:24 * Jess__ has quit
2017-06-16T17:43:31 * stegru joined the channel
2017-06-16T18:04:35 * michelled has quit
2017-06-16T18:23:30 * michelled joined the channel
2017-06-16T18:28:36 * michelled has quit
2017-06-16T18:29:09 * cindyli joined the channel
2017-06-16T18:57:27 * michelled joined the channel
2017-06-16T19:31:06 * clown has quit
2017-06-16T19:37:09 * gtirloni_ is now known as gtirloni
2017-06-16T20:43:31 * cindyli has quit
2017-06-16T20:52:35 * michelled1 joined the channel
2017-06-16T20:53:05 * michelled has quit
2017-06-16T21:03:42 * michelled joined the channel
2017-06-16T21:04:48 * michelled1 has quit
2017-06-16T21:49:30 * the-t-in-rtf joined the channel
2017-06-16T22:47:34 * michelled has quit
2017-06-16T23:23:39 * [o__o] joined the channel
2017-06-16T23:23:39 * Bosmon2 joined the channel
2017-06-16T23:24:40 * the-t-in-rtf has quit
2017-06-16T23:26:13 * Bosmon has quit
2017-06-16T23:31:20 * gtirloni has quit
'

