b"2016-12-16T00:27:49 * Justin_o has quit
2016-12-16T00:43:01 * alanharn_ joined the channel
2016-12-16T00:48:33 * alanharn_ has quit
2016-12-16T01:43:28 * michelled joined the channel
2016-12-16T01:46:17 * alanharn_ joined the channel
2016-12-16T01:51:33 * alanharn_ has quit
2016-12-16T02:49:08 * alanharn_ joined the channel
2016-12-16T02:53:27 * alanharn_ has quit
2016-12-16T03:50:58 * alanharn_ joined the channel
2016-12-16T03:56:32 * alanharn_ has quit
2016-12-16T04:16:41 * michelled has quit
2016-12-16T04:30:48 * colinclark joined the channel
2016-12-16T04:30:52 * colinclark has quit
2016-12-16T04:54:16 * alanharn_ joined the channel
2016-12-16T05:00:02 * alanharn_ has quit
2016-12-16T05:57:24 * alanharn_ joined the channel
2016-12-16T06:03:48 * alanharn_ has quit
2016-12-16T06:45:42 * the-t-in-rtf joined the channel
2016-12-16T06:51:25 * alanharnum joined the channel
2016-12-16T07:01:55 * alanharn_ joined the channel
2016-12-16T07:06:17 * alanharn_ has quit
2016-12-16T07:09:50 * alanharnum has quit
2016-12-16T07:40:58 * amatas joined the channel
2016-12-16T08:03:54 * alanharnum joined the channel
2016-12-16T08:09:20 * alanharnum has quit
2016-12-16T08:10:14 * alanharnum joined the channel
2016-12-16T08:13:05 * the-t-in-rtf has quit
2016-12-16T08:45:58 * the-t-in-rtf joined the channel
2016-12-16T09:07:02 * alanharnum joined the channel
2016-12-16T09:11:57 * alanharnum has quit
2016-12-16T09:22:22 * alanharnum joined the channel
2016-12-16T09:28:04 * stegru joined the channel
2016-12-16T10:10:21 * alanharnum joined the channel
2016-12-16T10:14:52 * alanharnum has quit
2016-12-16T10:36:33 * alanharnum joined the channel
2016-12-16T10:36:48 * stegru has quit
2016-12-16T10:42:32 * simonjb joined the channel
2016-12-16T10:53:15 * the-t-in-rtf has quit
2016-12-16T11:00:00 * simonjb_ joined the channel
2016-12-16T11:02:56 * simonjb has quit
2016-12-16T11:11:58 * alanharn_ joined the channel
2016-12-16T11:17:32 * alanharn_ has quit
2016-12-16T11:57:31 * gtirloni joined the channel
2016-12-16T12:01:09 * Justin_o joined the channel
2016-12-16T12:15:03 * alanharn_ joined the channel
2016-12-16T12:20:14 * alanharn_ has quit
2016-12-16T12:27:05 * amatas updating my personal server CentOS new release, Vagrant and Virtualbox on friday what could go wrong?
2016-12-16T12:49:55 * the-t-in-rtf joined the channel
2016-12-16T13:07:15 <gtirloni> amatas: since you have 'vagrant' in 'virtualbox' on the same phrase, i think a lot :)
2016-12-16T13:18:06 * alanharn_ joined the channel
2016-12-16T13:23:17 * alanharn_ has quit
2016-12-16T13:27:25 * cindyli joined the channel
2016-12-16T13:36:11 * alanharnum has quit
2016-12-16T13:36:37 * alanharnum joined the channel
2016-12-16T13:40:40 * alanharnum has quit
2016-12-16T13:45:33 * alanharnum joined the channel
2016-12-16T13:54:10 * alanharnum joined the channel
2016-12-16T13:54:13 * alanharnum has quit
2016-12-16T13:54:59 <gtirloni> amatas: i think i'll join you and upgrade my desktop from f24 to f25 :)
2016-12-16T13:57:05 <amatas> because we want to have fun this weekend
2016-12-16T14:21:00 * alanharnum joined the channel
2016-12-16T14:26:10 * alanharnum has quit
2016-12-16T14:30:19 * colinclark joined the channel
2016-12-16T14:33:57 * gtirloni has quit
2016-12-16T14:42:16 * alanharnum joined the channel
2016-12-16T14:42:30 * michelled joined the channel
2016-12-16T15:00:26 * gtirloni joined the channel
2016-12-16T15:06:49 * clown joined the channel
2016-12-16T16:31:38 * alanharnum has quit
2016-12-16T16:35:00 * stegru joined the channel
2016-12-16T16:42:51 * alanharnum joined the channel
2016-12-16T17:29:56 * alanharnum has quit
2016-12-16T17:30:22 * alanharnum joined the channel
2016-12-16T17:51:27 * colinclark has quit
2016-12-16T17:52:27 * alanharnum has quit
2016-12-16T17:52:33 * alanharnum joined the channel
2016-12-16T18:21:52 * David123_ joined the channel
2016-12-16T18:32:26 * colinclark joined the channel
2016-12-16T18:50:33 * clown has quit
2016-12-16T18:56:51 * alanharnum has quit
2016-12-16T18:57:17 * alanharnum joined the channel
2016-12-16T18:57:49 * Justin_o has quit
2016-12-16T18:58:33 * clown joined the channel
2016-12-16T19:09:42 * alanharnum has quit
2016-12-16T19:09:48 * alanharnum joined the channel
2016-12-16T19:23:31 * cindyli has quit
2016-12-16T19:42:20 * simonjb joined the channel
2016-12-16T19:44:50 * cindyli joined the channel
2016-12-16T20:17:57 * clown1 joined the channel
2016-12-16T20:18:22 * clown1 has quit
2016-12-16T20:18:39 * clown1 joined the channel
2016-12-16T20:19:33 * clown has quit
2016-12-16T20:19:37 * clown1 is now known as clown
2016-12-16T20:47:05 * michelled joined the channel
2016-12-16T20:48:18 * michelled has quit
2016-12-16T20:53:13 * clown is now known as clown_mtg
2016-12-16T20:53:27 * alanharnum has quit
2016-12-16T20:53:53 * alanharnum joined the channel
2016-12-16T20:57:36 * alanharnum has quit
2016-12-16T20:57:43 * alanharnum joined the channel
2016-12-16T21:41:40 * alanharnum has quit
2016-12-16T21:42:06 * alanharnum joined the channel
2016-12-16T21:45:04 * alanharnum has quit
2016-12-16T21:45:10 * alanharnum joined the channel
2016-12-16T21:45:33 * alanharnum has quit
2016-12-16T21:45:59 * alanharnum joined the channel
2016-12-16T21:49:29 * clown_mtg has quit
2016-12-16T21:56:18 * colinclark has quit
2016-12-16T22:55:46 * gtirloni has quit
2016-12-16T23:06:08 * David123_ has quit
2016-12-16T23:20:16 * amatas has quit
"

