b'2015-12-09T01:18:39 * alanharnum joined the channel
2015-12-09T01:48:26 * danayo joined the channel
2015-12-09T01:50:21 * alanharnum has quit
2015-12-09T01:51:01 * alanharnum joined the channel
2015-12-09T02:21:29 * alanharnum has quit
2015-12-09T03:22:03 * alanharnum joined the channel
2015-12-09T03:27:06 * alanharnum has quit
2015-12-09T04:24:57 * alanharnum joined the channel
2015-12-09T04:25:06 * alanharnum has quit
2015-12-09T04:25:23 * alanharnum joined the channel
2015-12-09T04:56:47 * alanharnum joined the channel
2015-12-09T05:36:00 * danayo joined the channel
2015-12-09T06:27:15 * alanharnum joined the channel
2015-12-09T06:32:44 * alanharnum has quit
2015-12-09T07:29:50 * alanharnum joined the channel
2015-12-09T07:34:30 * alanharnum has quit
2015-12-09T07:53:03 * amatas joined the channel
2015-12-09T09:30:44 * alanharnum joined the channel
2015-12-09T11:31:36 * alanharnum joined the channel
2015-12-09T11:36:28 * alanharnum has quit
2015-12-09T12:24:42 * alanharnum joined the channel
2015-12-09T12:25:29 * alanharnum has quit
2015-12-09T12:28:27 * alanharnum joined the channel
2015-12-09T12:29:17 * jhung joined the channel
2015-12-09T12:57:51 * gtirloni joined the channel
2015-12-09T13:08:13 * gtirloni_ joined the channel
2015-12-09T13:10:01 * gtirloni joined the channel
2015-12-09T13:22:10 * alanharnum has quit
2015-12-09T13:23:25 * Justin_o joined the channel
2015-12-09T13:53:49 * michelled joined the channel
2015-12-09T14:04:48 * cindyli joined the channel
2015-12-09T14:14:23 * jessm joined the channel
2015-12-09T14:21:20 * anastasiac joined the channel
2015-12-09T14:21:29 * alanharnum joined the channel
2015-12-09T14:32:42 * gtirloni has quit
2015-12-09T14:36:22 * colinclark joined the channel
2015-12-09T14:39:42 * sepidehshahi joined the channel
2015-12-09T14:43:44 * gtirloni joined the channel
2015-12-09T14:54:57 * sepidehshahi has quit
2015-12-09T14:56:53 * sepidehshahi joined the channel
2015-12-09T14:57:52 * anastasiac joined the channel
2015-12-09T14:59:44 * clown joined the channel
2015-12-09T15:09:51 * alanharnum has quit
2015-12-09T15:10:38 * clown joined the channel
2015-12-09T15:10:38 * alanharnum joined the channel
2015-12-09T15:11:41 * cindyli joined the channel
2015-12-09T15:26:01 * lliskovoi joined the channel
2015-12-09T15:35:54 * sepidehshahi has quit
2015-12-09T15:59:26 * lliskovoi joined the channel
2015-12-09T16:08:09 * lliskovoi has quit
2015-12-09T16:16:23 * lliskovoi joined the channel
2015-12-09T16:25:16 * michelled joined the channel
2015-12-09T16:33:38 * lliskovoi joined the channel
2015-12-09T16:36:04 * lliskovoi has quit
2015-12-09T16:38:06 * lliskovoi joined the channel
2015-12-09T16:43:08 * anastasiac joined the channel
2015-12-09T16:47:06 * sepidehshahi joined the channel
2015-12-09T16:48:47 * alanharnum joined the channel
2015-12-09T16:49:01 * lliskovoi joined the channel
2015-12-09T16:51:34 * lliskovoi has quit
2015-12-09T16:54:26 * lliskovoi joined the channel
2015-12-09T16:56:19 * lliskovoi has quit
2015-12-09T16:56:52 * sepidehshahi joined the channel
2015-12-09T16:58:16 * jhung joined the channel
2015-12-09T17:00:41 * lliskovoi joined the channel
2015-12-09T17:02:38 * lliskovoi has quit
2015-12-09T17:03:56 * lliskovoi joined the channel
2015-12-09T17:04:16 * alanharnum has quit
2015-12-09T17:09:01 * sepidehshahi joined the channel
2015-12-09T17:13:33 * lliskovoi has quit
2015-12-09T17:15:42 * lliskovoi joined the channel
2015-12-09T17:18:23 * alanharnum joined the channel
2015-12-09T17:30:45 * lliskovoi has quit
2015-12-09T17:31:40 * sepidehshahi joined the channel
2015-12-09T17:32:37 * lliskovoi joined the channel
2015-12-09T17:51:19 * lliskovoi joined the channel
2015-12-09T18:05:51 * sepidehshahi joined the channel
2015-12-09T18:08:41 * danayo has quit
2015-12-09T18:10:09 * sepidehshahi joined the channel
2015-12-09T18:21:55 * lliskovoi has quit
2015-12-09T18:25:44 * sepidehshahi has quit
2015-12-09T18:32:58 * clown joined the channel
2015-12-09T18:34:47 * lliskovoi joined the channel
2015-12-09T18:36:45 * lliskovoi has quit
2015-12-09T18:40:10 * lliskovoi joined the channel
2015-12-09T18:45:55 * sepidehshahi joined the channel
2015-12-09T18:51:59 * danayo joined the channel
2015-12-09T19:12:46 * lliskovoi joined the channel
2015-12-09T19:14:45 * lliskovoi has quit
2015-12-09T19:15:45 * lliskovoi joined the channel
2015-12-09T19:19:59 <anastasiac> danayo: Am I recalling correctly that in PGA, you mocked up some ideas for an embedded preview (as opposed to the tool interface itself being a preview)?
2015-12-09T19:20:16 <danayo> yes anastasiac I did
2015-12-09T19:20:25 <anastasiac> are they available on the wiki?
2015-12-09T19:20:32 <danayo> i think so one sec
2015-12-09T19:20:47 * alanharnum joined the channel
2015-12-09T19:21:15 <danayo> https://wiki.fluidproject.org/download/attachments/40797428/First%20Discovery%20preview.pdf?version=4&modificationDate=1427747537188&api=v2
2015-12-09T19:21:26 <danayo> anastasiac ^
2015-12-09T19:21:33 <anastasiac> beautiful, thanks danayo
2015-12-09T19:23:39 * sepidehshahi has quit
2015-12-09T19:24:14 * sepidehshahi joined the channel
2015-12-09T19:25:24 * jessm has quit
2015-12-09T19:31:23 * lliskovoi has quit
2015-12-09T19:31:45 * michelled joined the channel
2015-12-09T19:32:39 * cindyli1 joined the channel
2015-12-09T19:33:23 * anastasiac_ joined the channel
2015-12-09T19:34:06 * cindyli has quit
2015-12-09T19:35:23 * sepidehshahi has quit
2015-12-09T19:35:59 * lliskovoi joined the channel
2015-12-09T19:36:00 * alanharnum joined the channel
2015-12-09T19:46:05 * Jess_ joined the channel
2015-12-09T20:16:22 * lliskovoi joined the channel
2015-12-09T20:23:37 * cindyli joined the channel
2015-12-09T20:26:07 * lliskovoi joined the channel
2015-12-09T20:30:07 * lliskovoi joined the channel
2015-12-09T20:31:44 * lliskovoi has quit
2015-12-09T20:34:29 * lliskovoi joined the channel
2015-12-09T20:43:19 * colinclark joined the channel
2015-12-09T20:47:18 * lliskovoi joined the channel
2015-12-09T21:04:02 * anastasiac joined the channel
2015-12-09T21:06:25 * alanharnum joined the channel
2015-12-09T21:06:36 * sepidehshahi joined the channel
2015-12-09T21:17:46 * sepidehshahi has quit
2015-12-09T21:19:09 * sepidehshahi joined the channel
2015-12-09T21:21:39 * cindyli has quit
2015-12-09T21:30:57 * clown joined the channel
2015-12-09T21:36:43 * michelled has quit
2015-12-09T21:59:42 * clown has quit
2015-12-09T22:11:24 * sepidehshahi has left the channel
2015-12-09T22:12:41 * jhung has quit
2015-12-09T22:18:35 * lliskovoi has quit
2015-12-09T22:22:52 * lliskovoi joined the channel
2015-12-09T22:37:26 * jhung joined the channel
2015-12-09T22:47:07 * lliskovoi joined the channel
2015-12-09T22:53:44 * danayo has quit
2015-12-09T22:58:04 * danayo joined the channel
2015-12-09T23:02:15 * danayo has quit
2015-12-09T23:20:57 * alanharnum joined the channel
2015-12-09T23:23:16 * lliskovoi has quit
2015-12-09T23:23:38 * lliskovoi joined the channel
2015-12-09T23:27:19 * lliskovoi has quit
2015-12-09T23:50:34 * alanharnum has quit
'

