b'2014-09-29T03:20:02 * [o__o] joined the channel
2014-09-29T03:20:02 * NOTICE: [freenode-info] channel flooding and no channel staff around to help? Please check with freenode support: http://freenode.net/faq.shtml#gettinghelp
2014-09-29T12:19:28 * Justin_o joined the channel
2014-09-29T12:49:34 * simonjb joined the channel
2014-09-29T12:53:59 * cindyli joined the channel
2014-09-29T13:19:06 * kasparnet joined the channel
2014-09-29T13:32:04 * anastasiac joined the channel
2014-09-29T13:49:16 * simonjb has quit
2014-09-29T13:56:42 * kasparne_ joined the channel
2014-09-29T14:00:43 * kasparnet has quit
2014-09-29T14:20:46 * kasparne_ has quit
2014-09-29T15:05:19 * anastasiac_ joined the channel
2014-09-29T15:06:59 * anastasiac has quit
2014-09-29T15:06:59 * anastasiac_ is now known as anastasiac
2014-09-29T15:32:42 * cindyli has quit
2014-09-29T15:48:19 * anastasiac has quit
2014-09-29T15:48:55 * cindyli joined the channel
2014-09-29T15:49:50 * jessm joined the channel
2014-09-29T15:53:39 * anastasiac joined the channel
2014-09-29T15:55:41 * michelled joined the channel
2014-09-29T16:57:12 * clown_mtg joined the channel
2014-09-29T17:11:16 * michelled has quit
2014-09-29T17:13:54 * michelled joined the channel
2014-09-29T17:21:16 * kasparnet joined the channel
2014-09-29T17:25:32 * kasparnet has quit
2014-09-29T18:03:57 * michelled has quit
2014-09-29T18:07:37 * michelled joined the channel
2014-09-29T18:28:42 * cindyli has quit
2014-09-29T18:39:30 * cindyli joined the channel
2014-09-29T18:53:58 * clown_mtg has quit
2014-09-29T19:00:37 * michelled has quit
2014-09-29T19:07:45 * michelled joined the channel
2014-09-29T19:15:39 * clown joined the channel
2014-09-29T20:10:38 * kasparnet joined the channel
2014-09-29T20:11:49 * kasparne_ joined the channel
2014-09-29T20:14:50 * kasparnet has quit
2014-09-29T20:21:07 * the-t-in-rtf1 has quit
2014-09-29T20:22:22 * the-t-in-rtf joined the channel
2014-09-29T20:22:39 * kasparne_ has quit
2014-09-29T20:28:23 * kasparnet joined the channel
2014-09-29T20:30:19 * cindyli has quit
2014-09-29T20:30:45 * kasparnet has quit
2014-09-29T20:33:43 * anastasiac has quit
2014-09-29T20:38:43 * kasparnet joined the channel
2014-09-29T20:48:36 * kasparnet has quit
2014-09-29T20:49:07 * kasparnet joined the channel
2014-09-29T21:01:51 * michelled has quit
2014-09-29T21:03:33 * clown has left the channel
2014-09-29T21:09:29 * kasparne_ joined the channel
2014-09-29T21:12:48 * kasparnet has quit
2014-09-29T21:36:19 * kasparne_ has quit
2014-09-29T21:37:28 * kasparnet joined the channel
2014-09-29T22:15:01 * kasparnet has quit
2014-09-29T22:57:34 * jessm has quit
'

