b'2014-03-14T02:20:02 * colinclark has quit
2014-03-14T02:58:29 * Niharika joined the channel
2014-03-14T03:54:53 * Niharika has left the channel
2014-03-14T03:55:00 * Niharika joined the channel
2014-03-14T04:04:00 * Niharika has left the channel
2014-03-14T07:16:04 * Niharika joined the channel
2014-03-14T08:01:50 * the-t-in-rtf has quit
2014-03-14T08:02:12 * the-t-in-rtf joined the channel
2014-03-14T08:42:19 * the-t-in-rtf has quit
2014-03-14T08:43:22 * the-t-in-rtf joined the channel
2014-03-14T09:03:26 * Niharika1 joined the channel
2014-03-14T09:04:03 * Niharika has quit
2014-03-14T09:17:19 * Niharika1 is now known as Niharika
2014-03-14T09:49:30 * Niharika has left the channel
2014-03-14T11:27:50 * Justin_o joined the channel
2014-03-14T12:38:37 * Niharika joined the channel
2014-03-14T12:59:18 * jessm joined the channel
2014-03-14T13:10:26 * clown joined the channel
2014-03-14T13:10:53 * anvk joined the channel
2014-03-14T13:12:26 * michelled joined the channel
2014-03-14T13:28:54 * Niharika has left the channel
2014-03-14T13:41:38 * anastasiac joined the channel
2014-03-14T14:22:10 * michelled has quit
2014-03-14T14:22:44 * anastasiac has quit
2014-03-14T14:23:38 * anastasiac joined the channel
2014-03-14T14:36:09 * anastasiac has quit
2014-03-14T14:39:12 * michelled joined the channel
2014-03-14T14:49:40 * michelled has quit
2014-03-14T14:53:56 * michelled joined the channel
2014-03-14T14:59:19 * Bosmon has quit
2014-03-14T15:03:02 * Bosmon joined the channel
2014-03-14T15:10:23 * anastasiac joined the channel
2014-03-14T15:20:48 * simonjb joined the channel
2014-03-14T16:09:38 * Bosmon has quit
2014-03-14T17:40:25 * simonjb has quit
2014-03-14T17:42:51 * simonjb joined the channel
2014-03-14T17:50:52 * jessm has quit
2014-03-14T18:20:48 * michelled has quit
2014-03-14T19:17:18 * michelled joined the channel
2014-03-14T19:43:06 * [o__o] has left the channel
2014-03-14T19:43:06 * [o__o] joined the channel
2014-03-14T19:43:07 * [o__o] has left the channel
2014-03-14T19:44:02 * [o__o] joined the channel
2014-03-14T19:47:08 * [o__o] has left the channel
2014-03-14T19:50:10 * [o__o] joined the channel
2014-03-14T20:31:01 * anvk has quit
2014-03-14T20:48:11 * simonjb has quit
2014-03-14T20:56:27 * anastasiac has quit
2014-03-14T20:57:37 * michelled has quit
2014-03-14T21:07:37 * clown has quit
2014-03-14T21:14:30 * [o__o] has left the channel
2014-03-14T21:17:28 * [o__o] joined the channel
2014-03-14T21:17:28 * NOTICE: [freenode-info] channel trolls and no channel staff around to help? please check with freenode support: http://freenode.net/faq.shtml#gettinghelp
2014-03-14T22:35:08 * Justin_o has quit
'

