b'2014-01-06T04:18:12 * colinclark joined the channel
2014-01-06T05:01:40 * colinclark has quit
2014-01-06T07:58:14 * nanook_ joined the channel
2014-01-06T14:07:34 * anvk joined the channel
2014-01-06T14:21:57 * anastasiac joined the channel
2014-01-06T14:27:28 * cindyli joined the channel
2014-01-06T14:28:51 * jessm joined the channel
2014-01-06T14:31:41 * yzen joined the channel
2014-01-06T14:38:24 * cindyli has quit
2014-01-06T14:39:15 * cindyli joined the channel
2014-01-06T15:06:56 * colinclark joined the channel
2014-01-06T16:20:48 * michelled joined the channel
2014-01-06T16:30:36 * clown joined the channel
2014-01-06T17:28:49 * sgithens joined the channel
2014-01-06T18:45:37 * michelled has quit
2014-01-06T18:57:47 * clown has quit
2014-01-06T19:00:15 * clown joined the channel
2014-01-06T19:32:36 * yzen has quit
2014-01-06T19:33:22 * yzen joined the channel
2014-01-06T19:37:49 * yzen has quit
2014-01-06T20:12:15 * colinclark has quit
2014-01-06T20:12:22 * yzen joined the channel
2014-01-06T20:29:04 * colinclark joined the channel
2014-01-06T20:39:31 * colinclark has quit
2014-01-06T20:43:31 * colinclark joined the channel
2014-01-06T20:43:54 * colinclark has quit
2014-01-06T20:53:17 * colinclark joined the channel
2014-01-06T20:55:16 * colinclark has quit
2014-01-06T21:05:01 * colinclark joined the channel
2014-01-06T21:51:59 * anvk has quit
2014-01-06T21:58:18 * colinclark has quit
2014-01-06T22:05:15 * colinclark joined the channel
2014-01-06T22:08:04 * clown has quit
2014-01-06T22:25:18 * anastasiac has quit
2014-01-06T22:27:02 * colinclark has quit
2014-01-06T22:28:13 * yzen has quit
2014-01-06T22:29:39 * colinclark joined the channel
2014-01-06T22:53:20 * cindyli has quit
2014-01-06T23:17:42 * colinclark has quit
2014-01-06T23:22:06 * jessm has quit
2014-01-06T23:28:44 * colinclark joined the channel
'

