b'2014-08-01T02:26:10 * the-t-in-rtf joined the channel
2014-08-01T02:30:22 * the-t-in-rtf has quit
2014-08-01T05:24:50 * the-t-in-rtf joined the channel
2014-08-01T05:28:52 * the-t-in-rtf has quit
2014-08-01T07:10:58 * kasparnet joined the channel
2014-08-01T07:27:02 * the-t-in-rtf joined the channel
2014-08-01T07:31:46 * the-t-in-rtf has quit
2014-08-01T07:44:24 * kasparnet has quit
2014-08-01T07:54:33 * colinclark has quit
2014-08-01T08:04:49 * kasparnet joined the channel
2014-08-01T10:43:16 * the-t-in-rtf joined the channel
2014-08-01T10:47:40 * the-t-in-rtf has quit
2014-08-01T11:09:31 * kasparnet has quit
2014-08-01T11:54:03 * kasparnet joined the channel
2014-08-01T12:25:51 * Justin_o joined the channel
2014-08-01T12:52:44 * kasparnet has quit
2014-08-01T13:09:30 * kasparnet joined the channel
2014-08-01T13:26:53 * kasparnet has quit
2014-08-01T13:38:21 * kasparnet joined the channel
2014-08-01T13:39:25 * kasparnet has quit
2014-08-01T14:07:00 * anastasiac joined the channel
2014-08-01T14:30:38 * the-t-in-rtf joined the channel
2014-08-01T15:02:42 * colinclark joined the channel
2014-08-01T16:26:20 * kasparnet joined the channel
2014-08-01T17:34:28 * kasparnet has quit
2014-08-01T17:34:48 * kasparnet joined the channel
2014-08-01T18:00:12 * kasparnet has quit
2014-08-01T21:12:50 * anastasiac has quit
2014-08-01T21:24:24 * colinclark has quit
2014-08-01T21:45:56 * Justin_o has quit
'

