b'2014-04-09T00:08:46 * colinclark joined the channel
2014-04-09T02:05:43 * kasparnet joined the channel
2014-04-09T02:27:27 * kasparnet has quit
2014-04-09T02:29:02 * kasparnet joined the channel
2014-04-09T03:13:13 * kasparnet has quit
2014-04-09T03:36:59 * Bosmon7 has quit
2014-04-09T03:39:23 * Bosmon7 joined the channel
2014-04-09T06:13:38 * kasparnet joined the channel
2014-04-09T06:17:49 * kasparnet has quit
2014-04-09T07:13:38 * kasparnet joined the channel
2014-04-09T08:57:58 * colinclark has quit
2014-04-09T12:00:10 * michelled joined the channel
2014-04-09T12:11:28 * Justin_o joined the channel
2014-04-09T13:00:17 * cindyli joined the channel
2014-04-09T13:19:35 * [o__o] joined the channel
2014-04-09T13:48:18 * anvk joined the channel
2014-04-09T14:12:06 * anastasiac joined the channel
2014-04-09T14:27:08 * simonjb joined the channel
2014-04-09T14:32:22 * michelled has quit
2014-04-09T14:32:30 * clown joined the channel
2014-04-09T14:52:24 * michelled joined the channel
2014-04-09T15:02:29 * michelled has quit
2014-04-09T15:59:56 * michelled joined the channel
2014-04-09T16:00:49 * kasparnet has quit
2014-04-09T16:01:36 * michelled has quit
2014-04-09T16:03:06 * michelled joined the channel
2014-04-09T16:06:36 * kasparnet joined the channel
2014-04-09T16:34:17 * colinclark joined the channel
2014-04-09T16:47:47 * the-t-in-rtf joined the channel
2014-04-09T17:03:15 * clown is now known as clown_mtg
2014-04-09T17:31:59 * jessm joined the channel
2014-04-09T17:37:21 * colinclark has quit
2014-04-09T17:38:30 * cindyli has quit
2014-04-09T17:38:42 * cindyli joined the channel
2014-04-09T17:41:14 * colinclark joined the channel
2014-04-09T17:57:25 * michelled has quit
2014-04-09T18:30:19 * clown_mtg is now known as clown
2014-04-09T18:35:21 * michelled joined the channel
2014-04-09T18:36:13 * anastasiac has quit
2014-04-09T18:36:44 * cindyli has quit
2014-04-09T18:38:53 * cindyli joined the channel
2014-04-09T18:44:58 * anastasiac joined the channel
2014-04-09T19:30:59 * cindyli has quit
2014-04-09T19:37:43 * cindyli joined the channel
2014-04-09T19:52:25 * kasparnet has quit
2014-04-09T20:15:26 * kasparnet joined the channel
2014-04-09T20:22:44 * kasper__ joined the channel
2014-04-09T20:34:39 * anastasiac has quit
2014-04-09T20:35:11 * michelled has quit
2014-04-09T20:36:18 * cindyli has quit
2014-04-09T20:37:37 * anastasiac joined the channel
2014-04-09T20:38:36 * the-t-in-rtf has quit
2014-04-09T20:44:19 * michelled joined the channel
2014-04-09T20:46:06 * anvk has quit
2014-04-09T20:48:04 * kasparnet has quit
2014-04-09T20:50:46 * clown has quit
2014-04-09T21:04:17 * michelled has quit
2014-04-09T21:35:23 * michelled joined the channel
2014-04-09T21:59:05 * anastasiac has quit
2014-04-09T22:32:42 * michelled has quit
2014-04-09T23:04:15 * jessm has quit
2014-04-09T23:05:12 * Justin_o has quit
2014-04-09T23:12:43 * kasper__ has quit
2014-04-09T23:13:15 * kasper__ joined the channel
2014-04-09T23:17:46 * kasper__ has quit
2014-04-09T23:19:45 * simonjb has quit
2014-04-09T23:48:28 * kasparnet joined the channel
2014-04-09T23:52:59 * kasparnet has quit
'

