b'2014-01-28T00:01:27 * michelled has quit
2014-01-28T00:52:03 * kasparnet has quit
2014-01-28T08:51:54 * kasparnet joined the channel
2014-01-28T10:06:49 * kasparnet has quit
2014-01-28T10:34:45 * kasparnet joined the channel
2014-01-28T13:46:15 * cindyli joined the channel
2014-01-28T13:49:21 * jessm joined the channel
2014-01-28T14:00:30 * michelled joined the channel
2014-01-28T14:18:56 * anastasiac joined the channel
2014-01-28T15:24:34 * michelled has quit
2014-01-28T15:58:10 * simonjb joined the channel
2014-01-28T17:00:08 * kasparne_ joined the channel
2014-01-28T17:00:12 * kasparnet has quit
2014-01-28T17:07:00 * clown joined the channel
2014-01-28T18:02:18 * michelled joined the channel
2014-01-28T18:31:40 * simonjb has quit
2014-01-28T18:42:09 * michelled has quit
2014-01-28T18:48:09 * michelled joined the channel
2014-01-28T19:09:03 * colinclark joined the channel
2014-01-28T19:20:47 * anastasiac has quit
2014-01-28T19:20:57 * anastasiac joined the channel
2014-01-28T20:05:28 * colinclark has quit
2014-01-28T20:27:07 * colinclark joined the channel
2014-01-28T21:08:37 * michelled_ joined the channel
2014-01-28T21:11:11 * michelled has quit
2014-01-28T21:11:12 * michelled_ is now known as michelled
2014-01-28T21:31:55 * cindyli has quit
2014-01-28T21:59:11 * clown has left the channel
2014-01-28T22:01:32 * anastasiac_ joined the channel
2014-01-28T22:02:01 * anastasiac has quit
2014-01-28T22:02:01 * anastasiac_ is now known as anastasiac
2014-01-28T22:04:22 * michelled has quit
2014-01-28T22:08:09 * michelled joined the channel
2014-01-28T22:10:56 * colinclark has quit
2014-01-28T22:13:18 * kasparne_ has quit
2014-01-28T22:14:34 * kasparnet joined the channel
2014-01-28T22:48:30 * anastasiac has quit
2014-01-28T22:51:19 * michelled has quit
2014-01-28T23:02:46 * kasparne_ joined the channel
2014-01-28T23:03:00 * kasparnet has quit
2014-01-28T23:19:05 * jessm has quit
'

