b"2014-01-14T01:09:05 * sgithens has quit
2014-01-14T01:09:20 * sgithens joined the channel
2014-01-14T02:06:44 * kasparnet has quit
2014-01-14T02:48:15 * colinclark has quit
2014-01-14T02:48:36 * colinclark joined the channel
2014-01-14T02:59:01 * sgithens has quit
2014-01-14T03:12:00 * sgithens joined the channel
2014-01-14T04:31:50 * colinclark has quit
2014-01-14T08:31:56 * kasparnet joined the channel
2014-01-14T10:24:48 * kasparnet has quit
2014-01-14T10:52:38 * kasparnet joined the channel
2014-01-14T11:46:39 * kasparnet has quit
2014-01-14T12:12:50 * kasparnet joined the channel
2014-01-14T13:32:18 * cindyli joined the channel
2014-01-14T13:43:21 * sgithens has quit
2014-01-14T13:49:46 * kasparnet has quit
2014-01-14T13:55:59 * sgithens joined the channel
2014-01-14T14:25:23 * jessm joined the channel
2014-01-14T14:26:52 * sgithens has quit
2014-01-14T14:55:30 * kasparnet joined the channel
2014-01-14T14:56:12 * anastasiac joined the channel
2014-01-14T15:09:59 * clown joined the channel
2014-01-14T15:14:30 * sgithens joined the channel
2014-01-14T15:15:38 * colinclark joined the channel
2014-01-14T15:25:46 * yzen joined the channel
2014-01-14T15:38:01 * michelled joined the channel
2014-01-14T15:38:47 * kasparnet has quit
2014-01-14T15:48:47 * kasparnet joined the channel
2014-01-14T16:20:00 * sgithens has quit
2014-01-14T16:28:10 * kasparnet has quit
2014-01-14T16:32:21 * sgithens joined the channel
2014-01-14T16:41:33 * kasparnet joined the channel
2014-01-14T17:37:02 * michelled has quit
2014-01-14T17:59:03 * michelled joined the channel
2014-01-14T18:06:08 * kasparnet has quit
2014-01-14T18:33:08 * kasparnet joined the channel
2014-01-14T18:37:31 * kasparnet has quit
2014-01-14T18:47:12 * kasparnet joined the channel
2014-01-14T19:02:10 * yzen has quit
2014-01-14T19:21:05 * kasparnet has quit
2014-01-14T19:30:32 * yzen joined the channel
2014-01-14T19:31:31 * colinclark has quit
2014-01-14T19:49:16 * kasparnet joined the channel
2014-01-14T19:51:06 * clown has quit
2014-01-14T19:56:54 * clown joined the channel
2014-01-14T19:57:04 * clown is now known as clown_mtg
2014-01-14T20:01:08 * the-t-in-rtf joined the channel
2014-01-14T20:59:30 * michelled has quit
2014-01-14T21:06:09 * kasparnet has quit
2014-01-14T21:21:01 * clown_mtg has quit
2014-01-14T21:31:53 * kasparnet joined the channel
2014-01-14T21:37:03 * clown joined the channel
2014-01-14T21:43:23 <anastasiac> yzen, regarding the flow manager handling of user login and logout requests: are these only supported on local deployments? (as settings is only supported on cloud-based deployments)
2014-01-14T21:43:45 * sgithens has quit
2014-01-14T21:44:05 <yzen> anastasiac: the flow manager atm needs to be where the solutions are started so yes
2014-01-14T21:44:14 <anastasiac> okley, thanks yzen
2014-01-14T21:44:32 <anastasiac> yzen, save and update are supported anywhere?
2014-01-14T21:46:37 <yzen> not by default
2014-01-14T21:46:46 <yzen> only if the right grade is applied
2014-01-14T21:53:47 <anastasiac> yzen, that would be when sockets support has been configured by using the .io grade, right?
2014-01-14T21:57:05 <yzen> anastasiac: it's a combination of grades for the kettle.server that contains the flow manager as well as the flow manager grade that adds support for /update
2014-01-14T21:57:48 <yzen> this essentially https://github.com/GPII/universal/blob/master/gpii/node_modules/flowManager/test/configs/update.json
2014-01-14T21:58:10 <anastasiac> yzen, is this the grade? https://github.com/GPII/universal/blob/master/gpii/node_modules/flowManager/src/FlowManager.js#L115-L133
2014-01-14T21:59:00 * cindyli has quit
2014-01-14T21:59:23 <anastasiac> yzen, are save and update mutually exclusive?
2014-01-14T22:00:39 <yzen> yes and no not exclusive
2014-01-14T22:03:14 * the-t-in-rtf has quit
2014-01-14T22:18:19 * clown has left the channel
2014-01-14T22:32:20 * kasparne_ joined the channel
2014-01-14T22:32:20 * kasparnet has quit
2014-01-14T22:45:05 * kasparne_ has quit
2014-01-14T22:50:36 * jessm has left the channel
2014-01-14T22:51:10 * yzen has quit
2014-01-14T22:53:41 * anastasiac has quit
2014-01-14T23:04:31 * kasparnet joined the channel
2014-01-14T23:08:10 * sgithens joined the channel
2014-01-14T23:42:01 * sgithens has quit
"

