b"2014-12-02T00:02:50 * colinclark has quit
2014-12-02T03:04:20 * colinclark joined the channel
2014-12-02T03:04:26 * colinclark has quit
2014-12-02T08:12:53 * the-t-in-rtf has quit
2014-12-02T08:37:27 * the-t-in-rtf joined the channel
2014-12-02T09:03:08 * the-t-in-rtf has quit
2014-12-02T09:04:04 * the-t-in-rtf joined the channel
2014-12-02T09:10:05 * Bosmon has quit
2014-12-02T09:13:39 * Bosmon joined the channel
2014-12-02T09:30:53 * the-t-in-rtf has quit
2014-12-02T09:31:02 * the-t-in-rtf joined the channel
2014-12-02T09:44:07 * Bosmon has quit
2014-12-02T09:50:13 * Bosmon joined the channel
2014-12-02T09:54:39 * the-t-in-rtf has quit
2014-12-02T09:56:55 * the-t-in-rtf joined the channel
2014-12-02T10:05:01 * Bosmon has quit
2014-12-02T10:08:21 * Bosmon joined the channel
2014-12-02T11:20:31 * Bosmon has quit
2014-12-02T11:24:24 * Bosmon joined the channel
2014-12-02T12:02:23 * the-t-in-rtf has quit
2014-12-02T13:01:54 * the-t-in-rtf joined the channel
2014-12-02T13:50:36 * Justin_o joined the channel
2014-12-02T13:59:15 * jessm joined the channel
2014-12-02T14:19:55 * simonjb joined the channel
2014-12-02T14:52:12 * clown joined the channel
2014-12-02T15:05:19 * anastasiac joined the channel
2014-12-02T15:22:07 * simonjb has quit
2014-12-02T15:41:25 * simonjb joined the channel
2014-12-02T16:42:38 * the-t-in-rtf has quit
2014-12-02T17:09:46 * the-t-in-rtf joined the channel
2014-12-02T17:15:04 * cindyli joined the channel
2014-12-02T18:34:47 * michelled joined the channel
2014-12-02T19:25:53 * Bosmon has quit
2014-12-02T19:36:16 * cindyli has quit
2014-12-02T19:44:26 * clown has quit
2014-12-02T19:44:47 * Bosmon joined the channel
2014-12-02T19:44:49 * cindyli joined the channel
2014-12-02T19:53:04 * clown joined the channel
2014-12-02T19:53:19 * clown is now known as clown_mtg
2014-12-02T20:38:10 * ashgotti joined the channel
2014-12-02T20:38:38 <ashgotti> Good afternoon all. Quick question: in the demo here: http://build.fluidproject.org/infusion/demos/prefsFramework/ there is a call for enactor.css
2014-12-02T20:38:53 <ashgotti> when I download the src, I can't find that file anywhere and it is required.
2014-12-02T21:10:16 * clown_mtg has quit
2014-12-02T21:12:45 * cindyli has quit
2014-12-02T21:32:08 * ashgotti has quit
2014-12-02T21:32:31 * clown joined the channel
2014-12-02T21:37:28 * anastasiac has quit
2014-12-02T22:01:27 * jessm has quit
2014-12-02T22:02:03 * anastasiac joined the channel
2014-12-02T22:04:53 * clown has quit
2014-12-02T22:30:40 * anastasiac has quit
2014-12-02T22:36:32 * simonjb has quit
2014-12-02T22:43:04 * michelled has quit
"

