b'2014-04-16T05:01:34 * kasper__ has quit
2014-04-16T05:02:09 * kasper joined the channel
2014-04-16T05:04:12 * kasper has quit
2014-04-16T05:05:41 * kasper joined the channel
2014-04-16T07:40:12 * kasparnet joined the channel
2014-04-16T10:30:24 * kasper has quit
2014-04-16T10:30:50 * kasper joined the channel
2014-04-16T10:35:25 * kasper has quit
2014-04-16T11:09:05 * kasper joined the channel
2014-04-16T12:41:50 * cindyli joined the channel
2014-04-16T13:01:33 * colinclark joined the channel
2014-04-16T13:40:36 * anvk joined the channel
2014-04-16T13:45:36 * kasper has quit
2014-04-16T13:46:02 * kasper joined the channel
2014-04-16T13:50:18 * kasper has quit
2014-04-16T14:02:43 * clown joined the channel
2014-04-16T14:38:36 * anastasiac joined the channel
2014-04-16T15:17:14 * the-t-in-rtf joined the channel
2014-04-16T15:23:10 * michelled joined the channel
2014-04-16T16:07:52 * Bosmon7 joined the channel
2014-04-16T17:20:04 * cindyli has quit
2014-04-16T17:38:30 * kasparnet has quit
2014-04-16T17:38:56 * kasparnet joined the channel
2014-04-16T17:43:49 * kasparnet has quit
2014-04-16T18:00:03 * kasper joined the channel
2014-04-16T18:12:28 * kasper has quit
2014-04-16T18:12:54 * kasper joined the channel
2014-04-16T18:17:21 * kasper has quit
2014-04-16T18:29:33 * cindyli joined the channel
2014-04-16T18:44:25 * Bosmon has quit
2014-04-16T18:44:40 * colinclark has quit
2014-04-16T19:00:26 * kasper joined the channel
2014-04-16T19:04:03 * kasper has quit
2014-04-16T19:04:29 * kasper joined the channel
2014-04-16T19:09:13 * kasper has quit
2014-04-16T20:29:06 * anvk has quit
2014-04-16T20:31:51 * kasper joined the channel
2014-04-16T20:32:50 * cindyli has quit
2014-04-16T20:53:29 * clown has quit
2014-04-16T21:01:42 * kasper has quit
2014-04-16T21:03:12 * kasper joined the channel
2014-04-16T21:05:37 * colinclark joined the channel
2014-04-16T21:19:27 * anastasiac has quit
2014-04-16T21:46:23 * kasper has quit
2014-04-16T21:46:56 * kasper joined the channel
2014-04-16T21:48:23 * kasparnet joined the channel
2014-04-16T21:51:25 * kasper has quit
2014-04-16T22:02:30 * michelled has quit
2014-04-16T22:07:26 * kasper joined the channel
2014-04-16T22:07:45 * kasper has quit
2014-04-16T23:18:11 * kasper joined the channel
2014-04-16T23:18:36 * kasparnet has quit
2014-04-16T23:22:16 * kasper__ joined the channel
2014-04-16T23:22:28 * kasper has quit
2014-04-16T23:41:15 * colinclark has quit
2014-04-16T23:42:29 * kasper__ has quit
'

