b'2014-12-19T00:09:43 * kasparnet has quit
2014-12-19T00:37:00 * Justin_o has quit
2014-12-19T03:10:01 * kasparnet joined the channel
2014-12-19T03:14:31 * kasparnet has quit
2014-12-19T04:34:46 * colinclark has quit
2014-12-19T08:40:48 * kasparnet joined the channel
2014-12-19T10:37:02 * simonjb joined the channel
2014-12-19T11:16:07 * slim_jim joined the channel
2014-12-19T13:11:31 * Justin_o joined the channel
2014-12-19T13:13:30 * anastasiac joined the channel
2014-12-19T13:15:01 * michelled joined the channel
2014-12-19T13:23:22 * slim_jim has quit
2014-12-19T13:49:09 * michelled has quit
2014-12-19T14:08:54 * michelled joined the channel
2014-12-19T14:14:03 * cindyli joined the channel
2014-12-19T14:20:06 * michelled has quit
2014-12-19T14:39:39 * jessm joined the channel
2014-12-19T14:40:00 * colinclark joined the channel
2014-12-19T14:48:13 * clown joined the channel
2014-12-19T15:04:01 * anastasiac has quit
2014-12-19T15:04:39 * anastasiac joined the channel
2014-12-19T15:04:44 * slim_jim joined the channel
2014-12-19T15:53:17 * slim_jim has quit
2014-12-19T16:02:46 * cindyli1 joined the channel
2014-12-19T16:06:16 * cindyli has quit
2014-12-19T16:51:02 * slim_jim joined the channel
2014-12-19T17:05:11 * kasparnet has quit
2014-12-19T17:56:48 * colinclark has quit
2014-12-19T18:05:48 * slim_jim has quit
2014-12-19T20:06:11 * the-t-in-rtf has quit
2014-12-19T20:07:07 * the-t-in-rtf joined the channel
2014-12-19T20:36:59 * slim_jim joined the channel
2014-12-19T20:59:32 * the-t-in-rtf has quit
2014-12-19T21:13:37 * slim_jim has quit
2014-12-19T21:30:12 * cindyli1 has quit
2014-12-19T21:53:22 * anastasiac has quit
2014-12-19T21:58:09 * clown has quit
2014-12-19T23:18:15 * simonjb has quit
2014-12-19T23:27:01 * Justin_o has quit
'

