b'2016-08-06T02:38:10 * yzen joined the channel
2016-08-06T02:38:26 * yzen is now known as yzen_
2016-08-06T02:43:19 * yzen_ has quit
2016-08-06T04:18:30 * colinclark joined the channel
2016-08-06T04:18:40 * colinclark has quit
2016-08-06T05:25:27 * the-t-in-rtf joined the channel
2016-08-06T06:43:28 * the-t-in-rtf has quit
2016-08-06T13:01:28 * jhernandez has quit
2016-08-06T13:12:07 * the-t-in-rtf joined the channel
2016-08-06T13:22:44 * the-t-in-rtf has quit
2016-08-06T13:35:03 * the-t-in-rtf joined the channel
2016-08-06T13:37:08 * the-t-in-rtf has quit
2016-08-06T13:38:14 * the-t-in-rtf joined the channel
2016-08-06T13:52:40 * the-t-in-rtf has quit
2016-08-06T13:57:52 * the-t-in-rtf joined the channel
2016-08-06T13:58:06 * the-t-in-rtf has quit
2016-08-06T13:58:25 * the-t-in-rtf joined the channel
2016-08-06T14:00:03 * the-t-in-rtf has quit
2016-08-06T15:07:56 * Bosmon7 joined the channel
2016-08-06T15:59:34 * the-t-in-rtf joined the channel
2016-08-06T18:43:24 * the-t-in-rtf has quit
2016-08-06T21:24:11 * jhernandez joined the channel
2016-08-06T22:30:57 * michelled joined the channel
'

