b'2016-02-20T01:33:47 * michelled has quit
2016-02-20T03:30:42 * sepidehshahi_ joined the channel
2016-02-20T04:41:57 * sepidehshahi_ has quit
2016-02-20T09:33:15 * Bosmon7 joined the channel
2016-02-20T10:32:35 * Bosmon7 has quit
2016-02-20T10:36:34 * the-t-in-rtf joined the channel
2016-02-20T10:46:00 * jhernandez joined the channel
2016-02-20T10:56:35 * the-t-in-rtf1 joined the channel
2016-02-20T10:56:35 * the-t-in-rtf has quit
2016-02-20T11:00:01 * the-t-in-rtf1 has quit
2016-02-20T11:00:22 * the-t-in-rtf joined the channel
2016-02-20T11:14:39 * jhernandez has quit
2016-02-20T13:45:31 * michelled joined the channel
2016-02-20T14:21:40 * gtirloni joined the channel
2016-02-20T15:09:11 * michelled joined the channel
2016-02-20T15:34:06 * michelled joined the channel
2016-02-20T16:14:10 * yzen joined the channel
2016-02-20T16:14:59 * michelled joined the channel
2016-02-20T16:50:30 * yzen is now known as yzen_
2016-02-20T16:55:01 * yzen_ has quit
2016-02-20T17:22:33 * Bosmon7 joined the channel
2016-02-20T18:41:36 * sepidehshahi_ joined the channel
2016-02-20T19:43:11 * michelled joined the channel
2016-02-20T20:13:21 * michelled has quit
2016-02-20T21:04:10 * michelled joined the channel
2016-02-20T21:14:24 * danayo joined the channel
2016-02-20T23:27:02 * the-t-in-rtf has quit
2016-02-20T23:27:21 * the-t-in-rtf joined the channel
'

