b'2016-03-19T00:00:42 * alanharnum joined the channel
2016-03-19T00:05:37 * alanharnum has quit
2016-03-19T00:15:18 * kasparnet has quit
2016-03-19T00:15:32 * gabrielmancini joined the channel
2016-03-19T00:20:50 * kasparnet joined the channel
2016-03-19T00:21:03 * gabrielmancini has quit
2016-03-19T00:34:22 * kasparnet has quit
2016-03-19T00:50:26 * kasparnet joined the channel
2016-03-19T00:55:36 * kasparnet has quit
2016-03-19T01:35:19 * kasparnet joined the channel
2016-03-19T01:40:27 * kasparnet has quit
2016-03-19T02:00:14 * gloob joined the channel
2016-03-19T02:04:12 * gabrielmancini joined the channel
2016-03-19T02:04:56 * gloob has quit
2016-03-19T02:08:33 * gabrielmancini has quit
2016-03-19T03:52:38 * gabrielmancini joined the channel
2016-03-19T03:56:33 * gabrielmancini has quit
2016-03-19T04:01:05 * gloob joined the channel
2016-03-19T04:05:17 * gloob has quit
2016-03-19T04:40:45 * gabrielmancini joined the channel
2016-03-19T05:24:54 * gabrielmancini has quit
2016-03-19T06:01:53 * gloob joined the channel
2016-03-19T06:06:40 * gloob has quit
2016-03-19T08:02:45 * gloob joined the channel
2016-03-19T08:06:53 * gloob has quit
2016-03-19T09:01:18 * gloob joined the channel
2016-03-19T09:10:52 * gloob has quit
2016-03-19T10:07:39 * nrda joined the channel
2016-03-19T10:22:32 * the-t-in-rtf joined the channel
2016-03-19T10:31:52 * PaliwalSparsh joined the channel
2016-03-19T10:46:27 * amatas joined the channel
2016-03-19T10:47:00 * nrda has quit
2016-03-19T10:59:01 * PaliwalSparsh1 joined the channel
2016-03-19T11:02:01 * PaliwalSparsh has quit
2016-03-19T11:04:27 * kasparnet joined the channel
2016-03-19T11:12:58 * PaliwalSparsh1 has quit
2016-03-19T11:26:33 * amatas has quit
2016-03-19T11:26:35 * PaliwalSparsh1 joined the channel
2016-03-19T11:29:02 * kasparnet has quit
2016-03-19T11:33:21 * kasparnet joined the channel
2016-03-19T11:48:55 * kasparnet has quit
2016-03-19T11:53:30 * kasparnet joined the channel
2016-03-19T11:53:33 * PaliwalSparsh1 has quit
2016-03-19T12:08:11 * PaliwalSparsh1 joined the channel
2016-03-19T12:35:03 * kasparnet has quit
2016-03-19T12:40:03 * PaliwalSparsh1 has quit
2016-03-19T12:45:03 * the-t-in-rtf has quit
2016-03-19T12:57:19 * gloob joined the channel
2016-03-19T13:23:31 * kasparnet joined the channel
2016-03-19T13:29:43 * PaliwalSparsh1 joined the channel
2016-03-19T13:43:22 * kasparnet has quit
2016-03-19T14:07:07 * wale_DC joined the channel
2016-03-19T14:07:10 * PaliwalSparsh1 has quit
2016-03-19T14:44:36 * wale_DC has quit
2016-03-19T15:06:03 * gabrielmancini joined the channel
2016-03-19T15:12:26 * PaliwalSparsh joined the channel
2016-03-19T15:20:23 * gabrielmancini has quit
2016-03-19T15:58:33 * PaliwalSparsh has quit
2016-03-19T16:11:30 * Bosmon7 joined the channel
2016-03-19T17:34:13 * akshay joined the channel
2016-03-19T18:01:03 * Bosmon7 has quit
2016-03-19T18:04:18 * kasparnet joined the channel
2016-03-19T18:05:27 * gloob has quit
2016-03-19T18:27:07 * kasparnet has quit
2016-03-19T18:47:06 * PaliwalSparsh joined the channel
2016-03-19T19:02:51 * PaliwalSparsh has quit
2016-03-19T19:11:43 * amanvar joined the channel
2016-03-19T19:13:52 * kasparnet joined the channel
2016-03-19T19:18:19 * Bosmon7 joined the channel
2016-03-19T19:23:39 * gloob joined the channel
2016-03-19T19:32:00 * akshay has quit
2016-03-19T19:44:10 * amanvar has quit
2016-03-19T19:46:04 * kasparnet has quit
2016-03-19T19:52:12 * kasparnet joined the channel
2016-03-19T20:49:14 * kasparnet has quit
2016-03-19T21:03:10 * kasparnet joined the channel
2016-03-19T21:03:15 * kasparnet has quit
2016-03-19T21:19:57 * kasparnet joined the channel
2016-03-19T21:22:58 * kasparnet has quit
2016-03-19T21:33:26 * kasparnet joined the channel
2016-03-19T21:43:35 * gloob has quit
2016-03-19T21:44:07 * gloob joined the channel
2016-03-19T21:48:24 * gloob has quit
2016-03-19T21:51:10 * kasparnet has quit
2016-03-19T21:58:18 * Blagoj joined the channel
2016-03-19T21:59:24 * Blagoj has quit
2016-03-19T22:07:10 * gloob joined the channel
2016-03-19T23:32:33 * amatas joined the channel
'

