b'2015-02-07T00:11:52 * Bosmon7 has quit
2015-02-07T00:31:04 * avtar has quit
2015-02-07T02:32:05 * rohit0143 has quit
2015-02-07T04:37:00 * rohit0143 joined the channel
2015-02-07T05:20:11 * kasparnet has quit
2015-02-07T05:20:45 * kasparnet joined the channel
2015-02-07T05:24:52 * kasparnet has quit
2015-02-07T07:09:08 * rohit0143 joined the channel
2015-02-07T08:32:35 * the-t-in-rtf joined the channel
2015-02-07T08:45:20 * the-t-in-rtf has quit
2015-02-07T08:48:16 * the-t-in-rtf joined the channel
2015-02-07T08:50:04 * the-t-in-rtf has quit
2015-02-07T09:25:44 * the-t-in-rtf joined the channel
2015-02-07T09:56:01 * the-t-in-rtf has quit
2015-02-07T12:01:07 * Bosmon7 joined the channel
2015-02-07T12:17:37 * slim_jim joined the channel
2015-02-07T12:42:58 * Bosmon7 has quit
2015-02-07T12:43:16 * Bosmon7 joined the channel
2015-02-07T13:25:11 * Bosmon7 has quit
2015-02-07T13:28:22 * Bosmon7 joined the channel
2015-02-07T13:52:15 * Bosmon7 has quit
2015-02-07T13:53:17 * Bosmon7 joined the channel
2015-02-07T13:54:57 * the-t-in-rtf joined the channel
2015-02-07T13:55:50 * the-t-in-rtf has quit
2015-02-07T13:56:38 * the-t-in-rtf joined the channel
2015-02-07T14:50:06 * jhernandez joined the channel
2015-02-07T15:12:28 * slim_jim has quit
2015-02-07T15:20:18 * slim_jim joined the channel
2015-02-07T15:48:20 * the-t-in-rtf has quit
2015-02-07T15:50:19 * jhernandez has quit
2015-02-07T15:50:20 * the-t-in-rtf joined the channel
2015-02-07T16:30:57 * the-t-in-rtf has quit
2015-02-07T17:26:08 * kasparnet joined the channel
2015-02-07T17:34:39 * jhernandez joined the channel
2015-02-07T17:48:59 <Bosmon7> VVVERNNANDDEZZ!!!!
2015-02-07T17:53:57 * slim_jim has quit
2015-02-07T19:42:18 * kasparne_ joined the channel
2015-02-07T19:45:23 * kasparnet has quit
2015-02-07T19:46:35 * yzen joined the channel
2015-02-07T21:21:08 * yzen is now known as yzen_
2015-02-07T22:33:04 * kasparne_ has quit
2015-02-07T22:56:42 * kasparnet joined the channel
2015-02-07T23:08:25 * jhernandez has quit
2015-02-07T23:59:27 * kasparnet has quit
'

