b'2018-03-23T01:11:57 * Justin_o joined the channel
2018-03-23T03:08:45 * ashish_ joined the channel
2018-03-23T03:09:09 <ashish_> Hey everyone, Myself Ashish a front-end developer and a learner
2018-03-23T03:57:07 * danayo joined the channel
2018-03-23T04:03:31 * grrrero has quit
2018-03-23T06:08:58 * mrtyler joined the channel
2018-03-23T06:28:21 * mrtyler has quit
2018-03-23T09:24:18 * mrtyler joined the channel
2018-03-23T09:37:04 * ashish_ joined the channel
2018-03-23T11:19:06 * Justin_o joined the channel
2018-03-23T11:46:19 * ashish_ has quit
2018-03-23T11:58:43 * gtirloni joined the channel
2018-03-23T11:58:55 * gtirloni joined the channel
2018-03-23T11:58:55 * gtirloni joined the channel
2018-03-23T12:08:37 * gtirloni has quit
2018-03-23T12:08:52 * gtirloni joined the channel
2018-03-23T12:31:46 * jhung joined the channel
2018-03-23T12:51:41 * michelled joined the channel
2018-03-23T12:52:32 * jessm has quit
2018-03-23T12:57:19 * sepidehshahi joined the channel
2018-03-23T13:04:56 * cindyli joined the channel
2018-03-23T13:17:12 * simonjb joined the channel
2018-03-23T13:23:39 * clown joined the channel
2018-03-23T13:37:40 * grrrero joined the channel
2018-03-23T13:50:52 * mrtyler joined the channel
2018-03-23T14:03:42 * alanharnum joined the channel
2018-03-23T14:23:45 * simonjb has quit
2018-03-23T14:44:45 * simonjb joined the channel
2018-03-23T15:40:10 * sepidehshahi has quit
2018-03-23T15:55:15 * sepidehshahi joined the channel
2018-03-23T16:48:38 * Justin_o has quit
2018-03-23T16:55:07 * alanharnum has quit
2018-03-23T17:06:23 * alanharnum joined the channel
2018-03-23T18:19:18 * colinclark joined the channel
2018-03-23T18:25:25 <simonjb> colinclark, sepidehshahi: Sidewalk Labs "Old Toronto" project https://oldtoronto.sidewalklabs.com/
2018-03-23T18:27:09 <colinclark> thanks, simonjb
2018-03-23T18:27:23 <sepidehshahi> simonjb: this is really cool, thx
2018-03-23T18:27:55 <colinclark> simonjb: I kind of can\'t believe how much my street corner looks like how it looks today: https://oldtoronto.sidewalklabs.com/#216439
2018-03-23T18:28:00 <sepidehshahi> https://oldtoronto.sidewalklabs.com/#97649
2018-03-23T18:28:02 <colinclark> Duffy\'s Tavern is still there
2018-03-23T18:28:21 <colinclark> wow, same with the office, sepidehshahi!
2018-03-23T18:29:05 <colinclark> so cool
2018-03-23T18:49:58 * cindyli has quit
2018-03-23T19:01:00 * mrtyler joined the channel
2018-03-23T19:03:00 * michelled joined the channel
2018-03-23T19:20:28 * cindyli joined the channel
2018-03-23T20:09:32 * gtirloni_ joined the channel
2018-03-23T20:10:20 * gtirloni has quit
2018-03-23T20:15:36 * cindyli has quit
2018-03-23T20:23:56 * gtirloni_ has quit
2018-03-23T20:25:08 * gtirloni joined the channel
2018-03-23T20:28:58 * sepidehshahi has quit
2018-03-23T20:48:10 * michelled has quit
2018-03-23T20:56:23 * michelled joined the channel
2018-03-23T21:04:51 * clown has quit
2018-03-23T22:27:27 * michelled joined the channel
2018-03-23T22:57:45 * mrtyler joined the channel
2018-03-23T23:10:43 * danayo joined the channel
2018-03-23T23:12:31 * danayo has left the channel
2018-03-23T23:51:15 * [b__b] joined the channel
'

