b'2018-10-17T01:17:37 * colinclark joined the channel
2018-10-17T01:17:46 * colinclark has quit
2018-10-17T12:30:58 * Justin_o joined the channel
2018-10-17T12:40:27 * michelled joined the channel
2018-10-17T13:05:41 * cindyli joined the channel
2018-10-17T13:15:35 * simonjb joined the channel
2018-10-17T13:18:18 * sepidehshahi joined the channel
2018-10-17T13:30:24 * cindyli joined the channel
2018-10-17T14:01:36 * carenwatkins_ joined the channel
2018-10-17T14:02:58 * colinclark joined the channel
2018-10-17T14:09:38 * clown joined the channel
2018-10-17T14:17:14 * michelled has quit
2018-10-17T14:49:43 * Justin_o has quit
2018-10-17T14:49:51 * suranamudit[m] has quit
2018-10-17T14:57:41 * carenwatkins_ has quit
2018-10-17T15:02:33 * carenwatkins_ joined the channel
2018-10-17T15:06:06 * danayo joined the channel
2018-10-17T15:17:54 * michelled joined the channel
2018-10-17T15:32:16 * michelled has quit
2018-10-17T15:35:16 * carenwatkins__ joined the channel
2018-10-17T15:39:03 * carenwatkins_ has quit
2018-10-17T15:39:04 * carenwatkins__ is now known as carenwatkins_
2018-10-17T15:39:06 * Justin_o joined the channel
2018-10-17T15:39:06 * suranamudit[m] joined the channel
2018-10-17T15:40:41 * michelled joined the channel
2018-10-17T16:21:32 * avtar joined the channel
2018-10-17T16:29:36 * carenwatkins__ joined the channel
2018-10-17T16:31:56 * carenwatkins_ has quit
2018-10-17T16:31:56 * carenwatkins__ is now known as carenwatkins_
2018-10-17T16:39:09 * cindyli joined the channel
2018-10-17T16:39:09 * cindyli has quit
2018-10-17T16:39:12 * cindyli1 joined the channel
2018-10-17T16:39:17 * cindyli1 has quit
2018-10-17T16:39:52 * cindyli joined the channel
2018-10-17T16:40:03 * cindyli has quit
2018-10-17T16:43:57 * cindyli joined the channel
2018-10-17T16:51:17 * michelled has quit
2018-10-17T17:13:31 * jhung joined the channel
2018-10-17T17:15:45 * michelled joined the channel
2018-10-17T17:26:14 * carenwatkins__ joined the channel
2018-10-17T17:28:00 * danayo has quit
2018-10-17T17:30:16 * carenwatkins_ has quit
2018-10-17T17:30:16 * carenwatkins__ is now known as carenwatkins_
2018-10-17T17:42:59 * clown joined the channel
2018-10-17T17:47:07 * colinclark joined the channel
2018-10-17T17:56:15 * carenwatkins__ joined the channel
2018-10-17T17:58:51 * carenwatkins_ has quit
2018-10-17T17:58:52 * carenwatkins__ is now known as carenwatkins_
2018-10-17T18:01:43 * sepidehshahi_ joined the channel
2018-10-17T18:02:58 * sepidehshahi_ is now known as sepidehshahi
2018-10-17T18:14:39 * danayo joined the channel
2018-10-17T18:35:00 * michelled has quit
2018-10-17T18:37:52 * michelled joined the channel
2018-10-17T18:44:48 * cindyli joined the channel
2018-10-17T19:12:38 * cindyli has quit
2018-10-17T19:12:54 * cindyli joined the channel
2018-10-17T19:24:08 * carenwatkins__ joined the channel
2018-10-17T19:25:25 * cindyli has quit
2018-10-17T19:28:20 * carenwatkins_ has quit
2018-10-17T19:28:20 * carenwatkins__ is now known as carenwatkins_
2018-10-17T19:29:50 * cindyli joined the channel
2018-10-17T19:43:25 * jhung has quit
2018-10-17T19:43:37 * colinclark has quit
2018-10-17T19:45:47 * colinclark joined the channel
2018-10-17T19:56:41 * danayo_ joined the channel
2018-10-17T20:01:58 * cindyli has quit
2018-10-17T20:16:24 * colinclark has quit
2018-10-17T20:20:45 * colinclark joined the channel
2018-10-17T20:23:17 * cindyli joined the channel
2018-10-17T20:24:12 * carenwatkins_ has quit
2018-10-17T20:30:58 * cindyli has quit
2018-10-17T20:43:14 * sepidehshahi_ joined the channel
2018-10-17T20:44:18 * sepidehshahi has quit
2018-10-17T20:45:05 * sepidehshahi has quit
2018-10-17T20:46:44 * sepidehshahi joined the channel
2018-10-17T20:48:07 * sepidehshahi has quit
2018-10-17T20:59:33 * michelled has quit
2018-10-17T21:14:38 * colinclark has quit
2018-10-17T21:42:30 * michelled joined the channel
2018-10-17T21:46:08 * colinclark joined the channel
2018-10-17T21:51:37 * michelled has quit
2018-10-17T22:03:41 * avtar has quit
2018-10-17T22:07:57 * danayo_ has quit
2018-10-17T22:08:08 * danayo has quit
2018-10-17T22:14:20 * colinclark has quit
2018-10-17T22:14:49 * clown has quit
'

