b"2018-04-18T00:09:09 * lliskovoi joined the channel
2018-04-18T00:25:13 * danayo joined the channel
2018-04-18T01:00:44 * alanharnum joined the channel
2018-04-18T01:15:21 * jhung joined the channel
2018-04-18T01:37:02 * lliskovoi has quit
2018-04-18T01:57:11 * alanharnum joined the channel
2018-04-18T02:09:40 * danayo joined the channel
2018-04-18T02:59:50 * alanharnum joined the channel
2018-04-18T03:42:58 * danayo joined the channel
2018-04-18T04:01:06 * alanharnum joined the channel
2018-04-18T05:01:24 * alanharnum joined the channel
2018-04-18T07:01:28 * alanharnum joined the channel
2018-04-18T08:02:46 * alanharnum joined the channel
2018-04-18T08:24:35 * mrtyler joined the channel
2018-04-18T09:52:49 * alanharnum joined the channel
2018-04-18T10:55:30 * alanharnum joined the channel
2018-04-18T11:36:04 * lliskovoi joined the channel
2018-04-18T11:42:54 * michelled joined the channel
2018-04-18T12:02:02 * alanharnum joined the channel
2018-04-18T12:20:57 * Justin_o joined the channel
2018-04-18T12:44:07 * lliskovoi has quit
2018-04-18T12:45:15 * alanharnum joined the channel
2018-04-18T13:02:42 * alanharnum2 joined the channel
2018-04-18T13:14:27 * cindyli joined the channel
2018-04-18T13:15:57 * clown joined the channel
2018-04-18T13:20:13 * sepidehshahi joined the channel
2018-04-18T13:25:03 * gtirloni joined the channel
2018-04-18T13:46:16 * mrtyler joined the channel
2018-04-18T13:59:06 * avtar joined the channel
2018-04-18T14:00:03 * alanharnum2 joined the channel
2018-04-18T14:00:26 * colinclark joined the channel
2018-04-18T14:30:17 * cindyli joined the channel
2018-04-18T14:33:12 * danayo joined the channel
2018-04-18T14:45:42 * simonjb joined the channel
2018-04-18T14:54:25 * alanharnum joined the channel
2018-04-18T15:12:31 * jhung joined the channel
2018-04-18T15:18:32 * alanharnum joined the channel
2018-04-18T15:31:42 * alanharnum has quit
2018-04-18T15:32:08 * alanharnum joined the channel
2018-04-18T15:53:13 * alanharnum joined the channel
2018-04-18T15:53:32 * sepidehshahi joined the channel
2018-04-18T15:55:01 <danayo> jhung: I\xe2\x80\x99m thinking it probably would be good to hold off and add content to that create-a-thon entry related to the recent email thread about analogous design - do you agree sepidehshahi?
2018-04-18T15:56:10 <sepidehshahi> absolutely danayo
2018-04-18T15:56:50 * michelled joined the channel
2018-04-18T15:57:11 <sepidehshahi> danayo: and jhung I have made a pull request for the new ILDH structure with additional content. When you had a chance it\xe2\x80\x99d be great if you can review it
2018-04-18T15:57:21 * cindyli joined the channel
2018-04-18T15:58:08 <jhung> sepidehshahi: I'll try to get to that today or tomorrow.
2018-04-18T15:58:18 <sepidehshahi> thanks jhung
2018-04-18T16:00:25 <danayo> thanks sepidehshahi
2018-04-18T16:00:50 <sepidehshahi> np
2018-04-18T16:01:20 * mrtyler joined the channel
2018-04-18T16:09:03 * alanharnum joined the channel
2018-04-18T16:10:46 * alanharnum2 joined the channel
2018-04-18T16:37:39 * lliskovoi joined the channel
2018-04-18T16:53:38 * danayo joined the channel
2018-04-18T16:58:27 * alanharnum joined the channel
2018-04-18T17:08:33 * janardan joined the channel
2018-04-18T17:09:29 * sepidehshahi has quit
2018-04-18T17:09:45 * cindyli joined the channel
2018-04-18T17:11:14 * colinclark joined the channel
2018-04-18T17:13:55 * sepidehshahi joined the channel
2018-04-18T17:22:49 <sepidehshahi> danayo: is it possible to meet either erlier or later tomorrow for the MyL3? either at 12:00 or at 2:00 maybe?
2018-04-18T17:23:04 <danayo> sure sepidehshahi how about 2
2018-04-18T17:23:18 <sepidehshahi> that would be great! thanks danayo
2018-04-18T17:32:08 * simonjb joined the channel
2018-04-18T17:35:25 * grrrero joined the channel
2018-04-18T17:41:51 <danayo> sepidehshahi: posted a question for you in this pull request: https://github.com/inclusive-design/guide.inclusivedesign.ca/pull/28
2018-04-18T17:45:49 * alanharnum joined the channel
2018-04-18T17:49:39 <sepidehshahi> danayo: I just replied your question
2018-04-18T17:50:03 <danayo> thanks
2018-04-18T17:55:35 * lliskovoi has quit
2018-04-18T17:55:50 <danayo> sepidehshahi, michelled I added another comment here https://github.com/inclusive-design/guide.inclusivedesign.ca/pull/28
2018-04-18T18:03:03 * alanharnum joined the channel
2018-04-18T18:05:55 <jhung> danayo: merged https://github.com/inclusive-design/guide.inclusivedesign.ca/pull/27
2018-04-18T18:06:37 <danayo> great thanks jhung
2018-04-18T18:14:06 <danayo> michelled: are you ok with leaving the images in the Web of Strings activity but adding the following tip: \xe2\x80\x9cFeel free to explore creative ways of working together with your group to complete this challenge.\xe2\x80\x9d?
2018-04-18T18:14:39 * cindyli joined the channel
2018-04-18T18:15:25 <michelled> yep, I'm good with that danayo
2018-04-18T18:15:39 <danayo> great thanks
2018-04-18T18:22:29 * clown joined the channel
2018-04-18T18:26:30 * clown joined the channel
2018-04-18T18:29:47 * colinclark joined the channel
2018-04-18T18:30:53 <grrrero> fluid-everyone: Hi everyone, today we have Althea Balmes of the Kwentong Bayan collective to talk about community engagement through comics :)
2018-04-18T18:31:03 <danayo> yay
2018-04-18T18:32:59 <gmoss> grrrero: I'm off-site for the next hour, though I may pop in remotely after! Sounds like it'll be an excellent meeting
2018-04-18T18:33:08 <grrrero> Ok gmoss!
2018-04-18T18:34:33 <grrrero> fluid-everyone: Meeting notes here https://wiki.fluidproject.org/pages/viewpage.action?pageId=160661548
2018-04-18T18:36:23 * colinclark joined the channel
2018-04-18T18:45:17 * alanharnum joined the channel
2018-04-18T18:46:50 * colinclark joined the channel
2018-04-18T18:47:58 * cindyli joined the channel
2018-04-18T18:55:05 * mrtyler joined the channel
2018-04-18T19:01:43 * colinclark joined the channel
2018-04-18T19:08:25 * colinclark joined the channel
2018-04-18T19:14:58 * cindyli joined the channel
2018-04-18T19:19:42 * colinclark joined the channel
2018-04-18T19:54:39 * alanharnum joined the channel
2018-04-18T20:04:40 * jhung1 joined the channel
2018-04-18T20:05:31 * colinclark joined the channel
2018-04-18T20:06:20 * clown joined the channel
2018-04-18T20:08:01 * sepidehshahi joined the channel
2018-04-18T20:12:41 * alanharnum joined the channel
2018-04-18T20:29:14 * sepidehshahi joined the channel
2018-04-18T20:40:14 * sepidehshahi_ joined the channel
2018-04-18T20:42:21 * sepidehshahi has quit
2018-04-18T21:07:57 * mrtyler has quit
2018-04-18T21:08:05 * mrtyler joined the channel
2018-04-18T21:46:26 * gtirloni joined the channel
2018-04-18T21:47:49 * gtirloni_ joined the channel
2018-04-18T22:16:23 * colinclark joined the channel
2018-04-18T22:58:02 * colinclark joined the channel
"

