b'2018-09-20T00:23:26 * Justin_o has quit
2018-09-20T10:59:18 * Justin_o joined the channel
2018-09-20T11:24:22 * cindyli joined the channel
2018-09-20T12:23:45 * alanharnum joined the channel
2018-09-20T12:34:00 * michelled joined the channel
2018-09-20T12:34:31 * cindyli has quit
2018-09-20T12:43:57 * cindyli joined the channel
2018-09-20T13:02:11 * jhung joined the channel
2018-09-20T13:17:16 * clown joined the channel
2018-09-20T13:29:29 * fluid-logger joined the channel
2018-09-20T13:36:18 * fluid-logger has quit
2018-09-20T13:45:26 * alanharnum has quit
2018-09-20T13:51:00 * colinclark joined the channel
2018-09-20T14:13:58 * cindyli1 joined the channel
2018-09-20T14:13:58 * cindyli has quit
2018-09-20T14:14:02 * cindyli1 is now known as cindyli
2018-09-20T14:34:37 * alanharnum joined the channel
2018-09-20T14:42:37 * fluid-logger joined the channel
2018-09-20T14:53:28 * colinclark has quit
2018-09-20T14:53:53 * danayo_ joined the channel
2018-09-20T15:02:25 * danayo has left the channel
2018-09-20T15:27:13 * colinclark joined the channel
2018-09-20T16:02:03 * sepidehshahi joined the channel
2018-09-20T16:39:52 * alanharnum has quit
2018-09-20T16:43:27 * fluid-logger has quit
2018-09-20T16:48:21 * jhung is now known as jhung_away
2018-09-20T16:57:55 * alanharnum2 joined the channel
2018-09-20T16:57:56 * fluid-logger joined the channel
2018-09-20T17:09:31 * danayo_ has quit
2018-09-20T17:18:36 * jhung_away has quit
2018-09-20T17:27:34 * michelled has quit
2018-09-20T17:38:23 * avtar joined the channel
2018-09-20T17:41:39 * jhung joined the channel
2018-09-20T17:50:54 * michelled joined the channel
2018-09-20T18:14:20 * cindyli has quit
2018-09-20T18:15:58 * alanharnum2 is now known as alanharnum
2018-09-20T18:34:06 * danayo joined the channel
2018-09-20T18:39:29 * alanharnum has quit
2018-09-20T18:40:19 * cindyli joined the channel
2018-09-20T18:42:51 * fluid-logger has quit
2018-09-20T18:45:11 * alanharnum joined the channel
2018-09-20T18:47:08 * fluid-logger joined the channel
2018-09-20T18:48:04 * danayo_ joined the channel
2018-09-20T18:50:35 <jhung> Justin_o: pushed up a change to FLUID-6333 PR.
2018-09-20T18:57:42 * fluid-logger has quit
2018-09-20T18:59:53 * fluid-logger joined the channel
2018-09-20T19:00:09 * fluid-logger has quit
2018-09-20T19:12:22 * fluid-logger joined the channel
2018-09-20T19:12:44 * fluid-logger has quit
2018-09-20T19:13:18 * fluid-logger joined the channel
2018-09-20T19:13:23 * fluid-logger has quit
2018-09-20T19:14:50 * fluid-logger joined the channel
2018-09-20T19:14:54 * fluid-logger has quit
2018-09-20T19:17:52 * fluid-logger joined the channel
2018-09-20T19:18:09 * fluid-logger has quit
2018-09-20T19:18:26 * fluid-logger joined the channel
2018-09-20T19:18:28 * fluid-logger has quit
2018-09-20T19:18:41 * fluid-logger joined the channel
2018-09-20T19:21:09 * fluid-logger has quit
2018-09-20T19:21:20 * fluid-logger joined the channel
2018-09-20T19:22:12 * fluid-logger has quit
2018-09-20T19:22:23 * fluid-logger joined the channel
2018-09-20T20:12:12 * fluid-logger has quit
2018-09-20T20:12:28 * fluid-logger joined the channel
2018-09-20T20:12:46 * fluid-logger has quit
2018-09-20T20:23:23 * alanharnum has quit
2018-09-20T20:30:39 * jhung has quit
2018-09-20T20:33:08 * michelled has quit
2018-09-20T20:54:07 * clown has quit
2018-09-20T20:56:31 * cindyli has quit
2018-09-20T21:02:43 * colinclark has quit
2018-09-20T21:06:41 * sepidehshahi has quit
2018-09-20T21:26:19 * avtar has quit
2018-09-20T21:37:49 * danayo has quit
2018-09-20T21:37:50 * danayo_ is now known as danayo
2018-09-20T21:37:53 * danayo has quit
2018-09-20T22:05:49 * michelled joined the channel
2018-09-20T22:12:32 * michelled has quit
2018-09-20T22:17:00 * cindyli joined the channel
2018-09-20T23:43:46 * cindyli has quit
'

