b'2013-11-09T00:46:47 * mrvisser joined the channel
2013-11-09T01:49:12 * mrvisser has quit
2013-11-09T01:49:13 * mrvisser_ joined the channel
2013-11-09T01:50:14 * thealphanerd joined the channel
2013-11-09T01:56:46 * thealphanerd has quit
2013-11-09T02:00:20 * thealphanerd joined the channel
2013-11-09T02:36:46 * mrvisser_ has quit
2013-11-09T02:37:22 * mrvisser joined the channel
2013-11-09T02:39:24 * mrvisser_ joined the channel
2013-11-09T02:40:20 * mrvisser has quit
2013-11-09T02:44:00 * mrvisser_ has quit
2013-11-09T02:44:34 * mrvisser joined the channel
2013-11-09T02:48:48 * mrvisser has quit
2013-11-09T02:49:33 * Bosmon7 has quit
2013-11-09T02:58:02 * kasparnet joined the channel
2013-11-09T03:00:57 * kasparnet has quit
2013-11-09T04:13:43 * yzen joined the channel
2013-11-09T04:34:10 * thealphanerd has quit
2013-11-09T04:51:00 * thealphanerd joined the channel
2013-11-09T04:51:24 * thealphanerd has quit
2013-11-09T05:45:47 * yzen has quit
2013-11-09T08:18:57 * greggy joined the channel
2013-11-09T08:21:27 * greggy has quit
2013-11-09T09:56:45 * thealphanerd joined the channel
2013-11-09T11:27:42 * thealphanerd has quit
2013-11-09T14:12:44 * mrvisser joined the channel
2013-11-09T14:35:29 * mrvisser_ joined the channel
2013-11-09T14:35:49 * mrvisser has quit
2013-11-09T14:38:31 * kasparnet joined the channel
2013-11-09T14:41:20 * kasparnet has quit
2013-11-09T14:46:42 * kasparnet joined the channel
2013-11-09T15:15:46 * mrvisser_ has quit
2013-11-09T15:15:55 * mrvisser joined the channel
2013-11-09T15:16:44 * kasparnet has quit
2013-11-09T15:18:29 * mrvisser has quit
2013-11-09T15:19:03 * mrvisser joined the channel
2013-11-09T15:20:27 * kasparnet joined the channel
2013-11-09T15:23:09 * mrvisser has quit
2013-11-09T16:29:36 * mrvisser joined the channel
2013-11-09T16:34:35 * mrvisser has quit
2013-11-09T16:56:47 * kasparnet has quit
2013-11-09T17:57:28 * yzen joined the channel
2013-11-09T18:12:43 * yzen has quit
2013-11-09T19:14:49 * yzen joined the channel
2013-11-09T19:27:20 * yzen has quit
2013-11-09T20:25:23 * thealphanerd joined the channel
2013-11-09T21:01:53 * thealphanerd has quit
2013-11-09T21:02:48 * thealphanerd joined the channel
2013-11-09T23:40:51 * thealphanerd has quit
'

