b'2013-10-20T00:16:22 * kasparnet has quit
2013-10-20T00:17:40 * kasparnet joined the channel
2013-10-20T00:20:48 * kasparnet has quit
2013-10-20T00:24:33 * kasparnet joined the channel
2013-10-20T00:56:33 * kasparnet has quit
2013-10-20T01:18:03 * thealphanerd has quit
2013-10-20T01:40:32 * thealphanerd joined the channel
2013-10-20T01:52:23 * thealphanerd has quit
2013-10-20T02:03:18 * thealphanerd joined the channel
2013-10-20T02:03:24 * thealphanerd has quit
2013-10-20T03:57:25 * kasparnet joined the channel
2013-10-20T04:01:57 * kasparnet has quit
2013-10-20T08:44:07 * kasparnet joined the channel
2013-10-20T08:51:15 * kasparnet has quit
2013-10-20T09:06:21 * kasparnet joined the channel
2013-10-20T10:17:05 * kasparnet has quit
2013-10-20T11:54:14 * mrvisser joined the channel
2013-10-20T13:15:42 * mrvisser has quit
2013-10-20T14:26:16 * mrvisser joined the channel
2013-10-20T14:31:19 * mrvisser has quit
2013-10-20T14:37:56 * kasparnet joined the channel
2013-10-20T19:03:55 * kasparnet has quit
2013-10-20T19:08:00 * kasparnet joined the channel
2013-10-20T20:03:33 * mrvisser joined the channel
2013-10-20T20:47:25 * kasparnet has quit
2013-10-20T20:49:31 * kasparnet joined the channel
2013-10-20T21:09:20 * mrvisser has quit
2013-10-20T22:07:10 * jhernandez joined the channel
2013-10-20T22:19:57 * mrvisser joined the channel
2013-10-20T22:25:59 * mrvisser has quit
2013-10-20T22:30:12 * mrvisser joined the channel
2013-10-20T22:55:02 * kasparnet has quit
2013-10-20T22:56:36 * mrvisser has quit
'

