b'2013-10-18T00:20:36 * yzen joined the channel
2013-10-18T00:20:38 * mrvisser joined the channel
2013-10-18T00:40:16 * yzen has quit
2013-10-18T00:59:12 * yzen joined the channel
2013-10-18T01:01:36 * thealphanerd_ is now known as thealphanerd
2013-10-18T01:13:34 * thealphanerd has quit
2013-10-18T01:17:38 * yzen has quit
2013-10-18T01:19:01 * yzen joined the channel
2013-10-18T01:19:19 * yzen has quit
2013-10-18T01:20:15 * mrvisser has quit
2013-10-18T02:04:03 * kasparnet joined the channel
2013-10-18T02:08:39 * kasparnet has quit
2013-10-18T02:09:57 * vjoanna joined the channel
2013-10-18T02:10:15 * colinclark has quit
2013-10-18T02:12:51 * yzen joined the channel
2013-10-18T02:14:50 * mrvisser joined the channel
2013-10-18T02:39:16 * mrvisser has quit
2013-10-18T02:40:26 * colinclark joined the channel
2013-10-18T02:47:24 * vjoanna has left the channel
2013-10-18T03:06:48 * thealphanerd joined the channel
2013-10-18T03:19:36 * thealphanerd has quit
2013-10-18T03:20:54 * yzen has quit
2013-10-18T03:43:21 * thealphanerd joined the channel
2013-10-18T03:43:44 * yzen joined the channel
2013-10-18T03:46:50 * thealphanerd has quit
2013-10-18T03:49:55 * mrvisser joined the channel
2013-10-18T03:57:27 * mrvisser has quit
2013-10-18T05:03:10 * thealphanerd joined the channel
2013-10-18T06:29:48 * thealphanerd has quit
2013-10-18T06:43:07 * yzen has quit
2013-10-18T06:52:54 * thealphanerd joined the channel
2013-10-18T08:05:54 * kasparnet joined the channel
2013-10-18T08:25:57 * colinclark has quit
2013-10-18T09:11:30 * thealphanerd has quit
2013-10-18T10:26:14 * mrvisser joined the channel
2013-10-18T11:07:49 * michelled joined the channel
2013-10-18T11:13:33 * michelled has quit
2013-10-18T11:45:29 * mrvisser_ joined the channel
2013-10-18T11:45:30 * mrvisser has quit
2013-10-18T11:50:06 * mrvisser_ has quit
2013-10-18T11:51:55 * mrvisser joined the channel
2013-10-18T12:27:15 * amilchev joined the channel
2013-10-18T12:29:07 * mrvisser_ joined the channel
2013-10-18T12:29:20 * mrvisser has quit
2013-10-18T12:44:22 * amilchev has quit
2013-10-18T12:45:34 * amilchev joined the channel
2013-10-18T12:50:46 * mrvisser_ has quit
2013-10-18T12:57:34 * mrvisser joined the channel
2013-10-18T13:02:36 * jessm joined the channel
2013-10-18T13:14:14 * michelled joined the channel
2013-10-18T13:34:11 * anastasiac joined the channel
2013-10-18T14:12:53 * yzen joined the channel
2013-10-18T14:44:36 * amilchev has quit
2013-10-18T14:54:07 * amilchev joined the channel
2013-10-18T14:58:16 * amilchev has quit
2013-10-18T14:59:25 * amilchev joined the channel
2013-10-18T15:05:00 * amilchev has left the channel
2013-10-18T15:24:21 * scott_gonzalez has quit
2013-10-18T15:25:44 * scott_gonzalez joined the channel
2013-10-18T15:42:46 * clown joined the channel
2013-10-18T15:51:34 * kasparnet has quit
2013-10-18T15:52:39 * kasparne_ joined the channel
2013-10-18T16:04:52 <anastasiac> Justin_o, I think there\'s a bug with the UI Options component dependencies. The JS file is not being included in the bundle - I think it\'s because the build scripts assume the JS files are in a js subfolder
2013-10-18T16:05:41 <Justin_o> anastasiac: thanks, could you file a jira for that?
2013-10-18T16:05:48 <anastasiac> in process
2013-10-18T16:07:34 <anastasiac> Justin_o: http://issues.fluidproject.org/browse/FLUID-5183   Adding to iteration page...
2013-10-18T16:27:36 <Justin_o> anastasiac: thanks
2013-10-18T16:29:18 * kasparne_ has quit
2013-10-18T16:30:17 * kasparnet joined the channel
2013-10-18T16:48:56 * kasparnet has quit
2013-10-18T16:50:08 * kasparnet joined the channel
2013-10-18T17:04:58 * mrvisser has quit
2013-10-18T17:15:32 * mrvisser joined the channel
2013-10-18T17:19:39 * kasparnet has quit
2013-10-18T17:21:53 * kasparnet joined the channel
2013-10-18T17:37:51 <Justin_o> michelled: could you please take a look at my pull request for FLUID-5183 https://github.com/fluid-project/infusion/pull/420
2013-10-18T17:38:35 <Justin_o> Bosmon: can you please take a look at my pull request for FLUID-5180 https://github.com/fluid-project/infusion/pull/419
2013-10-18T17:39:24 * jessm has quit
2013-10-18T17:41:36 <Bosmon> Hi Justin_o - your 5180 looks good
2013-10-18T17:42:44 <Bosmon> Could you update it for my comments on your 5184? : P
2013-10-18T17:43:43 <Bosmon> Your "stringLookup" grade is duplicated in two different files
2013-10-18T17:44:03 <Bosmon> No, actually it is duplicated within the same file :)
2013-10-18T17:51:01 <Justin_o> Bosmon: okay.. looking at your comment on FLUID-5184. Doesn\'t that force a user to know the details of the implementation
2013-10-18T17:51:04 <Justin_o> ?
2013-10-18T17:51:18 <Bosmon> Justin_o - you always have to know the details of the implementation if you are overriding...
2013-10-18T17:51:29 <Bosmon> How would you know what to write otherwise? : P
2013-10-18T17:53:33 <Justin_o> Bosmon: the method names are pretty easy to find
2013-10-18T17:53:47 <Bosmon> Justin_o - so is the configuration attached to them :)
2013-10-18T17:54:04 <Justin_o> i guess that\'s true.. it\'s still in the options
2013-10-18T17:54:30 <Bosmon> It is the purpose of the configuration to be transparent ...
2013-10-18T18:00:11 * kasparne_ joined the channel
2013-10-18T18:03:26 <Justin_o> Bosmon: okay, i\'ve made those changes.. sorry about that duplicate object too.. guess i forgot to clean that up.
2013-10-18T18:03:56 * kasparnet has quit
2013-10-18T18:07:36 * clown is now known as clown_mtg
2013-10-18T18:27:13 * mrvisser_ joined the channel
2013-10-18T18:28:49 * mrvisser has quit
2013-10-18T18:39:51 * thealphanerd joined the channel
2013-10-18T18:44:55 * yzen has quit
2013-10-18T18:54:40 * colinclark joined the channel
2013-10-18T19:00:57 * colinclark has quit
2013-10-18T19:25:12 * mrvisser joined the channel
2013-10-18T19:25:35 * mrvisser_ has quit
2013-10-18T19:26:45 * michelled_ joined the channel
2013-10-18T19:28:41 * michelled has quit
2013-10-18T19:28:41 * michelled_ is now known as michelled
2013-10-18T19:34:57 <Justin_o> Bosmon: when you get a chance could you please review my changes to the FLUID-5180 pull request.
2013-10-18T19:53:57 * clown_mtg is now known as clown
2013-10-18T19:55:16 * yzen joined the channel
2013-10-18T20:09:03 * colinclark joined the channel
2013-10-18T20:14:24 * colinclark has quit
2013-10-18T20:44:35 * mrvisser_ joined the channel
2013-10-18T20:45:33 * mrvisser has quit
2013-10-18T21:07:18 * anastasiac has quit
2013-10-18T21:11:08 * clown has left the channel
2013-10-18T21:11:42 * mrvisser_ has quit
2013-10-18T21:22:04 * [o__o] joined the channel
2013-10-18T21:26:26 * -- BotBot disconnected, possible missing messages --
2013-10-18T21:48:23 * michelled has quit
2013-10-18T21:55:53 * yzen has quit
2013-10-18T22:32:33 * mrvisser joined the channel
2013-10-18T22:42:34 * mrvisser has quit
2013-10-18T23:03:50 * thealphanerd joined the channel
2013-10-18T23:49:37 * [o__o] has quit
2013-10-18T23:49:37 * -- BotBot disconnected, possible missing messages --
2013-10-18T23:50:20 * -- BotBot disconnected, possible missing messages --
2013-10-18T23:51:21 * [o__o] joined the channel
2013-10-18T23:53:27 * thealphanerd has quit
2013-10-18T23:59:37 * -- BotBot disconnected, possible missing messages --
2013-10-18T23:59:54 * thealphanerd joined the channel
'

